2023-09-01 09:18:59|   0.0|  0.0|INFORM|Current FME version: FME 2022.1.3.0 (20220928 - Build 22630 - WIN64)
2023-09-01 09:18:59|   0.0|  0.0|INFORM|FME_HOME is 'C:\Program Files\FME2022_1_3\'
2023-09-01 09:18:59|   0.0|  0.0|INFORM|FME Database Edition (node locked-crc)
2023-09-01 09:18:59|   0.0|  0.0|INFORM|Serial Number: ZVY7-REY4-21GZ
2023-09-01 09:18:59|   0.0|  0.0|INFORM|Temporary License: 296 days left.
2023-09-01 09:18:59|   0.0|  0.0|INFORM|Machine host name is: EPI-4L2CTD3
2023-09-01 09:18:59|   0.0|  0.0|INFORM|OS Locale Name     : sv_SE
2023-09-01 09:18:59|   0.0|  0.0|INFORM|OS Locale Encoding : windows-1252
2023-09-01 09:18:59|   0.0|  0.0|INFORM|Process Encoding   : UTF-8
2023-09-01 09:18:59|   0.0|  0.0|INFORM|FME API version: '4.0 20220615'
2023-09-01 09:18:59|   0.0|  0.0|INFORM|FME Configuration: FME_BASE is 'no'
2023-09-01 09:18:59|   0.0|  0.0|INFORM|FME Configuration: FME_MF_DIR is 'C:\Users\krima354\Work Folders\Documents\GitHub\kix_working_dir\divFME\urdar\32_no_projinfo/'
2023-09-01 09:18:59|   0.0|  0.0|INFORM|FME Configuration: FME_MF_NAME is 'localhost2urdar.fmw'
2023-09-01 09:18:59|   0.0|  0.0|INFORM|FME Configuration: FME_PRODUCT_NAME is 'FME(R) 2022.1.3.0'
2023-09-01 09:18:59|   0.0|  0.0|INFORM|Operating System: Microsoft Windows 10 64-bit  (Build 19045)
2023-09-01 09:18:59|   0.0|  0.0|INFORM|FME Platform: WIN64
2023-09-01 09:18:59|   0.0|  0.0|INFORM|System Status: 317.39 GB of disk space available in the FME temporary folder (C:\Users\krima354\AppData\Local\Temp\wbrun_1693487977953_1880\fmetmp_1)
2023-09-01 09:18:59|   0.0|  0.0|INFORM|System Status: 31.73 GB of physical memory available
2023-09-01 09:18:59|   0.0|  0.0|INFORM|System Status: 126.93 GB of virtual memory available
2023-09-01 09:18:59|   0.0|  0.0|INFORM|START - ProcessID: 23844, peak process memory usage: 49824 kB, current process memory usage: 49824 kB
2023-09-01 09:18:59|   0.0|  0.0|INFORM|FME Configuration: Command line arguments are `C:\Program Files\FME2022_1_3\fme.exe' `C:/Users/krima354/Work Folders/Documents/GitHub/kix_working_dir/divFME/urdar/32_no_projinfo\wb-xlate-1693552731074_1880' `LOG_STANDARDOUT' `YES' `LOG_TIMINGS' `YES' `LogCountServerName' `65442' `LOG_STANDARDOUT' `No' `WORKBENCH_LOG_SERVER' `64113'
2023-09-01 09:18:59|   0.0|  0.0|INFORM|FME Configuration: Connection Storage: 'C:\Users\krima354\AppData\Roaming\Safe Software\FME\'
2023-09-01 09:19:00|   0.0|  0.0|INFORM|Shared folders for formats are : C:\Program Files\FME2022_1_3\datasources;C:\Users\krima354\Work Folders\Documents\FME\Formats
2023-09-01 09:19:00|   0.0|  0.0|INFORM|Shared folders for transformers are : C:\Users\krima354\AppData\Roaming\Safe Software\FME\Packages\22630-win64\transformers;C:\Program Files\FME2022_1_3\transformers;C:\Users\krima354\AppData\Roaming\Safe Software\FME\FME Store\Transformers
2023-09-01 09:19:00|   0.0|  0.0|INFORM|Shared folders for coordinate systems are : C:\Users\krima354\Work Folders\Documents\FME\CoordinateSystems
2023-09-01 09:19:00|   0.0|  0.0|INFORM|Shared folders for coordinate system exceptions are : C:\Users\krima354\Work Folders\Documents\FME\CoordinateSystemExceptions
2023-09-01 09:19:00|   0.0|  0.0|INFORM|Shared folders for coordinate system grid overrides are : C:\Users\krima354\Work Folders\Documents\FME\CoordinateSystemGridOverrides
2023-09-01 09:19:00|   0.0|  0.0|INFORM|Shared folders for CS-MAP transformation exceptions are : C:\Users\krima354\Work Folders\Documents\FME\CsmapTransformationExceptions
2023-09-01 09:19:00|   0.0|  0.0|INFORM|Shared folders for transformer categories are : C:\Users\krima354\Work Folders\Documents\FME\TransformerCategories
2023-09-01 09:19:00|   0.0|  0.0|INFORM|FME Configuration: Reader Keyword is `MULTI_READER'
2023-09-01 09:19:00|   0.0|  0.0|INFORM|FME Configuration: Writer Keyword is `MULTI_WRITER'
2023-09-01 09:19:00|   0.0|  0.0|INFORM|FME Configuration: Writer Group Definition Keyword is `MULTI_WRITER_DEF'
2023-09-01 09:19:00|   0.0|  0.0|INFORM|FME Configuration: Reader type is `MULTI_READER'
2023-09-01 09:19:00|   0.0|  0.0|INFORM|FME Configuration: Writer type is `MULTI_WRITER'
2023-09-01 09:19:00|   0.0|  0.0|INFORM|FME Configuration: No destination coordinate system set
2023-09-01 09:19:00|   0.0|  0.0|INFORM|FME Configuration: Current working folder is `C:\Users\krima354\Work Folders\Documents\GitHub\kix_working_dir\divFME\urdar\32_no_projinfo'
2023-09-01 09:19:00|   0.0|  0.0|INFORM|FME Configuration: Temporary folder is `C:\Users\krima354\AppData\Local\Temp\wbrun_1693487977953_1880\fmetmp_1', set from environment variable `FME_TEMP'
2023-09-01 09:19:00|   0.0|  0.0|INFORM|FME Configuration: Cache folder is 'C:\Users\krima354\AppData\Local\Temp'
2023-09-01 09:19:00|   0.0|  0.0|INFORM|FME Configuration: FME_HOME is `C:\Program Files\FME2022_1_3\'
2023-09-01 09:19:00|   0.0|  0.0|INFORM|FME Configuration: Start freeing memory when the process exceeds 95.20 GB
2023-09-01 09:19:00|   0.0|  0.0|INFORM|FME Configuration: Stop freeing memory when the process is below 71.40 GB
2023-09-01 09:19:00|   0.0|  0.0|INFORM|Creating writer for format: 
2023-09-01 09:19:00|   0.0|  0.0|INFORM|Creating reader for format: 
2023-09-01 09:19:00|   0.0|  0.0|INFORM|MULTI_READER(MULTI_READER): Will fail with first member reader failure
2023-09-01 09:19:00|   0.0|  0.0|INFORM|MULTI_READER(MULTI_READER): Adding POSTGIS Reader with keyword POSTGIS_1
2023-09-01 09:19:00|   0.0|  0.0|INFORM|Using Multi Reader with keyword `MULTI_READER' to read multiple datasets
2023-09-01 09:19:01|   0.0|  0.0|INFORM|Creating reader for format: PostGIS
2023-09-01 09:19:01|   0.1|  0.1|INFORM|Trying to find a DYNAMIC plugin for reader named `POSTGIS'
2023-09-01 09:19:01|   0.1|  0.0|INFORM|FME Configuration: Source coordinate system for reader POSTGIS_1[POSTGIS] set to `EPSG:3006'
2023-09-01 09:19:01|   0.2|  0.1|INFORM|Coordinate System `EPSG:3006' parameters: CS_NAME=`SWEREF-99-TM' DESC_NM=`SWEREF 99 TM' DT_NAME=`SWEREF99' EPSG_QD=`-1' GROUP=`EUROPE' MAP_SCL=`1' MAX_LAT=`70.48333333333333' MAX_LNG=`25.883333333333333' MIN_LAT=`53.81666666666667' MIN_LNG=`8.866666666666667' PARM1=`15' PROJ=`TM' QUAD=`1' SCL_RED=`0.9996' SOURCE=`National Land Survey of Sweden' UNIT=`METER' X_OFF=`500000'
2023-09-01 09:19:01|   0.2|  0.0|INFORM|Loaded module 'POSTGIS' from file 'C:\Program Files\FME2022_1_3\plugins/POSTGIS.dll'
2023-09-01 09:19:01|   0.2|  0.0|INFORM|FME API version of module 'POSTGIS' matches current internal version (4.0 20220615)
2023-09-01 09:19:01|   0.2|  0.0|INFORM|Opening POSTGIS reader for dataset 'uv2010040'
2023-09-01 09:19:01|   0.2|  0.0|INFORM|PostGIS client encoding: 'UTF8'
2023-09-01 09:19:01|   0.2|  0.0|INFORM|PostgreSQL 11.2, compiled by Visual C++ build 1914, 64-bit
2023-09-01 09:19:01|   0.2|  0.0|INFORM|3.0 USE_GEOS=1 USE_PROJ=1 USE_STATS=1
2023-09-01 09:19:01|   0.2|  0.0|INFORM|POSTGIS reader: Creating bulk features from individual features
2023-09-01 09:19:01|   0.2|  0.0|INFORM|Using MultiWriter with keyword `MULTI_WRITER' to output data (ID_ATTRIBUTE is `multi_writer_id')
2023-09-01 09:19:01|   0.2|  0.0|INFORM|Writer output will be ordered by value of multi_writer_id
2023-09-01 09:19:01|   0.2|  0.0|INFORM|Loaded module 'LogCount_func' from file 'C:\Program Files\FME2022_1_3\plugins/LogCount_func.dll'
2023-09-01 09:19:01|   0.2|  0.0|INFORM|FME API version of module 'LogCount_func' matches current internal version (4.0 20220615)
2023-09-01 09:19:01|   0.2|  0.0|INFORM|Executing data query: 'declare "public_GeoObject_crsr" cursor for select "ObjectId","MetaId","SymbolId", ST_AsEWKB("the_geom") as "the_geom" from "public"."GeoObject"'
2023-09-01 09:19:01|   0.2|  0.0|INFORM|Reading POSTGIS table: 'public.GeoObject'...
2023-09-01 09:19:01|   0.5|  0.3|INFORM|FFS writer: Writing 11537 feature(s) to file 'C:\Users\krima354\AppData\Local\Temp\wb-cache--UrgixW\Main_public.GeoObject -1 2 -1  0  98ad57f2172eda652a2e18b4fcc391ae3f12f7f4.fts'
2023-09-01 09:19:01|   0.5|  0.0|INFORM|Spatial Index: Adding 11537 features
2023-09-01 09:19:01|   0.6|  0.1|INFORM|Creating writer for format: PostGIS
2023-09-01 09:19:01|   0.6|  0.0|INFORM|Trying to find a DYNAMIC plugin for writer named `POSTGIS'
2023-09-01 09:19:01|   0.6|  0.0|INFORM|FME Configuration: No destination coordinate system set
2023-09-01 09:19:01|   0.6|  0.0|INFORM|Writer `POSTGIS_2' of type `POSTGIS' using group definition keyword `POSTGIS_2_DEF'
2023-09-01 09:19:01|   0.6|  0.0|INFORM|Opening POSTGIS writer for dataset 'uv2010040'...
2023-09-01 09:19:01|   0.6|  0.0|INFORM|PostGIS client encoding: 'UTF8'
2023-09-01 09:19:02|   0.6|  0.0|INFORM|PostgreSQL 12.12 (Ubuntu 12.12-1.pgdg18.04+1) on x86_64-pc-linux-gnu, compiled by gcc (Ubuntu 7.5.0-3ubuntu1~18.04) 7.5.0, 64-bit
2023-09-01 09:19:02|   0.6|  0.0|INFORM|3.2 USE_GEOS=1 USE_PROJ=1 USE_STATS=1
2023-09-01 09:19:02|   0.6|  0.0|WARN  |POSTGIS Writer: Bulk Insert is set to Yes, but a conflicting Feature Operation has been detected. Feature type 'public.GeoObject' has a Feature Operation of 'Update'. Bulk Insert is now being set to No, which can cause insert operations to be much slower
2023-09-01 09:19:02|   0.6|  0.0|INFORM|POSTGIS writer: Splitting bulk features into individual features
2023-09-01 09:19:02|   0.6|  0.0|INFORM|Testing for the existence of table 'public.GeoObject'...
2023-09-01 09:19:02|   0.6|  0.0|INFORM|Using existing table 'public.GeoObject'
2023-09-01 09:19:02|   0.6|  0.0|INFORM|POSTGIS Writer: Creating 'quoted WKB' geometry processor for feature type 'public.GeoObject'
2023-09-01 09:19:02|   0.6|  0.0|INFORM|POSTGIS Writer: Creating 'Insert' feature type processor for feature type 'public.GeoObject'
2023-09-01 09:19:07|   0.6|  0.0|INFORM|POSTGIS writer: 487 of 11537 features written
2023-09-01 09:19:12|   0.7|  0.1|INFORM|Committed transaction at feature '1000'
2023-09-01 09:19:12|   0.7|  0.0|INFORM|POSTGIS writer: 1030 of 11537 features written
2023-09-01 09:19:17|   0.8|  0.1|INFORM|POSTGIS writer: 1569 of 11537 features written
2023-09-01 09:19:21|   0.9|  0.1|INFORM|Committed transaction at feature '2000'
2023-09-01 09:19:22|   0.9|  0.0|INFORM|POSTGIS writer: 2114 of 11537 features written
2023-09-01 09:19:27|   0.9|  0.0|INFORM|POSTGIS writer: 2691 of 11537 features written
2023-09-01 09:19:30|   1.1|  0.2|INFORM|Committed transaction at feature '3000'
2023-09-01 09:19:32|   1.3|  0.2|INFORM|POSTGIS writer: 3237 of 11537 features written
2023-09-01 09:19:37|   1.4|  0.1|INFORM|POSTGIS writer: 3755 of 11537 features written
2023-09-01 09:19:39|   1.4|  0.0|INFORM|Committed transaction at feature '4000'
2023-09-01 09:19:42|   1.5|  0.1|INFORM|POSTGIS writer: 4295 of 11537 features written
2023-09-01 09:19:47|   1.6|  0.1|INFORM|POSTGIS writer: 4812 of 11537 features written
2023-09-01 09:19:49|   1.7|  0.1|INFORM|Committed transaction at feature '5000'
2023-09-01 09:19:52|   1.8|  0.1|INFORM|POSTGIS writer: 5312 of 11537 features written
2023-09-01 09:19:57|   2.0|  0.2|INFORM|POSTGIS writer: 5840 of 11537 features written
2023-09-01 09:19:58|   2.0|  0.0|INFORM|Committed transaction at feature '6000'
2023-09-01 09:20:02|   2.2|  0.2|INFORM|POSTGIS writer: 6359 of 11537 features written
2023-09-01 09:20:07|   2.3|  0.1|INFORM|POSTGIS writer: 6930 of 11537 features written
2023-09-01 09:20:08|   2.4|  0.1|INFORM|Committed transaction at feature '7000'
2023-09-01 09:20:12|   2.4|  0.0|INFORM|POSTGIS writer: 7450 of 11537 features written
2023-09-01 09:20:17|   2.6|  0.2|INFORM|POSTGIS writer: 7967 of 11537 features written
2023-09-01 09:20:17|   2.6|  0.0|INFORM|Committed transaction at feature '8000'
2023-09-01 09:20:22|   2.8|  0.2|INFORM|POSTGIS writer: 8498 of 11537 features written
2023-09-01 09:20:27|   2.9|  0.1|INFORM|POSTGIS writer: 8983 of 11537 features written
2023-09-01 09:20:27|   2.9|  0.0|INFORM|Committed transaction at feature '9000'
2023-09-01 09:20:32|   3.1|  0.2|INFORM|POSTGIS writer: 9467 of 11537 features written
2023-09-01 09:20:37|   3.3|  0.2|INFORM|Committed transaction at feature '10000'
2023-09-01 09:20:37|   3.3|  0.0|INFORM|POSTGIS writer: 10000 of 11537 features written
2023-09-01 09:20:42|   3.4|  0.1|INFORM|POSTGIS writer: 10509 of 11537 features written
2023-09-01 09:20:47|   3.4|  0.0|INFORM|POSTGIS writer: 10991 of 11537 features written
2023-09-01 09:20:47|   3.4|  0.0|INFORM|Committed transaction at feature '11000'
2023-09-01 09:20:52|   3.7|  0.3|INFORM|POSTGIS writer: 11485 of 11537 features written
2023-09-01 09:20:52|   3.7|  0.0|INFORM|POSTGIS writer: 11537 of 11537 features written
2023-09-01 09:20:52|   3.7|  0.0|INFORM|Successfully closed POSTGIS database reader
2023-09-01 09:20:52|   3.7|  0.0|INFORM|Successfully closed POSTGIS database reader
2023-09-01 09:20:52|   3.7|  0.0|INFORM|MULTI_READER(MULTI_READER): Done reading 11537 features from 1 readers
2023-09-01 09:20:52|   3.7|  0.0|INFORM|Emptying factory pipeline
2023-09-01 09:20:52|   3.7|  0.0|STATS |Router and Unexpected Input Remover (RoutingFactory): Tested 11537 input feature(s), wrote 11537 output feature(s): 11537 matched merge filters, 11537 were routed to output, 0 could not be routed.
2023-09-01 09:20:52|   3.7|  0.0|STATS |Unwanted Router Input Nuker (TeeFactory): Cloned 0 input feature(s) into 0 output feature(s)
2023-09-01 09:20:52|   3.7|  0.0|STATS |public.GeoObject_POSTGIS_1 Splitter (TeeFactory): Cloned 11537 input feature(s) into 11537 output feature(s)
2023-09-01 09:20:52|   3.7|  0.0|STATS |Destination Feature Type Routing Correlator (RoutingFactory): Tested 11537 input feature(s), wrote 11537 output feature(s): 0 matched merge filters, 11537 were routed to output, 0 could not be routed.
2023-09-01 09:20:52|   3.7|  0.0|STATS |Final Output Nuker (TeeFactory): Cloned 0 input feature(s) into 0 output feature(s)
2023-09-01 09:20:53|   3.7|  0.0|INFORM|Successfully closed POSTGIS database writer
2023-09-01 09:20:53|   3.7|  0.0|INFORM|=-=-=-=-=-=-=-=-=-=-=-=-=-=-=-=-=-=-=-=-=-=-=-=-=-=-=-=-=-=-=-=-=-=-=-=-=-=-=-
2023-09-01 09:20:53|   3.7|  0.0|INFORM|Feature output statistics for `POSTGIS' writer using keyword `POSTGIS_2':
2023-09-01 09:20:53|   3.7|  0.0|STATS |=-=-=-=-=-=-=-=-=-=-=-=-=-=-=-=-=-=-=-=-=-=-=-=-=-=-=-=-=-=-=-=-=-=-=-=-=-=-=-
2023-09-01 09:20:53|   3.7|  0.0|STATS |                               Features Written
2023-09-01 09:20:53|   3.7|  0.0|STATS |=-=-=-=-=-=-=-=-=-=-=-=-=-=-=-=-=-=-=-=-=-=-=-=-=-=-=-=-=-=-=-=-=-=-=-=-=-=-=-
2023-09-01 09:20:53|   3.7|  0.0|STATS |public.GeoObject                                                         11537
2023-09-01 09:20:53|   3.7|  0.0|STATS |==============================================================================
2023-09-01 09:20:53|   3.7|  0.0|STATS |Total Features Written                                                   11537
2023-09-01 09:20:53|   3.7|  0.0|STATS |=-=-=-=-=-=-=-=-=-=-=-=-=-=-=-=-=-=-=-=-=-=-=-=-=-=-=-=-=-=-=-=-=-=-=-=-=-=-=-
2023-09-01 09:20:53|   3.7|  0.0|STATS |=-=-=-=-=-=-=-=-=-=-=-=-=-=-=-=-=-=-=-=-=-=-=-=-=-=-=-=-=-=-=-=-=-=-=-=-=-=-=-
2023-09-01 09:20:53|   3.7|  0.0|STATS |                            Features Read Summary
2023-09-01 09:20:53|   3.7|  0.0|STATS |=-=-=-=-=-=-=-=-=-=-=-=-=-=-=-=-=-=-=-=-=-=-=-=-=-=-=-=-=-=-=-=-=-=-=-=-=-=-=-
2023-09-01 09:20:53|   3.7|  0.0|STATS |public.GeoObject                                                         11537
2023-09-01 09:20:53|   3.7|  0.0|STATS |==============================================================================
2023-09-01 09:20:53|   3.7|  0.0|STATS |Total Features Read                                                      11537
2023-09-01 09:20:53|   3.7|  0.0|STATS |=-=-=-=-=-=-=-=-=-=-=-=-=-=-=-=-=-=-=-=-=-=-=-=-=-=-=-=-=-=-=-=-=-=-=-=-=-=-=-
2023-09-01 09:20:53|   3.7|  0.0|STATS |=-=-=-=-=-=-=-=-=-=-=-=-=-=-=-=-=-=-=-=-=-=-=-=-=-=-=-=-=-=-=-=-=-=-=-=-=-=-=-
2023-09-01 09:20:53|   3.7|  0.0|STATS |                           Features Written Summary
2023-09-01 09:20:53|   3.7|  0.0|STATS |=-=-=-=-=-=-=-=-=-=-=-=-=-=-=-=-=-=-=-=-=-=-=-=-=-=-=-=-=-=-=-=-=-=-=-=-=-=-=-
2023-09-01 09:20:53|   3.7|  0.0|STATS |public.GeoObject                                                         11537
2023-09-01 09:20:53|   3.7|  0.0|STATS |==============================================================================
2023-09-01 09:20:53|   3.7|  0.0|STATS |Total Features Written                                                   11537
2023-09-01 09:20:53|   3.7|  0.0|STATS |=-=-=-=-=-=-=-=-=-=-=-=-=-=-=-=-=-=-=-=-=-=-=-=-=-=-=-=-=-=-=-=-=-=-=-=-=-=-=-
2023-09-01 09:20:53|   3.7|  0.0|WARN  |-~-~-~-~-~-~-~-~-~-~-~-~-~-~-~-~-~-~-~-~-~-~-~-~-~-~-~-~-~-~-~-~-~-~-~-~-~-~-~-~-
2023-09-01 09:20:53|   3.7|  0.0|WARN  |-~                                                                             ~-
2023-09-01 09:20:53|   3.7|  0.0|WARN  |-~    Feature caches have been recorded at every stage of the translation.     ~-
2023-09-01 09:20:53|   3.7|  0.0|WARN  |-~                      To inspect the recorded features,                      ~-
2023-09-01 09:20:53|   3.7|  0.0|WARN  |-~              click the feature cache icons next to the ports.               ~-
2023-09-01 09:20:53|   3.7|  0.0|WARN  |-~                                                                             ~-
2023-09-01 09:20:53|   3.7|  0.0|WARN  |-~-~-~-~-~-~-~-~-~-~-~-~-~-~-~-~-~-~-~-~-~-~-~-~-~-~-~-~-~-~-~-~-~-~-~-~-~-~-~-~-
2023-09-01 09:20:53|   3.7|  0.0|INFORM|Translation was SUCCESSFUL with 8 warning(s) (11537 feature(s) output)
2023-09-01 09:20:53|   3.7|  0.0|INFORM|FME Session Duration: 1 minute 53.5 seconds. (CPU: 2.7s user, 1.0s system)
2023-09-01 09:20:53|   3.7|  0.0|INFORM|END - ProcessID: 23844, peak process memory usage: 114868 kB, current process memory usage: 101124 kB
