2022-09-26 15:52:47|   0.0|  0.0|INFORM|Current FME version: FME 2022.1.0.0 (20220704 - Build 22618 - WIN64)
2022-09-26 15:52:47|   0.0|  0.0|INFORM|FME_HOME is 'C:\Program Files\FME\'
2022-09-26 15:52:47|   0.0|  0.0|INFORM|FME Database Edition (node locked-crc)
2022-09-26 15:52:47|   0.0|  0.0|INFORM|Serial Number: GN3A-3NG9-21YZ
2022-09-26 15:52:47|   0.0|  0.0|INFORM|Temporary License: 270 days left.
2022-09-26 15:52:47|   0.0|  0.0|INFORM|Machine host name is: EPI-4L2CTD3
2022-09-26 15:52:47|   0.0|  0.0|INFORM|OS Locale Name     : sv_SE
2022-09-26 15:52:47|   0.0|  0.0|INFORM|OS Locale Encoding : windows-1252
2022-09-26 15:52:47|   0.0|  0.0|INFORM|Process Encoding   : UTF-8
2022-09-26 15:52:47|   0.0|  0.0|INFORM|FME API version: '4.0 20220615'
2022-09-26 15:52:47|   0.0|  0.0|INFORM|FME Configuration: FME_BASE is 'no'
2022-09-26 15:52:47|   0.0|  0.0|INFORM|FME Configuration: FME_MF_DIR is 'C:\Users\krima354\Work Folders\Documents\kicki_arbetsfiler\C14/'
2022-09-26 15:52:47|   0.0|  0.0|INFORM|FME Configuration: FME_MF_NAME is 'unika_fr_hopslagning'.fmw'
2022-09-26 15:52:47|   0.0|  0.0|INFORM|FME Configuration: FME_PRODUCT_NAME is 'FME(R) 2022.1.0.0'
2022-09-26 15:52:47|   0.0|  0.0|INFORM|Operating System: Microsoft Windows 10 64-bit  (Build 19044)
2022-09-26 15:52:47|   0.0|  0.0|INFORM|FME Platform: WIN64
2022-09-26 15:52:47|   0.0|  0.0|INFORM|System Status: 640.67 GB of disk space available in the FME temporary folder (C:\Users\krima354\AppData\Local\Temp\wbrun_1664183017545_10032\fmetmp_f)
2022-09-26 15:52:47|   0.0|  0.0|INFORM|System Status: 31.73 GB of physical memory available
2022-09-26 15:52:47|   0.0|  0.0|INFORM|System Status: 126.93 GB of virtual memory available
2022-09-26 15:52:47|   0.0|  0.0|INFORM|START - ProcessID: 10444, peak process memory usage: 50060 kB, current process memory usage: 50060 kB
2022-09-26 15:52:47|   0.0|  0.0|INFORM|FME Configuration: Command line arguments are `C:\Program Files\FME\fme.exe' `C:/Users/krima354/Work Folders/Documents/kicki_arbetsfiler/C14\wb-xlate-1664200362307_10032' `LOG_STANDARDOUT' `YES' `LOG_TIMINGS' `YES' `LogCountServerName' `59449' `LOG_STANDARDOUT' `No' `WORKBENCH_LOG_SERVER' `59368'
2022-09-26 15:52:47|   0.0|  0.0|INFORM|FME Configuration: Connection Storage: 'C:\Users\krima354\AppData\Roaming\Safe Software\FME\'
2022-09-26 15:52:47|   0.0|  0.0|INFORM|Shared folders for formats are : C:\Program Files\FME\datasources;C:\Users\krima354\Work Folders\Documents\FME\Formats
2022-09-26 15:52:47|   0.0|  0.0|INFORM|Shared folders for transformers are : C:\Users\krima354\AppData\Roaming\Safe Software\FME\Packages\22618-win64\transformers;C:\Program Files\FME\transformers
2022-09-26 15:52:47|   0.0|  0.0|INFORM|Shared folders for coordinate systems are : C:\Users\krima354\Work Folders\Documents\FME\CoordinateSystems
2022-09-26 15:52:47|   0.0|  0.0|INFORM|Shared folders for coordinate system exceptions are : C:\Users\krima354\Work Folders\Documents\FME\CoordinateSystemExceptions
2022-09-26 15:52:47|   0.0|  0.0|INFORM|Shared folders for coordinate system grid overrides are : C:\Users\krima354\Work Folders\Documents\FME\CoordinateSystemGridOverrides
2022-09-26 15:52:47|   0.0|  0.0|INFORM|Shared folders for CS-MAP transformation exceptions are : C:\Users\krima354\Work Folders\Documents\FME\CsmapTransformationExceptions
2022-09-26 15:52:47|   0.0|  0.0|INFORM|Shared folders for transformer categories are : C:\Users\krima354\Work Folders\Documents\FME\TransformerCategories
2022-09-26 15:52:47|   0.0|  0.0|INFORM|FME Configuration: Reader Keyword is `MULTI_READER'
2022-09-26 15:52:47|   0.0|  0.0|INFORM|FME Configuration: Writer Keyword is `MULTI_WRITER'
2022-09-26 15:52:47|   0.0|  0.0|INFORM|FME Configuration: Writer Group Definition Keyword is `MULTI_WRITER_DEF'
2022-09-26 15:52:47|   0.0|  0.0|INFORM|FME Configuration: Reader type is `MULTI_READER'
2022-09-26 15:52:47|   0.0|  0.0|INFORM|FME Configuration: Writer type is `MULTI_WRITER'
2022-09-26 15:52:47|   0.0|  0.0|INFORM|FME Configuration: No destination coordinate system set
2022-09-26 15:52:47|   0.0|  0.0|INFORM|FME Configuration: Current working folder is `C:\Users\krima354\Work Folders\Documents\kicki_arbetsfiler\C14'
2022-09-26 15:52:47|   0.0|  0.0|INFORM|FME Configuration: Temporary folder is `C:\Users\krima354\AppData\Local\Temp\wbrun_1664183017545_10032\fmetmp_f', set from environment variable `FME_TEMP'
2022-09-26 15:52:47|   0.0|  0.0|INFORM|FME Configuration: Cache folder is 'C:\Users\krima354\AppData\Local\Temp'
2022-09-26 15:52:47|   0.0|  0.0|INFORM|FME Configuration: FME_HOME is `C:\Program Files\FME\'
2022-09-26 15:52:47|   0.0|  0.0|INFORM|FME Configuration: Start freeing memory when the process exceeds 95.20 GB
2022-09-26 15:52:47|   0.0|  0.0|INFORM|FME Configuration: Stop freeing memory when the process is below 71.40 GB
2022-09-26 15:52:47|   0.0|  0.0|INFORM|Creating writer for format: 
2022-09-26 15:52:47|   0.0|  0.0|INFORM|Creating reader for format: 
2022-09-26 15:52:47|   0.0|  0.0|INFORM|MULTI_READER(MULTI_READER): Will fail with first member reader failure
2022-09-26 15:52:47|   0.0|  0.0|INFORM|Using Multi Reader with keyword `MULTI_READER' to read multiple datasets
2022-09-26 15:52:47|   0.0|  0.0|INFORM|Using MultiWriter with keyword `MULTI_WRITER' to output data (ID_ATTRIBUTE is `multi_writer_id')
2022-09-26 15:52:47|   0.0|  0.0|INFORM|Writer output will be ordered by value of multi_writer_id
2022-09-26 15:52:47|   0.0|  0.0|INFORM|Loaded module 'LogCount_func' from file 'C:\Program Files\FME\plugins/LogCount_func.dll'
2022-09-26 15:52:47|   0.0|  0.0|INFORM|FME API version of module 'LogCount_func' matches current internal version (4.0 20220615)
2022-09-26 15:52:47|   0.0|  0.0|INFORM|Emptying factory pipeline
2022-09-26 15:52:47|   0.0|  0.0|STATS |Router and Unexpected Input Remover (RoutingFactory): Tested 0 input feature(s), wrote 0 output feature(s): 0 matched merge filters, 0 were routed to output, 0 could not be routed.
2022-09-26 15:52:47|   0.0|  0.0|STATS |Unwanted Router Input Nuker (TeeFactory): Cloned 0 input feature(s) into 0 output feature(s)
2022-09-26 15:52:47|   0.0|  0.0|STATS |Blad1_XLSXR_1 Splitter (TeeFactory): Cloned 0 input feature(s) into 0 output feature(s)
2022-09-26 15:52:47|   0.0|  0.0|STATS |Restoring 734 feature(s) from FME feature store file `C:\Users\krima354\AppData\Local\Temp\wb-cache--zXLzlx\Main_DuplicateFilter -1 3 fo 0 UNIQUE  0  1998d24496bd2d9d7789fcf089cff89368d73a23.ffs'
2022-09-26 15:52:47|   0.0|  0.0|INFORM|Creating writer for format: Microsoft Excel
2022-09-26 15:52:47|   0.0|  0.0|INFORM|Trying to find a DYNAMIC plugin for writer named `XLSXW'
2022-09-26 15:52:47|   0.0|  0.0|INFORM|Loaded module 'XLSXW' from file 'C:\Program Files\FME\plugins/xlsx.dll'
2022-09-26 15:52:47|   0.0|  0.0|INFORM|FME API version of module 'xlsx' matches current internal version (4.0 20220615)
2022-09-26 15:52:47|   0.0|  0.0|INFORM|FME Configuration: No destination coordinate system set
2022-09-26 15:52:47|   0.0|  0.0|INFORM|Writer `XLSXW_1' of type `XLSXW' using group definition keyword `XLSXW_1_DEF'
2022-09-26 15:52:47|   0.0|  0.0|INFORM|Excel Writer: Use Attribute Names As Column Positions is set to 'no' for sheet 'Blad1' in dataset 'C:\Users\krima354\Work Folders\Documents\kicki_arbetsfiler\C14\alla_c14_unika.xlsx' 
2022-09-26 15:52:47|   0.0|  0.0|INFORM|Excel Writer: Opening dataset 'C:\Users\krima354\Work Folders\Documents\kicki_arbetsfiler\C14\alla_c14_unika.xlsx'...
2022-09-26 15:52:47|   0.0|  0.0|INFORM|Excel Writer: Reading existing workbook formatting. Workbook contains 1 fonts and 1 cell formats
2022-09-26 15:52:47|   0.0|  0.0|INFORM|Excel Writer: Sheet 'Blad1' has writer mode 'INSERT'
2022-09-26 15:52:47|   0.0|  0.0|INFORM|Excel Writer: Sheet 'Blad1' has Output field names set to 'yes'
2022-09-26 15:52:47|   0.0|  0.0|INFORM|Excel Writer: Sheet 'Blad1' will start writing to row '1' and column 'A' relative to its start location. Sheets have a starting location of row 1, column 1, named range starting locations can be specified
2022-09-26 15:52:47|   0.0|  0.0|INFORM|Excel Writer: Outputting field names for sheet 'Blad1'
2022-09-26 15:52:47|   0.1|  0.1|INFORM|XLSXW writer: Splitting bulk features into individual features
2022-09-26 15:52:52|   5.1|  5.0|INFORM|XLSXW writer: 4078 of 4346 features written
2022-09-26 15:52:53|   5.8|  0.7|INFORM|XLSXW writer: 4346 of 4346 features written
2022-09-26 15:52:53|   5.8|  0.0|STATS |Destination Feature Type Routing Correlator (RoutingFactory): Tested 5079 input feature(s), wrote 5079 output feature(s): 0 matched merge filters, 5079 were routed to output, 0 could not be routed.
2022-09-26 15:52:53|   5.8|  0.0|STATS |Final Output Nuker (TeeFactory): Cloned 0 input feature(s) into 0 output feature(s)
2022-09-26 15:52:53|   5.8|  0.0|INFORM|Excel Writer: Saving changes to dataset 'C:\Users\krima354\Work Folders\Documents\kicki_arbetsfiler\C14\alla_c14_unika.xlsx'
2022-09-26 15:52:53|   5.8|  0.0|INFORM|Excel Writer: Workbook contains 1 fonts and 1 cell formats after writing
2022-09-26 15:52:53|   6.1|  0.3|INFORM|Excel Writer: Closing dataset 'C:\Users\krima354\Work Folders\Documents\kicki_arbetsfiler\C14\alla_c14_unika.xlsx'...
2022-09-26 15:52:53|   6.1|  0.0|INFORM|=-=-=-=-=-=-=-=-=-=-=-=-=-=-=-=-=-=-=-=-=-=-=-=-=-=-=-=-=-=-=-=-=-=-=-=-=-=-=-
2022-09-26 15:52:53|   6.1|  0.0|INFORM|Feature output statistics for `XLSXW' writer using keyword `XLSXW_1':
2022-09-26 15:52:53|   6.1|  0.0|STATS |=-=-=-=-=-=-=-=-=-=-=-=-=-=-=-=-=-=-=-=-=-=-=-=-=-=-=-=-=-=-=-=-=-=-=-=-=-=-=-
2022-09-26 15:52:53|   6.1|  0.0|STATS |                               Features Written
2022-09-26 15:52:53|   6.1|  0.0|STATS |=-=-=-=-=-=-=-=-=-=-=-=-=-=-=-=-=-=-=-=-=-=-=-=-=-=-=-=-=-=-=-=-=-=-=-=-=-=-=-
2022-09-26 15:52:53|   6.1|  0.0|STATS |Blad1                                                                     5079
2022-09-26 15:52:53|   6.1|  0.0|STATS |==============================================================================
2022-09-26 15:52:53|   6.1|  0.0|STATS |Total Features Written                                                    5079
2022-09-26 15:52:53|   6.1|  0.0|STATS |=-=-=-=-=-=-=-=-=-=-=-=-=-=-=-=-=-=-=-=-=-=-=-=-=-=-=-=-=-=-=-=-=-=-=-=-=-=-=-
2022-09-26 15:52:53|   6.1|  0.0|STATS |=-=-=-=-=-=-=-=-=-=-=-=-=-=-=-=-=-=-=-=-=-=-=-=-=-=-=-=-=-=-=-=-=-=-=-=-=-=-=-
2022-09-26 15:52:53|   6.1|  0.0|STATS |                            Features Read Summary
2022-09-26 15:52:53|   6.1|  0.0|STATS |=-=-=-=-=-=-=-=-=-=-=-=-=-=-=-=-=-=-=-=-=-=-=-=-=-=-=-=-=-=-=-=-=-=-=-=-=-=-=-
2022-09-26 15:52:53|   6.1|  0.0|STATS |==============================================================================
2022-09-26 15:52:53|   6.1|  0.0|STATS |Total Features Read                                                          0
2022-09-26 15:52:53|   6.1|  0.0|STATS |=-=-=-=-=-=-=-=-=-=-=-=-=-=-=-=-=-=-=-=-=-=-=-=-=-=-=-=-=-=-=-=-=-=-=-=-=-=-=-
2022-09-26 15:52:53|   6.1|  0.0|STATS |=-=-=-=-=-=-=-=-=-=-=-=-=-=-=-=-=-=-=-=-=-=-=-=-=-=-=-=-=-=-=-=-=-=-=-=-=-=-=-
2022-09-26 15:52:53|   6.1|  0.0|STATS |                           Features Written Summary
2022-09-26 15:52:53|   6.1|  0.0|STATS |=-=-=-=-=-=-=-=-=-=-=-=-=-=-=-=-=-=-=-=-=-=-=-=-=-=-=-=-=-=-=-=-=-=-=-=-=-=-=-
2022-09-26 15:52:53|   6.1|  0.0|STATS |Blad1                                                                     5079
2022-09-26 15:52:53|   6.1|  0.0|STATS |==============================================================================
2022-09-26 15:52:53|   6.1|  0.0|STATS |Total Features Written                                                    5079
2022-09-26 15:52:53|   6.1|  0.0|STATS |=-=-=-=-=-=-=-=-=-=-=-=-=-=-=-=-=-=-=-=-=-=-=-=-=-=-=-=-=-=-=-=-=-=-=-=-=-=-=-
2022-09-26 15:52:53|   6.1|  0.0|WARN  |-~-~-~-~-~-~-~-~-~-~-~-~-~-~-~-~-~-~-~-~-~-~-~-~-~-~-~-~-~-~-~-~-~-~-~-~-~-~-~-~-
2022-09-26 15:52:53|   6.1|  0.0|WARN  |-~                                                                             ~-
2022-09-26 15:52:53|   6.1|  0.0|WARN  |-~    Feature caches have been recorded at every stage of the translation.     ~-
2022-09-26 15:52:53|   6.1|  0.0|WARN  |-~                      To inspect the recorded features,                      ~-
2022-09-26 15:52:53|   6.1|  0.0|WARN  |-~              click the feature cache icons next to the ports.               ~-
2022-09-26 15:52:53|   6.1|  0.0|WARN  |-~                                                                             ~-
2022-09-26 15:52:53|   6.1|  0.0|WARN  |-~-~-~-~-~-~-~-~-~-~-~-~-~-~-~-~-~-~-~-~-~-~-~-~-~-~-~-~-~-~-~-~-~-~-~-~-~-~-~-~-
2022-09-26 15:52:53|   6.1|  0.0|INFORM|Translation was SUCCESSFUL with 7 warning(s) (5079 feature(s) output)
2022-09-26 15:52:53|   6.1|  0.0|INFORM|FME Session Duration: 6.6 seconds. (CPU: 6.0s user, 0.1s system)
2022-09-26 15:52:53|   6.1|  0.0|INFORM|END - ProcessID: 10444, peak process memory usage: 89968 kB, current process memory usage: 61188 kB
