2023-09-28 10:41:08|   0.0|  0.0|INFORM|Current FME version: FME 2022.1.3.0 (20220928 - Build 22630 - WIN64)
2023-09-28 10:41:08|   0.0|  0.0|INFORM|FME_HOME is 'C:\Program Files\FME2022_1_3\'
2023-09-28 10:41:08|   0.0|  0.0|INFORM|FME Database Edition (node locked-crc)
2023-09-28 10:41:08|   0.0|  0.0|INFORM|Serial Number: ZVY7-REY4-21GZ
2023-09-28 10:41:08|   0.0|  0.0|INFORM|Temporary License: 269 days left.
2023-09-28 10:41:08|   0.0|  0.0|INFORM|Machine host name is: EPI-4L2CTD3
2023-09-28 10:41:08|   0.0|  0.0|INFORM|OS Locale Name     : sv_SE
2023-09-28 10:41:08|   0.0|  0.0|INFORM|OS Locale Encoding : windows-1252
2023-09-28 10:41:08|   0.0|  0.0|INFORM|Process Encoding   : UTF-8
2023-09-28 10:41:08|   0.0|  0.0|INFORM|FME API version: '4.0 20220615'
2023-09-28 10:41:08|   0.0|  0.0|INFORM|FME Configuration: FME_BASE is 'no'
2023-09-28 10:41:08|   0.0|  0.0|INFORM|FME Configuration: FME_MF_DIR is 'C:\Users\krima354\Work Folders\Documents\GitHub\kix_working_dir\divFME\urdar\metadata_creation/'
2023-09-28 10:41:08|   0.0|  0.0|INFORM|FME Configuration: FME_MF_NAME is '1_intrasis_archive_write_geom_runner.fmw'
2023-09-28 10:41:08|   0.0|  0.0|INFORM|FME Configuration: FME_PRODUCT_NAME is 'FME(R) 2022.1.3.0'
2023-09-28 10:41:08|   0.0|  0.0|INFORM|Operating System: Microsoft Windows 10 64-bit  (Build 19045)
2023-09-28 10:41:08|   0.0|  0.0|INFORM|FME Platform: WIN64
2023-09-28 10:41:08|   0.0|  0.0|INFORM|System Status: 330.04 GB of disk space available in the FME temporary folder (C:\Users\krima354\AppData\Local\Temp\wbrun_1695889902440_14932\fmetmp_0)
2023-09-28 10:41:08|   0.0|  0.0|INFORM|System Status: 31.73 GB of physical memory available
2023-09-28 10:41:08|   0.0|  0.0|INFORM|System Status: 126.93 GB of virtual memory available
2023-09-28 10:41:08|   0.0|  0.0|INFORM|START - ProcessID: 14400, peak process memory usage: 49704 kB, current process memory usage: 49704 kB
2023-09-28 10:41:08|   0.0|  0.0|INFORM|FME Configuration: Command line arguments are `C:\Program Files\FME2022_1_3\fme.exe' `C:/Users/krima354/Work Folders/Documents/GitHub/kix_working_dir/divFME/urdar/metadata_creation\wb-xlate-1695890432262_14932' `LOG_STANDARDOUT' `YES' `LOG_TIMINGS' `YES' `LogCountServerName' `54488' `LOG_STANDARDOUT' `No' `WORKBENCH_LOG_SERVER' `54356'
2023-09-28 10:41:08|   0.0|  0.0|INFORM|FME Configuration: Connection Storage: 'C:\Users\krima354\AppData\Roaming\Safe Software\FME\'
2023-09-28 10:41:08|   0.0|  0.0|INFORM|Shared folders for formats are : C:\Program Files\FME2022_1_3\datasources;C:\Users\krima354\Work Folders\Documents\FME\Formats
2023-09-28 10:41:08|   0.0|  0.0|INFORM|Shared folders for transformers are : C:\Users\krima354\AppData\Roaming\Safe Software\FME\Packages\22630-win64\transformers;C:\Program Files\FME2022_1_3\transformers;C:\Users\krima354\AppData\Roaming\Safe Software\FME\FME Store\Transformers
2023-09-28 10:41:08|   0.0|  0.0|INFORM|Shared folders for coordinate systems are : C:\Users\krima354\Work Folders\Documents\FME\CoordinateSystems
2023-09-28 10:41:08|   0.0|  0.0|INFORM|Shared folders for coordinate system exceptions are : C:\Users\krima354\Work Folders\Documents\FME\CoordinateSystemExceptions
2023-09-28 10:41:08|   0.0|  0.0|INFORM|Shared folders for coordinate system grid overrides are : C:\Users\krima354\Work Folders\Documents\FME\CoordinateSystemGridOverrides
2023-09-28 10:41:08|   0.0|  0.0|INFORM|Shared folders for CS-MAP transformation exceptions are : C:\Users\krima354\Work Folders\Documents\FME\CsmapTransformationExceptions
2023-09-28 10:41:08|   0.0|  0.0|INFORM|Shared folders for transformer categories are : C:\Users\krima354\Work Folders\Documents\FME\TransformerCategories
2023-09-28 10:41:08|   0.0|  0.0|INFORM|FME Configuration: Reader Keyword is `MULTI_READER'
2023-09-28 10:41:08|   0.0|  0.0|INFORM|FME Configuration: Writer Keyword is `NULL_DEST'
2023-09-28 10:41:08|   0.0|  0.0|INFORM|FME Configuration: Writer Group Definition Keyword is `NULL_DEST_DEF'
2023-09-28 10:41:08|   0.0|  0.0|INFORM|FME Configuration: Reader type is `MULTI_READER'
2023-09-28 10:41:08|   0.0|  0.0|INFORM|FME Configuration: Writer type is `NULL'
2023-09-28 10:41:08|   0.0|  0.0|INFORM|FME Configuration: No destination coordinate system set
2023-09-28 10:41:08|   0.0|  0.0|INFORM|FME Configuration: Current working folder is `C:\Users\krima354\Work Folders\Documents\GitHub\kix_working_dir\divFME\urdar\metadata_creation'
2023-09-28 10:41:08|   0.0|  0.0|INFORM|FME Configuration: Temporary folder is `C:\Users\krima354\AppData\Local\Temp\wbrun_1695889902440_14932\fmetmp_0', set from environment variable `FME_TEMP'
2023-09-28 10:41:08|   0.0|  0.0|INFORM|FME Configuration: Cache folder is 'C:\Users\krima354\AppData\Local\Temp'
2023-09-28 10:41:08|   0.0|  0.0|INFORM|FME Configuration: FME_HOME is `C:\Program Files\FME2022_1_3\'
2023-09-28 10:41:08|   0.0|  0.0|INFORM|FME Configuration: Start freeing memory when the process exceeds 95.20 GB
2023-09-28 10:41:08|   0.0|  0.0|INFORM|FME Configuration: Stop freeing memory when the process is below 71.40 GB
2023-09-28 10:41:08|   0.0|  0.0|INFORM|Creating writer for format: NULL (Nothing)
2023-09-28 10:41:08|   0.0|  0.0|INFORM|Trying to find a DYNAMIC plugin for writer named `NULL'
2023-09-28 10:41:08|   0.0|  0.0|INFORM|Loaded module 'NULL' from file 'C:\Program Files\FME2022_1_3\plugins/NULL.dll'
2023-09-28 10:41:08|   0.0|  0.0|INFORM|FME API version of module 'NULL' matches current internal version (4.0 20220615)
2023-09-28 10:41:08|   0.0|  0.0|INFORM|Creating reader for format: 
2023-09-28 10:41:08|   0.0|  0.0|INFORM|MULTI_READER(MULTI_READER): Will fail with first member reader failure
2023-09-28 10:41:08|   0.0|  0.0|INFORM|MULTI_READER(MULTI_READER): Adding CSV2 Reader with keyword CSV2_1
2023-09-28 10:41:08|   0.0|  0.0|INFORM|Using Multi Reader with keyword `MULTI_READER' to read multiple datasets
2023-09-28 10:41:08|   0.0|  0.0|INFORM|Creating reader for format: CSV (Comma Separated Value)
2023-09-28 10:41:08|   0.0|  0.0|INFORM|Trying to find a DYNAMIC plugin for reader named `CSV2'
2023-09-28 10:41:08|   0.0|  0.0|INFORM|Loaded module 'CSV2' from file 'C:\Program Files\FME2022_1_3\plugins/CSV2.dll'
2023-09-28 10:41:08|   0.0|  0.0|INFORM|FME API version of module 'CSV2' matches current internal version (4.0 20220615)
2023-09-28 10:41:08|   0.0|  0.0|INFORM|CSV reader: Opening dataset 'C:\Users\krima354\Work Folders\Documents\kicki_arbetsfiler\urdar_arbetsfiler\alla_urdar_db.csv'
2023-09-28 10:41:08|   0.0|  0.0|INFORM|CSV reader: Directive '_TRIM_FEATURE_TYPE_NAME' has the value 'Yes'
2023-09-28 10:41:08|   0.0|  0.0|INFORM|CSV reader: Directive '_SUPPORTED_READER_ARCHIVE_EXTENSIONS' has the value 'csv.gz,txt.gz'
2023-09-28 10:41:08|   0.0|  0.0|INFORM|CSV reader: Directive '_DELIMITER' has the value 'auto'
2023-09-28 10:41:08|   0.0|  0.0|INFORM|CSV reader: Directive '_FIELD_NAMES_LINE' has the value '1'
2023-09-28 10:41:08|   0.0|  0.0|INFORM|CSV reader: Directive '_DATA_START_LINE' has the value '2'
2023-09-28 10:41:08|   0.0|  0.0|INFORM|CSV reader: Directive '_SCAN_MAX_ROWS' has the value '10000'
2023-09-28 10:41:08|   0.0|  0.0|INFORM|CSV reader: Directive '_READ_SKIPPED_LINES' has the value 'No'
2023-09-28 10:41:08|   0.0|  0.0|INFORM|CSV reader: Directive '_ENCODING' has the value 'windows-1252'
2023-09-28 10:41:08|   0.0|  0.0|INFORM|CSV reader: Directive 'FME_NAMES_ENCODING' has the value 'UTF-8'
2023-09-28 10:41:08|   0.0|  0.0|INFORM|CSV reader: Directive '_SKIP_DUPLICATE_DELIMITERS' has the value 'No'
2023-09-28 10:41:08|   0.0|  0.0|INFORM|CSV reader: Directive '_FIELD_QUALIFIER_CHARACTER' has the value '"'
2023-09-28 10:41:08|   0.0|  0.0|INFORM|CSV reader: Directive '_FIELD_QUALIFIER_ESCAPE_CHARACTER' has the value '"'
2023-09-28 10:41:08|   0.0|  0.0|INFORM|CSV reader: Directive '_TRIM_FIELD_NAME_QUALIFIERS' has the value 'Yes'
2023-09-28 10:41:08|   0.0|  0.0|INFORM|CSV reader: Directive '_TRIM_FIELD_VALUE_QUALIFIERS' has the value 'Yes'
2023-09-28 10:41:08|   0.0|  0.0|INFORM|CSV reader: Directive '_PRESERVE_SOURCE_ENCODING' has the value 'No'
2023-09-28 10:41:08|   0.0|  0.0|INFORM|CSV reader: Directive '_CASE_SENSITIVE_FIELD_NAMES' has the value 'Yes'
2023-09-28 10:41:08|   0.0|  0.0|INFORM|CSV reader: Directive '_ENFORCE_STRICT_SCHEMA' has the value 'No'
2023-09-28 10:41:08|   0.0|  0.0|INFORM|CSV reader: Directive '_SCAN_TYPES' has the value 'Yes'
2023-09-28 10:41:08|   0.0|  0.0|INFORM|CSV reader: Directive '_TYPE_ATTRIBUTE_HANDLING' has the value 'STANDARD_TYPES'
2023-09-28 10:41:08|   0.0|  0.0|INFORM|CSV reader: Directive '_STRING_TYPE_ATTRIBUTE_HANDLING' has the value 'EXPLICIT_WIDTH'
2023-09-28 10:41:08|   0.0|  0.0|INFORM|CSV reader: Directive '_SCAN_ADDITIONAL_FIELDS' has the value 'No'
2023-09-28 10:41:08|   0.0|  0.0|INFORM|CSV reader: Directive '_DATE_INPUT_FORMAT' has the value 'ISO'
2023-09-28 10:41:08|   0.0|  0.0|INFORM|CSV reader: Directive '_CHUNK_SIZE' has the value '100000'
2023-09-28 10:41:08|   0.0|  0.0|INFORM|CSV reader: Directive '_TRIM_FIELD_NAME_WHITESPACE' has the value 'Yes'
2023-09-28 10:41:08|   0.0|  0.0|INFORM|CSV reader: Directive '_READ_EMPTY_VALUES_AS' has the value 'Null'
2023-09-28 10:41:08|   0.0|  0.0|INFORM|CSV reader: Directive '_REPLACE_ATTR_NAME_INVALID_CHARS' has the value 'No'
2023-09-28 10:41:08|   0.0|  0.0|WARN  |CSV reader: Auto delimiter detection failed, using ' ' as default delimiter. Delimiter can also be selected from the reader parameters
2023-09-28 10:41:08|   0.0|  0.0|INFORM|Loaded module 'LogCount_func' from file 'C:\Program Files\FME2022_1_3\plugins/LogCount_func.dll'
2023-09-28 10:41:08|   0.0|  0.0|INFORM|FME API version of module 'LogCount_func' matches current internal version (4.0 20220615)
2023-09-28 10:41:08|   0.0|  0.0|INFORM|WorkspaceRunner_ExecutorAndRouter (TestFactory): Bulk features are not supported due to parameter configuration: Test Clauses
2023-09-28 10:41:08|   0.0|  0.0|INFORM|WorkspaceRunner_ExecutorAndRouter (TestFactory): Bulk features are not supported with this version of the transformer. Upgrading the transformer to the most recent version may improve performance
2023-09-28 10:41:08|   0.0|  0.0|INFORM|WorkspaceRunner_ExecutorAndRouter (TestFactory): Splitting bulk features into individual features
2023-09-28 10:41:08|   0.2|  0.2|INFORM|WorkspaceRunner: Command to run - `{${=C:/Users/krima354/Work Folders/Documents/GitHub/kix_working_dir/divFME/urdar/metadata_creation/intrasis_archive_write_geom.fmw=}} --source_POSTGIS s2008039 --DestDataset_OGCGEOPACKAGE {${=C:\Users\krima354\Work Folders\Documents\kicki_arbetsfiler\slask\urdar_all_geom.gpkg=}}'
2023-09-28 10:41:08|   0.2|  0.0|INFORM|WorkspaceRunner: Running FME with command line - `{C:/Program Files/FME2022_1_3/fme} COMMAND_FILE C:/Users/krima354/AppData/Local/Temp/wbrun_1695889902440_14932/fmetmp_0/wsr_cm_1695890468975_14400 2>@1'
2023-09-28 10:41:11|   0.2|  0.0|INFORM|WorkspaceRunner: Successfully ran workspace `C:/Users/krima354/Work Folders/Documents/GitHub/kix_working_dir/divFME/urdar/metadata_creation/intrasis_archive_write_geom.fmw'
2023-09-28 10:41:11|   0.2|  0.0|INFORM|WorkspaceRunner: Command to run - `{${=C:/Users/krima354/Work Folders/Documents/GitHub/kix_working_dir/divFME/urdar/metadata_creation/intrasis_archive_write_geom.fmw=}} --source_POSTGIS e20061003 --DestDataset_OGCGEOPACKAGE {${=C:\Users\krima354\Work Folders\Documents\kicki_arbetsfiler\slask\urdar_all_geom.gpkg=}}'
2023-09-28 10:41:11|   0.2|  0.0|INFORM|WorkspaceRunner: Running FME with command line - `{C:/Program Files/FME2022_1_3/fme} COMMAND_FILE C:/Users/krima354/AppData/Local/Temp/wbrun_1695889902440_14932/fmetmp_0/wsr_cm_1695890471708_14400 2>@1'
2023-09-28 10:41:13|   0.2|  0.0|INFORM|WorkspaceRunner: Successfully ran workspace `C:/Users/krima354/Work Folders/Documents/GitHub/kix_working_dir/divFME/urdar/metadata_creation/intrasis_archive_write_geom.fmw'
2023-09-28 10:41:13|   0.2|  0.0|INFORM|WorkspaceRunner: Command to run - `{${=C:/Users/krima354/Work Folders/Documents/GitHub/kix_working_dir/divFME/urdar/metadata_creation/intrasis_archive_write_geom.fmw=}} --source_POSTGIS e20061004 --DestDataset_OGCGEOPACKAGE {${=C:\Users\krima354\Work Folders\Documents\kicki_arbetsfiler\slask\urdar_all_geom.gpkg=}}'
2023-09-28 10:41:13|   0.2|  0.0|INFORM|WorkspaceRunner: Running FME with command line - `{C:/Program Files/FME2022_1_3/fme} COMMAND_FILE C:/Users/krima354/AppData/Local/Temp/wbrun_1695889902440_14932/fmetmp_0/wsr_cm_1695890473729_14400 2>@1'
2023-09-28 10:41:15|   0.2|  0.0|INFORM|WorkspaceRunner: Successfully ran workspace `C:/Users/krima354/Work Folders/Documents/GitHub/kix_working_dir/divFME/urdar/metadata_creation/intrasis_archive_write_geom.fmw'
2023-09-28 10:41:15|   0.2|  0.0|INFORM|WorkspaceRunner_ExecutorAndRouter (TestFactory): Processed 3 of 3706 features
2023-09-28 10:41:15|   0.2|  0.0|INFORM|WorkspaceRunner: Command to run - `{${=C:/Users/krima354/Work Folders/Documents/GitHub/kix_working_dir/divFME/urdar/metadata_creation/intrasis_archive_write_geom.fmw=}} --source_POSTGIS e20061009 --DestDataset_OGCGEOPACKAGE {${=C:\Users\krima354\Work Folders\Documents\kicki_arbetsfiler\slask\urdar_all_geom.gpkg=}}'
2023-09-28 10:41:15|   0.2|  0.0|INFORM|WorkspaceRunner: Running FME with command line - `{C:/Program Files/FME2022_1_3/fme} COMMAND_FILE C:/Users/krima354/AppData/Local/Temp/wbrun_1695889902440_14932/fmetmp_0/wsr_cm_1695890475486_14400 2>@1'
2023-09-28 10:41:17|   0.2|  0.0|INFORM|WorkspaceRunner: Successfully ran workspace `C:/Users/krima354/Work Folders/Documents/GitHub/kix_working_dir/divFME/urdar/metadata_creation/intrasis_archive_write_geom.fmw'
2023-09-28 10:41:17|   0.2|  0.0|INFORM|WorkspaceRunner: Command to run - `{${=C:/Users/krima354/Work Folders/Documents/GitHub/kix_working_dir/divFME/urdar/metadata_creation/intrasis_archive_write_geom.fmw=}} --source_POSTGIS e20061014 --DestDataset_OGCGEOPACKAGE {${=C:\Users\krima354\Work Folders\Documents\kicki_arbetsfiler\slask\urdar_all_geom.gpkg=}}'
2023-09-28 10:41:17|   0.2|  0.0|INFORM|WorkspaceRunner: Running FME with command line - `{C:/Program Files/FME2022_1_3/fme} COMMAND_FILE C:/Users/krima354/AppData/Local/Temp/wbrun_1695889902440_14932/fmetmp_0/wsr_cm_1695890477124_14400 2>@1'
2023-09-28 10:41:18|   0.2|  0.0|INFORM|WorkspaceRunner: Successfully ran workspace `C:/Users/krima354/Work Folders/Documents/GitHub/kix_working_dir/divFME/urdar/metadata_creation/intrasis_archive_write_geom.fmw'
2023-09-28 10:41:18|   0.2|  0.0|INFORM|WorkspaceRunner: Command to run - `{${=C:/Users/krima354/Work Folders/Documents/GitHub/kix_working_dir/divFME/urdar/metadata_creation/intrasis_archive_write_geom.fmw=}} --source_POSTGIS e20061016 --DestDataset_OGCGEOPACKAGE {${=C:\Users\krima354\Work Folders\Documents\kicki_arbetsfiler\slask\urdar_all_geom.gpkg=}}'
2023-09-28 10:41:18|   0.2|  0.0|INFORM|WorkspaceRunner: Running FME with command line - `{C:/Program Files/FME2022_1_3/fme} COMMAND_FILE C:/Users/krima354/AppData/Local/Temp/wbrun_1695889902440_14932/fmetmp_0/wsr_cm_1695890478940_14400 2>@1'
2023-09-28 10:41:20|   0.2|  0.0|INFORM|WorkspaceRunner: Successfully ran workspace `C:/Users/krima354/Work Folders/Documents/GitHub/kix_working_dir/divFME/urdar/metadata_creation/intrasis_archive_write_geom.fmw'
2023-09-28 10:41:20|   0.2|  0.0|INFORM|WorkspaceRunner_ExecutorAndRouter (TestFactory): Processed 6 of 3706 features
2023-09-28 10:41:20|   0.2|  0.0|INFORM|WorkspaceRunner: Command to run - `{${=C:/Users/krima354/Work Folders/Documents/GitHub/kix_working_dir/divFME/urdar/metadata_creation/intrasis_archive_write_geom.fmw=}} --source_POSTGIS e20061018 --DestDataset_OGCGEOPACKAGE {${=C:\Users\krima354\Work Folders\Documents\kicki_arbetsfiler\slask\urdar_all_geom.gpkg=}}'
2023-09-28 10:41:20|   0.2|  0.0|INFORM|WorkspaceRunner: Running FME with command line - `{C:/Program Files/FME2022_1_3/fme} COMMAND_FILE C:/Users/krima354/AppData/Local/Temp/wbrun_1695889902440_14932/fmetmp_0/wsr_cm_1695890480865_14400 2>@1'
2023-09-28 10:41:22|   0.2|  0.0|INFORM|WorkspaceRunner: Successfully ran workspace `C:/Users/krima354/Work Folders/Documents/GitHub/kix_working_dir/divFME/urdar/metadata_creation/intrasis_archive_write_geom.fmw'
2023-09-28 10:41:22|   0.2|  0.0|INFORM|WorkspaceRunner: Command to run - `{${=C:/Users/krima354/Work Folders/Documents/GitHub/kix_working_dir/divFME/urdar/metadata_creation/intrasis_archive_write_geom.fmw=}} --source_POSTGIS e20061019 --DestDataset_OGCGEOPACKAGE {${=C:\Users\krima354\Work Folders\Documents\kicki_arbetsfiler\slask\urdar_all_geom.gpkg=}}'
2023-09-28 10:41:22|   0.2|  0.0|INFORM|WorkspaceRunner: Running FME with command line - `{C:/Program Files/FME2022_1_3/fme} COMMAND_FILE C:/Users/krima354/AppData/Local/Temp/wbrun_1695889902440_14932/fmetmp_0/wsr_cm_1695890482886_14400 2>@1'
2023-09-28 10:41:24|   0.2|  0.0|INFORM|WorkspaceRunner: Successfully ran workspace `C:/Users/krima354/Work Folders/Documents/GitHub/kix_working_dir/divFME/urdar/metadata_creation/intrasis_archive_write_geom.fmw'
2023-09-28 10:41:24|   0.2|  0.0|INFORM|WorkspaceRunner: Command to run - `{${=C:/Users/krima354/Work Folders/Documents/GitHub/kix_working_dir/divFME/urdar/metadata_creation/intrasis_archive_write_geom.fmw=}} --source_POSTGIS e20071002 --DestDataset_OGCGEOPACKAGE {${=C:\Users\krima354\Work Folders\Documents\kicki_arbetsfiler\slask\urdar_all_geom.gpkg=}}'
2023-09-28 10:41:24|   0.2|  0.0|INFORM|WorkspaceRunner: Running FME with command line - `{C:/Program Files/FME2022_1_3/fme} COMMAND_FILE C:/Users/krima354/AppData/Local/Temp/wbrun_1695889902440_14932/fmetmp_0/wsr_cm_1695890484654_14400 2>@1'
2023-09-28 10:41:26|   0.2|  0.0|INFORM|WorkspaceRunner: Successfully ran workspace `C:/Users/krima354/Work Folders/Documents/GitHub/kix_working_dir/divFME/urdar/metadata_creation/intrasis_archive_write_geom.fmw'
2023-09-28 10:41:26|   0.2|  0.0|INFORM|WorkspaceRunner_ExecutorAndRouter (TestFactory): Processed 9 of 3706 features
2023-09-28 10:41:26|   0.2|  0.0|INFORM|WorkspaceRunner: Command to run - `{${=C:/Users/krima354/Work Folders/Documents/GitHub/kix_working_dir/divFME/urdar/metadata_creation/intrasis_archive_write_geom.fmw=}} --source_POSTGIS masterby_2010 --DestDataset_OGCGEOPACKAGE {${=C:\Users\krima354\Work Folders\Documents\kicki_arbetsfiler\slask\urdar_all_geom.gpkg=}}'
2023-09-28 10:41:26|   0.2|  0.0|INFORM|WorkspaceRunner: Running FME with command line - `{C:/Program Files/FME2022_1_3/fme} COMMAND_FILE C:/Users/krima354/AppData/Local/Temp/wbrun_1695889902440_14932/fmetmp_0/wsr_cm_1695890486174_14400 2>@1'
2023-09-28 10:41:28|   0.2|  0.0|INFORM|WorkspaceRunner: Successfully ran workspace `C:/Users/krima354/Work Folders/Documents/GitHub/kix_working_dir/divFME/urdar/metadata_creation/intrasis_archive_write_geom.fmw'
2023-09-28 10:41:28|   0.2|  0.0|INFORM|WorkspaceRunner: Command to run - `{${=C:/Users/krima354/Work Folders/Documents/GitHub/kix_working_dir/divFME/urdar/metadata_creation/intrasis_archive_write_geom.fmw=}} --source_POSTGIS rasbo --DestDataset_OGCGEOPACKAGE {${=C:\Users\krima354\Work Folders\Documents\kicki_arbetsfiler\slask\urdar_all_geom.gpkg=}}'
2023-09-28 10:41:28|   0.2|  0.0|INFORM|WorkspaceRunner: Running FME with command line - `{C:/Program Files/FME2022_1_3/fme} COMMAND_FILE C:/Users/krima354/AppData/Local/Temp/wbrun_1695889902440_14932/fmetmp_0/wsr_cm_1695890488584_14400 2>@1'
2023-09-28 10:41:30|   0.2|  0.0|INFORM|WorkspaceRunner: Successfully ran workspace `C:/Users/krima354/Work Folders/Documents/GitHub/kix_working_dir/divFME/urdar/metadata_creation/intrasis_archive_write_geom.fmw'
2023-09-28 10:41:30|   0.2|  0.0|INFORM|WorkspaceRunner: Command to run - `{${=C:/Users/krima354/Work Folders/Documents/GitHub/kix_working_dir/divFME/urdar/metadata_creation/intrasis_archive_write_geom.fmw=}} --source_POSTGIS uv2010017 --DestDataset_OGCGEOPACKAGE {${=C:\Users\krima354\Work Folders\Documents\kicki_arbetsfiler\slask\urdar_all_geom.gpkg=}}'
2023-09-28 10:41:30|   0.3|  0.1|INFORM|WorkspaceRunner: Running FME with command line - `{C:/Program Files/FME2022_1_3/fme} COMMAND_FILE C:/Users/krima354/AppData/Local/Temp/wbrun_1695889902440_14932/fmetmp_0/wsr_cm_1695890490995_14400 2>@1'
2023-09-28 10:41:33|   0.3|  0.0|INFORM|WorkspaceRunner: Successfully ran workspace `C:/Users/krima354/Work Folders/Documents/GitHub/kix_working_dir/divFME/urdar/metadata_creation/intrasis_archive_write_geom.fmw'
2023-09-28 10:41:33|   0.3|  0.0|INFORM|WorkspaceRunner_ExecutorAndRouter (TestFactory): Processed 12 of 3706 features
2023-09-28 10:41:33|   0.3|  0.0|INFORM|WorkspaceRunner: Command to run - `{${=C:/Users/krima354/Work Folders/Documents/GitHub/kix_working_dir/divFME/urdar/metadata_creation/intrasis_archive_write_geom.fmw=}} --source_POSTGIS uv2010018 --DestDataset_OGCGEOPACKAGE {${=C:\Users\krima354\Work Folders\Documents\kicki_arbetsfiler\slask\urdar_all_geom.gpkg=}}'
2023-09-28 10:41:33|   0.3|  0.0|INFORM|WorkspaceRunner: Running FME with command line - `{C:/Program Files/FME2022_1_3/fme} COMMAND_FILE C:/Users/krima354/AppData/Local/Temp/wbrun_1695889902440_14932/fmetmp_0/wsr_cm_1695890493178_14400 2>@1'
2023-09-28 10:41:35|   0.3|  0.0|INFORM|WorkspaceRunner: Successfully ran workspace `C:/Users/krima354/Work Folders/Documents/GitHub/kix_working_dir/divFME/urdar/metadata_creation/intrasis_archive_write_geom.fmw'
2023-09-28 10:41:35|   0.3|  0.0|INFORM|WorkspaceRunner: Command to run - `{${=C:/Users/krima354/Work Folders/Documents/GitHub/kix_working_dir/divFME/urdar/metadata_creation/intrasis_archive_write_geom.fmw=}} --source_POSTGIS uv2010030 --DestDataset_OGCGEOPACKAGE {${=C:\Users\krima354\Work Folders\Documents\kicki_arbetsfiler\slask\urdar_all_geom.gpkg=}}'
2023-09-28 10:41:35|   0.3|  0.0|INFORM|WorkspaceRunner: Running FME with command line - `{C:/Program Files/FME2022_1_3/fme} COMMAND_FILE C:/Users/krima354/AppData/Local/Temp/wbrun_1695889902440_14932/fmetmp_0/wsr_cm_1695890495437_14400 2>@1'
2023-09-28 10:41:37|   0.3|  0.0|INFORM|WorkspaceRunner: Successfully ran workspace `C:/Users/krima354/Work Folders/Documents/GitHub/kix_working_dir/divFME/urdar/metadata_creation/intrasis_archive_write_geom.fmw'
2023-09-28 10:41:37|   0.3|  0.0|INFORM|WorkspaceRunner: Command to run - `{${=C:/Users/krima354/Work Folders/Documents/GitHub/kix_working_dir/divFME/urdar/metadata_creation/intrasis_archive_write_geom.fmw=}} --source_POSTGIS uv2010039 --DestDataset_OGCGEOPACKAGE {${=C:\Users\krima354\Work Folders\Documents\kicki_arbetsfiler\slask\urdar_all_geom.gpkg=}}'
2023-09-28 10:41:37|   0.3|  0.0|INFORM|WorkspaceRunner: Running FME with command line - `{C:/Program Files/FME2022_1_3/fme} COMMAND_FILE C:/Users/krima354/AppData/Local/Temp/wbrun_1695889902440_14932/fmetmp_0/wsr_cm_1695890497698_14400 2>@1'
2023-09-28 10:41:39|   0.3|  0.0|INFORM|WorkspaceRunner: Successfully ran workspace `C:/Users/krima354/Work Folders/Documents/GitHub/kix_working_dir/divFME/urdar/metadata_creation/intrasis_archive_write_geom.fmw'
2023-09-28 10:41:39|   0.3|  0.0|INFORM|WorkspaceRunner_ExecutorAndRouter (TestFactory): Processed 15 of 3706 features
2023-09-28 10:41:39|   0.3|  0.0|INFORM|WorkspaceRunner: Command to run - `{${=C:/Users/krima354/Work Folders/Documents/GitHub/kix_working_dir/divFME/urdar/metadata_creation/intrasis_archive_write_geom.fmw=}} --source_POSTGIS uv2010042 --DestDataset_OGCGEOPACKAGE {${=C:\Users\krima354\Work Folders\Documents\kicki_arbetsfiler\slask\urdar_all_geom.gpkg=}}'
2023-09-28 10:41:39|   0.3|  0.0|INFORM|WorkspaceRunner: Running FME with command line - `{C:/Program Files/FME2022_1_3/fme} COMMAND_FILE C:/Users/krima354/AppData/Local/Temp/wbrun_1695889902440_14932/fmetmp_0/wsr_cm_1695890499612_14400 2>@1'
2023-09-28 10:41:41|   0.3|  0.0|INFORM|WorkspaceRunner: Successfully ran workspace `C:/Users/krima354/Work Folders/Documents/GitHub/kix_working_dir/divFME/urdar/metadata_creation/intrasis_archive_write_geom.fmw'
2023-09-28 10:41:41|   0.3|  0.0|INFORM|WorkspaceRunner: Command to run - `{${=C:/Users/krima354/Work Folders/Documents/GitHub/kix_working_dir/divFME/urdar/metadata_creation/intrasis_archive_write_geom.fmw=}} --source_POSTGIS uv2010066 --DestDataset_OGCGEOPACKAGE {${=C:\Users\krima354\Work Folders\Documents\kicki_arbetsfiler\slask\urdar_all_geom.gpkg=}}'
2023-09-28 10:41:41|   0.3|  0.0|INFORM|WorkspaceRunner: Running FME with command line - `{C:/Program Files/FME2022_1_3/fme} COMMAND_FILE C:/Users/krima354/AppData/Local/Temp/wbrun_1695889902440_14932/fmetmp_0/wsr_cm_1695890501880_14400 2>@1'
2023-09-28 10:41:44|   0.3|  0.0|INFORM|WorkspaceRunner: Successfully ran workspace `C:/Users/krima354/Work Folders/Documents/GitHub/kix_working_dir/divFME/urdar/metadata_creation/intrasis_archive_write_geom.fmw'
2023-09-28 10:41:44|   0.3|  0.0|INFORM|WorkspaceRunner: Command to run - `{${=C:/Users/krima354/Work Folders/Documents/GitHub/kix_working_dir/divFME/urdar/metadata_creation/intrasis_archive_write_geom.fmw=}} --source_POSTGIS uv2010068 --DestDataset_OGCGEOPACKAGE {${=C:\Users\krima354\Work Folders\Documents\kicki_arbetsfiler\slask\urdar_all_geom.gpkg=}}'
2023-09-28 10:41:44|   0.3|  0.0|INFORM|WorkspaceRunner: Running FME with command line - `{C:/Program Files/FME2022_1_3/fme} COMMAND_FILE C:/Users/krima354/AppData/Local/Temp/wbrun_1695889902440_14932/fmetmp_0/wsr_cm_1695890504054_14400 2>@1'
2023-09-28 10:41:46|   0.3|  0.0|INFORM|WorkspaceRunner: Successfully ran workspace `C:/Users/krima354/Work Folders/Documents/GitHub/kix_working_dir/divFME/urdar/metadata_creation/intrasis_archive_write_geom.fmw'
2023-09-28 10:41:46|   0.3|  0.0|INFORM|WorkspaceRunner_ExecutorAndRouter (TestFactory): Processed 18 of 3706 features
2023-09-28 10:41:46|   0.3|  0.0|INFORM|WorkspaceRunner: Command to run - `{${=C:/Users/krima354/Work Folders/Documents/GitHub/kix_working_dir/divFME/urdar/metadata_creation/intrasis_archive_write_geom.fmw=}} --source_POSTGIS uv2010069 --DestDataset_OGCGEOPACKAGE {${=C:\Users\krima354\Work Folders\Documents\kicki_arbetsfiler\slask\urdar_all_geom.gpkg=}}'
2023-09-28 10:41:46|   0.3|  0.0|INFORM|WorkspaceRunner: Running FME with command line - `{C:/Program Files/FME2022_1_3/fme} COMMAND_FILE C:/Users/krima354/AppData/Local/Temp/wbrun_1695889902440_14932/fmetmp_0/wsr_cm_1695890506034_14400 2>@1'
2023-09-28 10:41:47|   0.3|  0.0|INFORM|WorkspaceRunner: Successfully ran workspace `C:/Users/krima354/Work Folders/Documents/GitHub/kix_working_dir/divFME/urdar/metadata_creation/intrasis_archive_write_geom.fmw'
2023-09-28 10:41:47|   0.3|  0.0|INFORM|WorkspaceRunner: Command to run - `{${=C:/Users/krima354/Work Folders/Documents/GitHub/kix_working_dir/divFME/urdar/metadata_creation/intrasis_archive_write_geom.fmw=}} --source_POSTGIS uv2010082 --DestDataset_OGCGEOPACKAGE {${=C:\Users\krima354\Work Folders\Documents\kicki_arbetsfiler\slask\urdar_all_geom.gpkg=}}'
2023-09-28 10:41:47|   0.3|  0.0|INFORM|WorkspaceRunner: Running FME with command line - `{C:/Program Files/FME2022_1_3/fme} COMMAND_FILE C:/Users/krima354/AppData/Local/Temp/wbrun_1695889902440_14932/fmetmp_0/wsr_cm_1695890507962_14400 2>@1'
2023-09-28 10:41:49|   0.3|  0.0|INFORM|WorkspaceRunner: Successfully ran workspace `C:/Users/krima354/Work Folders/Documents/GitHub/kix_working_dir/divFME/urdar/metadata_creation/intrasis_archive_write_geom.fmw'
2023-09-28 10:41:49|   0.3|  0.0|INFORM|WorkspaceRunner: Command to run - `{${=C:/Users/krima354/Work Folders/Documents/GitHub/kix_working_dir/divFME/urdar/metadata_creation/intrasis_archive_write_geom.fmw=}} --source_POSTGIS uv2010092 --DestDataset_OGCGEOPACKAGE {${=C:\Users\krima354\Work Folders\Documents\kicki_arbetsfiler\slask\urdar_all_geom.gpkg=}}'
2023-09-28 10:41:49|   0.3|  0.0|INFORM|WorkspaceRunner: Running FME with command line - `{C:/Program Files/FME2022_1_3/fme} COMMAND_FILE C:/Users/krima354/AppData/Local/Temp/wbrun_1695889902440_14932/fmetmp_0/wsr_cm_1695890509935_14400 2>@1'
2023-09-28 10:41:51|   0.3|  0.0|INFORM|WorkspaceRunner: Successfully ran workspace `C:/Users/krima354/Work Folders/Documents/GitHub/kix_working_dir/divFME/urdar/metadata_creation/intrasis_archive_write_geom.fmw'
2023-09-28 10:41:51|   0.3|  0.0|INFORM|WorkspaceRunner_ExecutorAndRouter (TestFactory): Processed 21 of 3706 features
2023-09-28 10:41:51|   0.4|  0.1|INFORM|WorkspaceRunner: Command to run - `{${=C:/Users/krima354/Work Folders/Documents/GitHub/kix_working_dir/divFME/urdar/metadata_creation/intrasis_archive_write_geom.fmw=}} --source_POSTGIS uv2010096 --DestDataset_OGCGEOPACKAGE {${=C:\Users\krima354\Work Folders\Documents\kicki_arbetsfiler\slask\urdar_all_geom.gpkg=}}'
2023-09-28 10:41:51|   0.4|  0.0|INFORM|WorkspaceRunner: Running FME with command line - `{C:/Program Files/FME2022_1_3/fme} COMMAND_FILE C:/Users/krima354/AppData/Local/Temp/wbrun_1695889902440_14932/fmetmp_0/wsr_cm_1695890511847_14400 2>@1'
2023-09-28 10:41:54|   0.4|  0.0|INFORM|WorkspaceRunner: Successfully ran workspace `C:/Users/krima354/Work Folders/Documents/GitHub/kix_working_dir/divFME/urdar/metadata_creation/intrasis_archive_write_geom.fmw'
2023-09-28 10:41:54|   0.4|  0.0|INFORM|WorkspaceRunner: Command to run - `{${=C:/Users/krima354/Work Folders/Documents/GitHub/kix_working_dir/divFME/urdar/metadata_creation/intrasis_archive_write_geom.fmw=}} --source_POSTGIS uv2010098 --DestDataset_OGCGEOPACKAGE {${=C:\Users\krima354\Work Folders\Documents\kicki_arbetsfiler\slask\urdar_all_geom.gpkg=}}'
2023-09-28 10:41:54|   0.5|  0.1|INFORM|WorkspaceRunner: Running FME with command line - `{C:/Program Files/FME2022_1_3/fme} COMMAND_FILE C:/Users/krima354/AppData/Local/Temp/wbrun_1695889902440_14932/fmetmp_0/wsr_cm_1695890514061_14400 2>@1'
2023-09-28 10:41:56|   0.5|  0.0|INFORM|WorkspaceRunner: Successfully ran workspace `C:/Users/krima354/Work Folders/Documents/GitHub/kix_working_dir/divFME/urdar/metadata_creation/intrasis_archive_write_geom.fmw'
2023-09-28 10:41:56|   0.5|  0.0|INFORM|WorkspaceRunner: Command to run - `{${=C:/Users/krima354/Work Folders/Documents/GitHub/kix_working_dir/divFME/urdar/metadata_creation/intrasis_archive_write_geom.fmw=}} --source_POSTGIS uv2010130 --DestDataset_OGCGEOPACKAGE {${=C:\Users\krima354\Work Folders\Documents\kicki_arbetsfiler\slask\urdar_all_geom.gpkg=}}'
2023-09-28 10:41:56|   0.5|  0.0|INFORM|WorkspaceRunner: Running FME with command line - `{C:/Program Files/FME2022_1_3/fme} COMMAND_FILE C:/Users/krima354/AppData/Local/Temp/wbrun_1695889902440_14932/fmetmp_0/wsr_cm_1695890516248_14400 2>@1'
2023-09-28 10:41:58|   0.5|  0.0|INFORM|WorkspaceRunner: Successfully ran workspace `C:/Users/krima354/Work Folders/Documents/GitHub/kix_working_dir/divFME/urdar/metadata_creation/intrasis_archive_write_geom.fmw'
2023-09-28 10:41:58|   0.5|  0.0|INFORM|WorkspaceRunner_ExecutorAndRouter (TestFactory): Processed 24 of 3706 features
2023-09-28 10:41:58|   0.5|  0.0|INFORM|WorkspaceRunner: Command to run - `{${=C:/Users/krima354/Work Folders/Documents/GitHub/kix_working_dir/divFME/urdar/metadata_creation/intrasis_archive_write_geom.fmw=}} --source_POSTGIS uv2010134 --DestDataset_OGCGEOPACKAGE {${=C:\Users\krima354\Work Folders\Documents\kicki_arbetsfiler\slask\urdar_all_geom.gpkg=}}'
2023-09-28 10:41:58|   0.5|  0.0|INFORM|WorkspaceRunner: Running FME with command line - `{C:/Program Files/FME2022_1_3/fme} COMMAND_FILE C:/Users/krima354/AppData/Local/Temp/wbrun_1695889902440_14932/fmetmp_0/wsr_cm_1695890518187_14400 2>@1'
2023-09-28 10:41:59|   0.5|  0.0|INFORM|WorkspaceRunner: Successfully ran workspace `C:/Users/krima354/Work Folders/Documents/GitHub/kix_working_dir/divFME/urdar/metadata_creation/intrasis_archive_write_geom.fmw'
2023-09-28 10:41:59|   0.5|  0.0|INFORM|WorkspaceRunner: Command to run - `{${=C:/Users/krima354/Work Folders/Documents/GitHub/kix_working_dir/divFME/urdar/metadata_creation/intrasis_archive_write_geom.fmw=}} --source_POSTGIS uv2010136 --DestDataset_OGCGEOPACKAGE {${=C:\Users\krima354\Work Folders\Documents\kicki_arbetsfiler\slask\urdar_all_geom.gpkg=}}'
2023-09-28 10:41:59|   0.5|  0.0|INFORM|WorkspaceRunner: Running FME with command line - `{C:/Program Files/FME2022_1_3/fme} COMMAND_FILE C:/Users/krima354/AppData/Local/Temp/wbrun_1695889902440_14932/fmetmp_0/wsr_cm_1695890519988_14400 2>@1'
2023-09-28 10:42:01|   0.5|  0.0|INFORM|WorkspaceRunner: Successfully ran workspace `C:/Users/krima354/Work Folders/Documents/GitHub/kix_working_dir/divFME/urdar/metadata_creation/intrasis_archive_write_geom.fmw'
2023-09-28 10:42:01|   0.5|  0.0|INFORM|WorkspaceRunner: Command to run - `{${=C:/Users/krima354/Work Folders/Documents/GitHub/kix_working_dir/divFME/urdar/metadata_creation/intrasis_archive_write_geom.fmw=}} --source_POSTGIS uv2010137 --DestDataset_OGCGEOPACKAGE {${=C:\Users\krima354\Work Folders\Documents\kicki_arbetsfiler\slask\urdar_all_geom.gpkg=}}'
2023-09-28 10:42:01|   0.5|  0.0|INFORM|WorkspaceRunner: Running FME with command line - `{C:/Program Files/FME2022_1_3/fme} COMMAND_FILE C:/Users/krima354/AppData/Local/Temp/wbrun_1695889902440_14932/fmetmp_0/wsr_cm_1695890521829_14400 2>@1'
2023-09-28 10:42:03|   0.5|  0.0|INFORM|WorkspaceRunner: Successfully ran workspace `C:/Users/krima354/Work Folders/Documents/GitHub/kix_working_dir/divFME/urdar/metadata_creation/intrasis_archive_write_geom.fmw'
2023-09-28 10:42:03|   0.5|  0.0|INFORM|WorkspaceRunner_ExecutorAndRouter (TestFactory): Processed 27 of 3706 features
2023-09-28 10:42:03|   0.5|  0.0|INFORM|WorkspaceRunner: Command to run - `{${=C:/Users/krima354/Work Folders/Documents/GitHub/kix_working_dir/divFME/urdar/metadata_creation/intrasis_archive_write_geom.fmw=}} --source_POSTGIS uv2010138 --DestDataset_OGCGEOPACKAGE {${=C:\Users\krima354\Work Folders\Documents\kicki_arbetsfiler\slask\urdar_all_geom.gpkg=}}'
2023-09-28 10:42:03|   0.5|  0.0|INFORM|WorkspaceRunner: Running FME with command line - `{C:/Program Files/FME2022_1_3/fme} COMMAND_FILE C:/Users/krima354/AppData/Local/Temp/wbrun_1695889902440_14932/fmetmp_0/wsr_cm_1695890523604_14400 2>@1'
2023-09-28 10:42:05|   0.5|  0.0|INFORM|WorkspaceRunner: Successfully ran workspace `C:/Users/krima354/Work Folders/Documents/GitHub/kix_working_dir/divFME/urdar/metadata_creation/intrasis_archive_write_geom.fmw'
2023-09-28 10:42:05|   0.5|  0.0|INFORM|WorkspaceRunner: Command to run - `{${=C:/Users/krima354/Work Folders/Documents/GitHub/kix_working_dir/divFME/urdar/metadata_creation/intrasis_archive_write_geom.fmw=}} --source_POSTGIS uv2010139 --DestDataset_OGCGEOPACKAGE {${=C:\Users\krima354\Work Folders\Documents\kicki_arbetsfiler\slask\urdar_all_geom.gpkg=}}'
2023-09-28 10:42:05|   0.5|  0.0|INFORM|WorkspaceRunner: Running FME with command line - `{C:/Program Files/FME2022_1_3/fme} COMMAND_FILE C:/Users/krima354/AppData/Local/Temp/wbrun_1695889902440_14932/fmetmp_0/wsr_cm_1695890525874_14400 2>@1'
2023-09-28 10:42:07|   0.5|  0.0|INFORM|WorkspaceRunner: Successfully ran workspace `C:/Users/krima354/Work Folders/Documents/GitHub/kix_working_dir/divFME/urdar/metadata_creation/intrasis_archive_write_geom.fmw'
2023-09-28 10:42:07|   0.5|  0.0|INFORM|WorkspaceRunner: Command to run - `{${=C:/Users/krima354/Work Folders/Documents/GitHub/kix_working_dir/divFME/urdar/metadata_creation/intrasis_archive_write_geom.fmw=}} --source_POSTGIS uv2010140 --DestDataset_OGCGEOPACKAGE {${=C:\Users\krima354\Work Folders\Documents\kicki_arbetsfiler\slask\urdar_all_geom.gpkg=}}'
2023-09-28 10:42:07|   0.5|  0.0|INFORM|WorkspaceRunner: Running FME with command line - `{C:/Program Files/FME2022_1_3/fme} COMMAND_FILE C:/Users/krima354/AppData/Local/Temp/wbrun_1695889902440_14932/fmetmp_0/wsr_cm_1695890527767_14400 2>@1'
2023-09-28 10:42:09|   0.5|  0.0|INFORM|WorkspaceRunner: Successfully ran workspace `C:/Users/krima354/Work Folders/Documents/GitHub/kix_working_dir/divFME/urdar/metadata_creation/intrasis_archive_write_geom.fmw'
2023-09-28 10:42:09|   0.5|  0.0|INFORM|WorkspaceRunner_ExecutorAndRouter (TestFactory): Processed 30 of 3706 features
2023-09-28 10:42:09|   0.5|  0.0|INFORM|WorkspaceRunner: Command to run - `{${=C:/Users/krima354/Work Folders/Documents/GitHub/kix_working_dir/divFME/urdar/metadata_creation/intrasis_archive_write_geom.fmw=}} --source_POSTGIS uv2010141 --DestDataset_OGCGEOPACKAGE {${=C:\Users\krima354\Work Folders\Documents\kicki_arbetsfiler\slask\urdar_all_geom.gpkg=}}'
2023-09-28 10:42:09|   0.5|  0.0|INFORM|WorkspaceRunner: Running FME with command line - `{C:/Program Files/FME2022_1_3/fme} COMMAND_FILE C:/Users/krima354/AppData/Local/Temp/wbrun_1695889902440_14932/fmetmp_0/wsr_cm_1695890529666_14400 2>@1'
2023-09-28 10:42:11|   0.5|  0.0|INFORM|WorkspaceRunner: Successfully ran workspace `C:/Users/krima354/Work Folders/Documents/GitHub/kix_working_dir/divFME/urdar/metadata_creation/intrasis_archive_write_geom.fmw'
2023-09-28 10:42:11|   0.5|  0.0|INFORM|WorkspaceRunner: Command to run - `{${=C:/Users/krima354/Work Folders/Documents/GitHub/kix_working_dir/divFME/urdar/metadata_creation/intrasis_archive_write_geom.fmw=}} --source_POSTGIS uv2010143 --DestDataset_OGCGEOPACKAGE {${=C:\Users\krima354\Work Folders\Documents\kicki_arbetsfiler\slask\urdar_all_geom.gpkg=}}'
2023-09-28 10:42:11|   0.5|  0.0|INFORM|WorkspaceRunner: Running FME with command line - `{C:/Program Files/FME2022_1_3/fme} COMMAND_FILE C:/Users/krima354/AppData/Local/Temp/wbrun_1695889902440_14932/fmetmp_0/wsr_cm_1695890531342_14400 2>@1'
2023-09-28 10:42:13|   0.5|  0.0|INFORM|WorkspaceRunner: Successfully ran workspace `C:/Users/krima354/Work Folders/Documents/GitHub/kix_working_dir/divFME/urdar/metadata_creation/intrasis_archive_write_geom.fmw'
2023-09-28 10:42:13|   0.6|  0.1|INFORM|WorkspaceRunner: Command to run - `{${=C:/Users/krima354/Work Folders/Documents/GitHub/kix_working_dir/divFME/urdar/metadata_creation/intrasis_archive_write_geom.fmw=}} --source_POSTGIS uv2010144 --DestDataset_OGCGEOPACKAGE {${=C:\Users\krima354\Work Folders\Documents\kicki_arbetsfiler\slask\urdar_all_geom.gpkg=}}'
2023-09-28 10:42:13|   0.6|  0.0|INFORM|WorkspaceRunner: Running FME with command line - `{C:/Program Files/FME2022_1_3/fme} COMMAND_FILE C:/Users/krima354/AppData/Local/Temp/wbrun_1695889902440_14932/fmetmp_0/wsr_cm_1695890533418_14400 2>@1'
2023-09-28 10:42:15|   0.6|  0.0|INFORM|WorkspaceRunner: Successfully ran workspace `C:/Users/krima354/Work Folders/Documents/GitHub/kix_working_dir/divFME/urdar/metadata_creation/intrasis_archive_write_geom.fmw'
2023-09-28 10:42:15|   0.6|  0.0|INFORM|WorkspaceRunner_ExecutorAndRouter (TestFactory): Processed 33 of 3706 features
2023-09-28 10:42:15|   0.6|  0.0|INFORM|WorkspaceRunner: Command to run - `{${=C:/Users/krima354/Work Folders/Documents/GitHub/kix_working_dir/divFME/urdar/metadata_creation/intrasis_archive_write_geom.fmw=}} --source_POSTGIS uv2010145 --DestDataset_OGCGEOPACKAGE {${=C:\Users\krima354\Work Folders\Documents\kicki_arbetsfiler\slask\urdar_all_geom.gpkg=}}'
2023-09-28 10:42:15|   0.6|  0.0|INFORM|WorkspaceRunner: Running FME with command line - `{C:/Program Files/FME2022_1_3/fme} COMMAND_FILE C:/Users/krima354/AppData/Local/Temp/wbrun_1695889902440_14932/fmetmp_0/wsr_cm_1695890535305_14400 2>@1'
2023-09-28 10:42:17|   0.6|  0.0|INFORM|WorkspaceRunner: Successfully ran workspace `C:/Users/krima354/Work Folders/Documents/GitHub/kix_working_dir/divFME/urdar/metadata_creation/intrasis_archive_write_geom.fmw'
2023-09-28 10:42:17|   0.6|  0.0|INFORM|WorkspaceRunner: Command to run - `{${=C:/Users/krima354/Work Folders/Documents/GitHub/kix_working_dir/divFME/urdar/metadata_creation/intrasis_archive_write_geom.fmw=}} --source_POSTGIS uv2010146 --DestDataset_OGCGEOPACKAGE {${=C:\Users\krima354\Work Folders\Documents\kicki_arbetsfiler\slask\urdar_all_geom.gpkg=}}'
2023-09-28 10:42:17|   0.6|  0.0|INFORM|WorkspaceRunner: Running FME with command line - `{C:/Program Files/FME2022_1_3/fme} COMMAND_FILE C:/Users/krima354/AppData/Local/Temp/wbrun_1695889902440_14932/fmetmp_0/wsr_cm_1695890537236_14400 2>@1'
2023-09-28 10:42:19|   0.6|  0.0|INFORM|WorkspaceRunner: Successfully ran workspace `C:/Users/krima354/Work Folders/Documents/GitHub/kix_working_dir/divFME/urdar/metadata_creation/intrasis_archive_write_geom.fmw'
2023-09-28 10:42:19|   0.6|  0.0|INFORM|WorkspaceRunner: Command to run - `{${=C:/Users/krima354/Work Folders/Documents/GitHub/kix_working_dir/divFME/urdar/metadata_creation/intrasis_archive_write_geom.fmw=}} --source_POSTGIS uv2010147 --DestDataset_OGCGEOPACKAGE {${=C:\Users\krima354\Work Folders\Documents\kicki_arbetsfiler\slask\urdar_all_geom.gpkg=}}'
2023-09-28 10:42:19|   0.6|  0.0|INFORM|WorkspaceRunner: Running FME with command line - `{C:/Program Files/FME2022_1_3/fme} COMMAND_FILE C:/Users/krima354/AppData/Local/Temp/wbrun_1695889902440_14932/fmetmp_0/wsr_cm_1695890539141_14400 2>@1'
2023-09-28 10:42:21|   0.6|  0.0|INFORM|WorkspaceRunner: Successfully ran workspace `C:/Users/krima354/Work Folders/Documents/GitHub/kix_working_dir/divFME/urdar/metadata_creation/intrasis_archive_write_geom.fmw'
2023-09-28 10:42:21|   0.6|  0.0|INFORM|WorkspaceRunner_ExecutorAndRouter (TestFactory): Processed 36 of 3706 features
2023-09-28 10:42:21|   0.6|  0.0|INFORM|WorkspaceRunner: Command to run - `{${=C:/Users/krima354/Work Folders/Documents/GitHub/kix_working_dir/divFME/urdar/metadata_creation/intrasis_archive_write_geom.fmw=}} --source_POSTGIS uv2010148 --DestDataset_OGCGEOPACKAGE {${=C:\Users\krima354\Work Folders\Documents\kicki_arbetsfiler\slask\urdar_all_geom.gpkg=}}'
2023-09-28 10:42:21|   0.6|  0.0|INFORM|WorkspaceRunner: Running FME with command line - `{C:/Program Files/FME2022_1_3/fme} COMMAND_FILE C:/Users/krima354/AppData/Local/Temp/wbrun_1695889902440_14932/fmetmp_0/wsr_cm_1695890541066_14400 2>@1'
2023-09-28 10:42:23|   0.6|  0.0|INFORM|WorkspaceRunner: Successfully ran workspace `C:/Users/krima354/Work Folders/Documents/GitHub/kix_working_dir/divFME/urdar/metadata_creation/intrasis_archive_write_geom.fmw'
2023-09-28 10:42:23|   0.6|  0.0|INFORM|WorkspaceRunner: Command to run - `{${=C:/Users/krima354/Work Folders/Documents/GitHub/kix_working_dir/divFME/urdar/metadata_creation/intrasis_archive_write_geom.fmw=}} --source_POSTGIS uv2010149 --DestDataset_OGCGEOPACKAGE {${=C:\Users\krima354\Work Folders\Documents\kicki_arbetsfiler\slask\urdar_all_geom.gpkg=}}'
2023-09-28 10:42:23|   0.6|  0.0|INFORM|WorkspaceRunner: Running FME with command line - `{C:/Program Files/FME2022_1_3/fme} COMMAND_FILE C:/Users/krima354/AppData/Local/Temp/wbrun_1695889902440_14932/fmetmp_0/wsr_cm_1695890543073_14400 2>@1'
2023-09-28 10:42:24|   0.6|  0.0|INFORM|WorkspaceRunner: Successfully ran workspace `C:/Users/krima354/Work Folders/Documents/GitHub/kix_working_dir/divFME/urdar/metadata_creation/intrasis_archive_write_geom.fmw'
2023-09-28 10:42:24|   0.6|  0.0|INFORM|WorkspaceRunner: Command to run - `{${=C:/Users/krima354/Work Folders/Documents/GitHub/kix_working_dir/divFME/urdar/metadata_creation/intrasis_archive_write_geom.fmw=}} --source_POSTGIS uv2010150 --DestDataset_OGCGEOPACKAGE {${=C:\Users\krima354\Work Folders\Documents\kicki_arbetsfiler\slask\urdar_all_geom.gpkg=}}'
2023-09-28 10:42:24|   0.6|  0.0|INFORM|WorkspaceRunner: Running FME with command line - `{C:/Program Files/FME2022_1_3/fme} COMMAND_FILE C:/Users/krima354/AppData/Local/Temp/wbrun_1695889902440_14932/fmetmp_0/wsr_cm_1695890544912_14400 2>@1'
2023-09-28 10:42:26|   0.6|  0.0|INFORM|WorkspaceRunner: Successfully ran workspace `C:/Users/krima354/Work Folders/Documents/GitHub/kix_working_dir/divFME/urdar/metadata_creation/intrasis_archive_write_geom.fmw'
2023-09-28 10:42:26|   0.6|  0.0|INFORM|WorkspaceRunner_ExecutorAndRouter (TestFactory): Processed 39 of 3706 features
2023-09-28 10:42:26|   0.6|  0.0|INFORM|WorkspaceRunner: Command to run - `{${=C:/Users/krima354/Work Folders/Documents/GitHub/kix_working_dir/divFME/urdar/metadata_creation/intrasis_archive_write_geom.fmw=}} --source_POSTGIS uv2010151 --DestDataset_OGCGEOPACKAGE {${=C:\Users\krima354\Work Folders\Documents\kicki_arbetsfiler\slask\urdar_all_geom.gpkg=}}'
2023-09-28 10:42:26|   0.6|  0.0|INFORM|WorkspaceRunner: Running FME with command line - `{C:/Program Files/FME2022_1_3/fme} COMMAND_FILE C:/Users/krima354/AppData/Local/Temp/wbrun_1695889902440_14932/fmetmp_0/wsr_cm_1695890546816_14400 2>@1'
2023-09-28 10:42:28|   0.6|  0.0|INFORM|WorkspaceRunner: Successfully ran workspace `C:/Users/krima354/Work Folders/Documents/GitHub/kix_working_dir/divFME/urdar/metadata_creation/intrasis_archive_write_geom.fmw'
2023-09-28 10:42:28|   0.6|  0.0|INFORM|WorkspaceRunner: Command to run - `{${=C:/Users/krima354/Work Folders/Documents/GitHub/kix_working_dir/divFME/urdar/metadata_creation/intrasis_archive_write_geom.fmw=}} --source_POSTGIS uv2010152 --DestDataset_OGCGEOPACKAGE {${=C:\Users\krima354\Work Folders\Documents\kicki_arbetsfiler\slask\urdar_all_geom.gpkg=}}'
2023-09-28 10:42:28|   0.6|  0.0|INFORM|WorkspaceRunner: Running FME with command line - `{C:/Program Files/FME2022_1_3/fme} COMMAND_FILE C:/Users/krima354/AppData/Local/Temp/wbrun_1695889902440_14932/fmetmp_0/wsr_cm_1695890548638_14400 2>@1'
2023-09-28 10:42:30|   0.6|  0.0|INFORM|WorkspaceRunner: Successfully ran workspace `C:/Users/krima354/Work Folders/Documents/GitHub/kix_working_dir/divFME/urdar/metadata_creation/intrasis_archive_write_geom.fmw'
2023-09-28 10:42:30|   0.6|  0.0|INFORM|WorkspaceRunner: Command to run - `{${=C:/Users/krima354/Work Folders/Documents/GitHub/kix_working_dir/divFME/urdar/metadata_creation/intrasis_archive_write_geom.fmw=}} --source_POSTGIS uv2010153 --DestDataset_OGCGEOPACKAGE {${=C:\Users\krima354\Work Folders\Documents\kicki_arbetsfiler\slask\urdar_all_geom.gpkg=}}'
2023-09-28 10:42:30|   0.6|  0.0|INFORM|WorkspaceRunner: Running FME with command line - `{C:/Program Files/FME2022_1_3/fme} COMMAND_FILE C:/Users/krima354/AppData/Local/Temp/wbrun_1695889902440_14932/fmetmp_0/wsr_cm_1695890550455_14400 2>@1'
2023-09-28 10:42:32|   0.6|  0.0|INFORM|WorkspaceRunner: Successfully ran workspace `C:/Users/krima354/Work Folders/Documents/GitHub/kix_working_dir/divFME/urdar/metadata_creation/intrasis_archive_write_geom.fmw'
2023-09-28 10:42:32|   0.6|  0.0|INFORM|WorkspaceRunner_ExecutorAndRouter (TestFactory): Processed 42 of 3706 features
2023-09-28 10:42:32|   0.6|  0.0|INFORM|WorkspaceRunner: Command to run - `{${=C:/Users/krima354/Work Folders/Documents/GitHub/kix_working_dir/divFME/urdar/metadata_creation/intrasis_archive_write_geom.fmw=}} --source_POSTGIS uv2010154 --DestDataset_OGCGEOPACKAGE {${=C:\Users\krima354\Work Folders\Documents\kicki_arbetsfiler\slask\urdar_all_geom.gpkg=}}'
2023-09-28 10:42:32|   0.6|  0.0|INFORM|WorkspaceRunner: Running FME with command line - `{C:/Program Files/FME2022_1_3/fme} COMMAND_FILE C:/Users/krima354/AppData/Local/Temp/wbrun_1695889902440_14932/fmetmp_0/wsr_cm_1695890552166_14400 2>@1'
2023-09-28 10:42:33|   0.6|  0.0|INFORM|WorkspaceRunner: Successfully ran workspace `C:/Users/krima354/Work Folders/Documents/GitHub/kix_working_dir/divFME/urdar/metadata_creation/intrasis_archive_write_geom.fmw'
2023-09-28 10:42:33|   0.6|  0.0|INFORM|WorkspaceRunner: Command to run - `{${=C:/Users/krima354/Work Folders/Documents/GitHub/kix_working_dir/divFME/urdar/metadata_creation/intrasis_archive_write_geom.fmw=}} --source_POSTGIS uv2010155 --DestDataset_OGCGEOPACKAGE {${=C:\Users\krima354\Work Folders\Documents\kicki_arbetsfiler\slask\urdar_all_geom.gpkg=}}'
2023-09-28 10:42:33|   0.6|  0.0|INFORM|WorkspaceRunner: Running FME with command line - `{C:/Program Files/FME2022_1_3/fme} COMMAND_FILE C:/Users/krima354/AppData/Local/Temp/wbrun_1695889902440_14932/fmetmp_0/wsr_cm_1695890553881_14400 2>@1'
2023-09-28 10:42:35|   0.6|  0.0|INFORM|WorkspaceRunner: Successfully ran workspace `C:/Users/krima354/Work Folders/Documents/GitHub/kix_working_dir/divFME/urdar/metadata_creation/intrasis_archive_write_geom.fmw'
2023-09-28 10:42:35|   0.6|  0.0|INFORM|WorkspaceRunner: Command to run - `{${=C:/Users/krima354/Work Folders/Documents/GitHub/kix_working_dir/divFME/urdar/metadata_creation/intrasis_archive_write_geom.fmw=}} --source_POSTGIS uv2010156 --DestDataset_OGCGEOPACKAGE {${=C:\Users\krima354\Work Folders\Documents\kicki_arbetsfiler\slask\urdar_all_geom.gpkg=}}'
2023-09-28 10:42:35|   0.6|  0.0|INFORM|WorkspaceRunner: Running FME with command line - `{C:/Program Files/FME2022_1_3/fme} COMMAND_FILE C:/Users/krima354/AppData/Local/Temp/wbrun_1695889902440_14932/fmetmp_0/wsr_cm_1695890555933_14400 2>@1'
2023-09-28 10:42:37|   0.6|  0.0|INFORM|WorkspaceRunner: Successfully ran workspace `C:/Users/krima354/Work Folders/Documents/GitHub/kix_working_dir/divFME/urdar/metadata_creation/intrasis_archive_write_geom.fmw'
2023-09-28 10:42:37|   0.6|  0.0|INFORM|WorkspaceRunner_ExecutorAndRouter (TestFactory): Processed 45 of 3706 features
2023-09-28 10:42:37|   0.6|  0.0|INFORM|WorkspaceRunner: Command to run - `{${=C:/Users/krima354/Work Folders/Documents/GitHub/kix_working_dir/divFME/urdar/metadata_creation/intrasis_archive_write_geom.fmw=}} --source_POSTGIS uv2010159 --DestDataset_OGCGEOPACKAGE {${=C:\Users\krima354\Work Folders\Documents\kicki_arbetsfiler\slask\urdar_all_geom.gpkg=}}'
2023-09-28 10:42:37|   0.6|  0.0|INFORM|WorkspaceRunner: Running FME with command line - `{C:/Program Files/FME2022_1_3/fme} COMMAND_FILE C:/Users/krima354/AppData/Local/Temp/wbrun_1695889902440_14932/fmetmp_0/wsr_cm_1695890557682_14400 2>@1'
2023-09-28 10:42:39|   0.6|  0.0|INFORM|WorkspaceRunner: Successfully ran workspace `C:/Users/krima354/Work Folders/Documents/GitHub/kix_working_dir/divFME/urdar/metadata_creation/intrasis_archive_write_geom.fmw'
2023-09-28 10:42:39|   0.6|  0.0|INFORM|WorkspaceRunner: Command to run - `{${=C:/Users/krima354/Work Folders/Documents/GitHub/kix_working_dir/divFME/urdar/metadata_creation/intrasis_archive_write_geom.fmw=}} --source_POSTGIS uv2010160 --DestDataset_OGCGEOPACKAGE {${=C:\Users\krima354\Work Folders\Documents\kicki_arbetsfiler\slask\urdar_all_geom.gpkg=}}'
2023-09-28 10:42:39|   0.6|  0.0|INFORM|WorkspaceRunner: Running FME with command line - `{C:/Program Files/FME2022_1_3/fme} COMMAND_FILE C:/Users/krima354/AppData/Local/Temp/wbrun_1695889902440_14932/fmetmp_0/wsr_cm_1695890559861_14400 2>@1'
2023-09-28 10:42:41|   0.6|  0.0|INFORM|WorkspaceRunner: Successfully ran workspace `C:/Users/krima354/Work Folders/Documents/GitHub/kix_working_dir/divFME/urdar/metadata_creation/intrasis_archive_write_geom.fmw'
2023-09-28 10:42:41|   0.6|  0.0|INFORM|WorkspaceRunner: Command to run - `{${=C:/Users/krima354/Work Folders/Documents/GitHub/kix_working_dir/divFME/urdar/metadata_creation/intrasis_archive_write_geom.fmw=}} --source_POSTGIS uv2010162 --DestDataset_OGCGEOPACKAGE {${=C:\Users\krima354\Work Folders\Documents\kicki_arbetsfiler\slask\urdar_all_geom.gpkg=}}'
2023-09-28 10:42:41|   0.6|  0.0|INFORM|WorkspaceRunner: Running FME with command line - `{C:/Program Files/FME2022_1_3/fme} COMMAND_FILE C:/Users/krima354/AppData/Local/Temp/wbrun_1695889902440_14932/fmetmp_0/wsr_cm_1695890561625_14400 2>@1'
2023-09-28 10:42:43|   0.6|  0.0|INFORM|WorkspaceRunner: Successfully ran workspace `C:/Users/krima354/Work Folders/Documents/GitHub/kix_working_dir/divFME/urdar/metadata_creation/intrasis_archive_write_geom.fmw'
2023-09-28 10:42:43|   0.6|  0.0|INFORM|WorkspaceRunner_ExecutorAndRouter (TestFactory): Processed 48 of 3706 features
2023-09-28 10:42:43|   0.6|  0.0|INFORM|WorkspaceRunner: Command to run - `{${=C:/Users/krima354/Work Folders/Documents/GitHub/kix_working_dir/divFME/urdar/metadata_creation/intrasis_archive_write_geom.fmw=}} --source_POSTGIS uv2010163 --DestDataset_OGCGEOPACKAGE {${=C:\Users\krima354\Work Folders\Documents\kicki_arbetsfiler\slask\urdar_all_geom.gpkg=}}'
2023-09-28 10:42:43|   0.6|  0.0|INFORM|WorkspaceRunner: Running FME with command line - `{C:/Program Files/FME2022_1_3/fme} COMMAND_FILE C:/Users/krima354/AppData/Local/Temp/wbrun_1695889902440_14932/fmetmp_0/wsr_cm_1695890563763_14400 2>@1'
2023-09-28 10:42:45|   0.6|  0.0|INFORM|WorkspaceRunner: Successfully ran workspace `C:/Users/krima354/Work Folders/Documents/GitHub/kix_working_dir/divFME/urdar/metadata_creation/intrasis_archive_write_geom.fmw'
2023-09-28 10:42:45|   0.6|  0.0|INFORM|WorkspaceRunner: Command to run - `{${=C:/Users/krima354/Work Folders/Documents/GitHub/kix_working_dir/divFME/urdar/metadata_creation/intrasis_archive_write_geom.fmw=}} --source_POSTGIS uv2010164 --DestDataset_OGCGEOPACKAGE {${=C:\Users\krima354\Work Folders\Documents\kicki_arbetsfiler\slask\urdar_all_geom.gpkg=}}'
2023-09-28 10:42:45|   0.6|  0.0|INFORM|WorkspaceRunner: Running FME with command line - `{C:/Program Files/FME2022_1_3/fme} COMMAND_FILE C:/Users/krima354/AppData/Local/Temp/wbrun_1695889902440_14932/fmetmp_0/wsr_cm_1695890565651_14400 2>@1'
2023-09-28 10:42:47|   0.6|  0.0|INFORM|WorkspaceRunner: Successfully ran workspace `C:/Users/krima354/Work Folders/Documents/GitHub/kix_working_dir/divFME/urdar/metadata_creation/intrasis_archive_write_geom.fmw'
2023-09-28 10:42:47|   0.6|  0.0|INFORM|WorkspaceRunner: Command to run - `{${=C:/Users/krima354/Work Folders/Documents/GitHub/kix_working_dir/divFME/urdar/metadata_creation/intrasis_archive_write_geom.fmw=}} --source_POSTGIS uv2010166 --DestDataset_OGCGEOPACKAGE {${=C:\Users\krima354\Work Folders\Documents\kicki_arbetsfiler\slask\urdar_all_geom.gpkg=}}'
2023-09-28 10:42:47|   0.6|  0.0|INFORM|WorkspaceRunner: Running FME with command line - `{C:/Program Files/FME2022_1_3/fme} COMMAND_FILE C:/Users/krima354/AppData/Local/Temp/wbrun_1695889902440_14932/fmetmp_0/wsr_cm_1695890567526_14400 2>@1'
2023-09-28 10:42:49|   0.7|  0.1|INFORM|WorkspaceRunner: Successfully ran workspace `C:/Users/krima354/Work Folders/Documents/GitHub/kix_working_dir/divFME/urdar/metadata_creation/intrasis_archive_write_geom.fmw'
2023-09-28 10:42:49|   0.7|  0.0|INFORM|WorkspaceRunner_ExecutorAndRouter (TestFactory): Processed 51 of 3706 features
2023-09-28 10:42:49|   0.7|  0.0|INFORM|WorkspaceRunner: Command to run - `{${=C:/Users/krima354/Work Folders/Documents/GitHub/kix_working_dir/divFME/urdar/metadata_creation/intrasis_archive_write_geom.fmw=}} --source_POSTGIS uv2010167 --DestDataset_OGCGEOPACKAGE {${=C:\Users\krima354\Work Folders\Documents\kicki_arbetsfiler\slask\urdar_all_geom.gpkg=}}'
2023-09-28 10:42:49|   0.7|  0.0|INFORM|WorkspaceRunner: Running FME with command line - `{C:/Program Files/FME2022_1_3/fme} COMMAND_FILE C:/Users/krima354/AppData/Local/Temp/wbrun_1695889902440_14932/fmetmp_0/wsr_cm_1695890569195_14400 2>@1'
2023-09-28 10:42:51|   0.7|  0.0|INFORM|WorkspaceRunner: Successfully ran workspace `C:/Users/krima354/Work Folders/Documents/GitHub/kix_working_dir/divFME/urdar/metadata_creation/intrasis_archive_write_geom.fmw'
2023-09-28 10:42:51|   0.7|  0.0|INFORM|WorkspaceRunner: Command to run - `{${=C:/Users/krima354/Work Folders/Documents/GitHub/kix_working_dir/divFME/urdar/metadata_creation/intrasis_archive_write_geom.fmw=}} --source_POSTGIS uv2010168 --DestDataset_OGCGEOPACKAGE {${=C:\Users\krima354\Work Folders\Documents\kicki_arbetsfiler\slask\urdar_all_geom.gpkg=}}'
2023-09-28 10:42:51|   0.7|  0.0|INFORM|WorkspaceRunner: Running FME with command line - `{C:/Program Files/FME2022_1_3/fme} COMMAND_FILE C:/Users/krima354/AppData/Local/Temp/wbrun_1695889902440_14932/fmetmp_0/wsr_cm_1695890571130_14400 2>@1'
2023-09-28 10:42:52|   0.7|  0.0|INFORM|WorkspaceRunner: Successfully ran workspace `C:/Users/krima354/Work Folders/Documents/GitHub/kix_working_dir/divFME/urdar/metadata_creation/intrasis_archive_write_geom.fmw'
2023-09-28 10:42:52|   0.7|  0.0|INFORM|WorkspaceRunner: Command to run - `{${=C:/Users/krima354/Work Folders/Documents/GitHub/kix_working_dir/divFME/urdar/metadata_creation/intrasis_archive_write_geom.fmw=}} --source_POSTGIS uv2010169 --DestDataset_OGCGEOPACKAGE {${=C:\Users\krima354\Work Folders\Documents\kicki_arbetsfiler\slask\urdar_all_geom.gpkg=}}'
2023-09-28 10:42:52|   0.7|  0.0|INFORM|WorkspaceRunner: Running FME with command line - `{C:/Program Files/FME2022_1_3/fme} COMMAND_FILE C:/Users/krima354/AppData/Local/Temp/wbrun_1695889902440_14932/fmetmp_0/wsr_cm_1695890572926_14400 2>@1'
2023-09-28 10:42:54|   0.7|  0.0|INFORM|WorkspaceRunner: Successfully ran workspace `C:/Users/krima354/Work Folders/Documents/GitHub/kix_working_dir/divFME/urdar/metadata_creation/intrasis_archive_write_geom.fmw'
2023-09-28 10:42:54|   0.7|  0.0|INFORM|WorkspaceRunner_ExecutorAndRouter (TestFactory): Processed 54 of 3706 features
2023-09-28 10:42:54|   0.7|  0.0|INFORM|WorkspaceRunner: Command to run - `{${=C:/Users/krima354/Work Folders/Documents/GitHub/kix_working_dir/divFME/urdar/metadata_creation/intrasis_archive_write_geom.fmw=}} --source_POSTGIS uv2010170 --DestDataset_OGCGEOPACKAGE {${=C:\Users\krima354\Work Folders\Documents\kicki_arbetsfiler\slask\urdar_all_geom.gpkg=}}'
2023-09-28 10:42:54|   0.7|  0.0|INFORM|WorkspaceRunner: Running FME with command line - `{C:/Program Files/FME2022_1_3/fme} COMMAND_FILE C:/Users/krima354/AppData/Local/Temp/wbrun_1695889902440_14932/fmetmp_0/wsr_cm_1695890574981_14400 2>@1'
2023-09-28 10:42:56|   0.7|  0.0|INFORM|WorkspaceRunner: Successfully ran workspace `C:/Users/krima354/Work Folders/Documents/GitHub/kix_working_dir/divFME/urdar/metadata_creation/intrasis_archive_write_geom.fmw'
2023-09-28 10:42:56|   0.7|  0.0|INFORM|WorkspaceRunner: Command to run - `{${=C:/Users/krima354/Work Folders/Documents/GitHub/kix_working_dir/divFME/urdar/metadata_creation/intrasis_archive_write_geom.fmw=}} --source_POSTGIS uv2010171 --DestDataset_OGCGEOPACKAGE {${=C:\Users\krima354\Work Folders\Documents\kicki_arbetsfiler\slask\urdar_all_geom.gpkg=}}'
2023-09-28 10:42:56|   0.7|  0.0|INFORM|WorkspaceRunner: Running FME with command line - `{C:/Program Files/FME2022_1_3/fme} COMMAND_FILE C:/Users/krima354/AppData/Local/Temp/wbrun_1695889902440_14932/fmetmp_0/wsr_cm_1695890576620_14400 2>@1'
2023-09-28 10:42:58|   0.7|  0.0|INFORM|WorkspaceRunner: Successfully ran workspace `C:/Users/krima354/Work Folders/Documents/GitHub/kix_working_dir/divFME/urdar/metadata_creation/intrasis_archive_write_geom.fmw'
2023-09-28 10:42:58|   0.8|  0.1|INFORM|WorkspaceRunner: Command to run - `{${=C:/Users/krima354/Work Folders/Documents/GitHub/kix_working_dir/divFME/urdar/metadata_creation/intrasis_archive_write_geom.fmw=}} --source_POSTGIS uv2010172 --DestDataset_OGCGEOPACKAGE {${=C:\Users\krima354\Work Folders\Documents\kicki_arbetsfiler\slask\urdar_all_geom.gpkg=}}'
2023-09-28 10:42:58|   0.8|  0.0|INFORM|WorkspaceRunner: Running FME with command line - `{C:/Program Files/FME2022_1_3/fme} COMMAND_FILE C:/Users/krima354/AppData/Local/Temp/wbrun_1695889902440_14932/fmetmp_0/wsr_cm_1695890578559_14400 2>@1'
2023-09-28 10:43:00|   0.8|  0.0|INFORM|WorkspaceRunner: Successfully ran workspace `C:/Users/krima354/Work Folders/Documents/GitHub/kix_working_dir/divFME/urdar/metadata_creation/intrasis_archive_write_geom.fmw'
2023-09-28 10:43:00|   0.8|  0.0|INFORM|WorkspaceRunner_ExecutorAndRouter (TestFactory): Processed 57 of 3706 features
2023-09-28 10:43:00|   0.8|  0.0|INFORM|WorkspaceRunner: Command to run - `{${=C:/Users/krima354/Work Folders/Documents/GitHub/kix_working_dir/divFME/urdar/metadata_creation/intrasis_archive_write_geom.fmw=}} --source_POSTGIS uv2010174 --DestDataset_OGCGEOPACKAGE {${=C:\Users\krima354\Work Folders\Documents\kicki_arbetsfiler\slask\urdar_all_geom.gpkg=}}'
2023-09-28 10:43:00|   0.8|  0.0|INFORM|WorkspaceRunner: Running FME with command line - `{C:/Program Files/FME2022_1_3/fme} COMMAND_FILE C:/Users/krima354/AppData/Local/Temp/wbrun_1695889902440_14932/fmetmp_0/wsr_cm_1695890580379_14400 2>@1'
2023-09-28 10:43:02|   0.8|  0.0|INFORM|WorkspaceRunner: Successfully ran workspace `C:/Users/krima354/Work Folders/Documents/GitHub/kix_working_dir/divFME/urdar/metadata_creation/intrasis_archive_write_geom.fmw'
2023-09-28 10:43:02|   0.8|  0.0|INFORM|WorkspaceRunner: Command to run - `{${=C:/Users/krima354/Work Folders/Documents/GitHub/kix_working_dir/divFME/urdar/metadata_creation/intrasis_archive_write_geom.fmw=}} --source_POSTGIS uv2010176 --DestDataset_OGCGEOPACKAGE {${=C:\Users\krima354\Work Folders\Documents\kicki_arbetsfiler\slask\urdar_all_geom.gpkg=}}'
2023-09-28 10:43:02|   0.8|  0.0|INFORM|WorkspaceRunner: Running FME with command line - `{C:/Program Files/FME2022_1_3/fme} COMMAND_FILE C:/Users/krima354/AppData/Local/Temp/wbrun_1695889902440_14932/fmetmp_0/wsr_cm_1695890582133_14400 2>@1'
2023-09-28 10:43:04|   0.8|  0.0|INFORM|WorkspaceRunner: Successfully ran workspace `C:/Users/krima354/Work Folders/Documents/GitHub/kix_working_dir/divFME/urdar/metadata_creation/intrasis_archive_write_geom.fmw'
2023-09-28 10:43:04|   0.8|  0.0|INFORM|WorkspaceRunner: Command to run - `{${=C:/Users/krima354/Work Folders/Documents/GitHub/kix_working_dir/divFME/urdar/metadata_creation/intrasis_archive_write_geom.fmw=}} --source_POSTGIS uv2010177 --DestDataset_OGCGEOPACKAGE {${=C:\Users\krima354\Work Folders\Documents\kicki_arbetsfiler\slask\urdar_all_geom.gpkg=}}'
2023-09-28 10:43:04|   0.8|  0.0|INFORM|WorkspaceRunner: Running FME with command line - `{C:/Program Files/FME2022_1_3/fme} COMMAND_FILE C:/Users/krima354/AppData/Local/Temp/wbrun_1695889902440_14932/fmetmp_0/wsr_cm_1695890584168_14400 2>@1'
2023-09-28 10:43:06|   0.8|  0.0|INFORM|WorkspaceRunner: Successfully ran workspace `C:/Users/krima354/Work Folders/Documents/GitHub/kix_working_dir/divFME/urdar/metadata_creation/intrasis_archive_write_geom.fmw'
2023-09-28 10:43:06|   0.8|  0.0|INFORM|WorkspaceRunner_ExecutorAndRouter (TestFactory): Processed 60 of 3706 features
2023-09-28 10:43:06|   0.8|  0.0|INFORM|WorkspaceRunner: Command to run - `{${=C:/Users/krima354/Work Folders/Documents/GitHub/kix_working_dir/divFME/urdar/metadata_creation/intrasis_archive_write_geom.fmw=}} --source_POSTGIS uv2010178 --DestDataset_OGCGEOPACKAGE {${=C:\Users\krima354\Work Folders\Documents\kicki_arbetsfiler\slask\urdar_all_geom.gpkg=}}'
2023-09-28 10:43:06|   0.8|  0.0|INFORM|WorkspaceRunner: Running FME with command line - `{C:/Program Files/FME2022_1_3/fme} COMMAND_FILE C:/Users/krima354/AppData/Local/Temp/wbrun_1695889902440_14932/fmetmp_0/wsr_cm_1695890586149_14400 2>@1'
2023-09-28 10:43:08|   0.8|  0.0|INFORM|WorkspaceRunner: Successfully ran workspace `C:/Users/krima354/Work Folders/Documents/GitHub/kix_working_dir/divFME/urdar/metadata_creation/intrasis_archive_write_geom.fmw'
2023-09-28 10:43:08|   0.8|  0.0|INFORM|WorkspaceRunner: Command to run - `{${=C:/Users/krima354/Work Folders/Documents/GitHub/kix_working_dir/divFME/urdar/metadata_creation/intrasis_archive_write_geom.fmw=}} --source_POSTGIS uv2010180 --DestDataset_OGCGEOPACKAGE {${=C:\Users\krima354\Work Folders\Documents\kicki_arbetsfiler\slask\urdar_all_geom.gpkg=}}'
2023-09-28 10:43:08|   0.8|  0.0|INFORM|WorkspaceRunner: Running FME with command line - `{C:/Program Files/FME2022_1_3/fme} COMMAND_FILE C:/Users/krima354/AppData/Local/Temp/wbrun_1695889902440_14932/fmetmp_0/wsr_cm_1695890588082_14400 2>@1'
2023-09-28 10:43:09|   0.8|  0.0|INFORM|WorkspaceRunner: Successfully ran workspace `C:/Users/krima354/Work Folders/Documents/GitHub/kix_working_dir/divFME/urdar/metadata_creation/intrasis_archive_write_geom.fmw'
2023-09-28 10:43:09|   0.8|  0.0|INFORM|WorkspaceRunner: Command to run - `{${=C:/Users/krima354/Work Folders/Documents/GitHub/kix_working_dir/divFME/urdar/metadata_creation/intrasis_archive_write_geom.fmw=}} --source_POSTGIS uv2010181 --DestDataset_OGCGEOPACKAGE {${=C:\Users\krima354\Work Folders\Documents\kicki_arbetsfiler\slask\urdar_all_geom.gpkg=}}'
2023-09-28 10:43:09|   0.8|  0.0|INFORM|WorkspaceRunner: Running FME with command line - `{C:/Program Files/FME2022_1_3/fme} COMMAND_FILE C:/Users/krima354/AppData/Local/Temp/wbrun_1695889902440_14932/fmetmp_0/wsr_cm_1695890589973_14400 2>@1'
2023-09-28 10:43:11|   0.8|  0.0|INFORM|WorkspaceRunner: Successfully ran workspace `C:/Users/krima354/Work Folders/Documents/GitHub/kix_working_dir/divFME/urdar/metadata_creation/intrasis_archive_write_geom.fmw'
2023-09-28 10:43:11|   0.8|  0.0|INFORM|WorkspaceRunner_ExecutorAndRouter (TestFactory): Processed 63 of 3706 features
2023-09-28 10:43:11|   0.8|  0.0|INFORM|WorkspaceRunner: Command to run - `{${=C:/Users/krima354/Work Folders/Documents/GitHub/kix_working_dir/divFME/urdar/metadata_creation/intrasis_archive_write_geom.fmw=}} --source_POSTGIS uv2010182 --DestDataset_OGCGEOPACKAGE {${=C:\Users\krima354\Work Folders\Documents\kicki_arbetsfiler\slask\urdar_all_geom.gpkg=}}'
2023-09-28 10:43:11|   0.8|  0.0|INFORM|WorkspaceRunner: Running FME with command line - `{C:/Program Files/FME2022_1_3/fme} COMMAND_FILE C:/Users/krima354/AppData/Local/Temp/wbrun_1695889902440_14932/fmetmp_0/wsr_cm_1695890591719_14400 2>@1'
2023-09-28 10:43:13|   0.8|  0.0|INFORM|WorkspaceRunner: Successfully ran workspace `C:/Users/krima354/Work Folders/Documents/GitHub/kix_working_dir/divFME/urdar/metadata_creation/intrasis_archive_write_geom.fmw'
2023-09-28 10:43:13|   0.8|  0.0|INFORM|WorkspaceRunner: Command to run - `{${=C:/Users/krima354/Work Folders/Documents/GitHub/kix_working_dir/divFME/urdar/metadata_creation/intrasis_archive_write_geom.fmw=}} --source_POSTGIS uv2010183 --DestDataset_OGCGEOPACKAGE {${=C:\Users\krima354\Work Folders\Documents\kicki_arbetsfiler\slask\urdar_all_geom.gpkg=}}'
2023-09-28 10:43:13|   0.8|  0.0|INFORM|WorkspaceRunner: Running FME with command line - `{C:/Program Files/FME2022_1_3/fme} COMMAND_FILE C:/Users/krima354/AppData/Local/Temp/wbrun_1695889902440_14932/fmetmp_0/wsr_cm_1695890593466_14400 2>@1'
2023-09-28 10:43:15|   0.8|  0.0|INFORM|WorkspaceRunner: Successfully ran workspace `C:/Users/krima354/Work Folders/Documents/GitHub/kix_working_dir/divFME/urdar/metadata_creation/intrasis_archive_write_geom.fmw'
2023-09-28 10:43:15|   0.8|  0.0|INFORM|WorkspaceRunner: Command to run - `{${=C:/Users/krima354/Work Folders/Documents/GitHub/kix_working_dir/divFME/urdar/metadata_creation/intrasis_archive_write_geom.fmw=}} --source_POSTGIS uv2010184 --DestDataset_OGCGEOPACKAGE {${=C:\Users\krima354\Work Folders\Documents\kicki_arbetsfiler\slask\urdar_all_geom.gpkg=}}'
2023-09-28 10:43:15|   0.8|  0.0|INFORM|WorkspaceRunner: Running FME with command line - `{C:/Program Files/FME2022_1_3/fme} COMMAND_FILE C:/Users/krima354/AppData/Local/Temp/wbrun_1695889902440_14932/fmetmp_0/wsr_cm_1695890595517_14400 2>@1'
2023-09-28 10:43:17|   0.8|  0.0|INFORM|WorkspaceRunner: Successfully ran workspace `C:/Users/krima354/Work Folders/Documents/GitHub/kix_working_dir/divFME/urdar/metadata_creation/intrasis_archive_write_geom.fmw'
2023-09-28 10:43:17|   0.8|  0.0|INFORM|WorkspaceRunner_ExecutorAndRouter (TestFactory): Processed 66 of 3706 features
2023-09-28 10:43:17|   0.8|  0.0|INFORM|WorkspaceRunner: Command to run - `{${=C:/Users/krima354/Work Folders/Documents/GitHub/kix_working_dir/divFME/urdar/metadata_creation/intrasis_archive_write_geom.fmw=}} --source_POSTGIS uv2010185 --DestDataset_OGCGEOPACKAGE {${=C:\Users\krima354\Work Folders\Documents\kicki_arbetsfiler\slask\urdar_all_geom.gpkg=}}'
2023-09-28 10:43:17|   0.8|  0.0|INFORM|WorkspaceRunner: Running FME with command line - `{C:/Program Files/FME2022_1_3/fme} COMMAND_FILE C:/Users/krima354/AppData/Local/Temp/wbrun_1695889902440_14932/fmetmp_0/wsr_cm_1695890597469_14400 2>@1'
2023-09-28 10:43:19|   0.8|  0.0|INFORM|WorkspaceRunner: Successfully ran workspace `C:/Users/krima354/Work Folders/Documents/GitHub/kix_working_dir/divFME/urdar/metadata_creation/intrasis_archive_write_geom.fmw'
2023-09-28 10:43:19|   0.8|  0.0|INFORM|WorkspaceRunner: Command to run - `{${=C:/Users/krima354/Work Folders/Documents/GitHub/kix_working_dir/divFME/urdar/metadata_creation/intrasis_archive_write_geom.fmw=}} --source_POSTGIS uv2010186 --DestDataset_OGCGEOPACKAGE {${=C:\Users\krima354\Work Folders\Documents\kicki_arbetsfiler\slask\urdar_all_geom.gpkg=}}'
2023-09-28 10:43:19|   0.8|  0.0|INFORM|WorkspaceRunner: Running FME with command line - `{C:/Program Files/FME2022_1_3/fme} COMMAND_FILE C:/Users/krima354/AppData/Local/Temp/wbrun_1695889902440_14932/fmetmp_0/wsr_cm_1695890599432_14400 2>@1'
2023-09-28 10:43:21|   0.8|  0.0|INFORM|WorkspaceRunner: Successfully ran workspace `C:/Users/krima354/Work Folders/Documents/GitHub/kix_working_dir/divFME/urdar/metadata_creation/intrasis_archive_write_geom.fmw'
2023-09-28 10:43:21|   0.8|  0.0|INFORM|WorkspaceRunner: Command to run - `{${=C:/Users/krima354/Work Folders/Documents/GitHub/kix_working_dir/divFME/urdar/metadata_creation/intrasis_archive_write_geom.fmw=}} --source_POSTGIS uv2010187 --DestDataset_OGCGEOPACKAGE {${=C:\Users\krima354\Work Folders\Documents\kicki_arbetsfiler\slask\urdar_all_geom.gpkg=}}'
2023-09-28 10:43:21|   0.8|  0.0|INFORM|WorkspaceRunner: Running FME with command line - `{C:/Program Files/FME2022_1_3/fme} COMMAND_FILE C:/Users/krima354/AppData/Local/Temp/wbrun_1695889902440_14932/fmetmp_0/wsr_cm_1695890601512_14400 2>@1'
2023-09-28 10:43:23|   0.8|  0.0|INFORM|WorkspaceRunner: Successfully ran workspace `C:/Users/krima354/Work Folders/Documents/GitHub/kix_working_dir/divFME/urdar/metadata_creation/intrasis_archive_write_geom.fmw'
2023-09-28 10:43:23|   0.8|  0.0|INFORM|WorkspaceRunner_ExecutorAndRouter (TestFactory): Processed 69 of 3706 features
2023-09-28 10:43:23|   0.8|  0.0|INFORM|WorkspaceRunner: Command to run - `{${=C:/Users/krima354/Work Folders/Documents/GitHub/kix_working_dir/divFME/urdar/metadata_creation/intrasis_archive_write_geom.fmw=}} --source_POSTGIS uv2010188 --DestDataset_OGCGEOPACKAGE {${=C:\Users\krima354\Work Folders\Documents\kicki_arbetsfiler\slask\urdar_all_geom.gpkg=}}'
2023-09-28 10:43:23|   0.8|  0.0|INFORM|WorkspaceRunner: Running FME with command line - `{C:/Program Files/FME2022_1_3/fme} COMMAND_FILE C:/Users/krima354/AppData/Local/Temp/wbrun_1695889902440_14932/fmetmp_0/wsr_cm_1695890603370_14400 2>@1'
2023-09-28 10:43:25|   0.8|  0.0|INFORM|WorkspaceRunner: Successfully ran workspace `C:/Users/krima354/Work Folders/Documents/GitHub/kix_working_dir/divFME/urdar/metadata_creation/intrasis_archive_write_geom.fmw'
2023-09-28 10:43:25|   0.9|  0.1|INFORM|WorkspaceRunner: Command to run - `{${=C:/Users/krima354/Work Folders/Documents/GitHub/kix_working_dir/divFME/urdar/metadata_creation/intrasis_archive_write_geom.fmw=}} --source_POSTGIS uv2010191 --DestDataset_OGCGEOPACKAGE {${=C:\Users\krima354\Work Folders\Documents\kicki_arbetsfiler\slask\urdar_all_geom.gpkg=}}'
2023-09-28 10:43:25|   0.9|  0.0|INFORM|WorkspaceRunner: Running FME with command line - `{C:/Program Files/FME2022_1_3/fme} COMMAND_FILE C:/Users/krima354/AppData/Local/Temp/wbrun_1695889902440_14932/fmetmp_0/wsr_cm_1695890605459_14400 2>@1'
2023-09-28 10:43:27|   0.9|  0.0|INFORM|WorkspaceRunner: Successfully ran workspace `C:/Users/krima354/Work Folders/Documents/GitHub/kix_working_dir/divFME/urdar/metadata_creation/intrasis_archive_write_geom.fmw'
2023-09-28 10:43:27|   0.9|  0.0|INFORM|WorkspaceRunner: Command to run - `{${=C:/Users/krima354/Work Folders/Documents/GitHub/kix_working_dir/divFME/urdar/metadata_creation/intrasis_archive_write_geom.fmw=}} --source_POSTGIS uv2010192 --DestDataset_OGCGEOPACKAGE {${=C:\Users\krima354\Work Folders\Documents\kicki_arbetsfiler\slask\urdar_all_geom.gpkg=}}'
2023-09-28 10:43:27|   0.9|  0.0|INFORM|WorkspaceRunner: Running FME with command line - `{C:/Program Files/FME2022_1_3/fme} COMMAND_FILE C:/Users/krima354/AppData/Local/Temp/wbrun_1695889902440_14932/fmetmp_0/wsr_cm_1695890607547_14400 2>@1'
2023-09-28 10:43:29|   0.9|  0.0|INFORM|WorkspaceRunner: Successfully ran workspace `C:/Users/krima354/Work Folders/Documents/GitHub/kix_working_dir/divFME/urdar/metadata_creation/intrasis_archive_write_geom.fmw'
2023-09-28 10:43:29|   0.9|  0.0|INFORM|WorkspaceRunner_ExecutorAndRouter (TestFactory): Processed 72 of 3706 features
2023-09-28 10:43:29|   0.9|  0.0|INFORM|WorkspaceRunner: Command to run - `{${=C:/Users/krima354/Work Folders/Documents/GitHub/kix_working_dir/divFME/urdar/metadata_creation/intrasis_archive_write_geom.fmw=}} --source_POSTGIS uv2010193 --DestDataset_OGCGEOPACKAGE {${=C:\Users\krima354\Work Folders\Documents\kicki_arbetsfiler\slask\urdar_all_geom.gpkg=}}'
2023-09-28 10:43:29|   0.9|  0.0|INFORM|WorkspaceRunner: Running FME with command line - `{C:/Program Files/FME2022_1_3/fme} COMMAND_FILE C:/Users/krima354/AppData/Local/Temp/wbrun_1695889902440_14932/fmetmp_0/wsr_cm_1695890609279_14400 2>@1'
2023-09-28 10:43:31|   0.9|  0.0|INFORM|WorkspaceRunner: Successfully ran workspace `C:/Users/krima354/Work Folders/Documents/GitHub/kix_working_dir/divFME/urdar/metadata_creation/intrasis_archive_write_geom.fmw'
2023-09-28 10:43:31|   0.9|  0.0|INFORM|WorkspaceRunner: Command to run - `{${=C:/Users/krima354/Work Folders/Documents/GitHub/kix_working_dir/divFME/urdar/metadata_creation/intrasis_archive_write_geom.fmw=}} --source_POSTGIS uv2010195 --DestDataset_OGCGEOPACKAGE {${=C:\Users\krima354\Work Folders\Documents\kicki_arbetsfiler\slask\urdar_all_geom.gpkg=}}'
2023-09-28 10:43:31|   0.9|  0.0|INFORM|WorkspaceRunner: Running FME with command line - `{C:/Program Files/FME2022_1_3/fme} COMMAND_FILE C:/Users/krima354/AppData/Local/Temp/wbrun_1695889902440_14932/fmetmp_0/wsr_cm_1695890611188_14400 2>@1'
2023-09-28 10:43:33|   0.9|  0.0|INFORM|WorkspaceRunner: Successfully ran workspace `C:/Users/krima354/Work Folders/Documents/GitHub/kix_working_dir/divFME/urdar/metadata_creation/intrasis_archive_write_geom.fmw'
2023-09-28 10:43:33|   0.9|  0.0|INFORM|WorkspaceRunner: Command to run - `{${=C:/Users/krima354/Work Folders/Documents/GitHub/kix_working_dir/divFME/urdar/metadata_creation/intrasis_archive_write_geom.fmw=}} --source_POSTGIS uv2010196 --DestDataset_OGCGEOPACKAGE {${=C:\Users\krima354\Work Folders\Documents\kicki_arbetsfiler\slask\urdar_all_geom.gpkg=}}'
2023-09-28 10:43:33|   0.9|  0.0|INFORM|WorkspaceRunner: Running FME with command line - `{C:/Program Files/FME2022_1_3/fme} COMMAND_FILE C:/Users/krima354/AppData/Local/Temp/wbrun_1695889902440_14932/fmetmp_0/wsr_cm_1695890613296_14400 2>@1'
2023-09-28 10:43:35|   0.9|  0.0|INFORM|WorkspaceRunner: Successfully ran workspace `C:/Users/krima354/Work Folders/Documents/GitHub/kix_working_dir/divFME/urdar/metadata_creation/intrasis_archive_write_geom.fmw'
2023-09-28 10:43:35|   0.9|  0.0|INFORM|WorkspaceRunner_ExecutorAndRouter (TestFactory): Processed 75 of 3706 features
2023-09-28 10:43:35|   0.9|  0.0|INFORM|WorkspaceRunner: Command to run - `{${=C:/Users/krima354/Work Folders/Documents/GitHub/kix_working_dir/divFME/urdar/metadata_creation/intrasis_archive_write_geom.fmw=}} --source_POSTGIS uv2010198 --DestDataset_OGCGEOPACKAGE {${=C:\Users\krima354\Work Folders\Documents\kicki_arbetsfiler\slask\urdar_all_geom.gpkg=}}'
2023-09-28 10:43:35|   0.9|  0.0|INFORM|WorkspaceRunner: Running FME with command line - `{C:/Program Files/FME2022_1_3/fme} COMMAND_FILE C:/Users/krima354/AppData/Local/Temp/wbrun_1695889902440_14932/fmetmp_0/wsr_cm_1695890615324_14400 2>@1'
2023-09-28 10:43:37|   0.9|  0.0|INFORM|WorkspaceRunner: Successfully ran workspace `C:/Users/krima354/Work Folders/Documents/GitHub/kix_working_dir/divFME/urdar/metadata_creation/intrasis_archive_write_geom.fmw'
2023-09-28 10:43:37|   0.9|  0.0|INFORM|WorkspaceRunner: Command to run - `{${=C:/Users/krima354/Work Folders/Documents/GitHub/kix_working_dir/divFME/urdar/metadata_creation/intrasis_archive_write_geom.fmw=}} --source_POSTGIS uv2010199 --DestDataset_OGCGEOPACKAGE {${=C:\Users\krima354\Work Folders\Documents\kicki_arbetsfiler\slask\urdar_all_geom.gpkg=}}'
2023-09-28 10:43:37|   0.9|  0.0|INFORM|WorkspaceRunner: Running FME with command line - `{C:/Program Files/FME2022_1_3/fme} COMMAND_FILE C:/Users/krima354/AppData/Local/Temp/wbrun_1695889902440_14932/fmetmp_0/wsr_cm_1695890617280_14400 2>@1'
2023-09-28 10:43:39|   0.9|  0.0|INFORM|WorkspaceRunner: Successfully ran workspace `C:/Users/krima354/Work Folders/Documents/GitHub/kix_working_dir/divFME/urdar/metadata_creation/intrasis_archive_write_geom.fmw'
2023-09-28 10:43:39|   0.9|  0.0|INFORM|WorkspaceRunner: Command to run - `{${=C:/Users/krima354/Work Folders/Documents/GitHub/kix_working_dir/divFME/urdar/metadata_creation/intrasis_archive_write_geom.fmw=}} --source_POSTGIS uv2010200 --DestDataset_OGCGEOPACKAGE {${=C:\Users\krima354\Work Folders\Documents\kicki_arbetsfiler\slask\urdar_all_geom.gpkg=}}'
2023-09-28 10:43:39|   0.9|  0.0|INFORM|WorkspaceRunner: Running FME with command line - `{C:/Program Files/FME2022_1_3/fme} COMMAND_FILE C:/Users/krima354/AppData/Local/Temp/wbrun_1695889902440_14932/fmetmp_0/wsr_cm_1695890619258_14400 2>@1'
2023-09-28 10:43:41|   0.9|  0.0|INFORM|WorkspaceRunner: Successfully ran workspace `C:/Users/krima354/Work Folders/Documents/GitHub/kix_working_dir/divFME/urdar/metadata_creation/intrasis_archive_write_geom.fmw'
2023-09-28 10:43:41|   0.9|  0.0|INFORM|WorkspaceRunner_ExecutorAndRouter (TestFactory): Processed 78 of 3706 features
2023-09-28 10:43:41|   0.9|  0.0|INFORM|WorkspaceRunner: Command to run - `{${=C:/Users/krima354/Work Folders/Documents/GitHub/kix_working_dir/divFME/urdar/metadata_creation/intrasis_archive_write_geom.fmw=}} --source_POSTGIS uv2010203 --DestDataset_OGCGEOPACKAGE {${=C:\Users\krima354\Work Folders\Documents\kicki_arbetsfiler\slask\urdar_all_geom.gpkg=}}'
2023-09-28 10:43:41|   0.9|  0.0|INFORM|WorkspaceRunner: Running FME with command line - `{C:/Program Files/FME2022_1_3/fme} COMMAND_FILE C:/Users/krima354/AppData/Local/Temp/wbrun_1695889902440_14932/fmetmp_0/wsr_cm_1695890621172_14400 2>@1'
