2023-05-31 11:38:43|   0.0|  0.0|INFORM|Current FME version: FME 2022.1.3.0 (20220928 - Build 22630 - WIN64)
2023-05-31 11:38:43|   0.0|  0.0|INFORM|FME_HOME is 'C:\Program Files\FME2022_1_3\'
2023-05-31 11:38:43|   0.0|  0.0|INFORM|FME Database Edition (node locked-crc)
2023-05-31 11:38:43|   0.0|  0.0|INFORM|Serial Number: GN3A-3NG9-21YZ
2023-05-31 11:38:43|   0.0|  0.0|INFORM|Temporary License: 23 days left.
2023-05-31 11:38:43|   0.0|  0.0|INFORM|Machine host name is: EPI-4L2CTD3
2023-05-31 11:38:43|   0.0|  0.0|INFORM|OS Locale Name     : sv_SE
2023-05-31 11:38:43|   0.0|  0.0|INFORM|OS Locale Encoding : windows-1252
2023-05-31 11:38:43|   0.0|  0.0|INFORM|Process Encoding   : UTF-8
2023-05-31 11:38:43|   0.0|  0.0|INFORM|FME API version: '4.0 20220615'
2023-05-31 11:38:43|   0.0|  0.0|INFORM|FME Configuration: FME_BASE is 'no'
2023-05-31 11:38:43|   0.0|  0.0|INFORM|FME Configuration: FME_MF_DIR is 'C:\Users\krima354\Work Folders\Documents\GitHub\kix_working_dir\divFME\SAU/'
2023-05-31 11:38:43|   0.0|  0.0|INFORM|FME Configuration: FME_MF_NAME is 'sau_find_uuid_runner.fmw'
2023-05-31 11:38:43|   0.0|  0.0|INFORM|FME Configuration: FME_PRODUCT_NAME is 'FME(R) 2022.1.3.0'
2023-05-31 11:38:43|   0.0|  0.0|INFORM|Operating System: Microsoft Windows 10 64-bit  (Build 19045)
2023-05-31 11:38:43|   0.0|  0.0|INFORM|FME Platform: WIN64
2023-05-31 11:38:43|   0.0|  0.0|INFORM|System Status: 353.81 GB of disk space available in the FME temporary folder (C:\Users\krima354\AppData\Local\Temp\wbrun_1685525910541_21636\fmetmp_0)
2023-05-31 11:38:43|   0.0|  0.0|INFORM|System Status: 31.73 GB of physical memory available
2023-05-31 11:38:43|   0.0|  0.0|INFORM|System Status: 126.93 GB of virtual memory available
2023-05-31 11:38:43|   0.0|  0.0|INFORM|START - ProcessID: 14992, peak process memory usage: 50680 kB, current process memory usage: 50680 kB
2023-05-31 11:38:43|   0.0|  0.0|INFORM|FME Configuration: Command line arguments are `C:\Program Files\FME2022_1_3\fme.exe' `C:/Users/krima354/Work Folders/Documents/GitHub/kix_working_dir/divFME/SAU\wb-xlate-1685525916384_21636' `LOG_STANDARDOUT' `YES' `LOG_TIMINGS' `YES' `LogCountServerName' `50496' `LOG_STANDARDOUT' `No' `WORKBENCH_LOG_SERVER' `50487'
2023-05-31 11:38:43|   0.0|  0.0|INFORM|FME Configuration: Connection Storage: 'C:\Users\krima354\AppData\Roaming\Safe Software\FME\'
2023-05-31 11:38:43|   0.0|  0.0|INFORM|Shared folders for formats are : C:\Program Files\FME2022_1_3\datasources;C:\Users\krima354\Work Folders\Documents\FME\Formats
2023-05-31 11:38:43|   0.0|  0.0|INFORM|Shared folders for transformers are : C:\Users\krima354\AppData\Roaming\Safe Software\FME\Packages\22630-win64\transformers;C:\Program Files\FME2022_1_3\transformers;C:\Users\krima354\AppData\Roaming\Safe Software\FME\FME Store\Transformers
2023-05-31 11:38:43|   0.0|  0.0|INFORM|Shared folders for coordinate systems are : C:\Users\krima354\Work Folders\Documents\FME\CoordinateSystems
2023-05-31 11:38:43|   0.0|  0.0|INFORM|Shared folders for coordinate system exceptions are : C:\Users\krima354\Work Folders\Documents\FME\CoordinateSystemExceptions
2023-05-31 11:38:43|   0.0|  0.0|INFORM|Shared folders for coordinate system grid overrides are : C:\Users\krima354\Work Folders\Documents\FME\CoordinateSystemGridOverrides
2023-05-31 11:38:43|   0.0|  0.0|INFORM|Shared folders for CS-MAP transformation exceptions are : C:\Users\krima354\Work Folders\Documents\FME\CsmapTransformationExceptions
2023-05-31 11:38:43|   0.0|  0.0|INFORM|Shared folders for transformer categories are : C:\Users\krima354\Work Folders\Documents\FME\TransformerCategories
2023-05-31 11:38:43|   0.0|  0.0|INFORM|FME Configuration: Reader Keyword is `MULTI_READER'
2023-05-31 11:38:43|   0.0|  0.0|INFORM|FME Configuration: Writer Keyword is `NULL_DEST'
2023-05-31 11:38:43|   0.0|  0.0|INFORM|FME Configuration: Writer Group Definition Keyword is `NULL_DEST_DEF'
2023-05-31 11:38:43|   0.0|  0.0|INFORM|FME Configuration: Reader type is `MULTI_READER'
2023-05-31 11:38:43|   0.0|  0.0|INFORM|FME Configuration: Writer type is `NULL'
2023-05-31 11:38:43|   0.0|  0.0|INFORM|FME Configuration: No destination coordinate system set
2023-05-31 11:38:43|   0.0|  0.0|INFORM|FME Configuration: Current working folder is `C:\Users\krima354\Work Folders\Documents\GitHub\kix_working_dir\divFME\SAU'
2023-05-31 11:38:43|   0.0|  0.0|INFORM|FME Configuration: Temporary folder is `C:\Users\krima354\AppData\Local\Temp\wbrun_1685525910541_21636\fmetmp_0', set from environment variable `FME_TEMP'
2023-05-31 11:38:43|   0.0|  0.0|INFORM|FME Configuration: Cache folder is 'C:\Users\krima354\AppData\Local\Temp'
2023-05-31 11:38:43|   0.0|  0.0|INFORM|FME Configuration: FME_HOME is `C:\Program Files\FME2022_1_3\'
2023-05-31 11:38:43|   0.0|  0.0|INFORM|FME Configuration: Start freeing memory when the process exceeds 95.20 GB
2023-05-31 11:38:43|   0.0|  0.0|INFORM|FME Configuration: Stop freeing memory when the process is below 71.40 GB
2023-05-31 11:38:43|   0.0|  0.0|INFORM|Creating writer for format: NULL (Nothing)
2023-05-31 11:38:43|   0.0|  0.0|INFORM|Trying to find a DYNAMIC plugin for writer named `NULL'
2023-05-31 11:38:43|   0.0|  0.0|INFORM|Loaded module 'NULL' from file 'C:\Program Files\FME2022_1_3\plugins/NULL.dll'
2023-05-31 11:38:43|   0.0|  0.0|INFORM|FME API version of module 'NULL' matches current internal version (4.0 20220615)
2023-05-31 11:38:43|   0.0|  0.0|INFORM|Creating reader for format: 
2023-05-31 11:38:43|   0.0|  0.0|INFORM|MULTI_READER(MULTI_READER): Will fail with first member reader failure
2023-05-31 11:38:43|   0.0|  0.0|INFORM|Using Multi Reader with keyword `MULTI_READER' to read multiple datasets
2023-05-31 11:38:44|   0.0|  0.0|INFORM|Loaded module 'Geometry_func' from file 'C:\Program Files\FME2022_1_3\plugins/Geometry_func.dll'
2023-05-31 11:38:44|   0.0|  0.0|INFORM|FME API version of module 'Geometry_func' matches current internal version (4.0 20220615)
2023-05-31 11:38:44|   0.0|  0.0|INFORM|Loaded module 'LogCount_func' from file 'C:\Program Files\FME2022_1_3\plugins/LogCount_func.dll'
2023-05-31 11:38:44|   0.0|  0.0|INFORM|FME API version of module 'LogCount_func' matches current internal version (4.0 20220615)
2023-05-31 11:38:44|   0.0|  0.0|INFORM|Emptying factory pipeline
2023-05-31 11:38:44|   0.0|  0.0|INFORM|WorkspaceRunner: Command to run - `{${=C:/Users/krima354/Work Folders/Documents/GitHub/kix_working_dir/divFME/SAU/sau_write_bb_runner.fmw=}} --USER_NAME_POSTGIS postgres --PASSWORD ********* --HOST_POSTGIS {${=uuc-srv390=}} --PORT_POSTGIS 5432 --DestDataset_OGCGEOPACKAGE {${=C:\Users\krima354\Work Folders\Documents\kicki_arbetsfiler\slask\sau_all_bb_uuid21.gpkg=}}'
2023-05-31 11:38:44|   0.0|  0.0|INFORM|WorkspaceRunner: Running FME with command line - `{C:/Program Files/FME2022_1_3/fme} COMMAND_FILE C:/Users/krima354/AppData/Local/Temp/wbrun_1685525910541_21636/fmetmp_0/wsr_cm_1685525924115_14992 2>@1'
2023-05-31 11:40:59|   0.5|  0.5|INFORM|WorkspaceRunner: Successfully ran workspace `C:/Users/krima354/Work Folders/Documents/GitHub/kix_working_dir/divFME/SAU/sau_write_bb_runner.fmw'
2023-05-31 11:40:59|   0.6|  0.1|INFORM|WorkspaceRunner_2: Command to run - `{${=C:/Users/krima354/Work Folders/Documents/GitHub/kix_working_dir/divFME/SAU/sau_find_uuid.fmw=}} --SourceDataset_OGCGEOPACKAGE {${=C:\Users\krima354\Work Folders\Documents\kicki_arbetsfiler\slask\sau_all_bb_uuid21.gpkg=}}'
2023-05-31 11:40:59|   0.6|  0.0|INFORM|WorkspaceRunner_2: Running FME with command line - `{C:/Program Files/FME2022_1_3/fme} COMMAND_FILE C:/Users/krima354/AppData/Local/Temp/wbrun_1685525910541_21636/fmetmp_0/wsr_cm_1685526059441_14992 2>@1'
2023-05-31 11:41:00|   0.6|  0.0|INFORM|WorkspaceRunner_2: Successfully ran workspace `C:/Users/krima354/Work Folders/Documents/GitHub/kix_working_dir/divFME/SAU/sau_find_uuid.fmw'
2023-05-31 11:41:00|   0.6|  0.0|STATS |Creator_XML_Creator (CreationFactory): Created 1 features
2023-05-31 11:41:00|   0.6|  0.0|STATS |Creator_Cloner (TeeFactory): Cloned 1 input feature(s) into 1 output feature(s)
2023-05-31 11:41:00|   0.6|  0.0|STATS |Creator_CREATED Brancher -1 6 (BranchingFactory): Branched 1 input feature -- 1 feature routed to the target factory, and 0 features routed to the fallback factory.
2023-05-31 11:41:00|   0.6|  0.0|STATS |_CREATOR_BRANCH_TARGET (TeeFactory): Cloned 1 input feature(s) into 1 output feature(s)
2023-05-31 11:41:00|   0.6|  0.0|STATS |WorkspaceRunner_ExecutorAndRouter (TestFactory): Tested 1 input feature(s) -- 1 feature(s) passed and 0 feature(s) failed
2023-05-31 11:41:00|   0.6|  0.0|STATS |WorkspaceRunner_CleanerUpperOfBatchesInitiator (CreationFactory): Created 1 features
2023-05-31 11:41:00|   0.6|  0.0|STATS |WorkspaceRunner_CleanerUpperOfBatchesDoWeNeedToDoIt (TestFactory): Tested 1 input feature(s) -- 0 feature(s) passed and 1 feature(s) failed
2023-05-31 11:41:00|   0.6|  0.0|STATS |WorkspaceRunner_CleanerUpperOfBatchesRunner (TestFactory): Tested 0 input feature(s) -- 0 feature(s) passed and 0 feature(s) failed
2023-05-31 11:41:00|   0.6|  0.0|STATS |WorkspaceRunner_SummaryMaker (CreationFactory): Created 1 features
2023-05-31 11:41:00|   0.6|  0.0|STATS |WorkspaceRunner_2_ExecutorAndRouter (TestFactory): Tested 1 input feature(s) -- 1 feature(s) passed and 0 feature(s) failed
2023-05-31 11:41:00|   0.6|  0.0|STATS |WorkspaceRunner_2_CleanerUpperOfBatchesInitiator (CreationFactory): Created 1 features
2023-05-31 11:41:00|   0.6|  0.0|STATS |WorkspaceRunner_2_CleanerUpperOfBatchesDoWeNeedToDoIt (TestFactory): Tested 1 input feature(s) -- 0 feature(s) passed and 1 feature(s) failed
2023-05-31 11:41:00|   0.6|  0.0|STATS |WorkspaceRunner_2_CleanerUpperOfBatchesRunner (TestFactory): Tested 0 input feature(s) -- 0 feature(s) passed and 0 feature(s) failed
2023-05-31 11:41:00|   0.6|  0.0|STATS |WorkspaceRunner_2_SummaryMaker (CreationFactory): Created 1 features
2023-05-31 11:41:00|   0.6|  0.0|STATS |Destination Feature Type Routing Correlator (RoutingFactory): Tested 0 input feature(s), wrote 0 output feature(s): 0 matched merge filters, 0 were routed to output, 0 could not be routed.
2023-05-31 11:41:00|   0.6|  0.0|STATS |Final Output Nuker (TeeFactory): Cloned 0 input feature(s) into 0 output feature(s)
2023-05-31 11:41:00|   0.6|  0.0|STATS |=-=-=-=-=-=-=-=-=-=-=-=-=-=-=-=-=-=-=-=-=-=-=-=-=-=-=-=-=-=-=-=-=-=-=-=-=-=-=-
2023-05-31 11:41:00|   0.6|  0.0|STATS |                            Features Read Summary
2023-05-31 11:41:00|   0.6|  0.0|STATS |=-=-=-=-=-=-=-=-=-=-=-=-=-=-=-=-=-=-=-=-=-=-=-=-=-=-=-=-=-=-=-=-=-=-=-=-=-=-=-
2023-05-31 11:41:00|   0.6|  0.0|STATS |==============================================================================
2023-05-31 11:41:00|   0.6|  0.0|STATS |Total Features Read                                                          0
2023-05-31 11:41:00|   0.6|  0.0|STATS |=-=-=-=-=-=-=-=-=-=-=-=-=-=-=-=-=-=-=-=-=-=-=-=-=-=-=-=-=-=-=-=-=-=-=-=-=-=-=-
2023-05-31 11:41:00|   0.6|  0.0|STATS |=-=-=-=-=-=-=-=-=-=-=-=-=-=-=-=-=-=-=-=-=-=-=-=-=-=-=-=-=-=-=-=-=-=-=-=-=-=-=-
2023-05-31 11:41:00|   0.6|  0.0|STATS |                           Features Written Summary
2023-05-31 11:41:00|   0.6|  0.0|STATS |=-=-=-=-=-=-=-=-=-=-=-=-=-=-=-=-=-=-=-=-=-=-=-=-=-=-=-=-=-=-=-=-=-=-=-=-=-=-=-
2023-05-31 11:41:00|   0.6|  0.0|STATS |==============================================================================
2023-05-31 11:41:00|   0.6|  0.0|STATS |Total Features Written                                                       0
2023-05-31 11:41:00|   0.6|  0.0|STATS |=-=-=-=-=-=-=-=-=-=-=-=-=-=-=-=-=-=-=-=-=-=-=-=-=-=-=-=-=-=-=-=-=-=-=-=-=-=-=-
2023-05-31 11:41:00|   0.6|  0.0|WARN  |-~-~-~-~-~-~-~-~-~-~-~-~-~-~-~-~-~-~-~-~-~-~-~-~-~-~-~-~-~-~-~-~-~-~-~-~-~-~-~-~-
2023-05-31 11:41:00|   0.6|  0.0|WARN  |-~                                                                             ~-
2023-05-31 11:41:00|   0.6|  0.0|WARN  |-~    Feature caches have been recorded at every stage of the translation.     ~-
2023-05-31 11:41:00|   0.6|  0.0|WARN  |-~                      To inspect the recorded features,                      ~-
2023-05-31 11:41:00|   0.6|  0.0|WARN  |-~              click the feature cache icons next to the ports.               ~-
2023-05-31 11:41:00|   0.6|  0.0|WARN  |-~                                                                             ~-
2023-05-31 11:41:00|   0.6|  0.0|WARN  |-~-~-~-~-~-~-~-~-~-~-~-~-~-~-~-~-~-~-~-~-~-~-~-~-~-~-~-~-~-~-~-~-~-~-~-~-~-~-~-~-
2023-05-31 11:41:00|   0.6|  0.0|INFORM|Translation was SUCCESSFUL with 7 warning(s) (0 feature(s) output)
2023-05-31 11:41:00|   0.6|  0.0|INFORM|FME Session Duration: 2 minutes 16.9 seconds. (CPU: 0.1s user, 0.5s system)
2023-05-31 11:41:00|   0.6|  0.0|INFORM|END - ProcessID: 14992, peak process memory usage: 63268 kB, current process memory usage: 63212 kB
2023-05-31 11:46:04|   0.0|  0.0|INFORM|Current FME version: FME 2022.1.3.0 (20220928 - Build 22630 - WIN64)
2023-05-31 11:46:04|   0.0|  0.0|INFORM|FME_HOME is 'C:\Program Files\FME2022_1_3\'
2023-05-31 11:46:04|   0.0|  0.0|INFORM|FME Database Edition (node locked-crc)
2023-05-31 11:46:04|   0.0|  0.0|INFORM|Serial Number: GN3A-3NG9-21YZ
2023-05-31 11:46:04|   0.0|  0.0|INFORM|Temporary License: 23 days left.
2023-05-31 11:46:04|   0.0|  0.0|INFORM|Machine host name is: EPI-4L2CTD3
2023-05-31 11:46:04|   0.0|  0.0|INFORM|OS Locale Name     : sv_SE
2023-05-31 11:46:04|   0.0|  0.0|INFORM|OS Locale Encoding : windows-1252
2023-05-31 11:46:04|   0.0|  0.0|INFORM|Process Encoding   : UTF-8
2023-05-31 11:46:04|   0.0|  0.0|INFORM|FME API version: '4.0 20220615'
2023-05-31 11:46:04|   0.0|  0.0|INFORM|FME Configuration: FME_BASE is 'no'
2023-05-31 11:46:04|   0.0|  0.0|INFORM|FME Configuration: FME_MF_DIR is 'C:\Users\krima354\Work Folders\Documents\GitHub\kix_working_dir\divFME\SAU/'
2023-05-31 11:46:04|   0.0|  0.0|INFORM|FME Configuration: FME_MF_NAME is 'sau_find_uuid_runner.fmw'
2023-05-31 11:46:04|   0.0|  0.0|INFORM|FME Configuration: FME_PRODUCT_NAME is 'FME(R) 2022.1.3.0'
2023-05-31 11:46:04|   0.0|  0.0|INFORM|Operating System: Microsoft Windows 10 64-bit  (Build 19045)
2023-05-31 11:46:04|   0.0|  0.0|INFORM|FME Platform: WIN64
2023-05-31 11:46:04|   0.0|  0.0|INFORM|System Status: 353.81 GB of disk space available in the FME temporary folder (C:\Users\krima354\AppData\Local\Temp\wbrun_1685525910541_21636\fmetmp_1)
2023-05-31 11:46:04|   0.0|  0.0|INFORM|System Status: 31.73 GB of physical memory available
2023-05-31 11:46:04|   0.0|  0.0|INFORM|System Status: 126.93 GB of virtual memory available
2023-05-31 11:46:04|   0.0|  0.0|INFORM|START - ProcessID: 13268, peak process memory usage: 50884 kB, current process memory usage: 50884 kB
2023-05-31 11:46:04|   0.0|  0.0|INFORM|FME Configuration: Command line arguments are `C:\Program Files\FME2022_1_3\fme.exe' `C:/Users/krima354/Work Folders/Documents/GitHub/kix_working_dir/divFME/SAU\wb-xlate-1685526356963_21636' `LOG_STANDARDOUT' `YES' `LOG_TIMINGS' `YES' `LogCountServerName' `50496' `LOG_STANDARDOUT' `No' `WORKBENCH_LOG_SERVER' `50487'
2023-05-31 11:46:04|   0.0|  0.0|INFORM|FME Configuration: Connection Storage: 'C:\Users\krima354\AppData\Roaming\Safe Software\FME\'
2023-05-31 11:46:04|   0.0|  0.0|INFORM|Shared folders for formats are : C:\Program Files\FME2022_1_3\datasources;C:\Users\krima354\Work Folders\Documents\FME\Formats
2023-05-31 11:46:04|   0.0|  0.0|INFORM|Shared folders for transformers are : C:\Users\krima354\AppData\Roaming\Safe Software\FME\Packages\22630-win64\transformers;C:\Program Files\FME2022_1_3\transformers;C:\Users\krima354\AppData\Roaming\Safe Software\FME\FME Store\Transformers
2023-05-31 11:46:04|   0.0|  0.0|INFORM|Shared folders for coordinate systems are : C:\Users\krima354\Work Folders\Documents\FME\CoordinateSystems
2023-05-31 11:46:04|   0.0|  0.0|INFORM|Shared folders for coordinate system exceptions are : C:\Users\krima354\Work Folders\Documents\FME\CoordinateSystemExceptions
2023-05-31 11:46:04|   0.0|  0.0|INFORM|Shared folders for coordinate system grid overrides are : C:\Users\krima354\Work Folders\Documents\FME\CoordinateSystemGridOverrides
2023-05-31 11:46:04|   0.0|  0.0|INFORM|Shared folders for CS-MAP transformation exceptions are : C:\Users\krima354\Work Folders\Documents\FME\CsmapTransformationExceptions
2023-05-31 11:46:04|   0.0|  0.0|INFORM|Shared folders for transformer categories are : C:\Users\krima354\Work Folders\Documents\FME\TransformerCategories
2023-05-31 11:46:04|   0.0|  0.0|INFORM|FME Configuration: Reader Keyword is `MULTI_READER'
2023-05-31 11:46:04|   0.0|  0.0|INFORM|FME Configuration: Writer Keyword is `NULL_DEST'
2023-05-31 11:46:04|   0.0|  0.0|INFORM|FME Configuration: Writer Group Definition Keyword is `NULL_DEST_DEF'
2023-05-31 11:46:04|   0.0|  0.0|INFORM|FME Configuration: Reader type is `MULTI_READER'
2023-05-31 11:46:04|   0.0|  0.0|INFORM|FME Configuration: Writer type is `NULL'
2023-05-31 11:46:04|   0.0|  0.0|INFORM|FME Configuration: No destination coordinate system set
2023-05-31 11:46:04|   0.0|  0.0|INFORM|FME Configuration: Current working folder is `C:\Users\krima354\Work Folders\Documents\GitHub\kix_working_dir\divFME\SAU'
2023-05-31 11:46:04|   0.0|  0.0|INFORM|FME Configuration: Temporary folder is `C:\Users\krima354\AppData\Local\Temp\wbrun_1685525910541_21636\fmetmp_1', set from environment variable `FME_TEMP'
2023-05-31 11:46:04|   0.0|  0.0|INFORM|FME Configuration: Cache folder is 'C:\Users\krima354\AppData\Local\Temp'
2023-05-31 11:46:04|   0.0|  0.0|INFORM|FME Configuration: FME_HOME is `C:\Program Files\FME2022_1_3\'
2023-05-31 11:46:04|   0.0|  0.0|INFORM|FME Configuration: Start freeing memory when the process exceeds 95.20 GB
2023-05-31 11:46:04|   0.0|  0.0|INFORM|FME Configuration: Stop freeing memory when the process is below 71.40 GB
2023-05-31 11:46:04|   0.0|  0.0|INFORM|Creating writer for format: NULL (Nothing)
2023-05-31 11:46:04|   0.0|  0.0|INFORM|Trying to find a DYNAMIC plugin for writer named `NULL'
2023-05-31 11:46:04|   0.0|  0.0|INFORM|Loaded module 'NULL' from file 'C:\Program Files\FME2022_1_3\plugins/NULL.dll'
2023-05-31 11:46:04|   0.0|  0.0|INFORM|FME API version of module 'NULL' matches current internal version (4.0 20220615)
2023-05-31 11:46:04|   0.0|  0.0|INFORM|Creating reader for format: 
2023-05-31 11:46:04|   0.0|  0.0|INFORM|MULTI_READER(MULTI_READER): Will fail with first member reader failure
2023-05-31 11:46:04|   0.0|  0.0|INFORM|Using Multi Reader with keyword `MULTI_READER' to read multiple datasets
2023-05-31 11:46:04|   0.0|  0.0|INFORM|Loaded module 'Geometry_func' from file 'C:\Program Files\FME2022_1_3\plugins/Geometry_func.dll'
2023-05-31 11:46:04|   0.0|  0.0|INFORM|FME API version of module 'Geometry_func' matches current internal version (4.0 20220615)
2023-05-31 11:46:04|   0.0|  0.0|INFORM|Loaded module 'LogCount_func' from file 'C:\Program Files\FME2022_1_3\plugins/LogCount_func.dll'
2023-05-31 11:46:04|   0.0|  0.0|INFORM|FME API version of module 'LogCount_func' matches current internal version (4.0 20220615)
2023-05-31 11:46:04|   0.0|  0.0|INFORM|Emptying factory pipeline
2023-05-31 11:46:04|   0.1|  0.1|INFORM|WorkspaceRunner: Command to run - `{${=C:/Users/krima354/Work Folders/Documents/GitHub/kix_working_dir/divFME/SAU/sau_write_bb_runner.fmw=}} --USER_NAME_POSTGIS postgres --PASSWORD ********* --HOST_POSTGIS {${=uuc-srv390=}} --PORT_POSTGIS 5432 --DestDataset_OGCGEOPACKAGE {${=C:\Users\krima354\Work Folders\Documents\kicki_arbetsfiler\slask\sau_all_bb_uuid22.gpkg=}}'
2023-05-31 11:46:04|   0.1|  0.0|INFORM|WorkspaceRunner: Running FME with command line - `{C:/Program Files/FME2022_1_3/fme} COMMAND_FILE C:/Users/krima354/AppData/Local/Temp/wbrun_1685525910541_21636/fmetmp_1/wsr_cm_1685526364415_13268 2>@1'
2023-05-31 11:48:23|   0.5|  0.4|INFORM|WorkspaceRunner: Successfully ran workspace `C:/Users/krima354/Work Folders/Documents/GitHub/kix_working_dir/divFME/SAU/sau_write_bb_runner.fmw'
2023-05-31 11:48:23|   0.5|  0.0|INFORM|WorkspaceRunner_2: Command to run - `{${=C:/Users/krima354/Work Folders/Documents/GitHub/kix_working_dir/divFME/SAU/sau_find_uuid.fmw=}} --SourceDataset_OGCGEOPACKAGE {${=C:\Users\krima354\Work Folders\Documents\kicki_arbetsfiler\slask\sau_all_bb_uuid22.gpkg=}}'
2023-05-31 11:48:23|   0.5|  0.0|INFORM|WorkspaceRunner_2: Running FME with command line - `{C:/Program Files/FME2022_1_3/fme} COMMAND_FILE C:/Users/krima354/AppData/Local/Temp/wbrun_1685525910541_21636/fmetmp_1/wsr_cm_1685526503128_13268 2>@1'
2023-05-31 11:48:24|   0.5|  0.0|INFORM|WorkspaceRunner_2: Successfully ran workspace `C:/Users/krima354/Work Folders/Documents/GitHub/kix_working_dir/divFME/SAU/sau_find_uuid.fmw'
2023-05-31 11:48:24|   0.5|  0.0|STATS |Creator_XML_Creator (CreationFactory): Created 1 features
2023-05-31 11:48:24|   0.5|  0.0|STATS |Creator_Cloner (TeeFactory): Cloned 1 input feature(s) into 1 output feature(s)
2023-05-31 11:48:24|   0.5|  0.0|STATS |Creator_CREATED Brancher -1 6 (BranchingFactory): Branched 1 input feature -- 1 feature routed to the target factory, and 0 features routed to the fallback factory.
2023-05-31 11:48:24|   0.5|  0.0|STATS |_CREATOR_BRANCH_TARGET (TeeFactory): Cloned 1 input feature(s) into 1 output feature(s)
2023-05-31 11:48:24|   0.5|  0.0|STATS |WorkspaceRunner_ExecutorAndRouter (TestFactory): Tested 1 input feature(s) -- 1 feature(s) passed and 0 feature(s) failed
2023-05-31 11:48:24|   0.5|  0.0|STATS |WorkspaceRunner_CleanerUpperOfBatchesInitiator (CreationFactory): Created 1 features
2023-05-31 11:48:24|   0.5|  0.0|STATS |WorkspaceRunner_CleanerUpperOfBatchesDoWeNeedToDoIt (TestFactory): Tested 1 input feature(s) -- 0 feature(s) passed and 1 feature(s) failed
2023-05-31 11:48:24|   0.5|  0.0|STATS |WorkspaceRunner_CleanerUpperOfBatchesRunner (TestFactory): Tested 0 input feature(s) -- 0 feature(s) passed and 0 feature(s) failed
2023-05-31 11:48:24|   0.5|  0.0|STATS |WorkspaceRunner_SummaryMaker (CreationFactory): Created 1 features
2023-05-31 11:48:24|   0.5|  0.0|STATS |WorkspaceRunner_2_ExecutorAndRouter (TestFactory): Tested 1 input feature(s) -- 1 feature(s) passed and 0 feature(s) failed
2023-05-31 11:48:24|   0.5|  0.0|STATS |WorkspaceRunner_2_CleanerUpperOfBatchesInitiator (CreationFactory): Created 1 features
2023-05-31 11:48:24|   0.5|  0.0|STATS |WorkspaceRunner_2_CleanerUpperOfBatchesDoWeNeedToDoIt (TestFactory): Tested 1 input feature(s) -- 0 feature(s) passed and 1 feature(s) failed
2023-05-31 11:48:24|   0.5|  0.0|STATS |WorkspaceRunner_2_CleanerUpperOfBatchesRunner (TestFactory): Tested 0 input feature(s) -- 0 feature(s) passed and 0 feature(s) failed
2023-05-31 11:48:24|   0.6|  0.1|STATS |WorkspaceRunner_2_SummaryMaker (CreationFactory): Created 1 features
2023-05-31 11:48:24|   0.6|  0.0|STATS |Destination Feature Type Routing Correlator (RoutingFactory): Tested 0 input feature(s), wrote 0 output feature(s): 0 matched merge filters, 0 were routed to output, 0 could not be routed.
2023-05-31 11:48:24|   0.6|  0.0|STATS |Final Output Nuker (TeeFactory): Cloned 0 input feature(s) into 0 output feature(s)
2023-05-31 11:48:24|   0.6|  0.0|STATS |=-=-=-=-=-=-=-=-=-=-=-=-=-=-=-=-=-=-=-=-=-=-=-=-=-=-=-=-=-=-=-=-=-=-=-=-=-=-=-
2023-05-31 11:48:24|   0.6|  0.0|STATS |                            Features Read Summary
2023-05-31 11:48:24|   0.6|  0.0|STATS |=-=-=-=-=-=-=-=-=-=-=-=-=-=-=-=-=-=-=-=-=-=-=-=-=-=-=-=-=-=-=-=-=-=-=-=-=-=-=-
2023-05-31 11:48:24|   0.6|  0.0|STATS |==============================================================================
2023-05-31 11:48:24|   0.6|  0.0|STATS |Total Features Read                                                          0
2023-05-31 11:48:24|   0.6|  0.0|STATS |=-=-=-=-=-=-=-=-=-=-=-=-=-=-=-=-=-=-=-=-=-=-=-=-=-=-=-=-=-=-=-=-=-=-=-=-=-=-=-
2023-05-31 11:48:24|   0.6|  0.0|STATS |=-=-=-=-=-=-=-=-=-=-=-=-=-=-=-=-=-=-=-=-=-=-=-=-=-=-=-=-=-=-=-=-=-=-=-=-=-=-=-
2023-05-31 11:48:24|   0.6|  0.0|STATS |                           Features Written Summary
2023-05-31 11:48:24|   0.6|  0.0|STATS |=-=-=-=-=-=-=-=-=-=-=-=-=-=-=-=-=-=-=-=-=-=-=-=-=-=-=-=-=-=-=-=-=-=-=-=-=-=-=-
2023-05-31 11:48:24|   0.6|  0.0|STATS |==============================================================================
2023-05-31 11:48:24|   0.6|  0.0|STATS |Total Features Written                                                       0
2023-05-31 11:48:24|   0.6|  0.0|STATS |=-=-=-=-=-=-=-=-=-=-=-=-=-=-=-=-=-=-=-=-=-=-=-=-=-=-=-=-=-=-=-=-=-=-=-=-=-=-=-
2023-05-31 11:48:24|   0.6|  0.0|WARN  |-~-~-~-~-~-~-~-~-~-~-~-~-~-~-~-~-~-~-~-~-~-~-~-~-~-~-~-~-~-~-~-~-~-~-~-~-~-~-~-~-
2023-05-31 11:48:24|   0.6|  0.0|WARN  |-~                                                                             ~-
2023-05-31 11:48:24|   0.6|  0.0|WARN  |-~    Feature caches have been recorded at every stage of the translation.     ~-
2023-05-31 11:48:24|   0.6|  0.0|WARN  |-~                      To inspect the recorded features,                      ~-
2023-05-31 11:48:24|   0.6|  0.0|WARN  |-~              click the feature cache icons next to the ports.               ~-
2023-05-31 11:48:24|   0.6|  0.0|WARN  |-~                                                                             ~-
2023-05-31 11:48:24|   0.6|  0.0|WARN  |-~-~-~-~-~-~-~-~-~-~-~-~-~-~-~-~-~-~-~-~-~-~-~-~-~-~-~-~-~-~-~-~-~-~-~-~-~-~-~-~-
2023-05-31 11:48:24|   0.6|  0.0|INFORM|Translation was SUCCESSFUL with 7 warning(s) (0 feature(s) output)
2023-05-31 11:48:24|   0.6|  0.0|INFORM|FME Session Duration: 2 minutes 20.4 seconds. (CPU: 0.1s user, 0.5s system)
2023-05-31 11:48:24|   0.6|  0.0|INFORM|END - ProcessID: 13268, peak process memory usage: 63436 kB, current process memory usage: 63380 kB
