2023-05-31 11:48:22|   0.0|  0.0|INFORM|Current FME version: FME 2022.1.3.0 (20220928 - Build 22630 - WIN64)
2023-05-31 11:48:22|   0.0|  0.0|INFORM|Workspace was last saved in FME version: FME 2022.1.3.0 (20220928 - Build 22630 - WIN64)
2023-05-31 11:48:22|   0.0|  0.0|INFORM|FME_HOME is 'C:\Program Files\FME2022_1_3\'
2023-05-31 11:48:22|   0.0|  0.0|INFORM|FME Database Edition (node locked-crc)
2023-05-31 11:48:22|   0.0|  0.0|INFORM|Serial Number: GN3A-3NG9-21YZ
2023-05-31 11:48:22|   0.0|  0.0|INFORM|Temporary License: 23 days left.
2023-05-31 11:48:22|   0.0|  0.0|INFORM|Machine host name is: EPI-4L2CTD3
2023-05-31 11:48:22|   0.0|  0.0|INFORM|OS Locale Name     : sv_SE
2023-05-31 11:48:22|   0.0|  0.0|INFORM|OS Locale Encoding : windows-1252
2023-05-31 11:48:22|   0.0|  0.0|INFORM|Process Encoding   : UTF-8
2023-05-31 11:48:22|   0.0|  0.0|INFORM|FME API version: '4.0 20220615'
2023-05-31 11:48:22|   0.0|  0.0|INFORM|FME Configuration: FME_BASE is 'no'
2023-05-31 11:48:22|   0.0|  0.0|INFORM|FME Configuration: FME_MF_DIR is 'C:\Users\krima354\Work Folders\Documents\GitHub\kix_working_dir\divFME\SAU/'
2023-05-31 11:48:22|   0.0|  0.0|INFORM|FME Configuration: FME_MF_NAME is 'sau_write_bb.fmw'
2023-05-31 11:48:22|   0.0|  0.0|INFORM|FME Configuration: FME_PRODUCT_NAME is 'FME(R) 2022.1.3.0'
2023-05-31 11:48:22|   0.0|  0.0|INFORM|Operating System: Microsoft Windows 10 64-bit  (Build 19045)
2023-05-31 11:48:22|   0.0|  0.0|INFORM|FME Platform: WIN64
2023-05-31 11:48:22|   0.0|  0.0|INFORM|System Status: 353.80 GB of disk space available in the FME temporary folder (C:\Users\krima354\AppData\Local\Temp\wbrun_1685525910541_21636\fmetmp1685526501801_13576)
2023-05-31 11:48:22|   0.0|  0.0|INFORM|System Status: 31.73 GB of physical memory available
2023-05-31 11:48:22|   0.0|  0.0|INFORM|System Status: 126.93 GB of virtual memory available
2023-05-31 11:48:22|   0.0|  0.0|INFORM|START - ProcessID: 13576, peak process memory usage: 50016 kB, current process memory usage: 50016 kB
2023-05-31 11:48:22|   0.0|  0.0|INFORM|FME Configuration: Command line arguments are `C:\Program Files\FME2022_1_3\fme.exe' `C:/Users/krima354/Work Folders/Documents/GitHub/kix_working_dir/divFME/SAU/sau_write_bb.fmw' `--SourceDataset_POSTGIS_2' `sau_2002_vax333' `--USER_NAME_POSTGIS' `postgres' `--PASSWORD' `***' `--DestDataset_OGCGEOPACKAGE' `C:\Users\krima354\Work Folders\Documents\kicki_arbetsfiler\slask\sau_all_bb_uuid22.gpkg' `--HOST_POSTGIS' `uuc-srv390' `--PORT_POSTGIS' `5432' `--FME_LAUNCH_VIEWER_APP' `YES'
2023-05-31 11:48:22|   0.0|  0.0|INFORM|FME Configuration: Connection Storage: 'C:\Users\krima354\AppData\Roaming\Safe Software\FME\'
2023-05-31 11:48:22|   0.0|  0.0|INFORM|Shared folders for formats are : C:\Program Files\FME2022_1_3\datasources;C:\Users\krima354\Work Folders\Documents\FME\Formats
2023-05-31 11:48:22|   0.0|  0.0|INFORM|Shared folders for transformers are : C:\Users\krima354\AppData\Roaming\Safe Software\FME\Packages\22630-win64\transformers;C:\Program Files\FME2022_1_3\transformers;C:\Users\krima354\AppData\Roaming\Safe Software\FME\FME Store\Transformers
2023-05-31 11:48:22|   0.0|  0.0|INFORM|Shared folders for coordinate systems are : C:\Users\krima354\Work Folders\Documents\FME\CoordinateSystems
2023-05-31 11:48:22|   0.0|  0.0|INFORM|Shared folders for coordinate system exceptions are : C:\Users\krima354\Work Folders\Documents\FME\CoordinateSystemExceptions
2023-05-31 11:48:22|   0.0|  0.0|INFORM|Shared folders for coordinate system grid overrides are : C:\Users\krima354\Work Folders\Documents\FME\CoordinateSystemGridOverrides
2023-05-31 11:48:22|   0.0|  0.0|INFORM|Shared folders for CS-MAP transformation exceptions are : C:\Users\krima354\Work Folders\Documents\FME\CsmapTransformationExceptions
2023-05-31 11:48:22|   0.0|  0.0|INFORM|Shared folders for transformer categories are : C:\Users\krima354\Work Folders\Documents\FME\TransformerCategories
2023-05-31 11:48:22|   0.0|  0.0|INFORM|FME Configuration: Reader Keyword is `MULTI_READER'
2023-05-31 11:48:22|   0.0|  0.0|INFORM|FME Configuration: Writer Keyword is `MULTI_WRITER'
2023-05-31 11:48:22|   0.0|  0.0|INFORM|FME Configuration: Writer Group Definition Keyword is `MULTI_WRITER_DEF'
2023-05-31 11:48:22|   0.0|  0.0|INFORM|FME Configuration: Reader type is `MULTI_READER'
2023-05-31 11:48:22|   0.0|  0.0|INFORM|FME Configuration: Writer type is `MULTI_WRITER'
2023-05-31 11:48:22|   0.0|  0.0|INFORM|FME Configuration: No destination coordinate system set
2023-05-31 11:48:22|   0.0|  0.0|INFORM|FME Configuration: Current working folder is `C:\Users\krima354\Work Folders\Documents\GitHub\kix_working_dir\divFME\SAU'
2023-05-31 11:48:22|   0.0|  0.0|INFORM|FME Configuration: Temporary folder is `C:\Users\krima354\AppData\Local\Temp\wbrun_1685525910541_21636\fmetmp1685526501801_13576', set from environment variable `FME_TEMP'
2023-05-31 11:48:22|   0.0|  0.0|INFORM|FME Configuration: Cache folder is 'C:\Users\krima354\AppData\Local\Temp'
2023-05-31 11:48:22|   0.0|  0.0|INFORM|FME Configuration: FME_HOME is `C:\Program Files\FME2022_1_3\'
2023-05-31 11:48:22|   0.0|  0.0|INFORM|FME Configuration: Start freeing memory when the process exceeds 95.20 GB
2023-05-31 11:48:22|   0.0|  0.0|INFORM|FME Configuration: Stop freeing memory when the process is below 71.40 GB
2023-05-31 11:48:22|   0.0|  0.0|INFORM|Creating writer for format: 
2023-05-31 11:48:22|   0.0|  0.0|INFORM|Creating reader for format: 
2023-05-31 11:48:22|   0.0|  0.0|INFORM|MULTI_READER(MULTI_READER): Will fail with first member reader failure
2023-05-31 11:48:22|   0.0|  0.0|INFORM|MULTI_READER(MULTI_READER): Adding POSTGIS Reader with keyword POSTGIS_1
2023-05-31 11:48:22|   0.0|  0.0|INFORM|Using Multi Reader with keyword `MULTI_READER' to read multiple datasets
2023-05-31 11:48:22|   0.0|  0.0|INFORM|Creating reader for format: PostGIS
2023-05-31 11:48:22|   0.0|  0.0|INFORM|Trying to find a DYNAMIC plugin for reader named `POSTGIS'
2023-05-31 11:48:22|   0.0|  0.0|INFORM|Loaded module 'POSTGIS' from file 'C:\Program Files\FME2022_1_3\plugins/POSTGIS.dll'
2023-05-31 11:48:22|   0.0|  0.0|INFORM|FME API version of module 'POSTGIS' matches current internal version (4.0 20220615)
2023-05-31 11:48:22|   0.0|  0.0|INFORM|Opening POSTGIS reader for dataset 'sau_2002_vax333'
2023-05-31 11:48:22|   0.0|  0.0|INFORM|PostGIS client encoding: 'UTF8'
2023-05-31 11:48:22|   0.0|  0.0|INFORM|PostgreSQL 11.2, compiled by Visual C++ build 1914, 64-bit
2023-05-31 11:48:22|   0.0|  0.0|INFORM|3.0 USE_GEOS=1 USE_PROJ=1 USE_STATS=1
2023-05-31 11:48:22|   0.0|  0.0|INFORM|POSTGIS reader: Creating bulk features from individual features
2023-05-31 11:48:22|   0.0|  0.0|INFORM|Using MultiWriter with keyword `MULTI_WRITER' to output data (ID_ATTRIBUTE is `multi_writer_id')
2023-05-31 11:48:22|   0.0|  0.0|INFORM|Writer output will be ordered by value of multi_writer_id
2023-05-31 11:48:22|   0.0|  0.0|INFORM|Loaded module 'Geometry_func' from file 'C:\Program Files\FME2022_1_3\plugins/Geometry_func.dll'
2023-05-31 11:48:22|   0.0|  0.0|INFORM|FME API version of module 'Geometry_func' matches current internal version (4.0 20220615)
2023-05-31 11:48:22|   0.0|  0.0|INFORM|Loaded module 'VertexCreatorFactory' from file 'C:\Program Files\FME2022_1_3\plugins/VertexCreatorFactory.dll'
2023-05-31 11:48:22|   0.0|  0.0|INFORM|FME API version of module 'VertexCreatorFactory' matches current internal version (4.0 20220615)
2023-05-31 11:48:22|   0.0|  0.0|INFORM|Executing data query: 'declare "public_GeoObject_crsr" cursor for select "ObjectId","MetaId","SymbolId","the_raster", ST_AsEWKB("the_geom") as "the_geom" from "public"."GeoObject"'
2023-05-31 11:48:22|   0.0|  0.0|INFORM|Reading POSTGIS table: 'public.GeoObject'...
2023-05-31 11:48:22|   0.2|  0.2|INFORM|Creator_XML_Creator (CreationFactory): Splitting bulk features into individual features
2023-05-31 11:48:22|   0.3|  0.1|INFORM|Successfully closed POSTGIS database reader
2023-05-31 11:48:22|   0.3|  0.0|INFORM|Successfully closed POSTGIS database reader
2023-05-31 11:48:22|   0.3|  0.0|INFORM|MULTI_READER(MULTI_READER): Done reading 8720 features from 1 readers
2023-05-31 11:48:22|   0.3|  0.0|INFORM|Emptying factory pipeline
2023-05-31 11:48:22|   0.3|  0.0|STATS |Router and Unexpected Input Remover (RoutingFactory): Tested 8720 input feature(s), wrote 8720 output feature(s): 8720 matched merge filters, 8720 were routed to output, 0 could not be routed.
2023-05-31 11:48:22|   0.3|  0.0|STATS |public.GeoObject_POSTGIS_1 Splitter (TeeFactory): Cloned 8720 input feature(s) into 8720 output feature(s)
2023-05-31 11:48:22|   0.3|  0.0|STATS |Creator_XML_Creator (CreationFactory): Created 1 features
2023-05-31 11:48:22|   0.3|  0.0|STATS |Creator_Cloner (TeeFactory): Cloned 1 input feature(s) into 1 output feature(s)
2023-05-31 11:48:22|   0.3|  0.0|STATS |Creator_CREATED Brancher -1 12 (BranchingFactory): Branched 1 input feature -- 1 feature routed to the target factory, and 0 features routed to the fallback factory.
2023-05-31 11:48:22|   0.3|  0.0|STATS |_CREATOR_BRANCH_TARGET (TeeFactory): Cloned 8721 input feature(s) into 8721 output feature(s)
2023-05-31 11:48:22|   0.3|  0.0|INFORM|Creating writer for format: OGC GeoPackage
2023-05-31 11:48:22|   0.3|  0.0|INFORM|Trying to find a DYNAMIC plugin for writer named `OGCGEOPACKAGE'
2023-05-31 11:48:22|   0.3|  0.0|INFORM|Loaded module 'OGCGEOPACKAGE' from file 'C:\Program Files\FME2022_1_3\plugins/gdal/GDAL.dll'
2023-05-31 11:48:22|   0.3|  0.0|INFORM|FME API version of module 'gdal/GDAL' matches current internal version (4.0 20220615)
2023-05-31 11:48:22|   0.3|  0.0|INFORM|FME Configuration: No destination coordinate system set
2023-05-31 11:48:22|   0.3|  0.0|INFORM|Writer `OGCGEOPACKAGE_1' of type `OGCGEOPACKAGE' using group definition keyword `OGCGEOPACKAGE_1_DEF'
2023-05-31 11:48:22|   0.3|  0.0|INFORM|OGCGEOPACKAGE writer: Directive '_EXPOSE_PRIMARY_KEY_ATTRIBUTE' has value 'YES'
2023-05-31 11:48:22|   0.3|  0.0|INFORM|OGCGEOPACKAGE writer: Directive '_OVERWRITE_DATASET' has value 'NO'
2023-05-31 11:48:22|   0.3|  0.0|INFORM|OGCGEOPACKAGE writer: Directive '_TRANSACTION_SIZE' has value '5000'
2023-05-31 11:48:22|   0.3|  0.0|INFORM|OGCGEOPACKAGE writer: Directive '_ENFORCE_GEOMETRY_COLUMN_CONSTRAINTS' has value 'YES'
2023-05-31 11:48:22|   0.3|  0.0|INFORM|OGCGEOPACKAGE writer: Feature Type Parameter 'geopackage_geometry_column' has value 'geom' for feature type 'intrasis_bb'
2023-05-31 11:48:22|   0.3|  0.0|INFORM|OGCGEOPACKAGE writer: Feature Type Parameter 'geopackage_create_spatial_index' has value 'Yes' for feature type 'intrasis_bb'
2023-05-31 11:48:22|   0.3|  0.0|INFORM|OGCGEOPACKAGE writer: Feature Type Parameter 'geopackage_z_capability' has value 'NOT_ALLOWED' for feature type 'intrasis_bb'
2023-05-31 11:48:22|   0.3|  0.0|INFORM|OGCGEOPACKAGE writer: Feature Type Parameter 'geopackage_m_capability' has value 'NOT_ALLOWED' for feature type 'intrasis_bb'
2023-05-31 11:48:22|   0.3|  0.0|INFORM|OGCGEOPACKAGE Writer: Feature Type Parameter 'fme_table_handling' has value 'CREATE_IF_MISSING' for feature type 'intrasis_bb'
2023-05-31 11:48:22|   0.3|  0.0|INFORM|OGCGEOPACKAGE Writer: Feature Type Parameter 'fme_feature_operation' has value 'Insert' for feature type 'intrasis_bb'
2023-05-31 11:48:22|   0.3|  0.0|INFORM|OGCGEOPACKAGE writer: Opening file 'C:\Users\krima354\Work Folders\Documents\kicki_arbetsfiler\slask\sau_all_bb_uuid22.gpkg'
2023-05-31 11:48:22|   0.3|  0.0|WARN  |CS-MAP: Datum definition unknown does not exist.
2023-05-31 11:48:22|   0.3|  0.0|WARN  |CS-MAP: Ellipsoid definition wkt_auto_1 does not exist.
2023-05-31 11:48:22|   0.4|  0.1|INFORM|The OGC definition of the FME coordinate system '_FME_0' is 'GEOGCS["Undefined geographic SRS",DATUM["unknown",SPHEROID["unknown",6378137,298.257223563]],PRIMEM["Greenwich",0],UNIT["degree",0.0174532925199433,AUTHORITY["EPSG","9122"]]]'
2023-05-31 11:48:23|   0.4|  0.0|STATS |SpatialFilter (SpatialFilterFactory): Total: Processed 2 input feature(s): 1 'Filter' feature(s) and 1 'Candidate' feature(s). 1 feature(s) PASSED
2023-05-31 11:48:23|   0.4|  0.0|STATS |Destination Feature Type Routing Correlator (RoutingFactory): Tested 1 input feature(s), wrote 1 output feature(s): 0 matched merge filters, 1 were routed to output, 0 could not be routed.
2023-05-31 11:48:23|   0.4|  0.0|STATS |Final Output Nuker (TeeFactory): Cloned 0 input feature(s) into 0 output feature(s)
2023-05-31 11:48:23|   0.4|  0.0|INFORM|OGCGEOPACKAGE writer: Committing transaction of 1 features to feature types 'intrasis_bb'...
2023-05-31 11:48:23|   0.4|  0.0|INFORM|=-=-=-=-=-=-=-=-=-=-=-=-=-=-=-=-=-=-=-=-=-=-=-=-=-=-=-=-=-=-=-=-=-=-=-=-=-=-=-
2023-05-31 11:48:23|   0.4|  0.0|INFORM|Feature output statistics for `OGCGEOPACKAGE' writer using keyword `OGCGEOPACKAGE_1':
2023-05-31 11:48:23|   0.4|  0.0|STATS |=-=-=-=-=-=-=-=-=-=-=-=-=-=-=-=-=-=-=-=-=-=-=-=-=-=-=-=-=-=-=-=-=-=-=-=-=-=-=-
2023-05-31 11:48:23|   0.4|  0.0|STATS |                               Features Written
2023-05-31 11:48:23|   0.4|  0.0|STATS |=-=-=-=-=-=-=-=-=-=-=-=-=-=-=-=-=-=-=-=-=-=-=-=-=-=-=-=-=-=-=-=-=-=-=-=-=-=-=-
2023-05-31 11:48:23|   0.4|  0.0|STATS |intrasis_bb                                                                  1
2023-05-31 11:48:23|   0.4|  0.0|STATS |==============================================================================
2023-05-31 11:48:23|   0.4|  0.0|STATS |Total Features Written                                                       1
2023-05-31 11:48:23|   0.4|  0.0|STATS |=-=-=-=-=-=-=-=-=-=-=-=-=-=-=-=-=-=-=-=-=-=-=-=-=-=-=-=-=-=-=-=-=-=-=-=-=-=-=-
2023-05-31 11:48:23|   0.4|  0.0|STATS |=-=-=-=-=-=-=-=-=-=-=-=-=-=-=-=-=-=-=-=-=-=-=-=-=-=-=-=-=-=-=-=-=-=-=-=-=-=-=-
2023-05-31 11:48:23|   0.4|  0.0|STATS |                            Features Read Summary
2023-05-31 11:48:23|   0.4|  0.0|STATS |=-=-=-=-=-=-=-=-=-=-=-=-=-=-=-=-=-=-=-=-=-=-=-=-=-=-=-=-=-=-=-=-=-=-=-=-=-=-=-
2023-05-31 11:48:23|   0.4|  0.0|STATS |public.GeoObject                                                          8720
2023-05-31 11:48:23|   0.4|  0.0|STATS |==============================================================================
2023-05-31 11:48:23|   0.4|  0.0|STATS |Total Features Read                                                       8720
2023-05-31 11:48:23|   0.4|  0.0|STATS |=-=-=-=-=-=-=-=-=-=-=-=-=-=-=-=-=-=-=-=-=-=-=-=-=-=-=-=-=-=-=-=-=-=-=-=-=-=-=-
2023-05-31 11:48:23|   0.4|  0.0|STATS |=-=-=-=-=-=-=-=-=-=-=-=-=-=-=-=-=-=-=-=-=-=-=-=-=-=-=-=-=-=-=-=-=-=-=-=-=-=-=-
2023-05-31 11:48:23|   0.4|  0.0|STATS |                           Features Written Summary
2023-05-31 11:48:23|   0.4|  0.0|STATS |=-=-=-=-=-=-=-=-=-=-=-=-=-=-=-=-=-=-=-=-=-=-=-=-=-=-=-=-=-=-=-=-=-=-=-=-=-=-=-
2023-05-31 11:48:23|   0.4|  0.0|STATS |intrasis_bb                                                                  1
2023-05-31 11:48:23|   0.4|  0.0|STATS |==============================================================================
2023-05-31 11:48:23|   0.4|  0.0|STATS |Total Features Written                                                       1
2023-05-31 11:48:23|   0.4|  0.0|STATS |=-=-=-=-=-=-=-=-=-=-=-=-=-=-=-=-=-=-=-=-=-=-=-=-=-=-=-=-=-=-=-=-=-=-=-=-=-=-=-
2023-05-31 11:48:23|   0.4|  0.0|INFORM|Translation was SUCCESSFUL with 2 warning(s) (1 feature(s) output)
2023-05-31 11:48:23|   0.4|  0.0|INFORM|FME Session Duration: 0.8 seconds. (CPU: 0.3s user, 0.1s system)
2023-05-31 11:48:23|   0.4|  0.0|INFORM|END - ProcessID: 13576, peak process memory usage: 106172 kB, current process memory usage: 92200 kB
