2023-05-31 10:26:37|   0.0|  0.0|INFORM|Current FME version: FME 2022.1.3.0 (20220928 - Build 22630 - WIN64)
2023-05-31 10:26:37|   0.0|  0.0|INFORM|FME_HOME is 'C:\Program Files\FME2022_1_3\'
2023-05-31 10:26:37|   0.0|  0.0|INFORM|FME Database Edition (node locked-crc)
2023-05-31 10:26:37|   0.0|  0.0|INFORM|Serial Number: GN3A-3NG9-21YZ
2023-05-31 10:26:37|   0.0|  0.0|INFORM|Temporary License: 23 days left.
2023-05-31 10:26:37|   0.0|  0.0|INFORM|Machine host name is: EPI-4L2CTD3
2023-05-31 10:26:37|   0.0|  0.0|INFORM|OS Locale Name     : sv_SE
2023-05-31 10:26:37|   0.0|  0.0|INFORM|OS Locale Encoding : windows-1252
2023-05-31 10:26:37|   0.0|  0.0|INFORM|Process Encoding   : UTF-8
2023-05-31 10:26:37|   0.0|  0.0|INFORM|FME API version: '4.0 20220615'
2023-05-31 10:26:37|   0.0|  0.0|INFORM|FME Configuration: FME_BASE is 'no'
2023-05-31 10:26:37|   0.0|  0.0|INFORM|FME Configuration: FME_MF_DIR is 'C:\Users\krima354\Work Folders\Documents\GitHub\kix_working_dir\divFME\SAU/'
2023-05-31 10:26:37|   0.0|  0.0|INFORM|FME Configuration: FME_MF_NAME is 'slask..fmw'
2023-05-31 10:26:37|   0.0|  0.0|INFORM|FME Configuration: FME_PRODUCT_NAME is 'FME(R) 2022.1.3.0'
2023-05-31 10:26:37|   0.0|  0.0|INFORM|Operating System: Microsoft Windows 10 64-bit  (Build 19045)
2023-05-31 10:26:37|   0.0|  0.0|INFORM|FME Platform: WIN64
2023-05-31 10:26:37|   0.0|  0.0|INFORM|System Status: 353.85 GB of disk space available in the FME temporary folder (C:\Users\krima354\AppData\Local\Temp\wbrun_1685519461491_4304\fmetmp_2)
2023-05-31 10:26:37|   0.0|  0.0|INFORM|System Status: 31.73 GB of physical memory available
2023-05-31 10:26:37|   0.0|  0.0|INFORM|System Status: 126.93 GB of virtual memory available
2023-05-31 10:26:37|   0.0|  0.0|INFORM|START - ProcessID: 28400, peak process memory usage: 49616 kB, current process memory usage: 49616 kB
2023-05-31 10:26:37|   0.0|  0.0|INFORM|FME Configuration: Command line arguments are `C:\Program Files\FME2022_1_3\fme.exe' `C:/Users/krima354/Work Folders/Documents/GitHub/kix_working_dir/divFME/SAU\wb-xlate-1685521595256_4304' `LOG_STANDARDOUT' `YES' `LOG_TIMINGS' `YES' `LogCountServerName' `62322' `LOG_STANDARDOUT' `No' `WORKBENCH_LOG_SERVER' `62312'
2023-05-31 10:26:37|   0.0|  0.0|INFORM|FME Configuration: Connection Storage: 'C:\Users\krima354\AppData\Roaming\Safe Software\FME\'
2023-05-31 10:26:37|   0.0|  0.0|INFORM|Shared folders for formats are : C:\Program Files\FME2022_1_3\datasources;C:\Users\krima354\Work Folders\Documents\FME\Formats
2023-05-31 10:26:37|   0.0|  0.0|INFORM|Shared folders for transformers are : C:\Users\krima354\AppData\Roaming\Safe Software\FME\Packages\22630-win64\transformers;C:\Program Files\FME2022_1_3\transformers;C:\Users\krima354\AppData\Roaming\Safe Software\FME\FME Store\Transformers
2023-05-31 10:26:37|   0.0|  0.0|INFORM|Shared folders for coordinate systems are : C:\Users\krima354\Work Folders\Documents\FME\CoordinateSystems
2023-05-31 10:26:37|   0.0|  0.0|INFORM|Shared folders for coordinate system exceptions are : C:\Users\krima354\Work Folders\Documents\FME\CoordinateSystemExceptions
2023-05-31 10:26:37|   0.0|  0.0|INFORM|Shared folders for coordinate system grid overrides are : C:\Users\krima354\Work Folders\Documents\FME\CoordinateSystemGridOverrides
2023-05-31 10:26:37|   0.0|  0.0|INFORM|Shared folders for CS-MAP transformation exceptions are : C:\Users\krima354\Work Folders\Documents\FME\CsmapTransformationExceptions
2023-05-31 10:26:37|   0.0|  0.0|INFORM|Shared folders for transformer categories are : C:\Users\krima354\Work Folders\Documents\FME\TransformerCategories
2023-05-31 10:26:37|   0.0|  0.0|INFORM|FME Configuration: Reader Keyword is `MULTI_READER'
2023-05-31 10:26:37|   0.0|  0.0|INFORM|FME Configuration: Writer Keyword is `NULL_DEST'
2023-05-31 10:26:37|   0.0|  0.0|INFORM|FME Configuration: Writer Group Definition Keyword is `NULL_DEST_DEF'
2023-05-31 10:26:37|   0.0|  0.0|INFORM|FME Configuration: Reader type is `MULTI_READER'
2023-05-31 10:26:37|   0.0|  0.0|INFORM|FME Configuration: Writer type is `NULL'
2023-05-31 10:26:37|   0.0|  0.0|INFORM|FME Configuration: No destination coordinate system set
2023-05-31 10:26:37|   0.0|  0.0|INFORM|FME Configuration: Current working folder is `C:\Users\krima354\Work Folders\Documents\GitHub\kix_working_dir\divFME\SAU'
2023-05-31 10:26:37|   0.0|  0.0|INFORM|FME Configuration: Temporary folder is `C:\Users\krima354\AppData\Local\Temp\wbrun_1685519461491_4304\fmetmp_2', set from environment variable `FME_TEMP'
2023-05-31 10:26:37|   0.0|  0.0|INFORM|FME Configuration: Cache folder is 'C:\Users\krima354\AppData\Local\Temp'
2023-05-31 10:26:37|   0.0|  0.0|INFORM|FME Configuration: FME_HOME is `C:\Program Files\FME2022_1_3\'
2023-05-31 10:26:37|   0.0|  0.0|INFORM|FME Configuration: Start freeing memory when the process exceeds 95.20 GB
2023-05-31 10:26:37|   0.0|  0.0|INFORM|FME Configuration: Stop freeing memory when the process is below 71.40 GB
2023-05-31 10:26:37|   0.0|  0.0|INFORM|Creating writer for format: NULL (Nothing)
2023-05-31 10:26:37|   0.0|  0.0|INFORM|Trying to find a DYNAMIC plugin for writer named `NULL'
2023-05-31 10:26:37|   0.0|  0.0|INFORM|Loaded module 'NULL' from file 'C:\Program Files\FME2022_1_3\plugins/NULL.dll'
2023-05-31 10:26:37|   0.0|  0.0|INFORM|FME API version of module 'NULL' matches current internal version (4.0 20220615)
2023-05-31 10:26:37|   0.0|  0.0|INFORM|Creating reader for format: 
2023-05-31 10:26:37|   0.0|  0.0|INFORM|MULTI_READER(MULTI_READER): Will fail with first member reader failure
2023-05-31 10:26:37|   0.0|  0.0|INFORM|MULTI_READER(MULTI_READER): Adding OGCGEOPACKAGE Reader with keyword OGCGEOPACKAGE_1
2023-05-31 10:26:37|   0.0|  0.0|INFORM|MULTI_READER(MULTI_READER): Adding CSV2 Reader with keyword CSV2_1
2023-05-31 10:26:37|   0.0|  0.0|INFORM|Using Multi Reader with keyword `MULTI_READER' to read multiple datasets
2023-05-31 10:26:37|   0.0|  0.0|INFORM|Creating reader for format: OGC GeoPackage
2023-05-31 10:26:37|   0.0|  0.0|INFORM|Trying to find a DYNAMIC plugin for reader named `OGCGEOPACKAGE'
2023-05-31 10:26:37|   0.0|  0.0|INFORM|FME Configuration: Source coordinate system for reader OGCGEOPACKAGE_1[OGCGEOPACKAGE] set to `EPSG:3006'
2023-05-31 10:26:38|   0.2|  0.2|INFORM|Coordinate System `EPSG:3006' parameters: CS_NAME=`SWEREF-99-TM' DESC_NM=`SWEREF 99 TM' DT_NAME=`SWEREF99' EPSG_QD=`-1' GROUP=`EUROPE' MAP_SCL=`1' MAX_LAT=`70.48333333333333' MAX_LNG=`25.883333333333333' MIN_LAT=`53.81666666666667' MIN_LNG=`8.866666666666667' PARM1=`15' PROJ=`TM' QUAD=`1' SCL_RED=`0.9996' SOURCE=`National Land Survey of Sweden' UNIT=`METER' X_OFF=`500000'
2023-05-31 10:26:38|   0.2|  0.0|INFORM|Loaded module 'OGCGEOPACKAGE' from file 'C:\Program Files\FME2022_1_3\plugins/gdal/GDAL.dll'
2023-05-31 10:26:38|   0.2|  0.0|INFORM|FME API version of module 'gdal/GDAL' matches current internal version (4.0 20220615)
2023-05-31 10:26:38|   0.2|  0.0|INFORM|OGCGEOPACKAGE reader: Directive '_EXPOSE_PRIMARY_KEY_ATTRIBUTE' has value 'YES'
2023-05-31 10:26:38|   0.2|  0.0|INFORM|OGCGEOPACKAGE reader: Directive '_ENFORCE_FOREIGN_KEY_INTEGRITY' has value 'YES'
2023-05-31 10:26:38|   0.2|  0.0|INFORM|OGCGEOPACKAGE reader: Opening file 'C:\Users\krima354\Work Folders\Documents\kicki_arbetsfiler\slask\sau_all_bb17.gpkg'
2023-05-31 10:26:38|   0.2|  0.0|INFORM|Loaded module 'LogCount_func' from file 'C:\Program Files\FME2022_1_3\plugins/LogCount_func.dll'
2023-05-31 10:26:38|   0.2|  0.0|INFORM|FME API version of module 'LogCount_func' matches current internal version (4.0 20220615)
2023-05-31 10:26:38|   0.2|  0.0|INFORM|The EPSG number of the FME coordinate system 'SWEREF-99-TM' is '3006'
2023-05-31 10:26:38|   0.2|  0.0|WARN  |NOT changing coordinate system of reader identified by keyword `OGCGEOPACKAGE_1' from `EPSG:3006' to `SWEREF-99-TM' -- mapping file setting of `EPSG:3006' overrides coordinate system `SWEREF-99-TM' read from file
2023-05-31 10:26:38|   0.2|  0.0|INFORM|intrasis_bb Feature Recorder -1 2147549186 (RecorderFactory): Splitting bulk features into individual features
2023-05-31 10:26:38|   0.3|  0.1|INFORM|Creating reader for format: CSV (Comma Separated Value)
2023-05-31 10:26:38|   0.3|  0.0|INFORM|Trying to find a DYNAMIC plugin for reader named `CSV2'
2023-05-31 10:26:38|   0.3|  0.0|INFORM|Loaded module 'CSV2' from file 'C:\Program Files\FME2022_1_3\plugins/CSV2.dll'
2023-05-31 10:26:38|   0.3|  0.0|INFORM|FME API version of module 'CSV2' matches current internal version (4.0 20220615)
2023-05-31 10:26:38|   0.3|  0.0|INFORM|CSV reader: Opening dataset 'C:\Users\krima354\Work Folders\Documents\GitHub\kix_working_dir\divFME\SAU\sau_alla.csv'
2023-05-31 10:26:38|   0.3|  0.0|INFORM|CSV reader: Directive '_TRIM_FEATURE_TYPE_NAME' has the value 'Yes'
2023-05-31 10:26:38|   0.3|  0.0|INFORM|CSV reader: Directive '_SUPPORTED_READER_ARCHIVE_EXTENSIONS' has the value 'csv.gz,txt.gz'
2023-05-31 10:26:38|   0.3|  0.0|INFORM|CSV reader: Directive '_DELIMITER' has the value 'auto'
2023-05-31 10:26:38|   0.3|  0.0|INFORM|CSV reader: Directive '_FIELD_NAMES_LINE' has the value '1'
2023-05-31 10:26:38|   0.3|  0.0|INFORM|CSV reader: Directive '_DATA_START_LINE' has the value '2'
2023-05-31 10:26:38|   0.3|  0.0|INFORM|CSV reader: Directive '_SCAN_MAX_ROWS' has the value '10000'
2023-05-31 10:26:38|   0.3|  0.0|INFORM|CSV reader: Directive '_READ_SKIPPED_LINES' has the value 'No'
2023-05-31 10:26:38|   0.3|  0.0|INFORM|CSV reader: Directive '_ENCODING' has the value 'windows-1252'
2023-05-31 10:26:38|   0.3|  0.0|INFORM|CSV reader: Directive 'FME_NAMES_ENCODING' has the value 'UTF-8'
2023-05-31 10:26:38|   0.3|  0.0|INFORM|CSV reader: Directive '_SKIP_DUPLICATE_DELIMITERS' has the value 'No'
2023-05-31 10:26:38|   0.3|  0.0|INFORM|CSV reader: Directive '_FIELD_QUALIFIER_CHARACTER' has the value '"'
2023-05-31 10:26:38|   0.3|  0.0|INFORM|CSV reader: Directive '_FIELD_QUALIFIER_ESCAPE_CHARACTER' has the value '"'
2023-05-31 10:26:38|   0.3|  0.0|INFORM|CSV reader: Directive '_TRIM_FIELD_NAME_QUALIFIERS' has the value 'Yes'
2023-05-31 10:26:38|   0.3|  0.0|INFORM|CSV reader: Directive '_TRIM_FIELD_VALUE_QUALIFIERS' has the value 'Yes'
2023-05-31 10:26:38|   0.3|  0.0|INFORM|CSV reader: Directive '_PRESERVE_SOURCE_ENCODING' has the value 'No'
2023-05-31 10:26:38|   0.3|  0.0|INFORM|CSV reader: Directive '_CASE_SENSITIVE_FIELD_NAMES' has the value 'Yes'
2023-05-31 10:26:38|   0.3|  0.0|INFORM|CSV reader: Directive '_ENFORCE_STRICT_SCHEMA' has the value 'No'
2023-05-31 10:26:38|   0.3|  0.0|INFORM|CSV reader: Directive '_SCAN_TYPES' has the value 'Yes'
2023-05-31 10:26:38|   0.3|  0.0|INFORM|CSV reader: Directive '_TYPE_ATTRIBUTE_HANDLING' has the value 'STANDARD_TYPES'
2023-05-31 10:26:38|   0.3|  0.0|INFORM|CSV reader: Directive '_STRING_TYPE_ATTRIBUTE_HANDLING' has the value 'EXPLICIT_WIDTH'
2023-05-31 10:26:38|   0.3|  0.0|INFORM|CSV reader: Directive '_SCAN_ADDITIONAL_FIELDS' has the value 'No'
2023-05-31 10:26:38|   0.3|  0.0|INFORM|CSV reader: Directive '_DATE_INPUT_FORMAT' has the value 'ISO'
2023-05-31 10:26:38|   0.3|  0.0|INFORM|CSV reader: Directive '_CHUNK_SIZE' has the value '100000'
2023-05-31 10:26:38|   0.3|  0.0|INFORM|CSV reader: Directive '_TRIM_FIELD_NAME_WHITESPACE' has the value 'Yes'
2023-05-31 10:26:38|   0.3|  0.0|INFORM|CSV reader: Directive '_READ_EMPTY_VALUES_AS' has the value 'Null'
2023-05-31 10:26:38|   0.3|  0.0|INFORM|CSV reader: Directive '_REPLACE_ATTR_NAME_INVALID_CHARS' has the value 'No'
2023-05-31 10:26:38|   0.3|  0.0|INFORM|CSV Feature Recorder -1 2147549187 (RecorderFactory): Splitting bulk features into individual features
2023-05-31 10:26:38|   0.3|  0.0|INFORM|MULTI_READER(MULTI_READER): Done reading 208 features from 2 readers
2023-05-31 10:26:38|   0.3|  0.0|INFORM|Emptying factory pipeline
2023-05-31 10:26:38|   0.3|  0.0|STATS |Router and Unexpected Input Remover (RoutingFactory): Tested 208 input feature(s), wrote 208 output feature(s): 208 matched merge filters, 208 were routed to output, 0 could not be routed.
2023-05-31 10:26:38|   0.3|  0.0|STATS |Unwanted Router Input Nuker (TeeFactory): Cloned 0 input feature(s) into 0 output feature(s)
2023-05-31 10:26:38|   0.3|  0.0|STATS |CSV_CSV2_1 Splitter (TeeFactory): Cloned 104 input feature(s) into 104 output feature(s)
2023-05-31 10:26:38|   0.3|  0.0|STATS |intrasis_bb_OGCGEOPACKAGE_1 Splitter (TeeFactory): Cloned 104 input feature(s) into 104 output feature(s)
2023-05-31 10:26:38|   0.3|  0.0|STATS |FeatureMerger (ReferenceFactory): Total Results: 104 Complete Feature(s), 0 Incomplete Feature(s), 104 Referenced Feature(s), 0 Unreferenced Feature(s), 0 Referencer Feature(s) (NO REFERENCES), 0 Referencee Feature(s) (NO Referencee fields defined), and 0 Duplicate Referencee Feature(s)
2023-05-31 10:26:38|   0.4|  0.1|STATS |Destination Feature Type Routing Correlator (RoutingFactory): Tested 0 input feature(s), wrote 0 output feature(s): 0 matched merge filters, 0 were routed to output, 0 could not be routed.
2023-05-31 10:26:38|   0.4|  0.0|STATS |Final Output Nuker (TeeFactory): Cloned 0 input feature(s) into 0 output feature(s)
2023-05-31 10:26:38|   0.4|  0.0|STATS |=-=-=-=-=-=-=-=-=-=-=-=-=-=-=-=-=-=-=-=-=-=-=-=-=-=-=-=-=-=-=-=-=-=-=-=-=-=-=-
2023-05-31 10:26:38|   0.4|  0.0|STATS |                            Features Read Summary
2023-05-31 10:26:38|   0.4|  0.0|STATS |=-=-=-=-=-=-=-=-=-=-=-=-=-=-=-=-=-=-=-=-=-=-=-=-=-=-=-=-=-=-=-=-=-=-=-=-=-=-=-
2023-05-31 10:26:38|   0.4|  0.0|STATS |CSV                                                                        104
2023-05-31 10:26:38|   0.4|  0.0|STATS |intrasis_bb                                                                104
2023-05-31 10:26:38|   0.4|  0.0|STATS |==============================================================================
2023-05-31 10:26:38|   0.4|  0.0|STATS |Total Features Read                                                        208
2023-05-31 10:26:38|   0.4|  0.0|STATS |=-=-=-=-=-=-=-=-=-=-=-=-=-=-=-=-=-=-=-=-=-=-=-=-=-=-=-=-=-=-=-=-=-=-=-=-=-=-=-
2023-05-31 10:26:38|   0.4|  0.0|STATS |=-=-=-=-=-=-=-=-=-=-=-=-=-=-=-=-=-=-=-=-=-=-=-=-=-=-=-=-=-=-=-=-=-=-=-=-=-=-=-
2023-05-31 10:26:38|   0.4|  0.0|STATS |                           Features Written Summary
2023-05-31 10:26:38|   0.4|  0.0|STATS |=-=-=-=-=-=-=-=-=-=-=-=-=-=-=-=-=-=-=-=-=-=-=-=-=-=-=-=-=-=-=-=-=-=-=-=-=-=-=-
2023-05-31 10:26:38|   0.4|  0.0|STATS |==============================================================================
2023-05-31 10:26:38|   0.4|  0.0|STATS |Total Features Written                                                       0
2023-05-31 10:26:38|   0.4|  0.0|STATS |=-=-=-=-=-=-=-=-=-=-=-=-=-=-=-=-=-=-=-=-=-=-=-=-=-=-=-=-=-=-=-=-=-=-=-=-=-=-=-
2023-05-31 10:26:38|   0.4|  0.0|WARN  |-~-~-~-~-~-~-~-~-~-~-~-~-~-~-~-~-~-~-~-~-~-~-~-~-~-~-~-~-~-~-~-~-~-~-~-~-~-~-~-~-
2023-05-31 10:26:38|   0.4|  0.0|WARN  |-~                                                                             ~-
2023-05-31 10:26:38|   0.4|  0.0|WARN  |-~    Feature caches have been recorded at every stage of the translation.     ~-
2023-05-31 10:26:38|   0.4|  0.0|WARN  |-~                      To inspect the recorded features,                      ~-
2023-05-31 10:26:38|   0.4|  0.0|WARN  |-~              click the feature cache icons next to the ports.               ~-
2023-05-31 10:26:38|   0.4|  0.0|WARN  |-~                                                                             ~-
2023-05-31 10:26:38|   0.4|  0.0|WARN  |-~-~-~-~-~-~-~-~-~-~-~-~-~-~-~-~-~-~-~-~-~-~-~-~-~-~-~-~-~-~-~-~-~-~-~-~-~-~-~-~-
2023-05-31 10:26:38|   0.4|  0.0|INFORM|Translation was SUCCESSFUL with 8 warning(s) (0 feature(s) output)
2023-05-31 10:26:38|   0.5|  0.1|INFORM|FME Session Duration: 0.6 seconds. (CPU: 0.3s user, 0.2s system)
2023-05-31 10:26:38|   0.5|  0.0|INFORM|END - ProcessID: 28400, peak process memory usage: 150892 kB, current process memory usage: 124836 kB
