2023-08-17 13:24:01|   0.0|  0.0|INFORM|Current FME version: FME 2022.1.3.0 (20220928 - Build 22630 - WIN64)
2023-08-17 13:24:01|   0.0|  0.0|INFORM|FME_HOME is 'C:\Program Files\FME2022_1_3\'
2023-08-17 13:24:01|   0.0|  0.0|INFORM|FME Database Edition (node locked-crc)
2023-08-17 13:24:01|   0.0|  0.0|INFORM|Serial Number: ZVY7-REY4-21GZ
2023-08-17 13:24:01|   0.0|  0.0|INFORM|Temporary License: 311 days left.
2023-08-17 13:24:01|   0.0|  0.0|INFORM|Machine host name is: EPI-4L2CTD3
2023-08-17 13:24:01|   0.0|  0.0|INFORM|OS Locale Name     : sv_SE
2023-08-17 13:24:01|   0.0|  0.0|INFORM|OS Locale Encoding : windows-1252
2023-08-17 13:24:01|   0.0|  0.0|INFORM|Process Encoding   : UTF-8
2023-08-17 13:24:01|   0.0|  0.0|INFORM|FME API version: '4.0 20220615'
2023-08-17 13:24:01|   0.0|  0.0|INFORM|FME Configuration: FME_BASE is 'no'
2023-08-17 13:24:01|   0.0|  0.0|INFORM|FME Configuration: FME_MF_DIR is 'C:\Users\krima354\Work Folders\Documents\GitHub\kix_working_dir\divFME\restore_drop_backup_idb/'
2023-08-17 13:24:01|   0.0|  0.0|INFORM|FME Configuration: FME_MF_NAME is 'BackupIntrasisDB.fmw'
2023-08-17 13:24:01|   0.0|  0.0|INFORM|FME Configuration: FME_PRODUCT_NAME is 'FME(R) 2022.1.3.0'
2023-08-17 13:24:01|   0.0|  0.0|INFORM|Operating System: Microsoft Windows 10 64-bit  (Build 19045)
2023-08-17 13:24:01|   0.0|  0.0|INFORM|FME Platform: WIN64
2023-08-17 13:24:01|   0.0|  0.0|INFORM|System Status: 316.89 GB of disk space available in the FME temporary folder (C:\Users\krima354\AppData\Local\Temp\wbrun_1692271384105_16520\fmetmp_0)
2023-08-17 13:24:01|   0.0|  0.0|INFORM|System Status: 31.73 GB of physical memory available
2023-08-17 13:24:01|   0.0|  0.0|INFORM|System Status: 126.93 GB of virtual memory available
2023-08-17 13:24:01|   0.0|  0.0|INFORM|START - ProcessID: 17648, peak process memory usage: 50028 kB, current process memory usage: 50028 kB
2023-08-17 13:24:01|   0.0|  0.0|INFORM|FME Configuration: Command line arguments are `C:\Program Files\FME2022_1_3\fme.exe' `C:/Users/krima354/Work Folders/Documents/GitHub/kix_working_dir/divFME/restore_drop_backup_idb\wb-xlate-1692271438694_16520' `LOG_STANDARDOUT' `YES' `LOG_TIMINGS' `YES' `LogCountServerName' `51328' `LOG_STANDARDOUT' `No' `WORKBENCH_LOG_SERVER' `51309'
2023-08-17 13:24:01|   0.0|  0.0|INFORM|FME Configuration: Connection Storage: 'C:\Users\krima354\AppData\Roaming\Safe Software\FME\'
2023-08-17 13:24:01|   0.0|  0.0|INFORM|Shared folders for formats are : C:\Program Files\FME2022_1_3\datasources;C:\Users\krima354\Work Folders\Documents\FME\Formats
2023-08-17 13:24:01|   0.0|  0.0|INFORM|Shared folders for transformers are : C:\Users\krima354\AppData\Roaming\Safe Software\FME\Packages\22630-win64\transformers;C:\Program Files\FME2022_1_3\transformers;C:\Users\krima354\AppData\Roaming\Safe Software\FME\FME Store\Transformers
2023-08-17 13:24:01|   0.0|  0.0|INFORM|Shared folders for coordinate systems are : C:\Users\krima354\Work Folders\Documents\FME\CoordinateSystems
2023-08-17 13:24:01|   0.0|  0.0|INFORM|Shared folders for coordinate system exceptions are : C:\Users\krima354\Work Folders\Documents\FME\CoordinateSystemExceptions
2023-08-17 13:24:01|   0.0|  0.0|INFORM|Shared folders for coordinate system grid overrides are : C:\Users\krima354\Work Folders\Documents\FME\CoordinateSystemGridOverrides
2023-08-17 13:24:01|   0.0|  0.0|INFORM|Shared folders for CS-MAP transformation exceptions are : C:\Users\krima354\Work Folders\Documents\FME\CsmapTransformationExceptions
2023-08-17 13:24:01|   0.0|  0.0|INFORM|Shared folders for transformer categories are : C:\Users\krima354\Work Folders\Documents\FME\TransformerCategories
2023-08-17 13:24:01|   0.0|  0.0|INFORM|Mapping File Identifier is: SAUimportIntrasis
2023-08-17 13:24:01|   0.0|  0.0|INFORM|FME Configuration: Reader Keyword is `MULTI_READER'
2023-08-17 13:24:01|   0.0|  0.0|INFORM|FME Configuration: Writer Keyword is `NULL_DEST'
2023-08-17 13:24:01|   0.0|  0.0|INFORM|FME Configuration: Writer Group Definition Keyword is `NULL_DEST_DEF'
2023-08-17 13:24:01|   0.0|  0.0|INFORM|FME Configuration: Reader type is `MULTI_READER'
2023-08-17 13:24:01|   0.0|  0.0|INFORM|FME Configuration: Writer type is `NULL'
2023-08-17 13:24:01|   0.0|  0.0|INFORM|FME Configuration: No destination coordinate system set
2023-08-17 13:24:01|   0.0|  0.0|INFORM|FME Configuration: Current working folder is `C:\Users\krima354\Work Folders\Documents\GitHub\kix_working_dir\divFME\restore_drop_backup_idb'
2023-08-17 13:24:01|   0.0|  0.0|INFORM|FME Configuration: Temporary folder is `C:\Users\krima354\AppData\Local\Temp\wbrun_1692271384105_16520\fmetmp_0', set from environment variable `FME_TEMP'
2023-08-17 13:24:01|   0.0|  0.0|INFORM|FME Configuration: Cache folder is 'C:\Users\krima354\AppData\Local\Temp'
2023-08-17 13:24:01|   0.0|  0.0|INFORM|FME Configuration: FME_HOME is `C:\Program Files\FME2022_1_3\'
2023-08-17 13:24:01|   0.0|  0.0|INFORM|FME Configuration: Start freeing memory when the process exceeds 95.20 GB
2023-08-17 13:24:01|   0.0|  0.0|INFORM|FME Configuration: Stop freeing memory when the process is below 71.40 GB
2023-08-17 13:24:01|   0.0|  0.0|INFORM|Creating writer for format: NULL (Nothing)
2023-08-17 13:24:01|   0.0|  0.0|INFORM|Trying to find a DYNAMIC plugin for writer named `NULL'
2023-08-17 13:24:01|   0.0|  0.0|INFORM|Loaded module 'NULL' from file 'C:\Program Files\FME2022_1_3\plugins/NULL.dll'
2023-08-17 13:24:01|   0.0|  0.0|INFORM|FME API version of module 'NULL' matches current internal version (4.0 20220615)
2023-08-17 13:24:01|   0.0|  0.0|INFORM|Creating reader for format: 
2023-08-17 13:24:01|   0.0|  0.0|INFORM|MULTI_READER(MULTI_READER): Will fail with first member reader failure
2023-08-17 13:24:01|   0.0|  0.0|INFORM|MULTI_READER(MULTI_READER): Adding CSV2 Reader with keyword CSV2_1
2023-08-17 13:24:01|   0.0|  0.0|INFORM|Using Multi Reader with keyword `MULTI_READER' to read multiple datasets
2023-08-17 13:24:01|   0.0|  0.0|INFORM|Creating reader for format: CSV (Comma Separated Value)
2023-08-17 13:24:01|   0.0|  0.0|INFORM|Trying to find a DYNAMIC plugin for reader named `CSV2'
2023-08-17 13:24:01|   0.0|  0.0|INFORM|Loaded module 'CSV2' from file 'C:\Program Files\FME2022_1_3\plugins/CSV2.dll'
2023-08-17 13:24:01|   0.0|  0.0|INFORM|FME API version of module 'CSV2' matches current internal version (4.0 20220615)
2023-08-17 13:24:01|   0.0|  0.0|INFORM|CSV reader: Opening dataset 'C:\Users\krima354\Work Folders\Documents\GitHub\kix_working_dir\urdar\db_on_urdar.csv'
2023-08-17 13:24:01|   0.0|  0.0|INFORM|CSV reader: Directive '_TRIM_FEATURE_TYPE_NAME' has the value 'Yes'
2023-08-17 13:24:01|   0.0|  0.0|INFORM|CSV reader: Directive '_SUPPORTED_READER_ARCHIVE_EXTENSIONS' has the value 'csv.gz,txt.gz'
2023-08-17 13:24:01|   0.0|  0.0|INFORM|CSV reader: Directive '_DELIMITER' has the value 'auto'
2023-08-17 13:24:01|   0.0|  0.0|INFORM|CSV reader: Directive '_FIELD_NAMES_LINE' has the value '1'
2023-08-17 13:24:01|   0.0|  0.0|INFORM|CSV reader: Directive '_DATA_START_LINE' has the value '2'
2023-08-17 13:24:01|   0.0|  0.0|INFORM|CSV reader: Directive '_SCAN_MAX_ROWS' has the value '10000'
2023-08-17 13:24:01|   0.0|  0.0|INFORM|CSV reader: Directive '_READ_SKIPPED_LINES' has the value 'No'
2023-08-17 13:24:01|   0.0|  0.0|INFORM|CSV reader: Directive '_ENCODING' has the value 'windows-1252'
2023-08-17 13:24:01|   0.0|  0.0|INFORM|CSV reader: Directive 'FME_NAMES_ENCODING' has the value 'UTF-8'
2023-08-17 13:24:01|   0.0|  0.0|INFORM|CSV reader: Directive '_SKIP_DUPLICATE_DELIMITERS' has the value 'No'
2023-08-17 13:24:01|   0.0|  0.0|INFORM|CSV reader: Directive '_FIELD_QUALIFIER_CHARACTER' has the value '"'
2023-08-17 13:24:01|   0.0|  0.0|INFORM|CSV reader: Directive '_FIELD_QUALIFIER_ESCAPE_CHARACTER' has the value '"'
2023-08-17 13:24:01|   0.0|  0.0|INFORM|CSV reader: Directive '_TRIM_FIELD_NAME_QUALIFIERS' has the value 'Yes'
2023-08-17 13:24:01|   0.0|  0.0|INFORM|CSV reader: Directive '_TRIM_FIELD_VALUE_QUALIFIERS' has the value 'Yes'
2023-08-17 13:24:01|   0.0|  0.0|INFORM|CSV reader: Directive '_PRESERVE_SOURCE_ENCODING' has the value 'No'
2023-08-17 13:24:01|   0.0|  0.0|INFORM|CSV reader: Directive '_CASE_SENSITIVE_FIELD_NAMES' has the value 'Yes'
2023-08-17 13:24:01|   0.0|  0.0|INFORM|CSV reader: Directive '_ENFORCE_STRICT_SCHEMA' has the value 'No'
2023-08-17 13:24:01|   0.0|  0.0|INFORM|CSV reader: Directive '_SCAN_TYPES' has the value 'Yes'
2023-08-17 13:24:01|   0.0|  0.0|INFORM|CSV reader: Directive '_TYPE_ATTRIBUTE_HANDLING' has the value 'STANDARD_TYPES'
2023-08-17 13:24:01|   0.0|  0.0|INFORM|CSV reader: Directive '_STRING_TYPE_ATTRIBUTE_HANDLING' has the value 'EXPLICIT_WIDTH'
2023-08-17 13:24:01|   0.0|  0.0|INFORM|CSV reader: Directive '_SCAN_ADDITIONAL_FIELDS' has the value 'No'
2023-08-17 13:24:01|   0.0|  0.0|INFORM|CSV reader: Directive '_DATE_INPUT_FORMAT' has the value 'ISO'
2023-08-17 13:24:01|   0.0|  0.0|INFORM|CSV reader: Directive '_CHUNK_SIZE' has the value '100000'
2023-08-17 13:24:01|   0.0|  0.0|INFORM|CSV reader: Directive '_TRIM_FIELD_NAME_WHITESPACE' has the value 'Yes'
2023-08-17 13:24:01|   0.0|  0.0|INFORM|CSV reader: Directive '_READ_EMPTY_VALUES_AS' has the value 'Null'
2023-08-17 13:24:01|   0.0|  0.0|INFORM|CSV reader: Directive '_REPLACE_ATTR_NAME_INVALID_CHARS' has the value 'No'
2023-08-17 13:24:01|   0.0|  0.0|WARN  |CSV reader: Auto delimiter detection failed, using ' ' as default delimiter. Delimiter can also be selected from the reader parameters
2023-08-17 13:24:01|   0.0|  0.0|INFORM|Loaded module 'LogCount_func' from file 'C:\Program Files\FME2022_1_3\plugins/LogCount_func.dll'
2023-08-17 13:24:01|   0.0|  0.0|INFORM|FME API version of module 'LogCount_func' matches current internal version (4.0 20220615)
2023-08-17 13:24:02|   0.0|  0.0|INFORM|MULTI_READER(MULTI_READER): Done reading 3706 features from 1 readers
2023-08-17 13:24:02|   0.0|  0.0|INFORM|Emptying factory pipeline
2023-08-17 13:24:02|   0.0|  0.0|STATS |Router and Unexpected Input Remover (RoutingFactory): Tested 3706 input feature(s), wrote 3706 output feature(s): 3706 matched merge filters, 3706 were routed to output, 0 could not be routed.
2023-08-17 13:24:02|   0.0|  0.0|STATS |Unwanted Router Input Nuker (TeeFactory): Cloned 0 input feature(s) into 0 output feature(s)
2023-08-17 13:24:02|   0.0|  0.0|STATS |pg_catalog.pg_database_POSTGRES_1 Splitter (TeeFactory): Cloned 0 input feature(s) into 0 output feature(s)
2023-08-17 13:24:02|   0.0|  0.0|STATS |CSV_CSV2_1 Splitter (TeeFactory): Cloned 3706 input feature(s) into 3706 output feature(s)
2023-08-17 13:24:02|   0.0|  0.0|STATS |Destination Feature Type Routing Correlator (RoutingFactory): Tested 3706 input feature(s), wrote 3706 output feature(s): 0 matched merge filters, 0 were routed to output, 3706 could not be routed.
2023-08-17 13:24:02|   0.0|  0.0|STATS |Final Output Nuker (TeeFactory): Cloned 3706 input feature(s) into 0 output feature(s)
2023-08-17 13:24:02|   0.0|  0.0|WARN  |=-=-=-=-=-=-=-=-=-=-=-=-=-=-=-=-=-=-=-=-=-=-=-=-=-=-=-=-=-=-=-=-=-=-=-=-=-=-=-
2023-08-17 13:24:02|   0.0|  0.0|WARN  |      Features not written - verify feature type fanout/dynamic settings
2023-08-17 13:24:02|   0.0|  0.0|WARN  |=-=-=-=-=-=-=-=-=-=-=-=-=-=-=-=-=-=-=-=-=-=-=-=-=-=-=-=-=-=-=-=-=-=-=-=-=-=-=-
2023-08-17 13:24:02|   0.0|  0.0|WARN  |  (Check that fanout/dynamic feature type attribute exists and has a value)
2023-08-17 13:24:02|   0.0|  0.0|WARN  |=-=-=-=-=-=-=-=-=-=-=-=-=-=-=-=-=-=-=-=-=-=-=-=-=-=-=-=-=-=-=-=-=-=-=-=-=-=-=-
2023-08-17 13:24:02|   0.0|  0.0|WARN  |                                                                          3706
2023-08-17 13:24:02|   0.0|  0.0|WARN  |==============================================================================
2023-08-17 13:24:02|   0.0|  0.0|WARN  |Total features not written                                                3706
2023-08-17 13:24:02|   0.0|  0.0|WARN  |=-=-=-=-=-=-=-=-=-=-=-=-=-=-=-=-=-=-=-=-=-=-=-=-=-=-=-=-=-=-=-=-=-=-=-=-=-=-=-
2023-08-17 13:24:02|   0.0|  0.0|STATS |=-=-=-=-=-=-=-=-=-=-=-=-=-=-=-=-=-=-=-=-=-=-=-=-=-=-=-=-=-=-=-=-=-=-=-=-=-=-=-
2023-08-17 13:24:02|   0.0|  0.0|STATS |                            Features Read Summary
2023-08-17 13:24:02|   0.0|  0.0|STATS |=-=-=-=-=-=-=-=-=-=-=-=-=-=-=-=-=-=-=-=-=-=-=-=-=-=-=-=-=-=-=-=-=-=-=-=-=-=-=-
2023-08-17 13:24:02|   0.0|  0.0|STATS |CSV                                                                       3706
2023-08-17 13:24:02|   0.0|  0.0|STATS |==============================================================================
2023-08-17 13:24:02|   0.0|  0.0|STATS |Total Features Read                                                       3706
2023-08-17 13:24:02|   0.0|  0.0|STATS |=-=-=-=-=-=-=-=-=-=-=-=-=-=-=-=-=-=-=-=-=-=-=-=-=-=-=-=-=-=-=-=-=-=-=-=-=-=-=-
2023-08-17 13:24:02|   0.0|  0.0|STATS |=-=-=-=-=-=-=-=-=-=-=-=-=-=-=-=-=-=-=-=-=-=-=-=-=-=-=-=-=-=-=-=-=-=-=-=-=-=-=-
2023-08-17 13:24:02|   0.0|  0.0|STATS |                           Features Written Summary
2023-08-17 13:24:02|   0.0|  0.0|STATS |=-=-=-=-=-=-=-=-=-=-=-=-=-=-=-=-=-=-=-=-=-=-=-=-=-=-=-=-=-=-=-=-=-=-=-=-=-=-=-
2023-08-17 13:24:02|   0.0|  0.0|STATS |==============================================================================
2023-08-17 13:24:02|   0.0|  0.0|STATS |Total Features Written                                                       0
2023-08-17 13:24:02|   0.0|  0.0|STATS |=-=-=-=-=-=-=-=-=-=-=-=-=-=-=-=-=-=-=-=-=-=-=-=-=-=-=-=-=-=-=-=-=-=-=-=-=-=-=-
2023-08-17 13:24:02|   0.0|  0.0|WARN  |-~-~-~-~-~-~-~-~-~-~-~-~-~-~-~-~-~-~-~-~-~-~-~-~-~-~-~-~-~-~-~-~-~-~-~-~-~-~-~-~-
2023-08-17 13:24:02|   0.0|  0.0|WARN  |-~                                                                             ~-
2023-08-17 13:24:02|   0.0|  0.0|WARN  |-~    Feature caches have been recorded at every stage of the translation.     ~-
2023-08-17 13:24:02|   0.0|  0.0|WARN  |-~                      To inspect the recorded features,                      ~-
2023-08-17 13:24:02|   0.0|  0.0|WARN  |-~              click the feature cache icons next to the ports.               ~-
2023-08-17 13:24:02|   0.0|  0.0|WARN  |-~                                                                             ~-
2023-08-17 13:24:02|   0.0|  0.0|WARN  |-~-~-~-~-~-~-~-~-~-~-~-~-~-~-~-~-~-~-~-~-~-~-~-~-~-~-~-~-~-~-~-~-~-~-~-~-~-~-~-~-
2023-08-17 13:24:02|   0.0|  0.0|INFORM|Translation was SUCCESSFUL with 17 warning(s) (0 feature(s) output)
2023-08-17 13:24:02|   0.0|  0.0|INFORM|FME Session Duration: 0.4 seconds. (CPU: 0.0s user, 0.0s system)
2023-08-17 13:24:02|   0.0|  0.0|INFORM|END - ProcessID: 17648, peak process memory usage: 79364 kB, current process memory usage: 67960 kB
2023-08-17 13:38:56|   0.0|  0.0|INFORM|Current FME version: FME 2022.1.3.0 (20220928 - Build 22630 - WIN64)
2023-08-17 13:38:56|   0.0|  0.0|INFORM|FME_HOME is 'C:\Program Files\FME2022_1_3\'
2023-08-17 13:38:56|   0.0|  0.0|INFORM|FME Database Edition (node locked-crc)
2023-08-17 13:38:56|   0.0|  0.0|INFORM|Serial Number: ZVY7-REY4-21GZ
2023-08-17 13:38:56|   0.0|  0.0|INFORM|Temporary License: 311 days left.
2023-08-17 13:38:56|   0.0|  0.0|INFORM|Machine host name is: EPI-4L2CTD3
2023-08-17 13:38:56|   0.0|  0.0|INFORM|OS Locale Name     : sv_SE
2023-08-17 13:38:56|   0.0|  0.0|INFORM|OS Locale Encoding : windows-1252
2023-08-17 13:38:56|   0.0|  0.0|INFORM|Process Encoding   : UTF-8
2023-08-17 13:38:56|   0.0|  0.0|INFORM|FME API version: '4.0 20220615'
2023-08-17 13:38:56|   0.0|  0.0|INFORM|FME Configuration: FME_BASE is 'no'
2023-08-17 13:38:56|   0.0|  0.0|INFORM|FME Configuration: FME_MF_DIR is 'C:\Users\krima354\Work Folders\Documents\GitHub\kix_working_dir\divFME\restore_drop_backup_idb/'
2023-08-17 13:38:56|   0.0|  0.0|INFORM|FME Configuration: FME_MF_NAME is 'BackupIntrasisDB.fmw'
2023-08-17 13:38:56|   0.0|  0.0|INFORM|FME Configuration: FME_PRODUCT_NAME is 'FME(R) 2022.1.3.0'
2023-08-17 13:38:56|   0.0|  0.0|INFORM|Operating System: Microsoft Windows 10 64-bit  (Build 19045)
2023-08-17 13:38:56|   0.0|  0.0|INFORM|FME Platform: WIN64
2023-08-17 13:38:56|   0.0|  0.0|INFORM|System Status: 316.86 GB of disk space available in the FME temporary folder (C:\Users\krima354\AppData\Local\Temp\wbrun_1692271384105_16520\fmetmp_1)
2023-08-17 13:38:56|   0.0|  0.0|INFORM|System Status: 31.73 GB of physical memory available
2023-08-17 13:38:56|   0.0|  0.0|INFORM|System Status: 126.93 GB of virtual memory available
2023-08-17 13:38:56|   0.0|  0.0|INFORM|START - ProcessID: 16964, peak process memory usage: 49516 kB, current process memory usage: 49516 kB
2023-08-17 13:38:56|   0.0|  0.0|INFORM|FME Configuration: Command line arguments are `C:\Program Files\FME2022_1_3\fme.exe' `C:/Users/krima354/Work Folders/Documents/GitHub/kix_working_dir/divFME/restore_drop_backup_idb\wb-xlate-1692272198792_16520' `LOG_STANDARDOUT' `YES' `LOG_TIMINGS' `YES' `LogCountServerName' `51328' `LOG_STANDARDOUT' `No' `WORKBENCH_LOG_SERVER' `51309'
2023-08-17 13:38:56|   0.0|  0.0|INFORM|FME Configuration: Connection Storage: 'C:\Users\krima354\AppData\Roaming\Safe Software\FME\'
2023-08-17 13:38:56|   0.0|  0.0|INFORM|Shared folders for formats are : C:\Program Files\FME2022_1_3\datasources;C:\Users\krima354\Work Folders\Documents\FME\Formats
2023-08-17 13:38:56|   0.0|  0.0|INFORM|Shared folders for transformers are : C:\Users\krima354\AppData\Roaming\Safe Software\FME\Packages\22630-win64\transformers;C:\Program Files\FME2022_1_3\transformers;C:\Users\krima354\AppData\Roaming\Safe Software\FME\FME Store\Transformers
2023-08-17 13:38:56|   0.0|  0.0|INFORM|Shared folders for coordinate systems are : C:\Users\krima354\Work Folders\Documents\FME\CoordinateSystems
2023-08-17 13:38:56|   0.0|  0.0|INFORM|Shared folders for coordinate system exceptions are : C:\Users\krima354\Work Folders\Documents\FME\CoordinateSystemExceptions
2023-08-17 13:38:56|   0.0|  0.0|INFORM|Shared folders for coordinate system grid overrides are : C:\Users\krima354\Work Folders\Documents\FME\CoordinateSystemGridOverrides
2023-08-17 13:38:56|   0.0|  0.0|INFORM|Shared folders for CS-MAP transformation exceptions are : C:\Users\krima354\Work Folders\Documents\FME\CsmapTransformationExceptions
2023-08-17 13:38:56|   0.0|  0.0|INFORM|Shared folders for transformer categories are : C:\Users\krima354\Work Folders\Documents\FME\TransformerCategories
2023-08-17 13:38:56|   0.0|  0.0|INFORM|Mapping File Identifier is: SAUimportIntrasis
2023-08-17 13:38:56|   0.0|  0.0|INFORM|FME Configuration: Reader Keyword is `MULTI_READER'
2023-08-17 13:38:56|   0.0|  0.0|INFORM|FME Configuration: Writer Keyword is `NULL_DEST'
2023-08-17 13:38:56|   0.0|  0.0|INFORM|FME Configuration: Writer Group Definition Keyword is `NULL_DEST_DEF'
2023-08-17 13:38:56|   0.0|  0.0|INFORM|FME Configuration: Reader type is `MULTI_READER'
2023-08-17 13:38:56|   0.0|  0.0|INFORM|FME Configuration: Writer type is `NULL'
2023-08-17 13:38:56|   0.0|  0.0|INFORM|FME Configuration: No destination coordinate system set
2023-08-17 13:38:56|   0.0|  0.0|INFORM|FME Configuration: Current working folder is `C:\Users\krima354\Work Folders\Documents\GitHub\kix_working_dir\divFME\restore_drop_backup_idb'
2023-08-17 13:38:56|   0.0|  0.0|INFORM|FME Configuration: Temporary folder is `C:\Users\krima354\AppData\Local\Temp\wbrun_1692271384105_16520\fmetmp_1', set from environment variable `FME_TEMP'
2023-08-17 13:38:56|   0.0|  0.0|INFORM|FME Configuration: Cache folder is 'C:\Users\krima354\AppData\Local\Temp'
2023-08-17 13:38:56|   0.0|  0.0|INFORM|FME Configuration: FME_HOME is `C:\Program Files\FME2022_1_3\'
2023-08-17 13:38:56|   0.0|  0.0|INFORM|FME Configuration: Start freeing memory when the process exceeds 95.20 GB
2023-08-17 13:38:56|   0.0|  0.0|INFORM|FME Configuration: Stop freeing memory when the process is below 71.40 GB
2023-08-17 13:38:56|   0.0|  0.0|INFORM|Creating writer for format: NULL (Nothing)
2023-08-17 13:38:56|   0.0|  0.0|INFORM|Trying to find a DYNAMIC plugin for writer named `NULL'
2023-08-17 13:38:56|   0.0|  0.0|INFORM|Loaded module 'NULL' from file 'C:\Program Files\FME2022_1_3\plugins/NULL.dll'
2023-08-17 13:38:56|   0.0|  0.0|INFORM|FME API version of module 'NULL' matches current internal version (4.0 20220615)
2023-08-17 13:38:56|   0.0|  0.0|INFORM|Creating reader for format: 
2023-08-17 13:38:56|   0.0|  0.0|INFORM|MULTI_READER(MULTI_READER): Will fail with first member reader failure
2023-08-17 13:38:56|   0.0|  0.0|INFORM|MULTI_READER(MULTI_READER): Adding CSV2 Reader with keyword CSV2_1
2023-08-17 13:38:56|   0.0|  0.0|INFORM|Using Multi Reader with keyword `MULTI_READER' to read multiple datasets
2023-08-17 13:38:56|   0.0|  0.0|INFORM|Creating reader for format: CSV (Comma Separated Value)
2023-08-17 13:38:56|   0.0|  0.0|INFORM|Trying to find a DYNAMIC plugin for reader named `CSV2'
2023-08-17 13:38:56|   0.0|  0.0|INFORM|Loaded module 'CSV2' from file 'C:\Program Files\FME2022_1_3\plugins/CSV2.dll'
2023-08-17 13:38:56|   0.0|  0.0|INFORM|FME API version of module 'CSV2' matches current internal version (4.0 20220615)
2023-08-17 13:38:56|   0.0|  0.0|INFORM|CSV reader: Opening dataset 'C:\Users\krima354\Work Folders\Documents\GitHub\kix_working_dir\urdar\db_on_urdar.csv'
2023-08-17 13:38:56|   0.0|  0.0|INFORM|CSV reader: Directive '_TRIM_FEATURE_TYPE_NAME' has the value 'Yes'
2023-08-17 13:38:56|   0.0|  0.0|INFORM|CSV reader: Directive '_SUPPORTED_READER_ARCHIVE_EXTENSIONS' has the value 'csv.gz,txt.gz'
2023-08-17 13:38:56|   0.0|  0.0|INFORM|CSV reader: Directive '_DELIMITER' has the value 'auto'
2023-08-17 13:38:56|   0.0|  0.0|INFORM|CSV reader: Directive '_FIELD_NAMES_LINE' has the value '1'
2023-08-17 13:38:56|   0.0|  0.0|INFORM|CSV reader: Directive '_DATA_START_LINE' has the value '2'
2023-08-17 13:38:56|   0.0|  0.0|INFORM|CSV reader: Directive '_SCAN_MAX_ROWS' has the value '10000'
2023-08-17 13:38:56|   0.0|  0.0|INFORM|CSV reader: Directive '_READ_SKIPPED_LINES' has the value 'No'
2023-08-17 13:38:56|   0.0|  0.0|INFORM|CSV reader: Directive '_ENCODING' has the value 'windows-1252'
2023-08-17 13:38:56|   0.0|  0.0|INFORM|CSV reader: Directive 'FME_NAMES_ENCODING' has the value 'UTF-8'
2023-08-17 13:38:56|   0.0|  0.0|INFORM|CSV reader: Directive '_SKIP_DUPLICATE_DELIMITERS' has the value 'No'
2023-08-17 13:38:56|   0.0|  0.0|INFORM|CSV reader: Directive '_FIELD_QUALIFIER_CHARACTER' has the value '"'
2023-08-17 13:38:56|   0.0|  0.0|INFORM|CSV reader: Directive '_FIELD_QUALIFIER_ESCAPE_CHARACTER' has the value '"'
2023-08-17 13:38:56|   0.0|  0.0|INFORM|CSV reader: Directive '_TRIM_FIELD_NAME_QUALIFIERS' has the value 'Yes'
2023-08-17 13:38:56|   0.0|  0.0|INFORM|CSV reader: Directive '_TRIM_FIELD_VALUE_QUALIFIERS' has the value 'Yes'
2023-08-17 13:38:56|   0.0|  0.0|INFORM|CSV reader: Directive '_PRESERVE_SOURCE_ENCODING' has the value 'No'
2023-08-17 13:38:56|   0.0|  0.0|INFORM|CSV reader: Directive '_CASE_SENSITIVE_FIELD_NAMES' has the value 'Yes'
2023-08-17 13:38:56|   0.0|  0.0|INFORM|CSV reader: Directive '_ENFORCE_STRICT_SCHEMA' has the value 'No'
2023-08-17 13:38:56|   0.0|  0.0|INFORM|CSV reader: Directive '_SCAN_TYPES' has the value 'Yes'
2023-08-17 13:38:56|   0.0|  0.0|INFORM|CSV reader: Directive '_TYPE_ATTRIBUTE_HANDLING' has the value 'STANDARD_TYPES'
2023-08-17 13:38:56|   0.0|  0.0|INFORM|CSV reader: Directive '_STRING_TYPE_ATTRIBUTE_HANDLING' has the value 'EXPLICIT_WIDTH'
2023-08-17 13:38:56|   0.0|  0.0|INFORM|CSV reader: Directive '_SCAN_ADDITIONAL_FIELDS' has the value 'No'
2023-08-17 13:38:56|   0.0|  0.0|INFORM|CSV reader: Directive '_DATE_INPUT_FORMAT' has the value 'ISO'
2023-08-17 13:38:56|   0.0|  0.0|INFORM|CSV reader: Directive '_CHUNK_SIZE' has the value '100000'
2023-08-17 13:38:56|   0.0|  0.0|INFORM|CSV reader: Directive '_TRIM_FIELD_NAME_WHITESPACE' has the value 'Yes'
2023-08-17 13:38:56|   0.0|  0.0|INFORM|CSV reader: Directive '_READ_EMPTY_VALUES_AS' has the value 'Null'
2023-08-17 13:38:56|   0.0|  0.0|INFORM|CSV reader: Directive '_REPLACE_ATTR_NAME_INVALID_CHARS' has the value 'No'
2023-08-17 13:38:56|   0.0|  0.0|WARN  |CSV reader: Auto delimiter detection failed, using ' ' as default delimiter. Delimiter can also be selected from the reader parameters
2023-08-17 13:38:56|   0.0|  0.0|INFORM|Loaded module 'LogCount_func' from file 'C:\Program Files\FME2022_1_3\plugins/LogCount_func.dll'
2023-08-17 13:38:56|   0.0|  0.0|INFORM|FME API version of module 'LogCount_func' matches current internal version (4.0 20220615)
2023-08-17 13:38:56|   0.1|  0.1|INFORM|AttributeManager: Bulk features are not supported because the expression contains a function call
2023-08-17 13:38:57|   0.4|  0.3|INFORM|AttributeManager_2: Bulk features are not supported because the expression contains a function call
2023-08-17 13:38:57|   0.7|  0.3|INFORM|TestFilter_2 (TestFactory): Bulk features are not supported due to parameter configuration: Test Clauses
2023-08-17 13:38:57|   0.7|  0.0|INFORM|SystemCaller_2: Executing `""c:\Program Files\PostgreSQL\12\bin\pg_dump" -U kicki -h 130.238.10.179 -p 5432 -F custom s2008039  >"C:\Users\krima354\Work Folders\Documents\kicki_arbetsfiler\slask\urdar_backup_20230817\s2008039_20230817.backup""'
2023-08-17 13:39:08|   0.7|  0.0|INFORM|SystemCaller_2: Processed 1 features
2023-08-17 13:39:16|   0.7|  0.0|INFORM|SystemCaller_2: Processed 2 features
2023-08-17 13:39:24|   0.8|  0.1|INFORM|SystemCaller_2: Processed 3 features
2023-08-17 13:39:31|   0.8|  0.0|INFORM|SystemCaller_2: Processed 4 features
2023-08-17 13:39:39|   0.8|  0.0|INFORM|SystemCaller_2: Processed 5 features
2023-08-17 13:39:46|   0.8|  0.0|INFORM|SystemCaller_2: Processed 6 features
2023-08-17 13:39:54|   0.8|  0.0|INFORM|SystemCaller_2: Processed 7 features
2023-08-17 13:40:01|   0.8|  0.0|INFORM|SystemCaller_2: Processed 8 features
2023-08-17 13:40:08|   0.9|  0.1|INFORM|SystemCaller_2: Processed 9 features
2023-08-17 13:40:19|   1.0|  0.1|INFORM|SystemCaller_2: Processed 10 features
2023-08-17 13:40:27|   1.0|  0.0|INFORM|SystemCaller_2: Processed 11 features
2023-08-17 13:40:36|   1.0|  0.0|INFORM|SystemCaller_2: Processed 12 features
2023-08-17 13:40:44|   1.0|  0.0|INFORM|SystemCaller_2: Processed 13 features
2023-08-17 13:40:52|   1.0|  0.0|INFORM|SystemCaller_2: Processed 14 features
2023-08-17 13:41:00|   1.1|  0.1|INFORM|SystemCaller_2: Processed 15 features
2023-08-17 13:41:08|   1.1|  0.0|INFORM|SystemCaller_2: Processed 16 features
2023-08-17 13:41:16|   1.1|  0.0|INFORM|SystemCaller_2: Processed 17 features
2023-08-17 13:41:24|   1.1|  0.0|INFORM|SystemCaller_2: Processed 18 features
2023-08-17 13:41:34|   1.1|  0.0|INFORM|SystemCaller_2: Processed 19 features
2023-08-17 13:41:41|   1.2|  0.1|INFORM|SystemCaller_2: Processed 20 features
2023-08-17 13:41:48|   1.2|  0.0|INFORM|SystemCaller_2: Processed 21 features
2023-08-17 13:41:58|   1.2|  0.0|INFORM|SystemCaller_2: Processed 22 features
2023-08-17 13:42:05|   1.2|  0.0|INFORM|SystemCaller_2: Processed 23 features
2023-08-17 13:42:13|   1.2|  0.0|INFORM|SystemCaller_2: Processed 24 features
2023-08-17 13:42:20|   1.2|  0.0|INFORM|SystemCaller_2: Processed 25 features
2023-08-17 13:42:28|   1.3|  0.1|INFORM|SystemCaller_2: Processed 26 features
2023-08-17 13:42:36|   1.3|  0.0|INFORM|SystemCaller_2: Processed 27 features
2023-08-17 13:42:44|   1.3|  0.0|INFORM|SystemCaller_2: Processed 28 features
2023-08-17 13:42:52|   1.3|  0.0|INFORM|SystemCaller_2: Processed 29 features
2023-08-17 13:42:59|   1.3|  0.0|INFORM|SystemCaller_2: Processed 30 features
2023-08-17 13:43:06|   1.3|  0.0|INFORM|SystemCaller_2: Processed 31 features
2023-08-17 13:43:14|   1.3|  0.0|INFORM|SystemCaller_2: Processed 32 features
2023-08-17 13:43:21|   1.4|  0.1|INFORM|SystemCaller_2: Processed 33 features
2023-08-17 13:43:29|   1.4|  0.0|INFORM|SystemCaller_2: Processed 34 features
2023-08-17 13:43:37|   1.4|  0.0|INFORM|SystemCaller_2: Processed 35 features
2023-08-17 13:43:45|   1.4|  0.0|INFORM|SystemCaller_2: Processed 36 features
2023-08-17 13:43:53|   1.4|  0.0|INFORM|SystemCaller_2: Processed 37 features
2023-08-17 13:44:00|   1.4|  0.0|INFORM|SystemCaller_2: Processed 38 features
