2023-05-29 10:53:14|   0.0|  0.0|INFORM|Current FME version: FME 2022.1.3.0 (20220928 - Build 22630 - WIN64)
2023-05-29 10:53:14|   0.0|  0.0|INFORM|FME_HOME is 'C:\Program Files\FME2022_1_3\'
2023-05-29 10:53:14|   0.0|  0.0|INFORM|FME Database Edition (node locked-crc)
2023-05-29 10:53:14|   0.0|  0.0|INFORM|Serial Number: GN3A-3NG9-21YZ
2023-05-29 10:53:14|   0.0|  0.0|INFORM|Temporary License: 25 days left.
2023-05-29 10:53:14|   0.0|  0.0|INFORM|Machine host name is: EPI-4L2CTD3
2023-05-29 10:53:14|   0.0|  0.0|INFORM|OS Locale Name     : sv_SE
2023-05-29 10:53:14|   0.0|  0.0|INFORM|OS Locale Encoding : windows-1252
2023-05-29 10:53:14|   0.0|  0.0|INFORM|Process Encoding   : UTF-8
2023-05-29 10:53:14|   0.0|  0.0|INFORM|FME API version: '4.0 20220615'
2023-05-29 10:53:14|   0.0|  0.0|INFORM|FME Configuration: FME_BASE is 'no'
2023-05-29 10:53:14|   0.0|  0.0|INFORM|FME Configuration: FME_MF_DIR is 'C:\Users\krima354\Work Folders\Documents\GitHub\kix_working_dir\divFME\restore_drop_backup_idb/'
2023-05-29 10:53:14|   0.0|  0.0|INFORM|FME Configuration: FME_MF_NAME is 'removeDBfromServer.fmw'
2023-05-29 10:53:14|   0.0|  0.0|INFORM|FME Configuration: FME_PRODUCT_NAME is 'FME(R) 2022.1.3.0'
2023-05-29 10:53:14|   0.0|  0.0|INFORM|Operating System: Microsoft Windows 10 64-bit  (Build 19045)
2023-05-29 10:53:14|   0.0|  0.0|INFORM|FME Platform: WIN64
2023-05-29 10:53:14|   0.0|  0.0|INFORM|System Status: 353.62 GB of disk space available in the FME temporary folder (C:\Users\krima354\AppData\Local\Temp\wbrun_1685350226761_11124\fmetmp_2)
2023-05-29 10:53:14|   0.0|  0.0|INFORM|System Status: 31.73 GB of physical memory available
2023-05-29 10:53:14|   0.0|  0.0|INFORM|System Status: 126.93 GB of virtual memory available
2023-05-29 10:53:14|   0.0|  0.0|INFORM|START - ProcessID: 19684, peak process memory usage: 49316 kB, current process memory usage: 49316 kB
2023-05-29 10:53:14|   0.0|  0.0|INFORM|FME Configuration: Command line arguments are `C:\Program Files\FME2022_1_3\fme.exe' `C:/Users/krima354/Work Folders/Documents/GitHub/kix_working_dir/divFME/restore_drop_backup_idb\wb-xlate-1685350348552_11124' `LOG_STANDARDOUT' `YES' `LOG_TIMINGS' `YES' `LogCountServerName' `56884' `LOG_STANDARDOUT' `No' `WORKBENCH_LOG_SERVER' `56877'
2023-05-29 10:53:14|   0.0|  0.0|INFORM|FME Configuration: Connection Storage: 'C:\Users\krima354\AppData\Roaming\Safe Software\FME\'
2023-05-29 10:53:14|   0.0|  0.0|INFORM|Shared folders for formats are : C:\Program Files\FME2022_1_3\datasources;C:\Users\krima354\Work Folders\Documents\FME\Formats
2023-05-29 10:53:14|   0.0|  0.0|INFORM|Shared folders for transformers are : C:\Users\krima354\AppData\Roaming\Safe Software\FME\Packages\22630-win64\transformers;C:\Program Files\FME2022_1_3\transformers;C:\Users\krima354\AppData\Roaming\Safe Software\FME\FME Store\Transformers
2023-05-29 10:53:14|   0.0|  0.0|INFORM|Shared folders for coordinate systems are : C:\Users\krima354\Work Folders\Documents\FME\CoordinateSystems
2023-05-29 10:53:14|   0.0|  0.0|INFORM|Shared folders for coordinate system exceptions are : C:\Users\krima354\Work Folders\Documents\FME\CoordinateSystemExceptions
2023-05-29 10:53:14|   0.0|  0.0|INFORM|Shared folders for coordinate system grid overrides are : C:\Users\krima354\Work Folders\Documents\FME\CoordinateSystemGridOverrides
2023-05-29 10:53:14|   0.0|  0.0|INFORM|Shared folders for CS-MAP transformation exceptions are : C:\Users\krima354\Work Folders\Documents\FME\CsmapTransformationExceptions
2023-05-29 10:53:14|   0.0|  0.0|INFORM|Shared folders for transformer categories are : C:\Users\krima354\Work Folders\Documents\FME\TransformerCategories
2023-05-29 10:53:14|   0.0|  0.0|INFORM|Mapping File Identifier is: SAUimportIntrasis
2023-05-29 10:53:14|   0.0|  0.0|INFORM|FME Configuration: Reader Keyword is `MULTI_READER'
2023-05-29 10:53:14|   0.0|  0.0|INFORM|FME Configuration: Writer Keyword is `NULL_DEST'
2023-05-29 10:53:14|   0.0|  0.0|INFORM|FME Configuration: Writer Group Definition Keyword is `NULL_DEST_DEF'
2023-05-29 10:53:14|   0.0|  0.0|INFORM|FME Configuration: Reader type is `MULTI_READER'
2023-05-29 10:53:14|   0.0|  0.0|INFORM|FME Configuration: Writer type is `NULL'
2023-05-29 10:53:14|   0.0|  0.0|INFORM|FME Configuration: No destination coordinate system set
2023-05-29 10:53:14|   0.0|  0.0|INFORM|FME Configuration: Current working folder is `C:\Users\krima354\Work Folders\Documents\GitHub\kix_working_dir\divFME\restore_drop_backup_idb'
2023-05-29 10:53:14|   0.0|  0.0|INFORM|FME Configuration: Temporary folder is `C:\Users\krima354\AppData\Local\Temp\wbrun_1685350226761_11124\fmetmp_2', set from environment variable `FME_TEMP'
2023-05-29 10:53:14|   0.0|  0.0|INFORM|FME Configuration: Cache folder is 'C:\Users\krima354\AppData\Local\Temp'
2023-05-29 10:53:14|   0.0|  0.0|INFORM|FME Configuration: FME_HOME is `C:\Program Files\FME2022_1_3\'
2023-05-29 10:53:14|   0.0|  0.0|INFORM|FME Configuration: Start freeing memory when the process exceeds 95.20 GB
2023-05-29 10:53:14|   0.0|  0.0|INFORM|FME Configuration: Stop freeing memory when the process is below 71.40 GB
2023-05-29 10:53:14|   0.0|  0.0|INFORM|Creating writer for format: NULL (Nothing)
2023-05-29 10:53:14|   0.0|  0.0|INFORM|Trying to find a DYNAMIC plugin for writer named `NULL'
2023-05-29 10:53:14|   0.0|  0.0|INFORM|Loaded module 'NULL' from file 'C:\Program Files\FME2022_1_3\plugins/NULL.dll'
2023-05-29 10:53:14|   0.0|  0.0|INFORM|FME API version of module 'NULL' matches current internal version (4.0 20220615)
2023-05-29 10:53:14|   0.0|  0.0|INFORM|Creating reader for format: 
2023-05-29 10:53:14|   0.0|  0.0|INFORM|MULTI_READER(MULTI_READER): Will fail with first member reader failure
2023-05-29 10:53:14|   0.0|  0.0|INFORM|MULTI_READER(MULTI_READER): Adding CSV2 Reader with keyword CSV2_1
2023-05-29 10:53:14|   0.0|  0.0|INFORM|Using Multi Reader with keyword `MULTI_READER' to read multiple datasets
2023-05-29 10:53:14|   0.0|  0.0|INFORM|Creating reader for format: CSV (Comma Separated Value)
2023-05-29 10:53:14|   0.0|  0.0|INFORM|Trying to find a DYNAMIC plugin for reader named `CSV2'
2023-05-29 10:53:14|   0.0|  0.0|INFORM|Loaded module 'CSV2' from file 'C:\Program Files\FME2022_1_3\plugins/CSV2.dll'
2023-05-29 10:53:14|   0.0|  0.0|INFORM|FME API version of module 'CSV2' matches current internal version (4.0 20220615)
2023-05-29 10:53:14|   0.0|  0.0|INFORM|CSV reader: Opening dataset 'C:\Users\krima354\Work Folders\Documents\kicki_arbetsfiler\dap\intrasis_leveranser\intrasis_postgres_backup\SAU\sau_alla.csv'
2023-05-29 10:53:14|   0.0|  0.0|INFORM|CSV reader: Directive '_TRIM_FEATURE_TYPE_NAME' has the value 'Yes'
2023-05-29 10:53:14|   0.0|  0.0|INFORM|CSV reader: Directive '_SUPPORTED_READER_ARCHIVE_EXTENSIONS' has the value 'csv.gz,txt.gz'
2023-05-29 10:53:14|   0.0|  0.0|INFORM|CSV reader: Directive '_DELIMITER' has the value 'auto'
2023-05-29 10:53:14|   0.0|  0.0|INFORM|CSV reader: Directive '_FIELD_NAMES_LINE' has the value '1'
2023-05-29 10:53:14|   0.0|  0.0|INFORM|CSV reader: Directive '_DATA_START_LINE' has the value '2'
2023-05-29 10:53:14|   0.0|  0.0|INFORM|CSV reader: Directive '_SCAN_MAX_ROWS' has the value '10000'
2023-05-29 10:53:14|   0.0|  0.0|INFORM|CSV reader: Directive '_READ_SKIPPED_LINES' has the value 'No'
2023-05-29 10:53:14|   0.0|  0.0|INFORM|CSV reader: Directive '_ENCODING' has the value 'windows-1252'
2023-05-29 10:53:14|   0.0|  0.0|INFORM|CSV reader: Directive 'FME_NAMES_ENCODING' has the value 'UTF-8'
2023-05-29 10:53:14|   0.0|  0.0|INFORM|CSV reader: Directive '_SKIP_DUPLICATE_DELIMITERS' has the value 'No'
2023-05-29 10:53:14|   0.0|  0.0|INFORM|CSV reader: Directive '_FIELD_QUALIFIER_CHARACTER' has the value '"'
2023-05-29 10:53:14|   0.0|  0.0|INFORM|CSV reader: Directive '_FIELD_QUALIFIER_ESCAPE_CHARACTER' has the value '"'
2023-05-29 10:53:14|   0.0|  0.0|INFORM|CSV reader: Directive '_TRIM_FIELD_NAME_QUALIFIERS' has the value 'Yes'
2023-05-29 10:53:14|   0.0|  0.0|INFORM|CSV reader: Directive '_TRIM_FIELD_VALUE_QUALIFIERS' has the value 'Yes'
2023-05-29 10:53:14|   0.0|  0.0|INFORM|CSV reader: Directive '_PRESERVE_SOURCE_ENCODING' has the value 'No'
2023-05-29 10:53:14|   0.0|  0.0|INFORM|CSV reader: Directive '_CASE_SENSITIVE_FIELD_NAMES' has the value 'Yes'
2023-05-29 10:53:14|   0.0|  0.0|INFORM|CSV reader: Directive '_ENFORCE_STRICT_SCHEMA' has the value 'No'
2023-05-29 10:53:14|   0.0|  0.0|INFORM|CSV reader: Directive '_SCAN_TYPES' has the value 'Yes'
2023-05-29 10:53:14|   0.0|  0.0|INFORM|CSV reader: Directive '_TYPE_ATTRIBUTE_HANDLING' has the value 'STANDARD_TYPES'
2023-05-29 10:53:14|   0.0|  0.0|INFORM|CSV reader: Directive '_STRING_TYPE_ATTRIBUTE_HANDLING' has the value 'EXPLICIT_WIDTH'
2023-05-29 10:53:14|   0.0|  0.0|INFORM|CSV reader: Directive '_SCAN_ADDITIONAL_FIELDS' has the value 'No'
2023-05-29 10:53:14|   0.0|  0.0|INFORM|CSV reader: Directive '_DATE_INPUT_FORMAT' has the value 'ISO'
2023-05-29 10:53:14|   0.0|  0.0|INFORM|CSV reader: Directive '_CHUNK_SIZE' has the value '100000'
2023-05-29 10:53:14|   0.0|  0.0|INFORM|CSV reader: Directive '_TRIM_FIELD_NAME_WHITESPACE' has the value 'Yes'
2023-05-29 10:53:14|   0.0|  0.0|INFORM|CSV reader: Directive '_READ_EMPTY_VALUES_AS' has the value 'Null'
2023-05-29 10:53:14|   0.0|  0.0|INFORM|CSV reader: Directive '_REPLACE_ATTR_NAME_INVALID_CHARS' has the value 'No'
2023-05-29 10:53:14|   0.0|  0.0|INFORM|Loaded module 'LogCount_func' from file 'C:\Program Files\FME2022_1_3\plugins/LogCount_func.dll'
2023-05-29 10:53:14|   0.0|  0.0|INFORM|FME API version of module 'LogCount_func' matches current internal version (4.0 20220615)
2023-05-29 10:53:14|   0.0|  0.0|INFORM|CSV Feature Recorder -1 2147549190 (RecorderFactory): Splitting bulk features into individual features
2023-05-29 10:53:14|   0.1|  0.1|INFORM|SystemCaller: Executing `""C:/Program Files/PostgreSQL/11/bin/dropdb.exe" -h uuc-srv390.user.uu.se  -p 5432 -U postgres  -w  sau2003bolmyren2013"'
2023-05-29 10:53:14|   0.1|  0.0|WARN  |SystemCaller: Failed to Execute `""C:/Program Files/PostgreSQL/11/bin/dropdb.exe" -h uuc-srv390.user.uu.se  -p 5432 -U postgres  -w  sau2003bolmyren2013"'
2023-05-29 10:53:14|   0.1|  0.0|WARN  |SystemCaller: Failed to Execute `""C:/Program Files/PostgreSQL/11/bin/dropdb.exe" -h uuc-srv390.user.uu.se  -p 5432 -U postgres  -w  sau2003lytt2021"'
2023-05-29 10:53:14|   0.1|  0.0|WARN  |SystemCaller: Failed to Execute `""C:/Program Files/PostgreSQL/11/bin/dropdb.exe" -h uuc-srv390.user.uu.se  -p 5432 -U postgres  -w  sau2003pos3"'
2023-05-29 10:53:14|   0.1|  0.0|WARN  |SystemCaller: Failed to Execute `""C:/Program Files/PostgreSQL/11/bin/dropdb.exe" -h uuc-srv390.user.uu.se  -p 5432 -U postgres  -w  sau2003stormossen1"'
2023-05-29 10:53:14|   0.1|  0.0|WARN  |SystemCaller: Failed to Execute `""C:/Program Files/PostgreSQL/11/bin/dropdb.exe" -h uuc-srv390.user.uu.se  -p 5432 -U postgres  -w  sau2003stormossen3"'
2023-05-29 10:53:15|   0.1|  0.0|WARN  |SystemCaller: Failed to Execute `""C:/Program Files/PostgreSQL/11/bin/dropdb.exe" -h uuc-srv390.user.uu.se  -p 5432 -U postgres  -w  sau2003stormossen4"'
2023-05-29 10:53:15|   0.1|  0.0|WARN  |SystemCaller: Failed to Execute `""C:/Program Files/PostgreSQL/11/bin/dropdb.exe" -h uuc-srv390.user.uu.se  -p 5432 -U postgres  -w  sau2003stormossen6"'
2023-05-29 10:53:15|   0.1|  0.0|WARN  |SystemCaller: Failed to Execute `""C:/Program Files/PostgreSQL/11/bin/dropdb.exe" -h uuc-srv390.user.uu.se  -p 5432 -U postgres  -w  sau2003trekanten3043"'
2023-05-29 10:53:15|   0.1|  0.0|WARN  |SystemCaller: Failed to Execute `""C:/Program Files/PostgreSQL/11/bin/dropdb.exe" -h uuc-srv390.user.uu.se  -p 5432 -U postgres  -w  sau2004nol87"'
2023-05-29 10:53:15|   0.1|  0.0|WARN  |SystemCaller: Failed to Execute `""C:/Program Files/PostgreSQL/11/bin/dropdb.exe" -h uuc-srv390.user.uu.se  -p 5432 -U postgres  -w  sau2004pos1"'
2023-05-29 10:53:15|   0.1|  0.0|WARN  |SystemCaller: Failed to Execute `""C:/Program Files/PostgreSQL/11/bin/dropdb.exe" -h uuc-srv390.user.uu.se  -p 5432 -U postgres  -w  sau2004san2091"'
2023-05-29 10:53:15|   0.1|  0.0|WARN  |SystemCaller: Failed to Execute `""C:/Program Files/PostgreSQL/11/bin/dropdb.exe" -h uuc-srv390.user.uu.se  -p 5432 -U postgres  -w  sau2004via2077"'
2023-05-29 10:53:15|   0.1|  0.0|WARN  |SystemCaller: Failed to Execute `""C:/Program Files/PostgreSQL/11/bin/dropdb.exe" -h uuc-srv390.user.uu.se  -p 5432 -U postgres  -w  sau2004via2078"'
2023-05-29 10:53:16|   0.1|  0.0|WARN  |SystemCaller: Failed to Execute `""C:/Program Files/PostgreSQL/11/bin/dropdb.exe" -h uuc-srv390.user.uu.se  -p 5432 -U postgres  -w  sau2004via2079"'
2023-05-29 10:53:16|   0.1|  0.0|WARN  |SystemCaller: Failed to Execute `""C:/Program Files/PostgreSQL/11/bin/dropdb.exe" -h uuc-srv390.user.uu.se  -p 5432 -U postgres  -w  sau2004via2080"'
2023-05-29 10:53:16|   0.2|  0.1|WARN  |SystemCaller: Failed to Execute `""C:/Program Files/PostgreSQL/11/bin/dropdb.exe" -h uuc-srv390.user.uu.se  -p 5432 -U postgres  -w  sau2004via2085"'
2023-05-29 10:53:16|   0.2|  0.0|WARN  |SystemCaller: Failed to Execute `""C:/Program Files/PostgreSQL/11/bin/dropdb.exe" -h uuc-srv390.user.uu.se  -p 5432 -U postgres  -w  sau2005saga19_41"'
2023-05-29 10:53:16|   0.2|  0.0|WARN  |SystemCaller: Failed to Execute `""C:/Program Files/PostgreSQL/11/bin/dropdb.exe" -h uuc-srv390.user.uu.se  -p 5432 -U postgres  -w  sau2005saga36a"'
2023-05-29 10:53:16|   0.2|  0.0|WARN  |SystemCaller: Failed to Execute `""C:/Program Files/PostgreSQL/11/bin/dropdb.exe" -h uuc-srv390.user.uu.se  -p 5432 -U postgres  -w  sau2005saga36"'
2023-05-29 10:53:16|   0.2|  0.0|WARN  |SystemCaller: Failed to Execute `""C:/Program Files/PostgreSQL/11/bin/dropdb.exe" -h uuc-srv390.user.uu.se  -p 5432 -U postgres  -w  sau2005saga37"'
2023-05-29 10:53:16|   0.2|  0.0|WARN  |SystemCaller: Failed to Execute `""C:/Program Files/PostgreSQL/11/bin/dropdb.exe" -h uuc-srv390.user.uu.se  -p 5432 -U postgres  -w  sau2005sanbo3024"'
2023-05-29 10:53:16|   0.2|  0.0|WARN  |SystemCaller: Failed to Execute `""C:/Program Files/PostgreSQL/11/bin/dropdb.exe" -h uuc-srv390.user.uu.se  -p 5432 -U postgres  -w  sau2005vvbo3025"'
2023-05-29 10:53:16|   0.2|  0.0|WARN  |SystemCaller: Failed to Execute `""C:/Program Files/PostgreSQL/11/bin/dropdb.exe" -h uuc-srv390.user.uu.se  -p 5432 -U postgres  -w  sau2005vvme1"'
2023-05-29 10:53:16|   0.2|  0.0|WARN  |SystemCaller: Failed to Execute `""C:/Program Files/PostgreSQL/11/bin/dropdb.exe" -h uuc-srv390.user.uu.se  -p 5432 -U postgres  -w  sau2005vvme2"'
2023-05-29 10:53:17|   0.2|  0.0|WARN  |SystemCaller: Failed to Execute `""C:/Program Files/PostgreSQL/11/bin/dropdb.exe" -h uuc-srv390.user.uu.se  -p 5432 -U postgres  -w  sau2005vvme3"'
2023-05-29 10:53:17|   0.2|  0.0|WARN  |SystemCaller: Failed to Execute `""C:/Program Files/PostgreSQL/11/bin/dropdb.exe" -h uuc-srv390.user.uu.se  -p 5432 -U postgres  -w  sau2006rim1071"'
2023-05-29 10:53:17|   0.2|  0.0|WARN  |SystemCaller: Failed to Execute `""C:/Program Files/PostgreSQL/11/bin/dropdb.exe" -h uuc-srv390.user.uu.se  -p 5432 -U postgres  -w  sau2006saga103_104"'
2023-05-29 10:53:17|   0.2|  0.0|WARN  |SystemCaller: Failed to Execute `""C:/Program Files/PostgreSQL/11/bin/dropdb.exe" -h uuc-srv390.user.uu.se  -p 5432 -U postgres  -w  sau2006saga328"'
2023-05-29 10:53:17|   0.2|  0.0|WARN  |SystemCaller: Failed to Execute `""C:/Program Files/PostgreSQL/11/bin/dropdb.exe" -h uuc-srv390.user.uu.se  -p 5432 -U postgres  -w  sau2006saga329"'
2023-05-29 10:53:17|   0.2|  0.0|WARN  |SystemCaller: Failed to Execute `""C:/Program Files/PostgreSQL/11/bin/dropdb.exe" -h uuc-srv390.user.uu.se  -p 5432 -U postgres  -w  sau2006ult2074"'
2023-05-29 10:53:17|   0.2|  0.0|WARN  |SystemCaller: Failed to Execute `""C:/Program Files/PostgreSQL/11/bin/dropdb.exe" -h uuc-srv390.user.uu.se  -p 5432 -U postgres  -w  sau2006ult2075"'
2023-05-29 10:53:17|   0.2|  0.0|WARN  |SystemCaller: Failed to Execute `""C:/Program Files/PostgreSQL/11/bin/dropdb.exe" -h uuc-srv390.user.uu.se  -p 5432 -U postgres  -w  sau2006vsk3069"'
2023-05-29 10:53:17|   0.2|  0.0|WARN  |SystemCaller: Failed to Execute `""C:/Program Files/PostgreSQL/11/bin/dropdb.exe" -h uuc-srv390.user.uu.se  -p 5432 -U postgres  -w  sau2007arl2021"'
2023-05-29 10:53:17|   0.2|  0.0|WARN  |SystemCaller: Failed to Execute `""C:/Program Files/PostgreSQL/11/bin/dropdb.exe" -h uuc-srv390.user.uu.se  -p 5432 -U postgres  -w  sau2007mor2098"'
2023-05-29 10:53:17|   0.2|  0.0|WARN  |SystemCaller: Failed to Execute `""C:/Program Files/PostgreSQL/11/bin/dropdb.exe" -h uuc-srv390.user.uu.se  -p 5432 -U postgres  -w  sau2007mor3088"'
2023-05-29 10:53:18|   0.2|  0.0|WARN  |SystemCaller: Failed to Execute `""C:/Program Files/PostgreSQL/11/bin/dropdb.exe" -h uuc-srv390.user.uu.se  -p 5432 -U postgres  -w  sau2007pal2053"'
2023-05-29 10:53:18|   0.2|  0.0|WARN  |SystemCaller: Failed to Execute `""C:/Program Files/PostgreSQL/11/bin/dropdb.exe" -h uuc-srv390.user.uu.se  -p 5432 -U postgres  -w  sau2007pal3091"'
2023-05-29 10:53:18|   0.2|  0.0|WARN  |SystemCaller: Failed to Execute `""C:/Program Files/PostgreSQL/11/bin/dropdb.exe" -h uuc-srv390.user.uu.se  -p 5432 -U postgres  -w  sau2007ram2028"'
2023-05-29 10:53:18|   0.2|  0.0|WARN  |SystemCaller: Failed to Execute `""C:/Program Files/PostgreSQL/11/bin/dropdb.exe" -h uuc-srv390.user.uu.se  -p 5432 -U postgres  -w  sau2007sof3028"'
2023-05-29 10:53:18|   0.2|  0.0|WARN  |SystemCaller: Failed to Execute `""C:/Program Files/PostgreSQL/11/bin/dropdb.exe" -h uuc-srv390.user.uu.se  -p 5432 -U postgres  -w  sau2007ulr2010"'
2023-05-29 10:53:18|   0.2|  0.0|WARN  |SystemCaller: Failed to Execute `""C:/Program Files/PostgreSQL/11/bin/dropdb.exe" -h uuc-srv390.user.uu.se  -p 5432 -U postgres  -w  sau2007ult1080"'
2023-05-29 10:53:18|   0.2|  0.0|WARN  |SystemCaller: Failed to Execute `""C:/Program Files/PostgreSQL/11/bin/dropdb.exe" -h uuc-srv390.user.uu.se  -p 5432 -U postgres  -w  sau2008arn2112"'
2023-05-29 10:53:18|   0.2|  0.0|WARN  |SystemCaller: Failed to Execute `""C:/Program Files/PostgreSQL/11/bin/dropdb.exe" -h uuc-srv390.user.uu.se  -p 5432 -U postgres  -w  sau2008arn3107"'
2023-05-29 10:53:18|   0.2|  0.0|WARN  |SystemCaller: Failed to Execute `""C:/Program Files/PostgreSQL/11/bin/dropdb.exe" -h uuc-srv390.user.uu.se  -p 5432 -U postgres  -w  sau2008rim2106"'
2023-05-29 10:53:18|   0.2|  0.0|WARN  |SystemCaller: Failed to Execute `""C:/Program Files/PostgreSQL/11/bin/dropdb.exe" -h uuc-srv390.user.uu.se  -p 5432 -U postgres  -w  sau2008ulr3108"'
2023-05-29 10:53:18|   0.2|  0.0|WARN  |SystemCaller: Failed to Execute `""C:/Program Files/PostgreSQL/11/bin/dropdb.exe" -h uuc-srv390.user.uu.se  -p 5432 -U postgres  -w  sau2008ult2110"'
2023-05-29 10:53:19|   0.2|  0.0|WARN  |SystemCaller: Failed to Execute `""C:/Program Files/PostgreSQL/11/bin/dropdb.exe" -h uuc-srv390.user.uu.se  -p 5432 -U postgres  -w  sau2008ult3105"'
2023-05-29 10:53:19|   0.2|  0.0|WARN  |SystemCaller: Failed to Execute `""C:/Program Files/PostgreSQL/11/bin/dropdb.exe" -h uuc-srv390.user.uu.se  -p 5432 -U postgres  -w  sau2008vsk2051"'
2023-05-29 10:53:19|   0.2|  0.0|WARN  |SystemCaller: Failed to Execute `""C:/Program Files/PostgreSQL/11/bin/dropdb.exe" -h uuc-srv390.user.uu.se  -p 5432 -U postgres  -w  sau2009ful1102"'
2023-05-29 10:53:19|   0.2|  0.0|WARN  |SystemCaller: Failed to Execute `""C:/Program Files/PostgreSQL/11/bin/dropdb.exe" -h uuc-srv390.user.uu.se  -p 5432 -U postgres  -w  sau2009got2115"'
2023-05-29 10:53:19|   0.2|  0.0|WARN  |SystemCaller: Failed to Execute `""C:/Program Files/PostgreSQL/11/bin/dropdb.exe" -h uuc-srv390.user.uu.se  -p 5432 -U postgres  -w  sau2009hog2119"'
2023-05-29 10:53:19|   0.2|  0.0|WARN  |SystemCaller: Failed to Execute `""C:/Program Files/PostgreSQL/11/bin/dropdb.exe" -h uuc-srv390.user.uu.se  -p 5432 -U postgres  -w  sau2009hul2118"'
2023-05-29 10:53:19|   0.2|  0.0|INFORM|CSV Feature Recorder -1 2147549190 (RecorderFactory): Processed 53 of 104 features
2023-05-29 10:53:19|   0.2|  0.0|WARN  |SystemCaller: Failed to Execute `""C:/Program Files/PostgreSQL/11/bin/dropdb.exe" -h uuc-srv390.user.uu.se  -p 5432 -U postgres  -w  sau2009kva2117"'
2023-05-29 10:53:19|   0.2|  0.0|WARN  |SystemCaller: Failed to Execute `""C:/Program Files/PostgreSQL/11/bin/dropdb.exe" -h uuc-srv390.user.uu.se  -p 5432 -U postgres  -w  sau2009nor2127"'
2023-05-29 10:53:19|   0.2|  0.0|WARN  |SystemCaller: Failed to Execute `""C:/Program Files/PostgreSQL/11/bin/dropdb.exe" -h uuc-srv390.user.uu.se  -p 5432 -U postgres  -w  sau2009ovi2123"'
2023-05-29 10:53:19|   0.2|  0.0|WARN  |SystemCaller: Failed to Execute `""C:/Program Files/PostgreSQL/11/bin/dropdb.exe" -h uuc-srv390.user.uu.se  -p 5432 -U postgres  -w  sau2009sgu3114"'
2023-05-29 10:53:19|   0.2|  0.0|WARN  |SystemCaller: Failed to Execute `""C:/Program Files/PostgreSQL/11/bin/dropdb.exe" -h uuc-srv390.user.uu.se  -p 5432 -U postgres  -w  sau2009ult2125"'
2023-05-29 10:53:20|   0.2|  0.0|WARN  |SystemCaller: Failed to Execute `""C:/Program Files/PostgreSQL/11/bin/dropdb.exe" -h uuc-srv390.user.uu.se  -p 5432 -U postgres  -w  sau2009ult2131"'
2023-05-29 10:53:20|   0.2|  0.0|WARN  |SystemCaller: Failed to Execute `""C:/Program Files/PostgreSQL/11/bin/dropdb.exe" -h uuc-srv390.user.uu.se  -p 5432 -U postgres  -w  sau2009ult3118"'
2023-05-29 10:53:20|   0.2|  0.0|WARN  |SystemCaller: Failed to Execute `""C:/Program Files/PostgreSQL/11/bin/dropdb.exe" -h uuc-srv390.user.uu.se  -p 5432 -U postgres  -w  sau2009vsk3113"'
2023-05-29 10:53:20|   0.2|  0.0|WARN  |SystemCaller: Failed to Execute `""C:/Program Files/PostgreSQL/11/bin/dropdb.exe" -h uuc-srv390.user.uu.se  -p 5432 -U postgres  -w  sau2010gil3128"'
2023-05-29 10:53:20|   0.2|  0.0|WARN  |SystemCaller: Failed to Execute `""C:/Program Files/PostgreSQL/11/bin/dropdb.exe" -h uuc-srv390.user.uu.se  -p 5432 -U postgres  -w  sau2010got3120"'
2023-05-29 10:53:20|   0.2|  0.0|WARN  |SystemCaller: Failed to Execute `""C:/Program Files/PostgreSQL/11/bin/dropdb.exe" -h uuc-srv390.user.uu.se  -p 5432 -U postgres  -w  sau2010hog3119"'
2023-05-29 10:53:20|   0.2|  0.0|WARN  |SystemCaller: Failed to Execute `""C:/Program Files/PostgreSQL/11/bin/dropdb.exe" -h uuc-srv390.user.uu.se  -p 5432 -U postgres  -w  sau2010ras635"'
2023-05-29 10:53:20|   0.2|  0.0|WARN  |SystemCaller: Failed to Execute `""C:/Program Files/PostgreSQL/11/bin/dropdb.exe" -h uuc-srv390.user.uu.se  -p 5432 -U postgres  -w  sau2010ras659"'
2023-05-29 10:53:20|   0.2|  0.0|WARN  |SystemCaller: Failed to Execute `""C:/Program Files/PostgreSQL/11/bin/dropdb.exe" -h uuc-srv390.user.uu.se  -p 5432 -U postgres  -w  sau2010sta2116"'
2023-05-29 10:53:20|   0.2|  0.0|WARN  |SystemCaller: Failed to Execute `""C:/Program Files/PostgreSQL/11/bin/dropdb.exe" -h uuc-srv390.user.uu.se  -p 5432 -U postgres  -w  sau2010una4089"'
2023-05-29 10:53:20|   0.2|  0.0|WARN  |SystemCaller: Failed to Execute `""C:/Program Files/PostgreSQL/11/bin/dropdb.exe" -h uuc-srv390.user.uu.se  -p 5432 -U postgres  -w  sau2011backlosa1123"'
2023-05-29 10:53:21|   0.3|  0.1|WARN  |SystemCaller: Failed to Execute `""C:/Program Files/PostgreSQL/11/bin/dropdb.exe" -h uuc-srv390.user.uu.se  -p 5432 -U postgres  -w  sau2011hok1112"'
2023-05-29 10:53:21|   0.3|  0.0|WARN  |SystemCaller: Failed to Execute `""C:/Program Files/PostgreSQL/11/bin/dropdb.exe" -h uuc-srv390.user.uu.se  -p 5432 -U postgres  -w  sau2011kaf2148"'
2023-05-29 10:53:21|   0.3|  0.0|WARN  |SystemCaller: Failed to Execute `""C:/Program Files/PostgreSQL/11/bin/dropdb.exe" -h uuc-srv390.user.uu.se  -p 5432 -U postgres  -w  sau2011lager4096"'
2023-05-29 10:53:21|   0.3|  0.0|WARN  |SystemCaller: Failed to Execute `""C:/Program Files/PostgreSQL/11/bin/dropdb.exe" -h uuc-srv390.user.uu.se  -p 5432 -U postgres  -w  sau2011navertorp2148"'
2023-05-29 10:53:21|   0.3|  0.0|WARN  |SystemCaller: Failed to Execute `""C:/Program Files/PostgreSQL/11/bin/dropdb.exe" -h uuc-srv390.user.uu.se  -p 5432 -U postgres  -w  sau2011rosendal2140"'
2023-05-29 10:53:21|   0.3|  0.0|WARN  |SystemCaller: Failed to Execute `""C:/Program Files/PostgreSQL/11/bin/dropdb.exe" -h uuc-srv390.user.uu.se  -p 5432 -U postgres  -w  sau2011stenkvista4099"'
2023-05-29 10:53:21|   0.3|  0.0|WARN  |SystemCaller: Failed to Execute `""C:/Program Files/PostgreSQL/11/bin/dropdb.exe" -h uuc-srv390.user.uu.se  -p 5432 -U postgres  -w  sau2011thaikiosk4100"'
2023-05-29 10:53:21|   0.3|  0.0|WARN  |SystemCaller: Failed to Execute `""C:/Program Files/PostgreSQL/11/bin/dropdb.exe" -h uuc-srv390.user.uu.se  -p 5432 -U postgres  -w  sau2011ult2144"'
2023-05-29 10:53:21|   0.3|  0.0|WARN  |SystemCaller: Failed to Execute `""C:/Program Files/PostgreSQL/11/bin/dropdb.exe" -h uuc-srv390.user.uu.se  -p 5432 -U postgres  -w  sau2012erb_1125"'
2023-05-29 10:53:21|   0.3|  0.0|WARN  |SystemCaller: Failed to Execute `""C:/Program Files/PostgreSQL/11/bin/dropdb.exe" -h uuc-srv390.user.uu.se  -p 5432 -U postgres  -w  sau2012kall2152"'
2023-05-29 10:53:22|   0.3|  0.0|WARN  |SystemCaller: Failed to Execute `""C:/Program Files/PostgreSQL/11/bin/dropdb.exe" -h uuc-srv390.user.uu.se  -p 5432 -U postgres  -w  sau2012prast4103"'
2023-05-29 10:53:22|   0.3|  0.0|WARN  |SystemCaller: Failed to Execute `""C:/Program Files/PostgreSQL/11/bin/dropdb.exe" -h uuc-srv390.user.uu.se  -p 5432 -U postgres  -w  sau2012slum2160"'
2023-05-29 10:53:22|   0.3|  0.0|WARN  |SystemCaller: Failed to Execute `""C:/Program Files/PostgreSQL/11/bin/dropdb.exe" -h uuc-srv390.user.uu.se  -p 5432 -U postgres  -w  sau2012ult4106husc4115"'
2023-05-29 10:53:22|   0.3|  0.0|WARN  |SystemCaller: Failed to Execute `""C:/Program Files/PostgreSQL/11/bin/dropdb.exe" -h uuc-srv390.user.uu.se  -p 5432 -U postgres  -w  sau2012vangsta2153"'
2023-05-29 10:53:24|   0.3|  0.0|INFORM|CSV Feature Recorder -1 2147549190 (RecorderFactory): Processed 91 of 104 features
2023-05-29 10:53:28|   0.3|  0.0|INFORM|CSV Feature Recorder -1 2147549190 (RecorderFactory): Processed 104 of 104 features
2023-05-29 10:53:28|   0.3|  0.0|INFORM|MULTI_READER(MULTI_READER): Done reading 104 features from 1 readers
2023-05-29 10:53:28|   0.3|  0.0|INFORM|Emptying factory pipeline
2023-05-29 10:53:28|   0.3|  0.0|STATS |Router and Unexpected Input Remover (RoutingFactory): Tested 104 input feature(s), wrote 104 output feature(s): 104 matched merge filters, 104 were routed to output, 0 could not be routed.
2023-05-29 10:53:28|   0.3|  0.0|STATS |Unwanted Router Input Nuker (TeeFactory): Cloned 0 input feature(s) into 0 output feature(s)
2023-05-29 10:53:28|   0.3|  0.0|STATS |CSV_CSV2_1 Splitter (TeeFactory): Cloned 104 input feature(s) into 208 output feature(s)
2023-05-29 10:53:28|   0.3|  0.0|STATS |TestFilter (Disabled) Nuker (TeeFactory): Cloned 104 input feature(s) into 0 output feature(s)
2023-05-29 10:53:28|   0.3|  0.0|STATS |SystemCaller (TeeFactory): Cloned 104 input feature(s) into 104 output feature(s)
2023-05-29 10:53:28|   0.3|  0.0|STATS |Destination Feature Type Routing Correlator (RoutingFactory): Tested 0 input feature(s), wrote 0 output feature(s): 0 matched merge filters, 0 were routed to output, 0 could not be routed.
2023-05-29 10:53:28|   0.3|  0.0|STATS |Final Output Nuker (TeeFactory): Cloned 0 input feature(s) into 0 output feature(s)
2023-05-29 10:53:28|   0.3|  0.0|STATS |=-=-=-=-=-=-=-=-=-=-=-=-=-=-=-=-=-=-=-=-=-=-=-=-=-=-=-=-=-=-=-=-=-=-=-=-=-=-=-
2023-05-29 10:53:28|   0.3|  0.0|STATS |                            Features Read Summary
2023-05-29 10:53:28|   0.3|  0.0|STATS |=-=-=-=-=-=-=-=-=-=-=-=-=-=-=-=-=-=-=-=-=-=-=-=-=-=-=-=-=-=-=-=-=-=-=-=-=-=-=-
2023-05-29 10:53:28|   0.3|  0.0|STATS |CSV                                                                        104
2023-05-29 10:53:28|   0.3|  0.0|STATS |==============================================================================
2023-05-29 10:53:28|   0.3|  0.0|STATS |Total Features Read                                                        104
2023-05-29 10:53:28|   0.3|  0.0|STATS |=-=-=-=-=-=-=-=-=-=-=-=-=-=-=-=-=-=-=-=-=-=-=-=-=-=-=-=-=-=-=-=-=-=-=-=-=-=-=-
2023-05-29 10:53:28|   0.3|  0.0|STATS |=-=-=-=-=-=-=-=-=-=-=-=-=-=-=-=-=-=-=-=-=-=-=-=-=-=-=-=-=-=-=-=-=-=-=-=-=-=-=-
2023-05-29 10:53:28|   0.3|  0.0|STATS |                           Features Written Summary
2023-05-29 10:53:28|   0.3|  0.0|STATS |=-=-=-=-=-=-=-=-=-=-=-=-=-=-=-=-=-=-=-=-=-=-=-=-=-=-=-=-=-=-=-=-=-=-=-=-=-=-=-
2023-05-29 10:53:28|   0.3|  0.0|STATS |==============================================================================
2023-05-29 10:53:28|   0.3|  0.0|STATS |Total Features Written                                                       0
2023-05-29 10:53:28|   0.3|  0.0|STATS |=-=-=-=-=-=-=-=-=-=-=-=-=-=-=-=-=-=-=-=-=-=-=-=-=-=-=-=-=-=-=-=-=-=-=-=-=-=-=-
2023-05-29 10:53:28|   0.3|  0.0|WARN  |-~-~-~-~-~-~-~-~-~-~-~-~-~-~-~-~-~-~-~-~-~-~-~-~-~-~-~-~-~-~-~-~-~-~-~-~-~-~-~-~-
2023-05-29 10:53:28|   0.3|  0.0|WARN  |-~                                                                             ~-
2023-05-29 10:53:28|   0.3|  0.0|WARN  |-~    Feature caches have been recorded at every stage of the translation.     ~-
2023-05-29 10:53:28|   0.3|  0.0|WARN  |-~                      To inspect the recorded features,                      ~-
2023-05-29 10:53:28|   0.3|  0.0|WARN  |-~              click the feature cache icons next to the ports.               ~-
2023-05-29 10:53:28|   0.3|  0.0|WARN  |-~                                                                             ~-
2023-05-29 10:53:28|   0.3|  0.0|WARN  |-~-~-~-~-~-~-~-~-~-~-~-~-~-~-~-~-~-~-~-~-~-~-~-~-~-~-~-~-~-~-~-~-~-~-~-~-~-~-~-~-
2023-05-29 10:53:28|   0.3|  0.0|INFORM|Translation was SUCCESSFUL with 89 warning(s) (0 feature(s) output)
2023-05-29 10:53:28|   0.3|  0.0|INFORM|FME Session Duration: 14.4 seconds. (CPU: 0.1s user, 0.2s system)
2023-05-29 10:53:28|   0.3|  0.0|INFORM|END - ProcessID: 19684, peak process memory usage: 83232 kB, current process memory usage: 67988 kB
