2023-09-01 11:53:37|   0.0|  0.0|INFORM|Current FME version: FME 2022.1.3.0 (20220928 - Build 22630 - WIN64)
2023-09-01 11:53:37|   0.0|  0.0|INFORM|FME_HOME is 'C:\Program Files\FME2022_1_3\'
2023-09-01 11:53:37|   0.0|  0.0|INFORM|FME Database Edition (node locked-crc)
2023-09-01 11:53:37|   0.0|  0.0|INFORM|Serial Number: ZVY7-REY4-21GZ
2023-09-01 11:53:37|   0.0|  0.0|INFORM|Temporary License: 296 days left.
2023-09-01 11:53:37|   0.0|  0.0|INFORM|Machine host name is: EPI-4L2CTD3
2023-09-01 11:53:37|   0.0|  0.0|INFORM|OS Locale Name     : sv_SE
2023-09-01 11:53:37|   0.0|  0.0|INFORM|OS Locale Encoding : windows-1252
2023-09-01 11:53:37|   0.0|  0.0|INFORM|Process Encoding   : UTF-8
2023-09-01 11:53:37|   0.0|  0.0|INFORM|FME API version: '4.0 20220615'
2023-09-01 11:53:37|   0.0|  0.0|INFORM|FME Configuration: FME_BASE is 'no'
2023-09-01 11:53:37|   0.0|  0.0|INFORM|FME Configuration: FME_MF_DIR is 'C:\Users\krima354\Work Folders\Documents\GitHub\kix_working_dir\divFME\restore_drop_backup_idb/'
2023-09-01 11:53:37|   0.0|  0.0|INFORM|FME Configuration: FME_MF_NAME is 'removeOneDBfromServer.fmw'
2023-09-01 11:53:37|   0.0|  0.0|INFORM|FME Configuration: FME_PRODUCT_NAME is 'FME(R) 2022.1.3.0'
2023-09-01 11:53:37|   0.0|  0.0|INFORM|Operating System: Microsoft Windows 10 64-bit  (Build 19045)
2023-09-01 11:53:37|   0.0|  0.0|INFORM|FME Platform: WIN64
2023-09-01 11:53:37|   0.0|  0.0|INFORM|System Status: 318.17 GB of disk space available in the FME temporary folder (C:\Users\krima354\AppData\Local\Temp\wbrun_1693561786388_15524\fmetmp_0)
2023-09-01 11:53:37|   0.0|  0.0|INFORM|System Status: 31.73 GB of physical memory available
2023-09-01 11:53:37|   0.0|  0.0|INFORM|System Status: 126.93 GB of virtual memory available
2023-09-01 11:53:37|   0.0|  0.0|INFORM|START - ProcessID: 20860, peak process memory usage: 49348 kB, current process memory usage: 49348 kB
2023-09-01 11:53:37|   0.0|  0.0|INFORM|FME Configuration: Command line arguments are `C:\Program Files\FME2022_1_3\fme.exe' `C:/Users/krima354/Work Folders/Documents/GitHub/kix_working_dir/divFME/restore_drop_backup_idb\wb-xlate-1693561985726_15524' `LOG_STANDARDOUT' `YES' `LOG_TIMINGS' `YES' `LogCountServerName' `59657' `LOG_STANDARDOUT' `No' `WORKBENCH_LOG_SERVER' `59243'
2023-09-01 11:53:37|   0.0|  0.0|INFORM|FME Configuration: Connection Storage: 'C:\Users\krima354\AppData\Roaming\Safe Software\FME\'
2023-09-01 11:53:37|   0.0|  0.0|INFORM|Shared folders for formats are : C:\Program Files\FME2022_1_3\datasources;C:\Users\krima354\Work Folders\Documents\FME\Formats
2023-09-01 11:53:37|   0.0|  0.0|INFORM|Shared folders for transformers are : C:\Users\krima354\AppData\Roaming\Safe Software\FME\Packages\22630-win64\transformers;C:\Program Files\FME2022_1_3\transformers;C:\Users\krima354\AppData\Roaming\Safe Software\FME\FME Store\Transformers
2023-09-01 11:53:37|   0.0|  0.0|INFORM|Shared folders for coordinate systems are : C:\Users\krima354\Work Folders\Documents\FME\CoordinateSystems
2023-09-01 11:53:37|   0.0|  0.0|INFORM|Shared folders for coordinate system exceptions are : C:\Users\krima354\Work Folders\Documents\FME\CoordinateSystemExceptions
2023-09-01 11:53:37|   0.0|  0.0|INFORM|Shared folders for coordinate system grid overrides are : C:\Users\krima354\Work Folders\Documents\FME\CoordinateSystemGridOverrides
2023-09-01 11:53:37|   0.0|  0.0|INFORM|Shared folders for CS-MAP transformation exceptions are : C:\Users\krima354\Work Folders\Documents\FME\CsmapTransformationExceptions
2023-09-01 11:53:37|   0.0|  0.0|INFORM|Shared folders for transformer categories are : C:\Users\krima354\Work Folders\Documents\FME\TransformerCategories
2023-09-01 11:53:37|   0.0|  0.0|INFORM|Mapping File Identifier is: SAUimportIntrasis
2023-09-01 11:53:37|   0.0|  0.0|INFORM|FME Configuration: Reader Keyword is `MULTI_READER'
2023-09-01 11:53:37|   0.0|  0.0|INFORM|FME Configuration: Writer Keyword is `NULL_DEST'
2023-09-01 11:53:37|   0.0|  0.0|INFORM|FME Configuration: Writer Group Definition Keyword is `NULL_DEST_DEF'
2023-09-01 11:53:37|   0.0|  0.0|INFORM|FME Configuration: Reader type is `MULTI_READER'
2023-09-01 11:53:37|   0.0|  0.0|INFORM|FME Configuration: Writer type is `NULL'
2023-09-01 11:53:37|   0.0|  0.0|INFORM|FME Configuration: No destination coordinate system set
2023-09-01 11:53:37|   0.0|  0.0|INFORM|FME Configuration: Current working folder is `C:\Users\krima354\Work Folders\Documents\GitHub\kix_working_dir\divFME\restore_drop_backup_idb'
2023-09-01 11:53:37|   0.0|  0.0|INFORM|FME Configuration: Temporary folder is `C:\Users\krima354\AppData\Local\Temp\wbrun_1693561786388_15524\fmetmp_0', set from environment variable `FME_TEMP'
2023-09-01 11:53:37|   0.0|  0.0|INFORM|FME Configuration: Cache folder is 'C:\Users\krima354\AppData\Local\Temp'
2023-09-01 11:53:37|   0.0|  0.0|INFORM|FME Configuration: FME_HOME is `C:\Program Files\FME2022_1_3\'
2023-09-01 11:53:37|   0.0|  0.0|INFORM|FME Configuration: Start freeing memory when the process exceeds 95.20 GB
2023-09-01 11:53:37|   0.0|  0.0|INFORM|FME Configuration: Stop freeing memory when the process is below 71.40 GB
2023-09-01 11:53:37|   0.0|  0.0|INFORM|Creating writer for format: NULL (Nothing)
2023-09-01 11:53:37|   0.0|  0.0|INFORM|Trying to find a DYNAMIC plugin for writer named `NULL'
2023-09-01 11:53:37|   0.0|  0.0|INFORM|Loaded module 'NULL' from file 'C:\Program Files\FME2022_1_3\plugins/NULL.dll'
2023-09-01 11:53:37|   0.0|  0.0|INFORM|FME API version of module 'NULL' matches current internal version (4.0 20220615)
2023-09-01 11:53:37|   0.0|  0.0|INFORM|Creating reader for format: 
2023-09-01 11:53:37|   0.0|  0.0|INFORM|MULTI_READER(MULTI_READER): Will fail with first member reader failure
2023-09-01 11:53:37|   0.0|  0.0|INFORM|Using Multi Reader with keyword `MULTI_READER' to read multiple datasets
2023-09-01 11:53:37|   0.0|  0.0|INFORM|Loaded module 'Geometry_func' from file 'C:\Program Files\FME2022_1_3\plugins/Geometry_func.dll'
2023-09-01 11:53:37|   0.0|  0.0|INFORM|FME API version of module 'Geometry_func' matches current internal version (4.0 20220615)
2023-09-01 11:53:37|   0.0|  0.0|INFORM|Loaded module 'LogCount_func' from file 'C:\Program Files\FME2022_1_3\plugins/LogCount_func.dll'
2023-09-01 11:53:37|   0.0|  0.0|INFORM|FME API version of module 'LogCount_func' matches current internal version (4.0 20220615)
2023-09-01 11:53:37|   0.0|  0.0|INFORM|Emptying factory pipeline
2023-09-01 11:53:37|   0.0|  0.0|INFORM|SystemCaller: Executing `""C:/Program Files/PostgreSQL/11/bin/dropdb.exe" -h localhost  -p 5432 -U postgres  -w  uv2010233"'
2023-09-01 11:53:42|   0.0|  0.0|WARN  |SystemCaller: Failed to Execute `""C:/Program Files/PostgreSQL/11/bin/dropdb.exe" -h localhost  -p 5432 -U postgres  -w  uv2010233"'
2023-09-01 11:53:43|   0.0|  0.0|STATS |Creator_XML_Creator (CreationFactory): Created 1 features
2023-09-01 11:53:43|   0.0|  0.0|STATS |Creator_Cloner (TeeFactory): Cloned 1 input feature(s) into 1 output feature(s)
2023-09-01 11:53:43|   0.0|  0.0|STATS |Creator_CREATED Brancher -1 10 (BranchingFactory): Branched 1 input feature -- 1 feature routed to the target factory, and 0 features routed to the fallback factory.
2023-09-01 11:53:43|   0.0|  0.0|STATS |_CREATOR_BRANCH_TARGET (TeeFactory): Cloned 1 input feature(s) into 1 output feature(s)
2023-09-01 11:53:43|   0.0|  0.0|STATS |SystemCaller (TeeFactory): Cloned 1 input feature(s) into 1 output feature(s)
2023-09-01 11:53:43|   0.0|  0.0|STATS |Destination Feature Type Routing Correlator (RoutingFactory): Tested 0 input feature(s), wrote 0 output feature(s): 0 matched merge filters, 0 were routed to output, 0 could not be routed.
2023-09-01 11:53:43|   0.0|  0.0|STATS |Final Output Nuker (TeeFactory): Cloned 0 input feature(s) into 0 output feature(s)
2023-09-01 11:53:43|   0.0|  0.0|STATS |=-=-=-=-=-=-=-=-=-=-=-=-=-=-=-=-=-=-=-=-=-=-=-=-=-=-=-=-=-=-=-=-=-=-=-=-=-=-=-
2023-09-01 11:53:43|   0.0|  0.0|STATS |                            Features Read Summary
2023-09-01 11:53:43|   0.0|  0.0|STATS |=-=-=-=-=-=-=-=-=-=-=-=-=-=-=-=-=-=-=-=-=-=-=-=-=-=-=-=-=-=-=-=-=-=-=-=-=-=-=-
2023-09-01 11:53:43|   0.0|  0.0|STATS |==============================================================================
2023-09-01 11:53:43|   0.0|  0.0|STATS |Total Features Read                                                          0
2023-09-01 11:53:43|   0.0|  0.0|STATS |=-=-=-=-=-=-=-=-=-=-=-=-=-=-=-=-=-=-=-=-=-=-=-=-=-=-=-=-=-=-=-=-=-=-=-=-=-=-=-
2023-09-01 11:53:43|   0.0|  0.0|STATS |=-=-=-=-=-=-=-=-=-=-=-=-=-=-=-=-=-=-=-=-=-=-=-=-=-=-=-=-=-=-=-=-=-=-=-=-=-=-=-
2023-09-01 11:53:43|   0.0|  0.0|STATS |                           Features Written Summary
2023-09-01 11:53:43|   0.0|  0.0|STATS |=-=-=-=-=-=-=-=-=-=-=-=-=-=-=-=-=-=-=-=-=-=-=-=-=-=-=-=-=-=-=-=-=-=-=-=-=-=-=-
2023-09-01 11:53:43|   0.0|  0.0|STATS |==============================================================================
2023-09-01 11:53:43|   0.0|  0.0|STATS |Total Features Written                                                       0
2023-09-01 11:53:43|   0.0|  0.0|STATS |=-=-=-=-=-=-=-=-=-=-=-=-=-=-=-=-=-=-=-=-=-=-=-=-=-=-=-=-=-=-=-=-=-=-=-=-=-=-=-
2023-09-01 11:53:43|   0.0|  0.0|WARN  |-~-~-~-~-~-~-~-~-~-~-~-~-~-~-~-~-~-~-~-~-~-~-~-~-~-~-~-~-~-~-~-~-~-~-~-~-~-~-~-~-
2023-09-01 11:53:43|   0.0|  0.0|WARN  |-~                                                                             ~-
2023-09-01 11:53:43|   0.0|  0.0|WARN  |-~    Feature caches have been recorded at every stage of the translation.     ~-
2023-09-01 11:53:43|   0.0|  0.0|WARN  |-~                      To inspect the recorded features,                      ~-
2023-09-01 11:53:43|   0.0|  0.0|WARN  |-~              click the feature cache icons next to the ports.               ~-
2023-09-01 11:53:43|   0.0|  0.0|WARN  |-~                                                                             ~-
2023-09-01 11:53:43|   0.0|  0.0|WARN  |-~-~-~-~-~-~-~-~-~-~-~-~-~-~-~-~-~-~-~-~-~-~-~-~-~-~-~-~-~-~-~-~-~-~-~-~-~-~-~-~-
2023-09-01 11:53:43|   0.0|  0.0|INFORM|Translation was SUCCESSFUL with 8 warning(s) (0 feature(s) output)
2023-09-01 11:53:43|   0.0|  0.0|INFORM|FME Session Duration: 5.9 seconds. (CPU: 0.0s user, 0.0s system)
2023-09-01 11:53:43|   0.0|  0.0|INFORM|END - ProcessID: 20860, peak process memory usage: 58808 kB, current process memory usage: 58752 kB
2023-09-01 11:55:15|   0.0|  0.0|INFORM|Current FME version: FME 2022.1.3.0 (20220928 - Build 22630 - WIN64)
2023-09-01 11:55:15|   0.0|  0.0|INFORM|FME_HOME is 'C:\Program Files\FME2022_1_3\'
2023-09-01 11:55:15|   0.0|  0.0|INFORM|FME Database Edition (node locked-crc)
2023-09-01 11:55:15|   0.0|  0.0|INFORM|Serial Number: ZVY7-REY4-21GZ
2023-09-01 11:55:15|   0.0|  0.0|INFORM|Temporary License: 296 days left.
2023-09-01 11:55:15|   0.0|  0.0|INFORM|Machine host name is: EPI-4L2CTD3
2023-09-01 11:55:15|   0.0|  0.0|INFORM|OS Locale Name     : sv_SE
2023-09-01 11:55:15|   0.0|  0.0|INFORM|OS Locale Encoding : windows-1252
2023-09-01 11:55:15|   0.0|  0.0|INFORM|Process Encoding   : UTF-8
2023-09-01 11:55:15|   0.0|  0.0|INFORM|FME API version: '4.0 20220615'
2023-09-01 11:55:15|   0.0|  0.0|INFORM|FME Configuration: FME_BASE is 'no'
2023-09-01 11:55:15|   0.0|  0.0|INFORM|FME Configuration: FME_MF_DIR is 'C:\Users\krima354\Work Folders\Documents\GitHub\kix_working_dir\divFME\restore_drop_backup_idb/'
2023-09-01 11:55:15|   0.0|  0.0|INFORM|FME Configuration: FME_MF_NAME is 'removeOneDBfromServer.fmw'
2023-09-01 11:55:15|   0.0|  0.0|INFORM|FME Configuration: FME_PRODUCT_NAME is 'FME(R) 2022.1.3.0'
2023-09-01 11:55:15|   0.0|  0.0|INFORM|Operating System: Microsoft Windows 10 64-bit  (Build 19045)
2023-09-01 11:55:15|   0.0|  0.0|INFORM|FME Platform: WIN64
2023-09-01 11:55:15|   0.0|  0.0|INFORM|System Status: 318.17 GB of disk space available in the FME temporary folder (C:\Users\krima354\AppData\Local\Temp\wbrun_1693561786388_15524\fmetmp_1)
2023-09-01 11:55:15|   0.0|  0.0|INFORM|System Status: 31.73 GB of physical memory available
2023-09-01 11:55:15|   0.0|  0.0|INFORM|System Status: 126.93 GB of virtual memory available
2023-09-01 11:55:15|   0.0|  0.0|INFORM|START - ProcessID: 1628, peak process memory usage: 50240 kB, current process memory usage: 50240 kB
2023-09-01 11:55:15|   0.0|  0.0|INFORM|FME Configuration: Command line arguments are `C:\Program Files\FME2022_1_3\fme.exe' `C:/Users/krima354/Work Folders/Documents/GitHub/kix_working_dir/divFME/restore_drop_backup_idb\wb-xlate-1693562112436_15524' `LOG_STANDARDOUT' `YES' `LOG_TIMINGS' `YES' `LogCountServerName' `59657' `LOG_STANDARDOUT' `No' `WORKBENCH_LOG_SERVER' `59243'
2023-09-01 11:55:15|   0.0|  0.0|INFORM|FME Configuration: Connection Storage: 'C:\Users\krima354\AppData\Roaming\Safe Software\FME\'
2023-09-01 11:55:15|   0.0|  0.0|INFORM|Shared folders for formats are : C:\Program Files\FME2022_1_3\datasources;C:\Users\krima354\Work Folders\Documents\FME\Formats
2023-09-01 11:55:15|   0.0|  0.0|INFORM|Shared folders for transformers are : C:\Users\krima354\AppData\Roaming\Safe Software\FME\Packages\22630-win64\transformers;C:\Program Files\FME2022_1_3\transformers;C:\Users\krima354\AppData\Roaming\Safe Software\FME\FME Store\Transformers
2023-09-01 11:55:15|   0.0|  0.0|INFORM|Shared folders for coordinate systems are : C:\Users\krima354\Work Folders\Documents\FME\CoordinateSystems
2023-09-01 11:55:15|   0.0|  0.0|INFORM|Shared folders for coordinate system exceptions are : C:\Users\krima354\Work Folders\Documents\FME\CoordinateSystemExceptions
2023-09-01 11:55:15|   0.0|  0.0|INFORM|Shared folders for coordinate system grid overrides are : C:\Users\krima354\Work Folders\Documents\FME\CoordinateSystemGridOverrides
2023-09-01 11:55:15|   0.0|  0.0|INFORM|Shared folders for CS-MAP transformation exceptions are : C:\Users\krima354\Work Folders\Documents\FME\CsmapTransformationExceptions
2023-09-01 11:55:15|   0.0|  0.0|INFORM|Shared folders for transformer categories are : C:\Users\krima354\Work Folders\Documents\FME\TransformerCategories
2023-09-01 11:55:15|   0.0|  0.0|INFORM|Mapping File Identifier is: SAUimportIntrasis
2023-09-01 11:55:15|   0.0|  0.0|INFORM|FME Configuration: Reader Keyword is `MULTI_READER'
2023-09-01 11:55:15|   0.0|  0.0|INFORM|FME Configuration: Writer Keyword is `NULL_DEST'
2023-09-01 11:55:15|   0.0|  0.0|INFORM|FME Configuration: Writer Group Definition Keyword is `NULL_DEST_DEF'
2023-09-01 11:55:15|   0.0|  0.0|INFORM|FME Configuration: Reader type is `MULTI_READER'
2023-09-01 11:55:15|   0.0|  0.0|INFORM|FME Configuration: Writer type is `NULL'
2023-09-01 11:55:15|   0.0|  0.0|INFORM|FME Configuration: No destination coordinate system set
2023-09-01 11:55:15|   0.0|  0.0|INFORM|FME Configuration: Current working folder is `C:\Users\krima354\Work Folders\Documents\GitHub\kix_working_dir\divFME\restore_drop_backup_idb'
2023-09-01 11:55:15|   0.0|  0.0|INFORM|FME Configuration: Temporary folder is `C:\Users\krima354\AppData\Local\Temp\wbrun_1693561786388_15524\fmetmp_1', set from environment variable `FME_TEMP'
2023-09-01 11:55:15|   0.0|  0.0|INFORM|FME Configuration: Cache folder is 'C:\Users\krima354\AppData\Local\Temp'
2023-09-01 11:55:15|   0.0|  0.0|INFORM|FME Configuration: FME_HOME is `C:\Program Files\FME2022_1_3\'
2023-09-01 11:55:15|   0.0|  0.0|INFORM|FME Configuration: Start freeing memory when the process exceeds 95.20 GB
2023-09-01 11:55:15|   0.0|  0.0|INFORM|FME Configuration: Stop freeing memory when the process is below 71.40 GB
2023-09-01 11:55:15|   0.0|  0.0|INFORM|Creating writer for format: NULL (Nothing)
2023-09-01 11:55:15|   0.0|  0.0|INFORM|Trying to find a DYNAMIC plugin for writer named `NULL'
2023-09-01 11:55:15|   0.0|  0.0|INFORM|Loaded module 'NULL' from file 'C:\Program Files\FME2022_1_3\plugins/NULL.dll'
2023-09-01 11:55:15|   0.0|  0.0|INFORM|FME API version of module 'NULL' matches current internal version (4.0 20220615)
2023-09-01 11:55:15|   0.0|  0.0|INFORM|Creating reader for format: 
2023-09-01 11:55:15|   0.0|  0.0|INFORM|MULTI_READER(MULTI_READER): Will fail with first member reader failure
2023-09-01 11:55:15|   0.0|  0.0|INFORM|Using Multi Reader with keyword `MULTI_READER' to read multiple datasets
2023-09-01 11:55:15|   0.0|  0.0|INFORM|Loaded module 'Geometry_func' from file 'C:\Program Files\FME2022_1_3\plugins/Geometry_func.dll'
2023-09-01 11:55:15|   0.0|  0.0|INFORM|FME API version of module 'Geometry_func' matches current internal version (4.0 20220615)
2023-09-01 11:55:15|   0.0|  0.0|INFORM|Loaded module 'LogCount_func' from file 'C:\Program Files\FME2022_1_3\plugins/LogCount_func.dll'
2023-09-01 11:55:15|   0.0|  0.0|INFORM|FME API version of module 'LogCount_func' matches current internal version (4.0 20220615)
2023-09-01 11:55:15|   0.0|  0.0|INFORM|Emptying factory pipeline
2023-09-01 11:55:15|   0.0|  0.0|INFORM|SystemCaller: Executing `""C:/Program Files/PostgreSQL/11/bin/dropdb.exe" -h localhost  -p 5432 -U postgres  -w  uv2010233"'
2023-09-01 11:55:20|   0.0|  0.0|WARN  |SystemCaller: Failed to Execute `""C:/Program Files/PostgreSQL/11/bin/dropdb.exe" -h localhost  -p 5432 -U postgres  -w  uv2010233"'
2023-09-01 11:55:20|   0.0|  0.0|STATS |Creator_XML_Creator (CreationFactory): Created 1 features
2023-09-01 11:55:20|   0.0|  0.0|STATS |Creator_Cloner (TeeFactory): Cloned 1 input feature(s) into 1 output feature(s)
2023-09-01 11:55:20|   0.0|  0.0|STATS |Creator_CREATED Brancher -1 10 (BranchingFactory): Branched 1 input feature -- 1 feature routed to the target factory, and 0 features routed to the fallback factory.
2023-09-01 11:55:20|   0.0|  0.0|STATS |_CREATOR_BRANCH_TARGET (TeeFactory): Cloned 1 input feature(s) into 1 output feature(s)
2023-09-01 11:55:20|   0.0|  0.0|STATS |SystemCaller (TeeFactory): Cloned 1 input feature(s) into 1 output feature(s)
2023-09-01 11:55:20|   0.0|  0.0|STATS |Destination Feature Type Routing Correlator (RoutingFactory): Tested 0 input feature(s), wrote 0 output feature(s): 0 matched merge filters, 0 were routed to output, 0 could not be routed.
2023-09-01 11:55:20|   0.0|  0.0|STATS |Final Output Nuker (TeeFactory): Cloned 0 input feature(s) into 0 output feature(s)
2023-09-01 11:55:20|   0.0|  0.0|STATS |=-=-=-=-=-=-=-=-=-=-=-=-=-=-=-=-=-=-=-=-=-=-=-=-=-=-=-=-=-=-=-=-=-=-=-=-=-=-=-
2023-09-01 11:55:20|   0.0|  0.0|STATS |                            Features Read Summary
2023-09-01 11:55:20|   0.0|  0.0|STATS |=-=-=-=-=-=-=-=-=-=-=-=-=-=-=-=-=-=-=-=-=-=-=-=-=-=-=-=-=-=-=-=-=-=-=-=-=-=-=-
2023-09-01 11:55:20|   0.0|  0.0|STATS |==============================================================================
2023-09-01 11:55:20|   0.0|  0.0|STATS |Total Features Read                                                          0
2023-09-01 11:55:20|   0.0|  0.0|STATS |=-=-=-=-=-=-=-=-=-=-=-=-=-=-=-=-=-=-=-=-=-=-=-=-=-=-=-=-=-=-=-=-=-=-=-=-=-=-=-
2023-09-01 11:55:20|   0.0|  0.0|STATS |=-=-=-=-=-=-=-=-=-=-=-=-=-=-=-=-=-=-=-=-=-=-=-=-=-=-=-=-=-=-=-=-=-=-=-=-=-=-=-
2023-09-01 11:55:20|   0.0|  0.0|STATS |                           Features Written Summary
2023-09-01 11:55:20|   0.0|  0.0|STATS |=-=-=-=-=-=-=-=-=-=-=-=-=-=-=-=-=-=-=-=-=-=-=-=-=-=-=-=-=-=-=-=-=-=-=-=-=-=-=-
2023-09-01 11:55:20|   0.0|  0.0|STATS |==============================================================================
2023-09-01 11:55:20|   0.0|  0.0|STATS |Total Features Written                                                       0
2023-09-01 11:55:20|   0.0|  0.0|STATS |=-=-=-=-=-=-=-=-=-=-=-=-=-=-=-=-=-=-=-=-=-=-=-=-=-=-=-=-=-=-=-=-=-=-=-=-=-=-=-
2023-09-01 11:55:20|   0.0|  0.0|WARN  |-~-~-~-~-~-~-~-~-~-~-~-~-~-~-~-~-~-~-~-~-~-~-~-~-~-~-~-~-~-~-~-~-~-~-~-~-~-~-~-~-
2023-09-01 11:55:20|   0.0|  0.0|WARN  |-~                                                                             ~-
2023-09-01 11:55:20|   0.0|  0.0|WARN  |-~    Feature caches have been recorded at every stage of the translation.     ~-
2023-09-01 11:55:20|   0.0|  0.0|WARN  |-~                      To inspect the recorded features,                      ~-
2023-09-01 11:55:20|   0.0|  0.0|WARN  |-~              click the feature cache icons next to the ports.               ~-
2023-09-01 11:55:20|   0.0|  0.0|WARN  |-~                                                                             ~-
2023-09-01 11:55:20|   0.0|  0.0|WARN  |-~-~-~-~-~-~-~-~-~-~-~-~-~-~-~-~-~-~-~-~-~-~-~-~-~-~-~-~-~-~-~-~-~-~-~-~-~-~-~-~-
2023-09-01 11:55:20|   0.0|  0.0|INFORM|Translation was SUCCESSFUL with 8 warning(s) (0 feature(s) output)
2023-09-01 11:55:20|   0.0|  0.0|INFORM|FME Session Duration: 5.6 seconds. (CPU: 0.0s user, 0.0s system)
2023-09-01 11:55:20|   0.0|  0.0|INFORM|END - ProcessID: 1628, peak process memory usage: 58340 kB, current process memory usage: 58284 kB
2023-09-01 11:56:17|   0.0|  0.0|INFORM|Current FME version: FME 2022.1.3.0 (20220928 - Build 22630 - WIN64)
2023-09-01 11:56:17|   0.0|  0.0|INFORM|FME_HOME is 'C:\Program Files\FME2022_1_3\'
2023-09-01 11:56:17|   0.0|  0.0|INFORM|FME Database Edition (node locked-crc)
2023-09-01 11:56:17|   0.0|  0.0|INFORM|Serial Number: ZVY7-REY4-21GZ
2023-09-01 11:56:17|   0.0|  0.0|INFORM|Temporary License: 296 days left.
2023-09-01 11:56:17|   0.0|  0.0|INFORM|Machine host name is: EPI-4L2CTD3
2023-09-01 11:56:17|   0.0|  0.0|INFORM|OS Locale Name     : sv_SE
2023-09-01 11:56:17|   0.0|  0.0|INFORM|OS Locale Encoding : windows-1252
2023-09-01 11:56:17|   0.0|  0.0|INFORM|Process Encoding   : UTF-8
2023-09-01 11:56:17|   0.0|  0.0|INFORM|FME API version: '4.0 20220615'
2023-09-01 11:56:17|   0.0|  0.0|INFORM|FME Configuration: FME_BASE is 'no'
2023-09-01 11:56:17|   0.0|  0.0|INFORM|FME Configuration: FME_MF_DIR is 'C:\Users\krima354\Work Folders\Documents\GitHub\kix_working_dir\divFME\restore_drop_backup_idb/'
2023-09-01 11:56:17|   0.0|  0.0|INFORM|FME Configuration: FME_MF_NAME is 'removeOneDBfromServer.fmw'
2023-09-01 11:56:17|   0.0|  0.0|INFORM|FME Configuration: FME_PRODUCT_NAME is 'FME(R) 2022.1.3.0'
2023-09-01 11:56:17|   0.0|  0.0|INFORM|Operating System: Microsoft Windows 10 64-bit  (Build 19045)
2023-09-01 11:56:17|   0.0|  0.0|INFORM|FME Platform: WIN64
2023-09-01 11:56:17|   0.0|  0.0|INFORM|System Status: 318.17 GB of disk space available in the FME temporary folder (C:\Users\krima354\AppData\Local\Temp\wbrun_1693561786388_15524\fmetmp_2)
2023-09-01 11:56:17|   0.0|  0.0|INFORM|System Status: 31.73 GB of physical memory available
2023-09-01 11:56:17|   0.0|  0.0|INFORM|System Status: 126.93 GB of virtual memory available
2023-09-01 11:56:17|   0.0|  0.0|INFORM|START - ProcessID: 19636, peak process memory usage: 49860 kB, current process memory usage: 49860 kB
2023-09-01 11:56:17|   0.0|  0.0|INFORM|FME Configuration: Command line arguments are `C:\Program Files\FME2022_1_3\fme.exe' `C:/Users/krima354/Work Folders/Documents/GitHub/kix_working_dir/divFME/restore_drop_backup_idb\wb-xlate-1693562172837_15524' `LOG_STANDARDOUT' `YES' `LOG_TIMINGS' `YES' `LogCountServerName' `59657' `LOG_STANDARDOUT' `No' `WORKBENCH_LOG_SERVER' `59243'
2023-09-01 11:56:17|   0.0|  0.0|INFORM|FME Configuration: Connection Storage: 'C:\Users\krima354\AppData\Roaming\Safe Software\FME\'
2023-09-01 11:56:17|   0.0|  0.0|INFORM|Shared folders for formats are : C:\Program Files\FME2022_1_3\datasources;C:\Users\krima354\Work Folders\Documents\FME\Formats
2023-09-01 11:56:17|   0.0|  0.0|INFORM|Shared folders for transformers are : C:\Users\krima354\AppData\Roaming\Safe Software\FME\Packages\22630-win64\transformers;C:\Program Files\FME2022_1_3\transformers;C:\Users\krima354\AppData\Roaming\Safe Software\FME\FME Store\Transformers
2023-09-01 11:56:17|   0.0|  0.0|INFORM|Shared folders for coordinate systems are : C:\Users\krima354\Work Folders\Documents\FME\CoordinateSystems
2023-09-01 11:56:17|   0.0|  0.0|INFORM|Shared folders for coordinate system exceptions are : C:\Users\krima354\Work Folders\Documents\FME\CoordinateSystemExceptions
2023-09-01 11:56:17|   0.0|  0.0|INFORM|Shared folders for coordinate system grid overrides are : C:\Users\krima354\Work Folders\Documents\FME\CoordinateSystemGridOverrides
2023-09-01 11:56:17|   0.0|  0.0|INFORM|Shared folders for CS-MAP transformation exceptions are : C:\Users\krima354\Work Folders\Documents\FME\CsmapTransformationExceptions
2023-09-01 11:56:17|   0.0|  0.0|INFORM|Shared folders for transformer categories are : C:\Users\krima354\Work Folders\Documents\FME\TransformerCategories
2023-09-01 11:56:17|   0.0|  0.0|INFORM|Mapping File Identifier is: SAUimportIntrasis
2023-09-01 11:56:17|   0.0|  0.0|INFORM|FME Configuration: Reader Keyword is `MULTI_READER'
2023-09-01 11:56:17|   0.0|  0.0|INFORM|FME Configuration: Writer Keyword is `NULL_DEST'
2023-09-01 11:56:17|   0.0|  0.0|INFORM|FME Configuration: Writer Group Definition Keyword is `NULL_DEST_DEF'
2023-09-01 11:56:17|   0.0|  0.0|INFORM|FME Configuration: Reader type is `MULTI_READER'
2023-09-01 11:56:17|   0.0|  0.0|INFORM|FME Configuration: Writer type is `NULL'
2023-09-01 11:56:17|   0.0|  0.0|INFORM|FME Configuration: No destination coordinate system set
2023-09-01 11:56:17|   0.0|  0.0|INFORM|FME Configuration: Current working folder is `C:\Users\krima354\Work Folders\Documents\GitHub\kix_working_dir\divFME\restore_drop_backup_idb'
2023-09-01 11:56:17|   0.0|  0.0|INFORM|FME Configuration: Temporary folder is `C:\Users\krima354\AppData\Local\Temp\wbrun_1693561786388_15524\fmetmp_2', set from environment variable `FME_TEMP'
2023-09-01 11:56:17|   0.0|  0.0|INFORM|FME Configuration: Cache folder is 'C:\Users\krima354\AppData\Local\Temp'
2023-09-01 11:56:17|   0.0|  0.0|INFORM|FME Configuration: FME_HOME is `C:\Program Files\FME2022_1_3\'
2023-09-01 11:56:17|   0.0|  0.0|INFORM|FME Configuration: Start freeing memory when the process exceeds 95.20 GB
2023-09-01 11:56:17|   0.0|  0.0|INFORM|FME Configuration: Stop freeing memory when the process is below 71.40 GB
2023-09-01 11:56:17|   0.0|  0.0|INFORM|Creating writer for format: NULL (Nothing)
2023-09-01 11:56:17|   0.0|  0.0|INFORM|Trying to find a DYNAMIC plugin for writer named `NULL'
2023-09-01 11:56:17|   0.0|  0.0|INFORM|Loaded module 'NULL' from file 'C:\Program Files\FME2022_1_3\plugins/NULL.dll'
2023-09-01 11:56:17|   0.0|  0.0|INFORM|FME API version of module 'NULL' matches current internal version (4.0 20220615)
2023-09-01 11:56:17|   0.0|  0.0|INFORM|Creating reader for format: 
2023-09-01 11:56:17|   0.0|  0.0|INFORM|MULTI_READER(MULTI_READER): Will fail with first member reader failure
2023-09-01 11:56:17|   0.0|  0.0|INFORM|Using Multi Reader with keyword `MULTI_READER' to read multiple datasets
2023-09-01 11:56:17|   0.0|  0.0|INFORM|Loaded module 'Geometry_func' from file 'C:\Program Files\FME2022_1_3\plugins/Geometry_func.dll'
2023-09-01 11:56:17|   0.0|  0.0|INFORM|FME API version of module 'Geometry_func' matches current internal version (4.0 20220615)
2023-09-01 11:56:17|   0.0|  0.0|INFORM|Loaded module 'LogCount_func' from file 'C:\Program Files\FME2022_1_3\plugins/LogCount_func.dll'
2023-09-01 11:56:17|   0.0|  0.0|INFORM|FME API version of module 'LogCount_func' matches current internal version (4.0 20220615)
2023-09-01 11:56:17|   0.0|  0.0|INFORM|Emptying factory pipeline
2023-09-01 11:56:17|   0.0|  0.0|INFORM|SystemCaller: Executing `""C:/Program Files/PostgreSQL/11/bin/dropdb.exe" -h localhost  -p 5432 -U postgres  -w  uv2010233"'
2023-09-01 11:56:22|   0.0|  0.0|WARN  |SystemCaller: Failed to Execute `""C:/Program Files/PostgreSQL/11/bin/dropdb.exe" -h localhost  -p 5432 -U postgres  -w  uv2010233"'
2023-09-01 11:56:22|   0.0|  0.0|STATS |Creator_XML_Creator (CreationFactory): Created 1 features
2023-09-01 11:56:22|   0.0|  0.0|STATS |Creator_Cloner (TeeFactory): Cloned 1 input feature(s) into 1 output feature(s)
2023-09-01 11:56:22|   0.0|  0.0|STATS |Creator_CREATED Brancher -1 10 (BranchingFactory): Branched 1 input feature -- 1 feature routed to the target factory, and 0 features routed to the fallback factory.
2023-09-01 11:56:22|   0.0|  0.0|STATS |_CREATOR_BRANCH_TARGET (TeeFactory): Cloned 1 input feature(s) into 1 output feature(s)
2023-09-01 11:56:22|   0.0|  0.0|STATS |SystemCaller (TeeFactory): Cloned 1 input feature(s) into 1 output feature(s)
2023-09-01 11:56:22|   0.0|  0.0|STATS |Destination Feature Type Routing Correlator (RoutingFactory): Tested 0 input feature(s), wrote 0 output feature(s): 0 matched merge filters, 0 were routed to output, 0 could not be routed.
2023-09-01 11:56:22|   0.0|  0.0|STATS |Final Output Nuker (TeeFactory): Cloned 0 input feature(s) into 0 output feature(s)
2023-09-01 11:56:22|   0.0|  0.0|STATS |=-=-=-=-=-=-=-=-=-=-=-=-=-=-=-=-=-=-=-=-=-=-=-=-=-=-=-=-=-=-=-=-=-=-=-=-=-=-=-
2023-09-01 11:56:22|   0.0|  0.0|STATS |                            Features Read Summary
2023-09-01 11:56:22|   0.0|  0.0|STATS |=-=-=-=-=-=-=-=-=-=-=-=-=-=-=-=-=-=-=-=-=-=-=-=-=-=-=-=-=-=-=-=-=-=-=-=-=-=-=-
2023-09-01 11:56:22|   0.0|  0.0|STATS |==============================================================================
2023-09-01 11:56:22|   0.0|  0.0|STATS |Total Features Read                                                          0
2023-09-01 11:56:22|   0.0|  0.0|STATS |=-=-=-=-=-=-=-=-=-=-=-=-=-=-=-=-=-=-=-=-=-=-=-=-=-=-=-=-=-=-=-=-=-=-=-=-=-=-=-
2023-09-01 11:56:22|   0.0|  0.0|STATS |=-=-=-=-=-=-=-=-=-=-=-=-=-=-=-=-=-=-=-=-=-=-=-=-=-=-=-=-=-=-=-=-=-=-=-=-=-=-=-
2023-09-01 11:56:22|   0.0|  0.0|STATS |                           Features Written Summary
2023-09-01 11:56:22|   0.0|  0.0|STATS |=-=-=-=-=-=-=-=-=-=-=-=-=-=-=-=-=-=-=-=-=-=-=-=-=-=-=-=-=-=-=-=-=-=-=-=-=-=-=-
2023-09-01 11:56:22|   0.0|  0.0|STATS |==============================================================================
2023-09-01 11:56:22|   0.0|  0.0|STATS |Total Features Written                                                       0
2023-09-01 11:56:22|   0.0|  0.0|STATS |=-=-=-=-=-=-=-=-=-=-=-=-=-=-=-=-=-=-=-=-=-=-=-=-=-=-=-=-=-=-=-=-=-=-=-=-=-=-=-
2023-09-01 11:56:22|   0.0|  0.0|WARN  |-~-~-~-~-~-~-~-~-~-~-~-~-~-~-~-~-~-~-~-~-~-~-~-~-~-~-~-~-~-~-~-~-~-~-~-~-~-~-~-~-
2023-09-01 11:56:22|   0.0|  0.0|WARN  |-~                                                                             ~-
2023-09-01 11:56:22|   0.0|  0.0|WARN  |-~    Feature caches have been recorded at every stage of the translation.     ~-
2023-09-01 11:56:22|   0.0|  0.0|WARN  |-~                      To inspect the recorded features,                      ~-
2023-09-01 11:56:22|   0.0|  0.0|WARN  |-~              click the feature cache icons next to the ports.               ~-
2023-09-01 11:56:22|   0.0|  0.0|WARN  |-~                                                                             ~-
2023-09-01 11:56:22|   0.0|  0.0|WARN  |-~-~-~-~-~-~-~-~-~-~-~-~-~-~-~-~-~-~-~-~-~-~-~-~-~-~-~-~-~-~-~-~-~-~-~-~-~-~-~-~-
2023-09-01 11:56:22|   0.0|  0.0|INFORM|Translation was SUCCESSFUL with 8 warning(s) (0 feature(s) output)
2023-09-01 11:56:22|   0.0|  0.0|INFORM|FME Session Duration: 5.6 seconds. (CPU: 0.0s user, 0.0s system)
2023-09-01 11:56:22|   0.0|  0.0|INFORM|END - ProcessID: 19636, peak process memory usage: 57976 kB, current process memory usage: 57920 kB
2023-09-01 11:57:27|   0.0|  0.0|INFORM|Current FME version: FME 2022.1.3.0 (20220928 - Build 22630 - WIN64)
2023-09-01 11:57:27|   0.0|  0.0|INFORM|FME_HOME is 'C:\Program Files\FME2022_1_3\'
2023-09-01 11:57:27|   0.0|  0.0|INFORM|FME Database Edition (node locked-crc)
2023-09-01 11:57:27|   0.0|  0.0|INFORM|Serial Number: ZVY7-REY4-21GZ
2023-09-01 11:57:27|   0.0|  0.0|INFORM|Temporary License: 296 days left.
2023-09-01 11:57:27|   0.0|  0.0|INFORM|Machine host name is: EPI-4L2CTD3
2023-09-01 11:57:27|   0.0|  0.0|INFORM|OS Locale Name     : sv_SE
2023-09-01 11:57:27|   0.0|  0.0|INFORM|OS Locale Encoding : windows-1252
2023-09-01 11:57:27|   0.0|  0.0|INFORM|Process Encoding   : UTF-8
2023-09-01 11:57:27|   0.0|  0.0|INFORM|FME API version: '4.0 20220615'
2023-09-01 11:57:27|   0.0|  0.0|INFORM|FME Configuration: FME_BASE is 'no'
2023-09-01 11:57:27|   0.0|  0.0|INFORM|FME Configuration: FME_MF_DIR is 'C:\Users\krima354\Work Folders\Documents\GitHub\kix_working_dir\divFME\restore_drop_backup_idb/'
2023-09-01 11:57:27|   0.0|  0.0|INFORM|FME Configuration: FME_MF_NAME is 'removeOneDBfromServer.fmw'
2023-09-01 11:57:27|   0.0|  0.0|INFORM|FME Configuration: FME_PRODUCT_NAME is 'FME(R) 2022.1.3.0'
2023-09-01 11:57:27|   0.0|  0.0|INFORM|Operating System: Microsoft Windows 10 64-bit  (Build 19045)
2023-09-01 11:57:27|   0.0|  0.0|INFORM|FME Platform: WIN64
2023-09-01 11:57:27|   0.0|  0.0|INFORM|System Status: 318.16 GB of disk space available in the FME temporary folder (C:\Users\krima354\AppData\Local\Temp\wbrun_1693561786388_15524\fmetmp_3)
2023-09-01 11:57:27|   0.0|  0.0|INFORM|System Status: 31.73 GB of physical memory available
2023-09-01 11:57:27|   0.0|  0.0|INFORM|System Status: 126.93 GB of virtual memory available
2023-09-01 11:57:27|   0.0|  0.0|INFORM|START - ProcessID: 21676, peak process memory usage: 49852 kB, current process memory usage: 49852 kB
2023-09-01 11:57:27|   0.0|  0.0|INFORM|FME Configuration: Command line arguments are `C:\Program Files\FME2022_1_3\fme.exe' `C:/Users/krima354/Work Folders/Documents/GitHub/kix_working_dir/divFME/restore_drop_backup_idb\wb-xlate-1693562234844_15524' `LOG_STANDARDOUT' `YES' `LOG_TIMINGS' `YES' `LogCountServerName' `59657' `LOG_STANDARDOUT' `No' `WORKBENCH_LOG_SERVER' `59243'
2023-09-01 11:57:27|   0.0|  0.0|INFORM|FME Configuration: Connection Storage: 'C:\Users\krima354\AppData\Roaming\Safe Software\FME\'
2023-09-01 11:57:27|   0.0|  0.0|INFORM|Shared folders for formats are : C:\Program Files\FME2022_1_3\datasources;C:\Users\krima354\Work Folders\Documents\FME\Formats
2023-09-01 11:57:27|   0.0|  0.0|INFORM|Shared folders for transformers are : C:\Users\krima354\AppData\Roaming\Safe Software\FME\Packages\22630-win64\transformers;C:\Program Files\FME2022_1_3\transformers;C:\Users\krima354\AppData\Roaming\Safe Software\FME\FME Store\Transformers
2023-09-01 11:57:27|   0.0|  0.0|INFORM|Shared folders for coordinate systems are : C:\Users\krima354\Work Folders\Documents\FME\CoordinateSystems
2023-09-01 11:57:27|   0.0|  0.0|INFORM|Shared folders for coordinate system exceptions are : C:\Users\krima354\Work Folders\Documents\FME\CoordinateSystemExceptions
2023-09-01 11:57:27|   0.0|  0.0|INFORM|Shared folders for coordinate system grid overrides are : C:\Users\krima354\Work Folders\Documents\FME\CoordinateSystemGridOverrides
2023-09-01 11:57:27|   0.0|  0.0|INFORM|Shared folders for CS-MAP transformation exceptions are : C:\Users\krima354\Work Folders\Documents\FME\CsmapTransformationExceptions
2023-09-01 11:57:27|   0.0|  0.0|INFORM|Shared folders for transformer categories are : C:\Users\krima354\Work Folders\Documents\FME\TransformerCategories
2023-09-01 11:57:27|   0.0|  0.0|INFORM|Mapping File Identifier is: SAUimportIntrasis
2023-09-01 11:57:27|   0.0|  0.0|INFORM|FME Configuration: Reader Keyword is `MULTI_READER'
2023-09-01 11:57:27|   0.0|  0.0|INFORM|FME Configuration: Writer Keyword is `NULL_DEST'
2023-09-01 11:57:27|   0.0|  0.0|INFORM|FME Configuration: Writer Group Definition Keyword is `NULL_DEST_DEF'
2023-09-01 11:57:27|   0.0|  0.0|INFORM|FME Configuration: Reader type is `MULTI_READER'
2023-09-01 11:57:27|   0.0|  0.0|INFORM|FME Configuration: Writer type is `NULL'
2023-09-01 11:57:27|   0.0|  0.0|INFORM|FME Configuration: No destination coordinate system set
2023-09-01 11:57:27|   0.0|  0.0|INFORM|FME Configuration: Current working folder is `C:\Users\krima354\Work Folders\Documents\GitHub\kix_working_dir\divFME\restore_drop_backup_idb'
2023-09-01 11:57:27|   0.0|  0.0|INFORM|FME Configuration: Temporary folder is `C:\Users\krima354\AppData\Local\Temp\wbrun_1693561786388_15524\fmetmp_3', set from environment variable `FME_TEMP'
2023-09-01 11:57:27|   0.0|  0.0|INFORM|FME Configuration: Cache folder is 'C:\Users\krima354\AppData\Local\Temp'
2023-09-01 11:57:27|   0.0|  0.0|INFORM|FME Configuration: FME_HOME is `C:\Program Files\FME2022_1_3\'
2023-09-01 11:57:27|   0.0|  0.0|INFORM|FME Configuration: Start freeing memory when the process exceeds 95.20 GB
2023-09-01 11:57:27|   0.0|  0.0|INFORM|FME Configuration: Stop freeing memory when the process is below 71.40 GB
2023-09-01 11:57:27|   0.0|  0.0|INFORM|Creating writer for format: NULL (Nothing)
2023-09-01 11:57:27|   0.0|  0.0|INFORM|Trying to find a DYNAMIC plugin for writer named `NULL'
2023-09-01 11:57:27|   0.0|  0.0|INFORM|Loaded module 'NULL' from file 'C:\Program Files\FME2022_1_3\plugins/NULL.dll'
2023-09-01 11:57:27|   0.0|  0.0|INFORM|FME API version of module 'NULL' matches current internal version (4.0 20220615)
2023-09-01 11:57:27|   0.0|  0.0|INFORM|Creating reader for format: 
2023-09-01 11:57:27|   0.0|  0.0|INFORM|MULTI_READER(MULTI_READER): Will fail with first member reader failure
2023-09-01 11:57:27|   0.0|  0.0|INFORM|Using Multi Reader with keyword `MULTI_READER' to read multiple datasets
2023-09-01 11:57:27|   0.0|  0.0|INFORM|Loaded module 'Geometry_func' from file 'C:\Program Files\FME2022_1_3\plugins/Geometry_func.dll'
2023-09-01 11:57:27|   0.0|  0.0|INFORM|FME API version of module 'Geometry_func' matches current internal version (4.0 20220615)
2023-09-01 11:57:27|   0.0|  0.0|INFORM|Loaded module 'LogCount_func' from file 'C:\Program Files\FME2022_1_3\plugins/LogCount_func.dll'
2023-09-01 11:57:27|   0.0|  0.0|INFORM|FME API version of module 'LogCount_func' matches current internal version (4.0 20220615)
2023-09-01 11:57:27|   0.0|  0.0|INFORM|Emptying factory pipeline
2023-09-01 11:57:27|   0.0|  0.0|INFORM|SystemCaller: Executing `""C:/Program Files/PostgreSQL/11/bin/dropdb.exe" -h localhost  -p 5432 -U postgres  -w  uv2010233"'
2023-09-01 11:57:32|   0.0|  0.0|WARN  |SystemCaller: Failed to Execute `""C:/Program Files/PostgreSQL/11/bin/dropdb.exe" -h localhost  -p 5432 -U postgres  -w  uv2010233"'
2023-09-01 11:57:32|   0.0|  0.0|STATS |Creator_XML_Creator (CreationFactory): Created 1 features
2023-09-01 11:57:32|   0.0|  0.0|STATS |Creator_Cloner (TeeFactory): Cloned 1 input feature(s) into 1 output feature(s)
2023-09-01 11:57:32|   0.0|  0.0|STATS |Creator_CREATED Brancher -1 10 (BranchingFactory): Branched 1 input feature -- 1 feature routed to the target factory, and 0 features routed to the fallback factory.
2023-09-01 11:57:32|   0.0|  0.0|STATS |_CREATOR_BRANCH_TARGET (TeeFactory): Cloned 1 input feature(s) into 1 output feature(s)
2023-09-01 11:57:32|   0.0|  0.0|STATS |SystemCaller (TeeFactory): Cloned 1 input feature(s) into 1 output feature(s)
2023-09-01 11:57:32|   0.0|  0.0|STATS |Destination Feature Type Routing Correlator (RoutingFactory): Tested 0 input feature(s), wrote 0 output feature(s): 0 matched merge filters, 0 were routed to output, 0 could not be routed.
2023-09-01 11:57:32|   0.0|  0.0|STATS |Final Output Nuker (TeeFactory): Cloned 0 input feature(s) into 0 output feature(s)
2023-09-01 11:57:32|   0.0|  0.0|STATS |=-=-=-=-=-=-=-=-=-=-=-=-=-=-=-=-=-=-=-=-=-=-=-=-=-=-=-=-=-=-=-=-=-=-=-=-=-=-=-
2023-09-01 11:57:32|   0.0|  0.0|STATS |                            Features Read Summary
2023-09-01 11:57:32|   0.0|  0.0|STATS |=-=-=-=-=-=-=-=-=-=-=-=-=-=-=-=-=-=-=-=-=-=-=-=-=-=-=-=-=-=-=-=-=-=-=-=-=-=-=-
2023-09-01 11:57:32|   0.0|  0.0|STATS |==============================================================================
2023-09-01 11:57:32|   0.0|  0.0|STATS |Total Features Read                                                          0
2023-09-01 11:57:32|   0.0|  0.0|STATS |=-=-=-=-=-=-=-=-=-=-=-=-=-=-=-=-=-=-=-=-=-=-=-=-=-=-=-=-=-=-=-=-=-=-=-=-=-=-=-
2023-09-01 11:57:32|   0.0|  0.0|STATS |=-=-=-=-=-=-=-=-=-=-=-=-=-=-=-=-=-=-=-=-=-=-=-=-=-=-=-=-=-=-=-=-=-=-=-=-=-=-=-
2023-09-01 11:57:32|   0.0|  0.0|STATS |                           Features Written Summary
2023-09-01 11:57:32|   0.0|  0.0|STATS |=-=-=-=-=-=-=-=-=-=-=-=-=-=-=-=-=-=-=-=-=-=-=-=-=-=-=-=-=-=-=-=-=-=-=-=-=-=-=-
2023-09-01 11:57:32|   0.0|  0.0|STATS |==============================================================================
2023-09-01 11:57:32|   0.0|  0.0|STATS |Total Features Written                                                       0
2023-09-01 11:57:32|   0.0|  0.0|STATS |=-=-=-=-=-=-=-=-=-=-=-=-=-=-=-=-=-=-=-=-=-=-=-=-=-=-=-=-=-=-=-=-=-=-=-=-=-=-=-
2023-09-01 11:57:32|   0.0|  0.0|WARN  |-~-~-~-~-~-~-~-~-~-~-~-~-~-~-~-~-~-~-~-~-~-~-~-~-~-~-~-~-~-~-~-~-~-~-~-~-~-~-~-~-
2023-09-01 11:57:32|   0.0|  0.0|WARN  |-~                                                                             ~-
2023-09-01 11:57:32|   0.0|  0.0|WARN  |-~    Feature caches have been recorded at every stage of the translation.     ~-
2023-09-01 11:57:32|   0.0|  0.0|WARN  |-~                      To inspect the recorded features,                      ~-
2023-09-01 11:57:32|   0.0|  0.0|WARN  |-~              click the feature cache icons next to the ports.               ~-
2023-09-01 11:57:32|   0.0|  0.0|WARN  |-~                                                                             ~-
2023-09-01 11:57:32|   0.0|  0.0|WARN  |-~-~-~-~-~-~-~-~-~-~-~-~-~-~-~-~-~-~-~-~-~-~-~-~-~-~-~-~-~-~-~-~-~-~-~-~-~-~-~-~-
2023-09-01 11:57:32|   0.0|  0.0|INFORM|Translation was SUCCESSFUL with 8 warning(s) (0 feature(s) output)
2023-09-01 11:57:32|   0.0|  0.0|INFORM|FME Session Duration: 5.7 seconds. (CPU: 0.0s user, 0.0s system)
2023-09-01 11:57:32|   0.0|  0.0|INFORM|END - ProcessID: 21676, peak process memory usage: 57952 kB, current process memory usage: 57896 kB
2023-09-01 11:58:44|   0.0|  0.0|INFORM|Current FME version: FME 2022.1.3.0 (20220928 - Build 22630 - WIN64)
2023-09-01 11:58:44|   0.0|  0.0|INFORM|FME_HOME is 'C:\Program Files\FME2022_1_3\'
2023-09-01 11:58:44|   0.0|  0.0|INFORM|FME Database Edition (node locked-crc)
2023-09-01 11:58:44|   0.0|  0.0|INFORM|Serial Number: ZVY7-REY4-21GZ
2023-09-01 11:58:44|   0.0|  0.0|INFORM|Temporary License: 296 days left.
2023-09-01 11:58:44|   0.0|  0.0|INFORM|Machine host name is: EPI-4L2CTD3
2023-09-01 11:58:44|   0.0|  0.0|INFORM|OS Locale Name     : sv_SE
2023-09-01 11:58:44|   0.0|  0.0|INFORM|OS Locale Encoding : windows-1252
2023-09-01 11:58:44|   0.0|  0.0|INFORM|Process Encoding   : UTF-8
2023-09-01 11:58:44|   0.0|  0.0|INFORM|FME API version: '4.0 20220615'
2023-09-01 11:58:44|   0.0|  0.0|INFORM|FME Configuration: FME_BASE is 'no'
2023-09-01 11:58:44|   0.0|  0.0|INFORM|FME Configuration: FME_MF_DIR is 'C:\Users\krima354\Work Folders\Documents\GitHub\kix_working_dir\divFME\restore_drop_backup_idb/'
2023-09-01 11:58:44|   0.0|  0.0|INFORM|FME Configuration: FME_MF_NAME is 'removeOneDBfromServer.fmw'
2023-09-01 11:58:44|   0.0|  0.0|INFORM|FME Configuration: FME_PRODUCT_NAME is 'FME(R) 2022.1.3.0'
2023-09-01 11:58:44|   0.0|  0.0|INFORM|Operating System: Microsoft Windows 10 64-bit  (Build 19045)
2023-09-01 11:58:44|   0.0|  0.0|INFORM|FME Platform: WIN64
2023-09-01 11:58:44|   0.0|  0.0|INFORM|System Status: 318.17 GB of disk space available in the FME temporary folder (C:\Users\krima354\AppData\Local\Temp\wbrun_1693561786388_15524\fmetmp_4)
2023-09-01 11:58:44|   0.0|  0.0|INFORM|System Status: 31.73 GB of physical memory available
2023-09-01 11:58:44|   0.0|  0.0|INFORM|System Status: 126.93 GB of virtual memory available
2023-09-01 11:58:44|   0.0|  0.0|INFORM|START - ProcessID: 10808, peak process memory usage: 50004 kB, current process memory usage: 50004 kB
2023-09-01 11:58:44|   0.0|  0.0|INFORM|FME Configuration: Command line arguments are `C:\Program Files\FME2022_1_3\fme.exe' `C:/Users/krima354/Work Folders/Documents/GitHub/kix_working_dir/divFME/restore_drop_backup_idb\wb-xlate-1693562321959_15524' `LOG_STANDARDOUT' `YES' `LOG_TIMINGS' `YES' `LogCountServerName' `59657' `LOG_STANDARDOUT' `No' `WORKBENCH_LOG_SERVER' `59243'
2023-09-01 11:58:44|   0.0|  0.0|INFORM|FME Configuration: Connection Storage: 'C:\Users\krima354\AppData\Roaming\Safe Software\FME\'
2023-09-01 11:58:44|   0.0|  0.0|INFORM|Shared folders for formats are : C:\Program Files\FME2022_1_3\datasources;C:\Users\krima354\Work Folders\Documents\FME\Formats
2023-09-01 11:58:44|   0.0|  0.0|INFORM|Shared folders for transformers are : C:\Users\krima354\AppData\Roaming\Safe Software\FME\Packages\22630-win64\transformers;C:\Program Files\FME2022_1_3\transformers;C:\Users\krima354\AppData\Roaming\Safe Software\FME\FME Store\Transformers
2023-09-01 11:58:44|   0.0|  0.0|INFORM|Shared folders for coordinate systems are : C:\Users\krima354\Work Folders\Documents\FME\CoordinateSystems
2023-09-01 11:58:44|   0.0|  0.0|INFORM|Shared folders for coordinate system exceptions are : C:\Users\krima354\Work Folders\Documents\FME\CoordinateSystemExceptions
2023-09-01 11:58:44|   0.0|  0.0|INFORM|Shared folders for coordinate system grid overrides are : C:\Users\krima354\Work Folders\Documents\FME\CoordinateSystemGridOverrides
2023-09-01 11:58:44|   0.0|  0.0|INFORM|Shared folders for CS-MAP transformation exceptions are : C:\Users\krima354\Work Folders\Documents\FME\CsmapTransformationExceptions
2023-09-01 11:58:44|   0.0|  0.0|INFORM|Shared folders for transformer categories are : C:\Users\krima354\Work Folders\Documents\FME\TransformerCategories
2023-09-01 11:58:44|   0.0|  0.0|INFORM|Mapping File Identifier is: SAUimportIntrasis
2023-09-01 11:58:44|   0.0|  0.0|INFORM|FME Configuration: Reader Keyword is `MULTI_READER'
2023-09-01 11:58:44|   0.0|  0.0|INFORM|FME Configuration: Writer Keyword is `NULL_DEST'
2023-09-01 11:58:44|   0.0|  0.0|INFORM|FME Configuration: Writer Group Definition Keyword is `NULL_DEST_DEF'
2023-09-01 11:58:44|   0.0|  0.0|INFORM|FME Configuration: Reader type is `MULTI_READER'
2023-09-01 11:58:44|   0.0|  0.0|INFORM|FME Configuration: Writer type is `NULL'
2023-09-01 11:58:44|   0.0|  0.0|INFORM|FME Configuration: No destination coordinate system set
2023-09-01 11:58:44|   0.0|  0.0|INFORM|FME Configuration: Current working folder is `C:\Users\krima354\Work Folders\Documents\GitHub\kix_working_dir\divFME\restore_drop_backup_idb'
2023-09-01 11:58:44|   0.0|  0.0|INFORM|FME Configuration: Temporary folder is `C:\Users\krima354\AppData\Local\Temp\wbrun_1693561786388_15524\fmetmp_4', set from environment variable `FME_TEMP'
2023-09-01 11:58:44|   0.0|  0.0|INFORM|FME Configuration: Cache folder is 'C:\Users\krima354\AppData\Local\Temp'
2023-09-01 11:58:44|   0.0|  0.0|INFORM|FME Configuration: FME_HOME is `C:\Program Files\FME2022_1_3\'
2023-09-01 11:58:44|   0.0|  0.0|INFORM|FME Configuration: Start freeing memory when the process exceeds 95.20 GB
2023-09-01 11:58:44|   0.0|  0.0|INFORM|FME Configuration: Stop freeing memory when the process is below 71.40 GB
2023-09-01 11:58:44|   0.0|  0.0|INFORM|Creating writer for format: NULL (Nothing)
2023-09-01 11:58:44|   0.0|  0.0|INFORM|Trying to find a DYNAMIC plugin for writer named `NULL'
2023-09-01 11:58:44|   0.0|  0.0|INFORM|Loaded module 'NULL' from file 'C:\Program Files\FME2022_1_3\plugins/NULL.dll'
2023-09-01 11:58:44|   0.0|  0.0|INFORM|FME API version of module 'NULL' matches current internal version (4.0 20220615)
2023-09-01 11:58:44|   0.0|  0.0|INFORM|Creating reader for format: 
2023-09-01 11:58:44|   0.0|  0.0|INFORM|MULTI_READER(MULTI_READER): Will fail with first member reader failure
2023-09-01 11:58:44|   0.0|  0.0|INFORM|Using Multi Reader with keyword `MULTI_READER' to read multiple datasets
2023-09-01 11:58:44|   0.0|  0.0|INFORM|Loaded module 'Geometry_func' from file 'C:\Program Files\FME2022_1_3\plugins/Geometry_func.dll'
2023-09-01 11:58:44|   0.0|  0.0|INFORM|FME API version of module 'Geometry_func' matches current internal version (4.0 20220615)
2023-09-01 11:58:44|   0.0|  0.0|INFORM|Loaded module 'LogCount_func' from file 'C:\Program Files\FME2022_1_3\plugins/LogCount_func.dll'
2023-09-01 11:58:44|   0.0|  0.0|INFORM|FME API version of module 'LogCount_func' matches current internal version (4.0 20220615)
2023-09-01 11:58:44|   0.0|  0.0|INFORM|Emptying factory pipeline
2023-09-01 11:58:44|   0.0|  0.0|INFORM|SystemCaller: Executing `""C:/Program Files/PostgreSQL/11/bin/dropdb.exe" -h localhost  -p 5432 -U postgres  -w  uv2010233"'
2023-09-01 11:58:44|   0.0|  0.0|STATS |Creator_XML_Creator (CreationFactory): Created 1 features
2023-09-01 11:58:44|   0.0|  0.0|STATS |Creator_Cloner (TeeFactory): Cloned 1 input feature(s) into 1 output feature(s)
2023-09-01 11:58:44|   0.0|  0.0|STATS |Creator_CREATED Brancher -1 10 (BranchingFactory): Branched 1 input feature -- 1 feature routed to the target factory, and 0 features routed to the fallback factory.
2023-09-01 11:58:44|   0.0|  0.0|STATS |_CREATOR_BRANCH_TARGET (TeeFactory): Cloned 1 input feature(s) into 1 output feature(s)
2023-09-01 11:58:44|   0.0|  0.0|STATS |SystemCaller (TeeFactory): Cloned 1 input feature(s) into 1 output feature(s)
2023-09-01 11:58:44|   0.0|  0.0|STATS |Destination Feature Type Routing Correlator (RoutingFactory): Tested 0 input feature(s), wrote 0 output feature(s): 0 matched merge filters, 0 were routed to output, 0 could not be routed.
2023-09-01 11:58:44|   0.0|  0.0|STATS |Final Output Nuker (TeeFactory): Cloned 0 input feature(s) into 0 output feature(s)
2023-09-01 11:58:44|   0.0|  0.0|STATS |=-=-=-=-=-=-=-=-=-=-=-=-=-=-=-=-=-=-=-=-=-=-=-=-=-=-=-=-=-=-=-=-=-=-=-=-=-=-=-
2023-09-01 11:58:44|   0.0|  0.0|STATS |                            Features Read Summary
2023-09-01 11:58:44|   0.0|  0.0|STATS |=-=-=-=-=-=-=-=-=-=-=-=-=-=-=-=-=-=-=-=-=-=-=-=-=-=-=-=-=-=-=-=-=-=-=-=-=-=-=-
2023-09-01 11:58:44|   0.0|  0.0|STATS |==============================================================================
2023-09-01 11:58:44|   0.0|  0.0|STATS |Total Features Read                                                          0
2023-09-01 11:58:44|   0.0|  0.0|STATS |=-=-=-=-=-=-=-=-=-=-=-=-=-=-=-=-=-=-=-=-=-=-=-=-=-=-=-=-=-=-=-=-=-=-=-=-=-=-=-
2023-09-01 11:58:44|   0.0|  0.0|STATS |=-=-=-=-=-=-=-=-=-=-=-=-=-=-=-=-=-=-=-=-=-=-=-=-=-=-=-=-=-=-=-=-=-=-=-=-=-=-=-
2023-09-01 11:58:44|   0.0|  0.0|STATS |                           Features Written Summary
2023-09-01 11:58:44|   0.0|  0.0|STATS |=-=-=-=-=-=-=-=-=-=-=-=-=-=-=-=-=-=-=-=-=-=-=-=-=-=-=-=-=-=-=-=-=-=-=-=-=-=-=-
2023-09-01 11:58:44|   0.0|  0.0|STATS |==============================================================================
2023-09-01 11:58:44|   0.0|  0.0|STATS |Total Features Written                                                       0
2023-09-01 11:58:44|   0.0|  0.0|STATS |=-=-=-=-=-=-=-=-=-=-=-=-=-=-=-=-=-=-=-=-=-=-=-=-=-=-=-=-=-=-=-=-=-=-=-=-=-=-=-
2023-09-01 11:58:44|   0.0|  0.0|WARN  |-~-~-~-~-~-~-~-~-~-~-~-~-~-~-~-~-~-~-~-~-~-~-~-~-~-~-~-~-~-~-~-~-~-~-~-~-~-~-~-~-
2023-09-01 11:58:44|   0.0|  0.0|WARN  |-~                                                                             ~-
2023-09-01 11:58:44|   0.0|  0.0|WARN  |-~    Feature caches have been recorded at every stage of the translation.     ~-
2023-09-01 11:58:44|   0.0|  0.0|WARN  |-~                      To inspect the recorded features,                      ~-
2023-09-01 11:58:44|   0.0|  0.0|WARN  |-~              click the feature cache icons next to the ports.               ~-
2023-09-01 11:58:44|   0.0|  0.0|WARN  |-~                                                                             ~-
2023-09-01 11:58:44|   0.0|  0.0|WARN  |-~-~-~-~-~-~-~-~-~-~-~-~-~-~-~-~-~-~-~-~-~-~-~-~-~-~-~-~-~-~-~-~-~-~-~-~-~-~-~-~-
2023-09-01 11:58:44|   0.0|  0.0|INFORM|Translation was SUCCESSFUL with 7 warning(s) (0 feature(s) output)
2023-09-01 11:58:44|   0.0|  0.0|INFORM|FME Session Duration: 0.4 seconds. (CPU: 0.0s user, 0.0s system)
2023-09-01 11:58:44|   0.0|  0.0|INFORM|END - ProcessID: 10808, peak process memory usage: 58104 kB, current process memory usage: 58048 kB
