2023-05-29 10:54:44|   0.0|  0.0|INFORM|Current FME version: FME 2022.1.3.0 (20220928 - Build 22630 - WIN64)
2023-05-29 10:54:44|   0.0|  0.0|INFORM|FME_HOME is 'C:\Program Files\FME2022_1_3\'
2023-05-29 10:54:44|   0.0|  0.0|INFORM|FME Database Edition (node locked-crc)
2023-05-29 10:54:44|   0.0|  0.0|INFORM|Serial Number: GN3A-3NG9-21YZ
2023-05-29 10:54:44|   0.0|  0.0|INFORM|Temporary License: 25 days left.
2023-05-29 10:54:44|   0.0|  0.0|INFORM|Machine host name is: EPI-4L2CTD3
2023-05-29 10:54:44|   0.0|  0.0|INFORM|OS Locale Name     : sv_SE
2023-05-29 10:54:44|   0.0|  0.0|INFORM|OS Locale Encoding : windows-1252
2023-05-29 10:54:44|   0.0|  0.0|INFORM|Process Encoding   : UTF-8
2023-05-29 10:54:44|   0.0|  0.0|INFORM|FME API version: '4.0 20220615'
2023-05-29 10:54:44|   0.0|  0.0|INFORM|FME Configuration: FME_BASE is 'no'
2023-05-29 10:54:44|   0.0|  0.0|INFORM|FME Configuration: FME_MF_DIR is 'C:\Users\krima354\Work Folders\Documents\GitHub\kix_working_dir\divFME\restore_drop_backup_idb/'
2023-05-29 10:54:44|   0.0|  0.0|INFORM|FME Configuration: FME_MF_NAME is 'restoreDBfromBackupFileFromCSV.fmw'
2023-05-29 10:54:44|   0.0|  0.0|INFORM|FME Configuration: FME_PRODUCT_NAME is 'FME(R) 2022.1.3.0'
2023-05-29 10:54:44|   0.0|  0.0|INFORM|Operating System: Microsoft Windows 10 64-bit  (Build 19045)
2023-05-29 10:54:44|   0.0|  0.0|INFORM|FME Platform: WIN64
2023-05-29 10:54:44|   0.0|  0.0|INFORM|System Status: 353.61 GB of disk space available in the FME temporary folder (C:\Users\krima354\AppData\Local\Temp\wbrun_1685350226761_11124\fmetmp_4)
2023-05-29 10:54:44|   0.0|  0.0|INFORM|System Status: 31.73 GB of physical memory available
2023-05-29 10:54:44|   0.0|  0.0|INFORM|System Status: 126.93 GB of virtual memory available
2023-05-29 10:54:44|   0.0|  0.0|INFORM|START - ProcessID: 21764, peak process memory usage: 50008 kB, current process memory usage: 50008 kB
2023-05-29 10:54:44|   0.0|  0.0|INFORM|FME Configuration: Command line arguments are `C:\Program Files\FME2022_1_3\fme.exe' `C:/Users/krima354/Work Folders/Documents/GitHub/kix_working_dir/divFME/restore_drop_backup_idb\wb-xlate-1685350474693_11124' `LOG_STANDARDOUT' `YES' `LOG_TIMINGS' `YES' `LogCountServerName' `56884' `LOG_STANDARDOUT' `No' `WORKBENCH_LOG_SERVER' `56877'
2023-05-29 10:54:44|   0.0|  0.0|INFORM|FME Configuration: Connection Storage: 'C:\Users\krima354\AppData\Roaming\Safe Software\FME\'
2023-05-29 10:54:44|   0.0|  0.0|INFORM|Shared folders for formats are : C:\Program Files\FME2022_1_3\datasources;C:\Users\krima354\Work Folders\Documents\FME\Formats
2023-05-29 10:54:44|   0.0|  0.0|INFORM|Shared folders for transformers are : C:\Users\krima354\AppData\Roaming\Safe Software\FME\Packages\22630-win64\transformers;C:\Program Files\FME2022_1_3\transformers;C:\Users\krima354\AppData\Roaming\Safe Software\FME\FME Store\Transformers
2023-05-29 10:54:44|   0.0|  0.0|INFORM|Shared folders for coordinate systems are : C:\Users\krima354\Work Folders\Documents\FME\CoordinateSystems
2023-05-29 10:54:44|   0.0|  0.0|INFORM|Shared folders for coordinate system exceptions are : C:\Users\krima354\Work Folders\Documents\FME\CoordinateSystemExceptions
2023-05-29 10:54:44|   0.0|  0.0|INFORM|Shared folders for coordinate system grid overrides are : C:\Users\krima354\Work Folders\Documents\FME\CoordinateSystemGridOverrides
2023-05-29 10:54:44|   0.0|  0.0|INFORM|Shared folders for CS-MAP transformation exceptions are : C:\Users\krima354\Work Folders\Documents\FME\CsmapTransformationExceptions
2023-05-29 10:54:44|   0.0|  0.0|INFORM|Shared folders for transformer categories are : C:\Users\krima354\Work Folders\Documents\FME\TransformerCategories
2023-05-29 10:54:44|   0.0|  0.0|INFORM|Mapping File Identifier is: SAUimportIntrasis
2023-05-29 10:54:44|   0.0|  0.0|INFORM|FME Configuration: Reader Keyword is `MULTI_READER'
2023-05-29 10:54:44|   0.0|  0.0|INFORM|FME Configuration: Writer Keyword is `NULL_DEST'
2023-05-29 10:54:44|   0.0|  0.0|INFORM|FME Configuration: Writer Group Definition Keyword is `NULL_DEST_DEF'
2023-05-29 10:54:44|   0.0|  0.0|INFORM|FME Configuration: Reader type is `MULTI_READER'
2023-05-29 10:54:44|   0.0|  0.0|INFORM|FME Configuration: Writer type is `NULL'
2023-05-29 10:54:44|   0.0|  0.0|INFORM|FME Configuration: No destination coordinate system set
2023-05-29 10:54:44|   0.0|  0.0|INFORM|FME Configuration: Current working folder is `C:\Users\krima354\Work Folders\Documents\GitHub\kix_working_dir\divFME\restore_drop_backup_idb'
2023-05-29 10:54:44|   0.0|  0.0|INFORM|FME Configuration: Temporary folder is `C:\Users\krima354\AppData\Local\Temp\wbrun_1685350226761_11124\fmetmp_4', set from environment variable `FME_TEMP'
2023-05-29 10:54:44|   0.0|  0.0|INFORM|FME Configuration: Cache folder is 'C:\Users\krima354\AppData\Local\Temp'
2023-05-29 10:54:44|   0.0|  0.0|INFORM|FME Configuration: FME_HOME is `C:\Program Files\FME2022_1_3\'
2023-05-29 10:54:44|   0.0|  0.0|INFORM|FME Configuration: Start freeing memory when the process exceeds 95.20 GB
2023-05-29 10:54:44|   0.0|  0.0|INFORM|FME Configuration: Stop freeing memory when the process is below 71.40 GB
2023-05-29 10:54:44|   0.0|  0.0|INFORM|Creating writer for format: NULL (Nothing)
2023-05-29 10:54:44|   0.0|  0.0|INFORM|Trying to find a DYNAMIC plugin for writer named `NULL'
2023-05-29 10:54:44|   0.0|  0.0|INFORM|Loaded module 'NULL' from file 'C:\Program Files\FME2022_1_3\plugins/NULL.dll'
2023-05-29 10:54:44|   0.0|  0.0|INFORM|FME API version of module 'NULL' matches current internal version (4.0 20220615)
2023-05-29 10:54:44|   0.0|  0.0|INFORM|Creating reader for format: 
2023-05-29 10:54:44|   0.0|  0.0|INFORM|MULTI_READER(MULTI_READER): Will fail with first member reader failure
2023-05-29 10:54:44|   0.0|  0.0|INFORM|MULTI_READER(MULTI_READER): Adding CSV2 Reader with keyword CSV2_1
2023-05-29 10:54:44|   0.0|  0.0|INFORM|MULTI_READER(MULTI_READER): Adding PATH Reader with keyword PATH_1
2023-05-29 10:54:44|   0.0|  0.0|INFORM|Using Multi Reader with keyword `MULTI_READER' to read multiple datasets
2023-05-29 10:54:44|   0.0|  0.0|INFORM|Creating reader for format: CSV (Comma Separated Value)
2023-05-29 10:54:44|   0.0|  0.0|INFORM|Trying to find a DYNAMIC plugin for reader named `CSV2'
2023-05-29 10:54:44|   0.0|  0.0|INFORM|Loaded module 'CSV2' from file 'C:\Program Files\FME2022_1_3\plugins/CSV2.dll'
2023-05-29 10:54:44|   0.0|  0.0|INFORM|FME API version of module 'CSV2' matches current internal version (4.0 20220615)
2023-05-29 10:54:44|   0.0|  0.0|INFORM|CSV reader: Opening dataset 'C:\Users\krima354\Work Folders\Documents\kicki_arbetsfiler\dap\intrasis_leveranser\intrasis_postgres_backup\SAU\sau_alla.csv'
2023-05-29 10:54:44|   0.0|  0.0|INFORM|CSV reader: Directive '_TRIM_FEATURE_TYPE_NAME' has the value 'Yes'
2023-05-29 10:54:44|   0.0|  0.0|INFORM|CSV reader: Directive '_SUPPORTED_READER_ARCHIVE_EXTENSIONS' has the value 'csv.gz,txt.gz'
2023-05-29 10:54:44|   0.0|  0.0|INFORM|CSV reader: Directive '_DELIMITER' has the value 'auto'
2023-05-29 10:54:44|   0.0|  0.0|INFORM|CSV reader: Directive '_FIELD_NAMES_LINE' has the value '1'
2023-05-29 10:54:44|   0.0|  0.0|INFORM|CSV reader: Directive '_DATA_START_LINE' has the value '2'
2023-05-29 10:54:44|   0.0|  0.0|INFORM|CSV reader: Directive '_SCAN_MAX_ROWS' has the value '10000'
2023-05-29 10:54:44|   0.0|  0.0|INFORM|CSV reader: Directive '_READ_SKIPPED_LINES' has the value 'No'
2023-05-29 10:54:44|   0.0|  0.0|INFORM|CSV reader: Directive '_ENCODING' has the value 'windows-1252'
2023-05-29 10:54:44|   0.0|  0.0|INFORM|CSV reader: Directive 'FME_NAMES_ENCODING' has the value 'UTF-8'
2023-05-29 10:54:44|   0.0|  0.0|INFORM|CSV reader: Directive '_SKIP_DUPLICATE_DELIMITERS' has the value 'No'
2023-05-29 10:54:44|   0.0|  0.0|INFORM|CSV reader: Directive '_FIELD_QUALIFIER_CHARACTER' has the value '"'
2023-05-29 10:54:44|   0.0|  0.0|INFORM|CSV reader: Directive '_FIELD_QUALIFIER_ESCAPE_CHARACTER' has the value '"'
2023-05-29 10:54:44|   0.0|  0.0|INFORM|CSV reader: Directive '_TRIM_FIELD_NAME_QUALIFIERS' has the value 'Yes'
2023-05-29 10:54:44|   0.0|  0.0|INFORM|CSV reader: Directive '_TRIM_FIELD_VALUE_QUALIFIERS' has the value 'Yes'
2023-05-29 10:54:44|   0.0|  0.0|INFORM|CSV reader: Directive '_PRESERVE_SOURCE_ENCODING' has the value 'No'
2023-05-29 10:54:44|   0.0|  0.0|INFORM|CSV reader: Directive '_CASE_SENSITIVE_FIELD_NAMES' has the value 'Yes'
2023-05-29 10:54:44|   0.0|  0.0|INFORM|CSV reader: Directive '_ENFORCE_STRICT_SCHEMA' has the value 'No'
2023-05-29 10:54:44|   0.0|  0.0|INFORM|CSV reader: Directive '_SCAN_TYPES' has the value 'Yes'
2023-05-29 10:54:44|   0.0|  0.0|INFORM|CSV reader: Directive '_TYPE_ATTRIBUTE_HANDLING' has the value 'STANDARD_TYPES'
2023-05-29 10:54:44|   0.0|  0.0|INFORM|CSV reader: Directive '_STRING_TYPE_ATTRIBUTE_HANDLING' has the value 'EXPLICIT_WIDTH'
2023-05-29 10:54:44|   0.0|  0.0|INFORM|CSV reader: Directive '_SCAN_ADDITIONAL_FIELDS' has the value 'No'
2023-05-29 10:54:44|   0.0|  0.0|INFORM|CSV reader: Directive '_DATE_INPUT_FORMAT' has the value 'ISO'
2023-05-29 10:54:44|   0.0|  0.0|INFORM|CSV reader: Directive '_CHUNK_SIZE' has the value '100000'
2023-05-29 10:54:44|   0.0|  0.0|INFORM|CSV reader: Directive '_TRIM_FIELD_NAME_WHITESPACE' has the value 'Yes'
2023-05-29 10:54:44|   0.0|  0.0|INFORM|CSV reader: Directive '_READ_EMPTY_VALUES_AS' has the value 'Null'
2023-05-29 10:54:44|   0.0|  0.0|INFORM|CSV reader: Directive '_REPLACE_ATTR_NAME_INVALID_CHARS' has the value 'No'
2023-05-29 10:54:44|   0.0|  0.0|INFORM|Loaded module 'LogCount_func' from file 'C:\Program Files\FME2022_1_3\plugins/LogCount_func.dll'
2023-05-29 10:54:44|   0.0|  0.0|INFORM|FME API version of module 'LogCount_func' matches current internal version (4.0 20220615)
2023-05-29 10:54:44|   0.0|  0.0|INFORM|CSV Feature Recorder -1 2147549190 (RecorderFactory): Splitting bulk features into individual features
2023-05-29 10:54:44|   0.0|  0.0|INFORM|Creating reader for format: Directory and File Pathnames
2023-05-29 10:54:44|   0.0|  0.0|INFORM|Trying to find a DYNAMIC plugin for reader named `PATH'
2023-05-29 10:54:44|   0.0|  0.0|INFORM|Loaded module 'PATH' from file 'C:\Program Files\FME2022_1_3\plugins/PATH.dll'
2023-05-29 10:54:44|   0.0|  0.0|INFORM|FME API version of module 'PATH' matches current internal version (4.0 20220615)
2023-05-29 10:54:44|   0.0|  0.0|INFORM|Path Reader: Opening the PATH Reader on folder 'C:\Users\krima354\Work Folders\Documents\kicki_arbetsfiler\dap\intrasis_leveranser\intrasis_postgres_backup\SAU'
2023-05-29 10:54:44|   0.0|  0.0|INFORM|Path Reader: Using Glob Pattern '*.backup'
2023-05-29 10:54:44|   0.0|  0.0|INFORM|Path Reader: Allowed Path Type set to 'ANY'
2023-05-29 10:54:44|   0.0|  0.0|INFORM|Path Reader: Recurse into subdirectories 'false'
2023-05-29 10:54:44|   0.0|  0.0|INFORM|Path Reader: Retrieve file properties 'false'
2023-05-29 10:54:44|   0.1|  0.1|INFORM|Path Reader: Closing the PATH Reader
2023-05-29 10:54:44|   0.1|  0.0|INFORM|MULTI_READER(MULTI_READER): Done reading 208 features from 2 readers
2023-05-29 10:54:44|   0.1|  0.0|INFORM|Emptying factory pipeline
2023-05-29 10:54:44|   0.1|  0.0|STATS |Router and Unexpected Input Remover (RoutingFactory): Tested 208 input feature(s), wrote 208 output feature(s): 208 matched merge filters, 208 were routed to output, 0 could not be routed.
2023-05-29 10:54:44|   0.1|  0.0|STATS |Unwanted Router Input Nuker (TeeFactory): Cloned 0 input feature(s) into 0 output feature(s)
2023-05-29 10:54:44|   0.1|  0.0|STATS |CSV_CSV2_1 Splitter (TeeFactory): Cloned 104 input feature(s) into 104 output feature(s)
2023-05-29 10:54:44|   0.1|  0.0|STATS |PATH_PATH_1 Splitter (TeeFactory): Cloned 104 input feature(s) into 104 output feature(s)
2023-05-29 10:54:44|   0.1|  0.0|INFORM|SystemCaller_3: Executing `""C:/Program Files/PostgreSQL/11/bin/psql.exe" -h uuc-srv390.user.uu.se  -p 5432 -U postgres -c "CREATE DATABASE  sau2003bolmyren2013  WITH TEMPLATE = urdar_template ENCODING = 'UTF8'"'
2023-05-29 10:54:45|   0.1|  0.0|INFORM|SystemCaller: Executing `""C:/Program Files/PostgreSQL/11/bin/pg_restore.exe" -h uuc-srv390.user.uu.se  -p 5432 -U postgres  -w -d sau2003bolmyren2013 -O -x -c --no-security-labels "C:\Users\krima354\Work Folders\Documents\kicki_arbetsfiler\dap\intrasis_leveranser\intrasis_postgres_backup\SAU\SAU2003Bolmyren2013_2016-03-31.zip.backup""
'
2023-05-29 10:54:47|   0.1|  0.0|WARN  |SystemCaller: Failed to Execute `""C:/Program Files/PostgreSQL/11/bin/pg_restore.exe" -h uuc-srv390.user.uu.se  -p 5432 -U postgres  -w -d sau2003bolmyren2013 -O -x -c --no-security-labels "C:\Users\krima354\Work Folders\Documents\kicki_arbetsfiler\dap\intrasis_leveranser\intrasis_postgres_backup\SAU\SAU2003Bolmyren2013_2016-03-31.zip.backup""
'
2023-05-29 10:54:49|   0.1|  0.0|WARN  |SystemCaller: Failed to Execute `""C:/Program Files/PostgreSQL/11/bin/pg_restore.exe" -h uuc-srv390.user.uu.se  -p 5432 -U postgres  -w -d sau2003lytt2021 -O -x -c --no-security-labels "C:\Users\krima354\Work Folders\Documents\kicki_arbetsfiler\dap\intrasis_leveranser\intrasis_postgres_backup\SAU\SAU2003Lytt2021_2014-03-05.zip.backup""
'
2023-05-29 10:54:51|   0.2|  0.1|WARN  |SystemCaller: Failed to Execute `""C:/Program Files/PostgreSQL/11/bin/pg_restore.exe" -h uuc-srv390.user.uu.se  -p 5432 -U postgres  -w -d sau2003pos3 -O -x -c --no-security-labels "C:\Users\krima354\Work Folders\Documents\kicki_arbetsfiler\dap\intrasis_leveranser\intrasis_postgres_backup\SAU\SAU2003POS3_2014-03-05.zip.backup""
'
2023-05-29 10:54:53|   0.2|  0.0|WARN  |SystemCaller: Failed to Execute `""C:/Program Files/PostgreSQL/11/bin/pg_restore.exe" -h uuc-srv390.user.uu.se  -p 5432 -U postgres  -w -d sau2003stormossen1 -O -x -c --no-security-labels "C:\Users\krima354\Work Folders\Documents\kicki_arbetsfiler\dap\intrasis_leveranser\intrasis_postgres_backup\SAU\SAU2003Stormossen1_2014-03-04.zip.backup""
'
2023-05-29 10:54:56|   0.2|  0.0|WARN  |SystemCaller: Failed to Execute `""C:/Program Files/PostgreSQL/11/bin/pg_restore.exe" -h uuc-srv390.user.uu.se  -p 5432 -U postgres  -w -d sau2003stormossen3 -O -x -c --no-security-labels "C:\Users\krima354\Work Folders\Documents\kicki_arbetsfiler\dap\intrasis_leveranser\intrasis_postgres_backup\SAU\SAU2003Stormossen3_2014-03-04.zip.backup""
'
2023-05-29 10:54:59|   0.2|  0.0|WARN  |SystemCaller: Failed to Execute `""C:/Program Files/PostgreSQL/11/bin/pg_restore.exe" -h uuc-srv390.user.uu.se  -p 5432 -U postgres  -w -d sau2003stormossen4 -O -x -c --no-security-labels "C:\Users\krima354\Work Folders\Documents\kicki_arbetsfiler\dap\intrasis_leveranser\intrasis_postgres_backup\SAU\SAU2003Stormossen4_2014-03-04.zip.backup""
'
2023-05-29 10:55:01|   0.2|  0.0|WARN  |SystemCaller: Failed to Execute `""C:/Program Files/PostgreSQL/11/bin/pg_restore.exe" -h uuc-srv390.user.uu.se  -p 5432 -U postgres  -w -d sau2003stormossen6 -O -x -c --no-security-labels "C:\Users\krima354\Work Folders\Documents\kicki_arbetsfiler\dap\intrasis_leveranser\intrasis_postgres_backup\SAU\SAU2003Stormossen6_2014-03-04.zip.backup""
'
2023-05-29 10:55:05|   0.2|  0.0|WARN  |SystemCaller: Failed to Execute `""C:/Program Files/PostgreSQL/11/bin/pg_restore.exe" -h uuc-srv390.user.uu.se  -p 5432 -U postgres  -w -d sau2003trekanten3043 -O -x -c --no-security-labels "C:\Users\krima354\Work Folders\Documents\kicki_arbetsfiler\dap\intrasis_leveranser\intrasis_postgres_backup\SAU\SAU2003TREKANTEN3043_2014-03-04.zip.backup""
'
2023-05-29 10:55:07|   0.2|  0.0|WARN  |SystemCaller: Failed to Execute `""C:/Program Files/PostgreSQL/11/bin/pg_restore.exe" -h uuc-srv390.user.uu.se  -p 5432 -U postgres  -w -d sau2004nol87 -O -x -c --no-security-labels "C:\Users\krima354\Work Folders\Documents\kicki_arbetsfiler\dap\intrasis_leveranser\intrasis_postgres_backup\SAU\SAU2004NOL87_2014-03-04.zip.backup""
'
2023-05-29 10:55:10|   0.2|  0.0|WARN  |SystemCaller: Failed to Execute `""C:/Program Files/PostgreSQL/11/bin/pg_restore.exe" -h uuc-srv390.user.uu.se  -p 5432 -U postgres  -w -d sau2004pos1 -O -x -c --no-security-labels "C:\Users\krima354\Work Folders\Documents\kicki_arbetsfiler\dap\intrasis_leveranser\intrasis_postgres_backup\SAU\SAU2004POS1_2014-03-05.zip.backup""
'
2023-05-29 10:55:12|   0.2|  0.0|WARN  |SystemCaller: Failed to Execute `""C:/Program Files/PostgreSQL/11/bin/pg_restore.exe" -h uuc-srv390.user.uu.se  -p 5432 -U postgres  -w -d sau2004san2091 -O -x -c --no-security-labels "C:\Users\krima354\Work Folders\Documents\kicki_arbetsfiler\dap\intrasis_leveranser\intrasis_postgres_backup\SAU\SAU2004SAN2091_2014-03-04.zip.backup""
'
2023-05-29 10:55:16|   0.2|  0.0|WARN  |SystemCaller: Failed to Execute `""C:/Program Files/PostgreSQL/11/bin/pg_restore.exe" -h uuc-srv390.user.uu.se  -p 5432 -U postgres  -w -d sau2004stor1 -O -x -c --no-security-labels "C:\Users\krima354\Work Folders\Documents\kicki_arbetsfiler\dap\intrasis_leveranser\intrasis_postgres_backup\SAU\SAU2004STOR1_2014-03-04.zip.backup""
'
2023-05-29 10:55:18|   0.2|  0.0|WARN  |SystemCaller: Failed to Execute `""C:/Program Files/PostgreSQL/11/bin/pg_restore.exe" -h uuc-srv390.user.uu.se  -p 5432 -U postgres  -w -d sau2004via2077 -O -x -c --no-security-labels "C:\Users\krima354\Work Folders\Documents\kicki_arbetsfiler\dap\intrasis_leveranser\intrasis_postgres_backup\SAU\SAU2004VIA2077_2014-03-04.zip.backup""
'
2023-05-29 10:55:21|   0.2|  0.0|WARN  |SystemCaller: Failed to Execute `""C:/Program Files/PostgreSQL/11/bin/pg_restore.exe" -h uuc-srv390.user.uu.se  -p 5432 -U postgres  -w -d sau2004via2078 -O -x -c --no-security-labels "C:\Users\krima354\Work Folders\Documents\kicki_arbetsfiler\dap\intrasis_leveranser\intrasis_postgres_backup\SAU\SAU2004VIA2078_2014-03-04.zip.backup""
'
2023-05-29 10:55:23|   0.2|  0.0|WARN  |SystemCaller: Failed to Execute `""C:/Program Files/PostgreSQL/11/bin/pg_restore.exe" -h uuc-srv390.user.uu.se  -p 5432 -U postgres  -w -d sau2004via2079 -O -x -c --no-security-labels "C:\Users\krima354\Work Folders\Documents\kicki_arbetsfiler\dap\intrasis_leveranser\intrasis_postgres_backup\SAU\SAU2004VIA2079_2014-03-04.zip.backup""
'
2023-05-29 10:55:25|   0.3|  0.1|WARN  |SystemCaller: Failed to Execute `""C:/Program Files/PostgreSQL/11/bin/pg_restore.exe" -h uuc-srv390.user.uu.se  -p 5432 -U postgres  -w -d sau2004via2080 -O -x -c --no-security-labels "C:\Users\krima354\Work Folders\Documents\kicki_arbetsfiler\dap\intrasis_leveranser\intrasis_postgres_backup\SAU\SAU2004VIA2080_2014-03-04.zip.backup""
'
2023-05-29 10:55:27|   0.3|  0.0|WARN  |SystemCaller: Failed to Execute `""C:/Program Files/PostgreSQL/11/bin/pg_restore.exe" -h uuc-srv390.user.uu.se  -p 5432 -U postgres  -w -d sau2004via2085 -O -x -c --no-security-labels "C:\Users\krima354\Work Folders\Documents\kicki_arbetsfiler\dap\intrasis_leveranser\intrasis_postgres_backup\SAU\SAU2004VIA2085_2014-03-04.zip.backup""
'
2023-05-29 10:55:30|   0.3|  0.0|WARN  |SystemCaller: Failed to Execute `""C:/Program Files/PostgreSQL/11/bin/pg_restore.exe" -h uuc-srv390.user.uu.se  -p 5432 -U postgres  -w -d sau2005saga19_41 -O -x -c --no-security-labels "C:\Users\krima354\Work Folders\Documents\kicki_arbetsfiler\dap\intrasis_leveranser\intrasis_postgres_backup\SAU\SAU2005SAGA19_41_2014-03-05.zip.backup""
'
2023-05-29 10:55:32|   0.3|  0.0|WARN  |SystemCaller: Failed to Execute `""C:/Program Files/PostgreSQL/11/bin/pg_restore.exe" -h uuc-srv390.user.uu.se  -p 5432 -U postgres  -w -d sau2005saga36a -O -x -c --no-security-labels "C:\Users\krima354\Work Folders\Documents\kicki_arbetsfiler\dap\intrasis_leveranser\intrasis_postgres_backup\SAU\SAU2005SAGA36A_2014-03-05.zip.backup""
'
2023-05-29 10:55:34|   0.3|  0.0|WARN  |SystemCaller: Failed to Execute `""C:/Program Files/PostgreSQL/11/bin/pg_restore.exe" -h uuc-srv390.user.uu.se  -p 5432 -U postgres  -w -d sau2005saga36 -O -x -c --no-security-labels "C:\Users\krima354\Work Folders\Documents\kicki_arbetsfiler\dap\intrasis_leveranser\intrasis_postgres_backup\SAU\SAU2005SAGA36_2014-03-05.zip.backup""
'
2023-05-29 10:55:36|   0.3|  0.0|WARN  |SystemCaller: Failed to Execute `""C:/Program Files/PostgreSQL/11/bin/pg_restore.exe" -h uuc-srv390.user.uu.se  -p 5432 -U postgres  -w -d sau2005saga37 -O -x -c --no-security-labels "C:\Users\krima354\Work Folders\Documents\kicki_arbetsfiler\dap\intrasis_leveranser\intrasis_postgres_backup\SAU\SAU2005SAGA37_2014-03-05.zip.backup""
'
2023-05-29 10:55:39|   0.3|  0.0|WARN  |SystemCaller: Failed to Execute `""C:/Program Files/PostgreSQL/11/bin/pg_restore.exe" -h uuc-srv390.user.uu.se  -p 5432 -U postgres  -w -d sau2005sanbo3024 -O -x -c --no-security-labels "C:\Users\krima354\Work Folders\Documents\kicki_arbetsfiler\dap\intrasis_leveranser\intrasis_postgres_backup\SAU\SAU2005SANBO3024_2014-03-05.zip.backup""
'
2023-05-29 10:55:43|   0.3|  0.0|WARN  |SystemCaller: Failed to Execute `""C:/Program Files/PostgreSQL/11/bin/pg_restore.exe" -h uuc-srv390.user.uu.se  -p 5432 -U postgres  -w -d sau2005vvbo3025 -O -x -c --no-security-labels "C:\Users\krima354\Work Folders\Documents\kicki_arbetsfiler\dap\intrasis_leveranser\intrasis_postgres_backup\SAU\SAU2005VVBO3025_2014-03-05.zip.backup""
'
2023-05-29 10:55:45|   0.3|  0.0|WARN  |SystemCaller: Failed to Execute `""C:/Program Files/PostgreSQL/11/bin/pg_restore.exe" -h uuc-srv390.user.uu.se  -p 5432 -U postgres  -w -d sau2005vvme1 -O -x -c --no-security-labels "C:\Users\krima354\Work Folders\Documents\kicki_arbetsfiler\dap\intrasis_leveranser\intrasis_postgres_backup\SAU\SAU2005VVME1_2014-03-05.zip.backup""
'
2023-05-29 10:55:47|   0.3|  0.0|WARN  |SystemCaller: Failed to Execute `""C:/Program Files/PostgreSQL/11/bin/pg_restore.exe" -h uuc-srv390.user.uu.se  -p 5432 -U postgres  -w -d sau2005vvme2 -O -x -c --no-security-labels "C:\Users\krima354\Work Folders\Documents\kicki_arbetsfiler\dap\intrasis_leveranser\intrasis_postgres_backup\SAU\SAU2005VVME2_2014-03-05.zip.backup""
'
2023-05-29 10:55:49|   0.3|  0.0|WARN  |SystemCaller: Failed to Execute `""C:/Program Files/PostgreSQL/11/bin/pg_restore.exe" -h uuc-srv390.user.uu.se  -p 5432 -U postgres  -w -d sau2005vvme3 -O -x -c --no-security-labels "C:\Users\krima354\Work Folders\Documents\kicki_arbetsfiler\dap\intrasis_leveranser\intrasis_postgres_backup\SAU\SAU2005VVME3_2014-03-05.zip.backup""
'
2023-05-29 10:55:52|   0.4|  0.1|WARN  |SystemCaller: Failed to Execute `""C:/Program Files/PostgreSQL/11/bin/pg_restore.exe" -h uuc-srv390.user.uu.se  -p 5432 -U postgres  -w -d sau2006rim1071 -O -x -c --no-security-labels "C:\Users\krima354\Work Folders\Documents\kicki_arbetsfiler\dap\intrasis_leveranser\intrasis_postgres_backup\SAU\SAU2006RIM1071_2014-03-06.zip.backup""
'
2023-05-29 10:55:54|   0.4|  0.0|WARN  |SystemCaller: Failed to Execute `""C:/Program Files/PostgreSQL/11/bin/pg_restore.exe" -h uuc-srv390.user.uu.se  -p 5432 -U postgres  -w -d sau2006saga103_104 -O -x -c --no-security-labels "C:\Users\krima354\Work Folders\Documents\kicki_arbetsfiler\dap\intrasis_leveranser\intrasis_postgres_backup\SAU\SAU2006SAGA103_104_2014-03-04.zip.backup""
'
2023-05-29 10:55:56|   0.4|  0.0|WARN  |SystemCaller: Failed to Execute `""C:/Program Files/PostgreSQL/11/bin/pg_restore.exe" -h uuc-srv390.user.uu.se  -p 5432 -U postgres  -w -d sau2006saga328 -O -x -c --no-security-labels "C:\Users\krima354\Work Folders\Documents\kicki_arbetsfiler\dap\intrasis_leveranser\intrasis_postgres_backup\SAU\SAU2006SAGA328_2014-03-04.zip.backup""
'
2023-05-29 10:55:59|   0.4|  0.0|WARN  |SystemCaller: Failed to Execute `""C:/Program Files/PostgreSQL/11/bin/pg_restore.exe" -h uuc-srv390.user.uu.se  -p 5432 -U postgres  -w -d sau2006saga329 -O -x -c --no-security-labels "C:\Users\krima354\Work Folders\Documents\kicki_arbetsfiler\dap\intrasis_leveranser\intrasis_postgres_backup\SAU\SAU2006SAGA329_2014-03-04.zip.backup""
'
2023-05-29 10:56:02|   0.4|  0.0|WARN  |SystemCaller: Failed to Execute `""C:/Program Files/PostgreSQL/11/bin/pg_restore.exe" -h uuc-srv390.user.uu.se  -p 5432 -U postgres  -w -d sau2006ult2074 -O -x -c --no-security-labels "C:\Users\krima354\Work Folders\Documents\kicki_arbetsfiler\dap\intrasis_leveranser\intrasis_postgres_backup\SAU\SAU2006ULT2074_2014-03-21.zip.backup""
'
2023-05-29 10:56:04|   0.4|  0.0|WARN  |SystemCaller: Failed to Execute `""C:/Program Files/PostgreSQL/11/bin/pg_restore.exe" -h uuc-srv390.user.uu.se  -p 5432 -U postgres  -w -d sau2006ult2075 -O -x -c --no-security-labels "C:\Users\krima354\Work Folders\Documents\kicki_arbetsfiler\dap\intrasis_leveranser\intrasis_postgres_backup\SAU\SAU2006ULT2075_2014-03-21.zip.backup""
'
2023-05-29 10:56:08|   0.4|  0.0|WARN  |SystemCaller: Failed to Execute `""C:/Program Files/PostgreSQL/11/bin/pg_restore.exe" -h uuc-srv390.user.uu.se  -p 5432 -U postgres  -w -d sau2006vsk3069 -O -x -c --no-security-labels "C:\Users\krima354\Work Folders\Documents\kicki_arbetsfiler\dap\intrasis_leveranser\intrasis_postgres_backup\SAU\SAU2006VSK3069_2014-03-03.zip.backup""
'
2023-05-29 10:56:11|   0.4|  0.0|WARN  |SystemCaller: Failed to Execute `""C:/Program Files/PostgreSQL/11/bin/pg_restore.exe" -h uuc-srv390.user.uu.se  -p 5432 -U postgres  -w -d sau2007arl2021 -O -x -c --no-security-labels "C:\Users\krima354\Work Folders\Documents\kicki_arbetsfiler\dap\intrasis_leveranser\intrasis_postgres_backup\SAU\SAU2007ARL2021_2014-03-04.zip.backup""
'
2023-05-29 10:56:13|   0.4|  0.0|WARN  |SystemCaller: Failed to Execute `""C:/Program Files/PostgreSQL/11/bin/pg_restore.exe" -h uuc-srv390.user.uu.se  -p 5432 -U postgres  -w -d sau2007mor2098 -O -x -c --no-security-labels "C:\Users\krima354\Work Folders\Documents\kicki_arbetsfiler\dap\intrasis_leveranser\intrasis_postgres_backup\SAU\SAU2007MOR2098_2014-03-04.zip.backup""
'
2023-05-29 10:56:16|   0.5|  0.1|WARN  |SystemCaller: Failed to Execute `""C:/Program Files/PostgreSQL/11/bin/pg_restore.exe" -h uuc-srv390.user.uu.se  -p 5432 -U postgres  -w -d sau2007mor3088 -O -x -c --no-security-labels "C:\Users\krima354\Work Folders\Documents\kicki_arbetsfiler\dap\intrasis_leveranser\intrasis_postgres_backup\SAU\SAU2007MOR3088_2014-03-03.zip.backup""
'
2023-05-29 10:56:18|   0.5|  0.0|WARN  |SystemCaller: Failed to Execute `""C:/Program Files/PostgreSQL/11/bin/pg_restore.exe" -h uuc-srv390.user.uu.se  -p 5432 -U postgres  -w -d sau2007pal2053 -O -x -c --no-security-labels "C:\Users\krima354\Work Folders\Documents\kicki_arbetsfiler\dap\intrasis_leveranser\intrasis_postgres_backup\SAU\SAU2007PAL2053_2014-04-03.zip.backup""
'
2023-05-29 10:56:21|   0.5|  0.0|WARN  |SystemCaller: Failed to Execute `""C:/Program Files/PostgreSQL/11/bin/pg_restore.exe" -h uuc-srv390.user.uu.se  -p 5432 -U postgres  -w -d sau2007pal3091 -O -x -c --no-security-labels "C:\Users\krima354\Work Folders\Documents\kicki_arbetsfiler\dap\intrasis_leveranser\intrasis_postgres_backup\SAU\SAU2007PAL3091_2016-03-30.zip.backup""
'
2023-05-29 10:56:24|   0.5|  0.0|WARN  |SystemCaller: Failed to Execute `""C:/Program Files/PostgreSQL/11/bin/pg_restore.exe" -h uuc-srv390.user.uu.se  -p 5432 -U postgres  -w -d sau2007ram2028 -O -x -c --no-security-labels "C:\Users\krima354\Work Folders\Documents\kicki_arbetsfiler\dap\intrasis_leveranser\intrasis_postgres_backup\SAU\SAU2007RAM2028_2014-03-05.zip.backup""
'
2023-05-29 10:56:27|   0.6|  0.1|WARN  |SystemCaller: Failed to Execute `""C:/Program Files/PostgreSQL/11/bin/pg_restore.exe" -h uuc-srv390.user.uu.se  -p 5432 -U postgres  -w -d sau2007sof3028 -O -x -c --no-security-labels "C:\Users\krima354\Work Folders\Documents\kicki_arbetsfiler\dap\intrasis_leveranser\intrasis_postgres_backup\SAU\SAU2007SOF3028_2016-03-31.zip.backup""
'
2023-05-29 10:56:29|   0.6|  0.0|WARN  |SystemCaller: Failed to Execute `""C:/Program Files/PostgreSQL/11/bin/pg_restore.exe" -h uuc-srv390.user.uu.se  -p 5432 -U postgres  -w -d sau2007ulr2010 -O -x -c --no-security-labels "C:\Users\krima354\Work Folders\Documents\kicki_arbetsfiler\dap\intrasis_leveranser\intrasis_postgres_backup\SAU\SAU2007ULR2010_2014-03-04.zip.backup""
'
2023-05-29 10:56:32|   0.6|  0.0|WARN  |SystemCaller: Failed to Execute `""C:/Program Files/PostgreSQL/11/bin/pg_restore.exe" -h uuc-srv390.user.uu.se  -p 5432 -U postgres  -w -d sau2007ult1080 -O -x -c --no-security-labels "C:\Users\krima354\Work Folders\Documents\kicki_arbetsfiler\dap\intrasis_leveranser\intrasis_postgres_backup\SAU\SAU2007ULT1080_2014-03-21.zip.backup""
'
2023-05-29 10:56:35|   0.6|  0.0|WARN  |SystemCaller: Failed to Execute `""C:/Program Files/PostgreSQL/11/bin/pg_restore.exe" -h uuc-srv390.user.uu.se  -p 5432 -U postgres  -w -d sau2008arn2112 -O -x -c --no-security-labels "C:\Users\krima354\Work Folders\Documents\kicki_arbetsfiler\dap\intrasis_leveranser\intrasis_postgres_backup\SAU\SAU2008ARN2112_2014-03-04.zip.backup""
'
2023-05-29 10:56:37|   0.6|  0.0|WARN  |SystemCaller: Failed to Execute `""C:/Program Files/PostgreSQL/11/bin/pg_restore.exe" -h uuc-srv390.user.uu.se  -p 5432 -U postgres  -w -d sau2008arn3107 -O -x -c --no-security-labels "C:\Users\krima354\Work Folders\Documents\kicki_arbetsfiler\dap\intrasis_leveranser\intrasis_postgres_backup\SAU\SAU2008ARN3107_2014-03-03.zip.backup""
'
2023-05-29 10:56:40|   0.6|  0.0|WARN  |SystemCaller: Failed to Execute `""C:/Program Files/PostgreSQL/11/bin/pg_restore.exe" -h uuc-srv390.user.uu.se  -p 5432 -U postgres  -w -d sau2008rim2106 -O -x -c --no-security-labels "C:\Users\krima354\Work Folders\Documents\kicki_arbetsfiler\dap\intrasis_leveranser\intrasis_postgres_backup\SAU\SAU2008RIM2106_2014-03-04.zip.backup""
'
2023-05-29 10:56:42|   0.6|  0.0|WARN  |SystemCaller: Failed to Execute `""C:/Program Files/PostgreSQL/11/bin/pg_restore.exe" -h uuc-srv390.user.uu.se  -p 5432 -U postgres  -w -d sau2008ulr3108 -O -x -c --no-security-labels "C:\Users\krima354\Work Folders\Documents\kicki_arbetsfiler\dap\intrasis_leveranser\intrasis_postgres_backup\SAU\SAU2008ULR3108_2014-03-03.zip.backup""
'
2023-05-29 10:56:45|   0.6|  0.0|WARN  |SystemCaller: Failed to Execute `""C:/Program Files/PostgreSQL/11/bin/pg_restore.exe" -h uuc-srv390.user.uu.se  -p 5432 -U postgres  -w -d sau2008ult2110 -O -x -c --no-security-labels "C:\Users\krima354\Work Folders\Documents\kicki_arbetsfiler\dap\intrasis_leveranser\intrasis_postgres_backup\SAU\SAU2008ULT2110_2014-03-21.zip.backup""
'
2023-05-29 10:56:47|   0.6|  0.0|WARN  |SystemCaller: Failed to Execute `""C:/Program Files/PostgreSQL/11/bin/pg_restore.exe" -h uuc-srv390.user.uu.se  -p 5432 -U postgres  -w -d sau2008ult3105 -O -x -c --no-security-labels "C:\Users\krima354\Work Folders\Documents\kicki_arbetsfiler\dap\intrasis_leveranser\intrasis_postgres_backup\SAU\SAU2008ULT3105_2014-03-21.zip.backup""
'
2023-05-29 10:56:50|   0.6|  0.0|WARN  |SystemCaller: Failed to Execute `""C:/Program Files/PostgreSQL/11/bin/pg_restore.exe" -h uuc-srv390.user.uu.se  -p 5432 -U postgres  -w -d sau2008vsk2051 -O -x -c --no-security-labels "C:\Users\krima354\Work Folders\Documents\kicki_arbetsfiler\dap\intrasis_leveranser\intrasis_postgres_backup\SAU\SAU2008VSK2051_2014-03-04.zip.backup""
'
2023-05-29 10:56:53|   0.7|  0.1|WARN  |SystemCaller: Failed to Execute `""C:/Program Files/PostgreSQL/11/bin/pg_restore.exe" -h uuc-srv390.user.uu.se  -p 5432 -U postgres  -w -d sau2009ful1102 -O -x -c --no-security-labels "C:\Users\krima354\Work Folders\Documents\kicki_arbetsfiler\dap\intrasis_leveranser\intrasis_postgres_backup\SAU\SAU2009FUL1102_2014-03-06.zip.backup""
'
2023-05-29 10:56:55|   0.7|  0.0|WARN  |SystemCaller: Failed to Execute `""C:/Program Files/PostgreSQL/11/bin/pg_restore.exe" -h uuc-srv390.user.uu.se  -p 5432 -U postgres  -w -d sau2009got2115 -O -x -c --no-security-labels "C:\Users\krima354\Work Folders\Documents\kicki_arbetsfiler\dap\intrasis_leveranser\intrasis_postgres_backup\SAU\SAU2009GOT2115_2014-03-04.zip.backup""
'
2023-05-29 10:56:57|   0.7|  0.0|WARN  |SystemCaller: Failed to Execute `""C:/Program Files/PostgreSQL/11/bin/pg_restore.exe" -h uuc-srv390.user.uu.se  -p 5432 -U postgres  -w -d sau2009hog2119 -O -x -c --no-security-labels "C:\Users\krima354\Work Folders\Documents\kicki_arbetsfiler\dap\intrasis_leveranser\intrasis_postgres_backup\SAU\SAU2009HOG2119_2014-03-03.zip.backup""
'
2023-05-29 10:57:00|   0.7|  0.0|WARN  |SystemCaller: Failed to Execute `""C:/Program Files/PostgreSQL/11/bin/pg_restore.exe" -h uuc-srv390.user.uu.se  -p 5432 -U postgres  -w -d sau2009hul2118 -O -x -c --no-security-labels "C:\Users\krima354\Work Folders\Documents\kicki_arbetsfiler\dap\intrasis_leveranser\intrasis_postgres_backup\SAU\SAU2009HUL2118_2014-03-03.zip.backup""
'
2023-05-29 10:57:03|   0.7|  0.0|WARN  |SystemCaller: Failed to Execute `""C:/Program Files/PostgreSQL/11/bin/pg_restore.exe" -h uuc-srv390.user.uu.se  -p 5432 -U postgres  -w -d sau2009kva2117 -O -x -c --no-security-labels "C:\Users\krima354\Work Folders\Documents\kicki_arbetsfiler\dap\intrasis_leveranser\intrasis_postgres_backup\SAU\SAU2009KVA2117_2014-03-04.zip.backup""
'
2023-05-29 10:57:05|   0.7|  0.0|WARN  |SystemCaller: Failed to Execute `""C:/Program Files/PostgreSQL/11/bin/pg_restore.exe" -h uuc-srv390.user.uu.se  -p 5432 -U postgres  -w -d sau2009nor2127 -O -x -c --no-security-labels "C:\Users\krima354\Work Folders\Documents\kicki_arbetsfiler\dap\intrasis_leveranser\intrasis_postgres_backup\SAU\SAU2009NOR2127_2014-03-05.zip.backup""
'
2023-05-29 10:57:07|   0.7|  0.0|WARN  |SystemCaller: Failed to Execute `""C:/Program Files/PostgreSQL/11/bin/pg_restore.exe" -h uuc-srv390.user.uu.se  -p 5432 -U postgres  -w -d sau2009ovi2123 -O -x -c --no-security-labels "C:\Users\krima354\Work Folders\Documents\kicki_arbetsfiler\dap\intrasis_leveranser\intrasis_postgres_backup\SAU\SAU2009OVI2123_2014-03-04.zip.backup""
'
2023-05-29 10:57:10|   0.7|  0.0|WARN  |SystemCaller: Failed to Execute `""C:/Program Files/PostgreSQL/11/bin/pg_restore.exe" -h uuc-srv390.user.uu.se  -p 5432 -U postgres  -w -d sau2009sgu3114 -O -x -c --no-security-labels "C:\Users\krima354\Work Folders\Documents\kicki_arbetsfiler\dap\intrasis_leveranser\intrasis_postgres_backup\SAU\SAU2009SGU3114_2014-03-21.zip.backup""
'
2023-05-29 10:57:12|   0.7|  0.0|WARN  |SystemCaller: Failed to Execute `""C:/Program Files/PostgreSQL/11/bin/pg_restore.exe" -h uuc-srv390.user.uu.se  -p 5432 -U postgres  -w -d sau2009ult2125 -O -x -c --no-security-labels "C:\Users\krima354\Work Folders\Documents\kicki_arbetsfiler\dap\intrasis_leveranser\intrasis_postgres_backup\SAU\SAU2009ULT2125_2014-03-21.zip.backup""
'
2023-05-29 10:57:15|   0.8|  0.1|WARN  |SystemCaller: Failed to Execute `""C:/Program Files/PostgreSQL/11/bin/pg_restore.exe" -h uuc-srv390.user.uu.se  -p 5432 -U postgres  -w -d sau2009ult2131 -O -x -c --no-security-labels "C:\Users\krima354\Work Folders\Documents\kicki_arbetsfiler\dap\intrasis_leveranser\intrasis_postgres_backup\SAU\SAU2009ULT2131_2016-02-01.zip.backup""
'
2023-05-29 10:57:17|   0.8|  0.0|WARN  |SystemCaller: Failed to Execute `""C:/Program Files/PostgreSQL/11/bin/pg_restore.exe" -h uuc-srv390.user.uu.se  -p 5432 -U postgres  -w -d sau2009ult3118 -O -x -c --no-security-labels "C:\Users\krima354\Work Folders\Documents\kicki_arbetsfiler\dap\intrasis_leveranser\intrasis_postgres_backup\SAU\SAU2009ULT3118_2014-03-21.zip.backup""
'
2023-05-29 10:57:19|   0.8|  0.0|WARN  |SystemCaller: Failed to Execute `""C:/Program Files/PostgreSQL/11/bin/pg_restore.exe" -h uuc-srv390.user.uu.se  -p 5432 -U postgres  -w -d sau2009vsk3113 -O -x -c --no-security-labels "C:\Users\krima354\Work Folders\Documents\kicki_arbetsfiler\dap\intrasis_leveranser\intrasis_postgres_backup\SAU\SAU2009VSK3113_2014-03-03.zip.backup""
'
2023-05-29 10:57:23|   0.8|  0.0|WARN  |SystemCaller: Failed to Execute `""C:/Program Files/PostgreSQL/11/bin/pg_restore.exe" -h uuc-srv390.user.uu.se  -p 5432 -U postgres  -w -d sau2010gil3128 -O -x -c --no-security-labels "C:\Users\krima354\Work Folders\Documents\kicki_arbetsfiler\dap\intrasis_leveranser\intrasis_postgres_backup\SAU\SAU2010GIL3128_2016-03-31.zip.backup""
'
2023-05-29 10:57:25|   0.8|  0.0|WARN  |SystemCaller: Failed to Execute `""C:/Program Files/PostgreSQL/11/bin/pg_restore.exe" -h uuc-srv390.user.uu.se  -p 5432 -U postgres  -w -d sau2010got3120 -O -x -c --no-security-labels "C:\Users\krima354\Work Folders\Documents\kicki_arbetsfiler\dap\intrasis_leveranser\intrasis_postgres_backup\SAU\SAU2010GOT3120_2014-03-14.zip.backup""
'
2023-05-29 10:57:27|   0.8|  0.0|WARN  |SystemCaller: Failed to Execute `""C:/Program Files/PostgreSQL/11/bin/pg_restore.exe" -h uuc-srv390.user.uu.se  -p 5432 -U postgres  -w -d sau2010hog3119 -O -x -c --no-security-labels "C:\Users\krima354\Work Folders\Documents\kicki_arbetsfiler\dap\intrasis_leveranser\intrasis_postgres_backup\SAU\SAU2010HOG3119_2014-03-03.zip.backup""
'
2023-05-29 10:57:30|   0.8|  0.0|WARN  |SystemCaller: Failed to Execute `""C:/Program Files/PostgreSQL/11/bin/pg_restore.exe" -h uuc-srv390.user.uu.se  -p 5432 -U postgres  -w -d sau2010ras635 -O -x -c --no-security-labels "C:\Users\krima354\Work Folders\Documents\kicki_arbetsfiler\dap\intrasis_leveranser\intrasis_postgres_backup\SAU\SAU2010RAS635_2014-03-03.zip.backup""
'
2023-05-29 10:57:32|   0.8|  0.0|WARN  |SystemCaller: Failed to Execute `""C:/Program Files/PostgreSQL/11/bin/pg_restore.exe" -h uuc-srv390.user.uu.se  -p 5432 -U postgres  -w -d sau2010ras659 -O -x -c --no-security-labels "C:\Users\krima354\Work Folders\Documents\kicki_arbetsfiler\dap\intrasis_leveranser\intrasis_postgres_backup\SAU\SAU2010RAS659_2014-03-03.zip.backup""
'
2023-05-29 10:57:35|   0.8|  0.0|WARN  |SystemCaller: Failed to Execute `""C:/Program Files/PostgreSQL/11/bin/pg_restore.exe" -h uuc-srv390.user.uu.se  -p 5432 -U postgres  -w -d sau2010sta2116 -O -x -c --no-security-labels "C:\Users\krima354\Work Folders\Documents\kicki_arbetsfiler\dap\intrasis_leveranser\intrasis_postgres_backup\SAU\SAU2010STA2116_2014-03-05.zip.backup""
'
2023-05-29 10:57:37|   0.8|  0.0|WARN  |SystemCaller: Failed to Execute `""C:/Program Files/PostgreSQL/11/bin/pg_restore.exe" -h uuc-srv390.user.uu.se  -p 5432 -U postgres  -w -d sau2010una4089 -O -x -c --no-security-labels "C:\Users\krima354\Work Folders\Documents\kicki_arbetsfiler\dap\intrasis_leveranser\intrasis_postgres_backup\SAU\SAU2010UNA4089_2014-03-21.zip.backup""
'
2023-05-29 10:57:39|   0.9|  0.1|WARN  |SystemCaller: Failed to Execute `""C:/Program Files/PostgreSQL/11/bin/pg_restore.exe" -h uuc-srv390.user.uu.se  -p 5432 -U postgres  -w -d sau2011backlosa1123 -O -x -c --no-security-labels "C:\Users\krima354\Work Folders\Documents\kicki_arbetsfiler\dap\intrasis_leveranser\intrasis_postgres_backup\SAU\SAU2011BACKLOSA1123_2014-03-06.zip.backup""
'
2023-05-29 10:57:42|   0.9|  0.0|WARN  |SystemCaller: Failed to Execute `""C:/Program Files/PostgreSQL/11/bin/pg_restore.exe" -h uuc-srv390.user.uu.se  -p 5432 -U postgres  -w -d sau2011hok1112 -O -x -c --no-security-labels "C:\Users\krima354\Work Folders\Documents\kicki_arbetsfiler\dap\intrasis_leveranser\intrasis_postgres_backup\SAU\SAU2011HOK1112_2014-03-03.zip.backup""
'
2023-05-29 10:57:45|   0.9|  0.0|WARN  |SystemCaller: Failed to Execute `""C:/Program Files/PostgreSQL/11/bin/pg_restore.exe" -h uuc-srv390.user.uu.se  -p 5432 -U postgres  -w -d sau2011kaf2148 -O -x -c --no-security-labels "C:\Users\krima354\Work Folders\Documents\kicki_arbetsfiler\dap\intrasis_leveranser\intrasis_postgres_backup\SAU\SAU2011KAF2148_2014-03-03.zip.backup""
'
2023-05-29 10:57:47|   0.9|  0.0|WARN  |SystemCaller: Failed to Execute `""C:/Program Files/PostgreSQL/11/bin/pg_restore.exe" -h uuc-srv390.user.uu.se  -p 5432 -U postgres  -w -d sau2011lager4096 -O -x -c --no-security-labels "C:\Users\krima354\Work Folders\Documents\kicki_arbetsfiler\dap\intrasis_leveranser\intrasis_postgres_backup\SAU\SAU2011LAGER4096_2014-02-28.zip.backup""
'
2023-05-29 10:57:49|   0.9|  0.0|WARN  |SystemCaller: Failed to Execute `""C:/Program Files/PostgreSQL/11/bin/pg_restore.exe" -h uuc-srv390.user.uu.se  -p 5432 -U postgres  -w -d sau2011navertorp2148 -O -x -c --no-security-labels "C:\Users\krima354\Work Folders\Documents\kicki_arbetsfiler\dap\intrasis_leveranser\intrasis_postgres_backup\SAU\SAU2011Navertorp2148_2014-03-04.zip.backup""
'
2023-05-29 10:57:51|   0.9|  0.0|WARN  |SystemCaller: Failed to Execute `""C:/Program Files/PostgreSQL/11/bin/pg_restore.exe" -h uuc-srv390.user.uu.se  -p 5432 -U postgres  -w -d sau2011rosendal2140 -O -x -c --no-security-labels "C:\Users\krima354\Work Folders\Documents\kicki_arbetsfiler\dap\intrasis_leveranser\intrasis_postgres_backup\SAU\SAU2011Rosendal2140_2014-03-03.zip.backup""
'
2023-05-29 10:57:54|   0.9|  0.0|WARN  |SystemCaller: Failed to Execute `""C:/Program Files/PostgreSQL/11/bin/pg_restore.exe" -h uuc-srv390.user.uu.se  -p 5432 -U postgres  -w -d sau2011stenkvista4099 -O -x -c --no-security-labels "C:\Users\krima354\Work Folders\Documents\kicki_arbetsfiler\dap\intrasis_leveranser\intrasis_postgres_backup\SAU\SAU2011STENKVISTA4099_2014-02-28.zip.backup""
'
2023-05-29 10:57:56|   0.9|  0.0|WARN  |SystemCaller: Failed to Execute `""C:/Program Files/PostgreSQL/11/bin/pg_restore.exe" -h uuc-srv390.user.uu.se  -p 5432 -U postgres  -w -d sau2011thaikiosk4100 -O -x -c --no-security-labels "C:\Users\krima354\Work Folders\Documents\kicki_arbetsfiler\dap\intrasis_leveranser\intrasis_postgres_backup\SAU\SAU2011Thaikiosk4100_2014-02-28.zip.backup""
'
2023-05-29 10:57:58|   0.9|  0.0|WARN  |SystemCaller: Failed to Execute `""C:/Program Files/PostgreSQL/11/bin/pg_restore.exe" -h uuc-srv390.user.uu.se  -p 5432 -U postgres  -w -d sau2011ult2144 -O -x -c --no-security-labels "C:\Users\krima354\Work Folders\Documents\kicki_arbetsfiler\dap\intrasis_leveranser\intrasis_postgres_backup\SAU\SAU2011ULT2144_2014-03-21.zip.backup""
'
2023-05-29 10:58:01|   0.9|  0.0|WARN  |SystemCaller: Failed to Execute `""C:/Program Files/PostgreSQL/11/bin/pg_restore.exe" -h uuc-srv390.user.uu.se  -p 5432 -U postgres  -w -d sau2012erb_1125 -O -x -c --no-security-labels "C:\Users\krima354\Work Folders\Documents\kicki_arbetsfiler\dap\intrasis_leveranser\intrasis_postgres_backup\SAU\SAU2012ERB_1125_2014-03-03.zip.backup""
'
2023-05-29 10:58:04|   0.9|  0.0|WARN  |SystemCaller: Failed to Execute `""C:/Program Files/PostgreSQL/11/bin/pg_restore.exe" -h uuc-srv390.user.uu.se  -p 5432 -U postgres  -w -d sau2012kall2152 -O -x -c --no-security-labels "C:\Users\krima354\Work Folders\Documents\kicki_arbetsfiler\dap\intrasis_leveranser\intrasis_postgres_backup\SAU\SAU2012KALL2152_2015-08-27.zip.backup""
'
2023-05-29 10:58:07|   0.9|  0.0|WARN  |SystemCaller: Failed to Execute `""C:/Program Files/PostgreSQL/11/bin/pg_restore.exe" -h uuc-srv390.user.uu.se  -p 5432 -U postgres  -w -d sau2012prast4103 -O -x -c --no-security-labels "C:\Users\krima354\Work Folders\Documents\kicki_arbetsfiler\dap\intrasis_leveranser\intrasis_postgres_backup\SAU\SAU2012PRAST4103_2014-02-28.zip.backup""
'
2023-05-29 10:58:09|   0.9|  0.0|WARN  |SystemCaller: Failed to Execute `""C:/Program Files/PostgreSQL/11/bin/pg_restore.exe" -h uuc-srv390.user.uu.se  -p 5432 -U postgres  -w -d sau2012slum2160 -O -x -c --no-security-labels "C:\Users\krima354\Work Folders\Documents\kicki_arbetsfiler\dap\intrasis_leveranser\intrasis_postgres_backup\SAU\SAU2012SLUM2160_2014-03-03.zip.backup""
'
2023-05-29 10:58:12|   1.0|  0.1|WARN  |SystemCaller: Failed to Execute `""C:/Program Files/PostgreSQL/11/bin/pg_restore.exe" -h uuc-srv390.user.uu.se  -p 5432 -U postgres  -w -d sau2012ult4106husc4115 -O -x -c --no-security-labels "C:\Users\krima354\Work Folders\Documents\kicki_arbetsfiler\dap\intrasis_leveranser\intrasis_postgres_backup\SAU\SAU2012ULT4106husC4115_2016-03-31.zip.backup""
'
2023-05-29 10:58:14|   1.1|  0.1|WARN  |SystemCaller: Failed to Execute `""C:/Program Files/PostgreSQL/11/bin/pg_restore.exe" -h uuc-srv390.user.uu.se  -p 5432 -U postgres  -w -d sau2012vangsta2153 -O -x -c --no-security-labels "C:\Users\krima354\Work Folders\Documents\kicki_arbetsfiler\dap\intrasis_leveranser\intrasis_postgres_backup\SAU\SAU2012VANGSTA2153_2014-03-05.zip.backup""
'
2023-05-29 10:58:16|   1.1|  0.0|WARN  |SystemCaller: Failed to Execute `""C:/Program Files/PostgreSQL/11/bin/pg_restore.exe" -h uuc-srv390.user.uu.se  -p 5432 -U postgres  -w -d sau2012_ostra_viggeby_1124 -O -x -c --no-security-labels "C:\Users\krima354\Work Folders\Documents\kicki_arbetsfiler\dap\intrasis_leveranser\intrasis_postgres_backup\SAU\SAU2012_Ostra_Viggeby_1124_2014-03-03.zip.backup""
'
2023-05-29 10:58:19|   1.1|  0.0|WARN  |SystemCaller: Failed to Execute `""C:/Program Files/PostgreSQL/11/bin/pg_restore.exe" -h uuc-srv390.user.uu.se  -p 5432 -U postgres  -w -d sau2013brott2167 -O -x -c --no-security-labels "C:\Users\krima354\Work Folders\Documents\kicki_arbetsfiler\dap\intrasis_leveranser\intrasis_postgres_backup\SAU\SAU2013BROTT2167_2014-03-03.zip.backup""
'
2023-05-29 10:58:21|   1.1|  0.0|WARN  |SystemCaller: Failed to Execute `""C:/Program Files/PostgreSQL/11/bin/pg_restore.exe" -h uuc-srv390.user.uu.se  -p 5432 -U postgres  -w -d sau2013hedens1129 -O -x -c --no-security-labels "C:\Users\krima354\Work Folders\Documents\kicki_arbetsfiler\dap\intrasis_leveranser\intrasis_postgres_backup\SAU\SAU2013HEDENS1129_2014-02-28.zip.backup""
'
2023-05-29 10:58:24|   1.1|  0.0|WARN  |SystemCaller: Failed to Execute `""C:/Program Files/PostgreSQL/11/bin/pg_restore.exe" -h uuc-srv390.user.uu.se  -p 5432 -U postgres  -w -d sau2013libro1137 -O -x -c --no-security-labels "C:\Users\krima354\Work Folders\Documents\kicki_arbetsfiler\dap\intrasis_leveranser\intrasis_postgres_backup\SAU\SAU2013LIBRO1137_2016-03-31.zip.backup""
'
2023-05-29 10:58:26|   1.1|  0.0|WARN  |SystemCaller: Failed to Execute `""C:/Program Files/PostgreSQL/11/bin/pg_restore.exe" -h uuc-srv390.user.uu.se  -p 5432 -U postgres  -w -d sau2013tann1134 -O -x -c --no-security-labels "C:\Users\krima354\Work Folders\Documents\kicki_arbetsfiler\dap\intrasis_leveranser\intrasis_postgres_backup\SAU\SAU2013TANN1134_2014-03-03.zip.backup""
'
2023-05-29 10:58:28|   1.1|  0.0|WARN  |SystemCaller: Failed to Execute `""C:/Program Files/PostgreSQL/11/bin/pg_restore.exe" -h uuc-srv390.user.uu.se  -p 5432 -U postgres  -w -d sau2013_hoekaasen_1128 -O -x -c --no-security-labels "C:\Users\krima354\Work Folders\Documents\kicki_arbetsfiler\dap\intrasis_leveranser\intrasis_postgres_backup\SAU\SAU2013_Hoekaasen_1128_2014-03-03.zip.backup""
'
2023-05-29 10:58:31|   1.1|  0.0|WARN  |SystemCaller: Failed to Execute `""C:/Program Files/PostgreSQL/11/bin/pg_restore.exe" -h uuc-srv390.user.uu.se  -p 5432 -U postgres  -w -d sau2013_skepparen_2 -O -x -c --no-security-labels "C:\Users\krima354\Work Folders\Documents\kicki_arbetsfiler\dap\intrasis_leveranser\intrasis_postgres_backup\SAU\SAU2013_SKEPPAREN_2_2014-03-03.zip.backup""
'
2023-05-29 10:58:33|   1.1|  0.0|WARN  |SystemCaller: Failed to Execute `""C:/Program Files/PostgreSQL/11/bin/pg_restore.exe" -h uuc-srv390.user.uu.se  -p 5432 -U postgres  -w -d sau2014almby2173 -O -x -c --no-security-labels "C:\Users\krima354\Work Folders\Documents\kicki_arbetsfiler\dap\intrasis_leveranser\intrasis_postgres_backup\SAU\SAU2014Almby2173_2016-03-31.zip.backup""
'
2023-05-29 10:58:35|   1.1|  0.0|WARN  |SystemCaller: Failed to Execute `""C:/Program Files/PostgreSQL/11/bin/pg_restore.exe" -h uuc-srv390.user.uu.se  -p 5432 -U postgres  -w -d sau2014bettorp1144 -O -x -c --no-security-labels "C:\Users\krima354\Work Folders\Documents\kicki_arbetsfiler\dap\intrasis_leveranser\intrasis_postgres_backup\SAU\SAU2014Bettorp1144_2016-03-31.zip.backup""
'
2023-05-29 10:58:38|   1.1|  0.0|WARN  |SystemCaller: Failed to Execute `""C:/Program Files/PostgreSQL/11/bin/pg_restore.exe" -h uuc-srv390.user.uu.se  -p 5432 -U postgres  -w -d sau2014bettorp1153 -O -x -c --no-security-labels "C:\Users\krima354\Work Folders\Documents\kicki_arbetsfiler\dap\intrasis_leveranser\intrasis_postgres_backup\SAU\SAU2014Bettorp1153_2016-03-31.zip.backup""
'
2023-05-29 10:58:40|   1.1|  0.0|WARN  |SystemCaller: Failed to Execute `""C:/Program Files/PostgreSQL/11/bin/pg_restore.exe" -h uuc-srv390.user.uu.se  -p 5432 -U postgres  -w -d sau2014bettorp2175 -O -x -c --no-security-labels "C:\Users\krima354\Work Folders\Documents\kicki_arbetsfiler\dap\intrasis_leveranser\intrasis_postgres_backup\SAU\SAU2014Bettorp2175_2016-03-31.zip.backup""
'
2023-05-29 10:58:42|   1.2|  0.1|WARN  |SystemCaller: Failed to Execute `""C:/Program Files/PostgreSQL/11/bin/pg_restore.exe" -h uuc-srv390.user.uu.se  -p 5432 -U postgres  -w -d sau2014eklu1139 -O -x -c --no-security-labels "C:\Users\krima354\Work Folders\Documents\kicki_arbetsfiler\dap\intrasis_leveranser\intrasis_postgres_backup\SAU\SAU2014EKLU1139_2016-03-31.zip.backup""
'
2023-05-29 10:58:45|   1.2|  0.0|WARN  |SystemCaller: Failed to Execute `""C:/Program Files/PostgreSQL/11/bin/pg_restore.exe" -h uuc-srv390.user.uu.se  -p 5432 -U postgres  -w -d sau2014krono1159 -O -x -c --no-security-labels "C:\Users\krima354\Work Folders\Documents\kicki_arbetsfiler\dap\intrasis_leveranser\intrasis_postgres_backup\SAU\SAU2014Krono1159_2016-03-31.zip.backup""
'
2023-05-29 10:58:47|   1.2|  0.0|WARN  |SystemCaller: Failed to Execute `""C:/Program Files/PostgreSQL/11/bin/pg_restore.exe" -h uuc-srv390.user.uu.se  -p 5432 -U postgres  -w -d sau2014kvarntorp1147 -O -x -c --no-security-labels "C:\Users\krima354\Work Folders\Documents\kicki_arbetsfiler\dap\intrasis_leveranser\intrasis_postgres_backup\SAU\SAU2014Kvarntorp1147_2014-09-01.zip.backup""
'
2023-05-29 10:58:49|   1.2|  0.0|WARN  |SystemCaller: Failed to Execute `""C:/Program Files/PostgreSQL/11/bin/pg_restore.exe" -h uuc-srv390.user.uu.se  -p 5432 -U postgres  -w -d sau2014ofyr2172 -O -x -c --no-security-labels "C:\Users\krima354\Work Folders\Documents\kicki_arbetsfiler\dap\intrasis_leveranser\intrasis_postgres_backup\SAU\SAU2014OFYR2172_2016-03-31.zip.backup""
'
2023-05-29 10:58:52|   1.2|  0.0|WARN  |SystemCaller: Failed to Execute `""C:/Program Files/PostgreSQL/11/bin/pg_restore.exe" -h uuc-srv390.user.uu.se  -p 5432 -U postgres  -w -d sau2014rallsta4115 -O -x -c --no-security-labels "C:\Users\krima354\Work Folders\Documents\kicki_arbetsfiler\dap\intrasis_leveranser\intrasis_postgres_backup\SAU\SAU2014RALLSTA4115_2016-03-31.zip.backup""
'
2023-05-29 10:58:52|   1.2|  0.0|INFORM|FeatureMerger (ReferenceFactory): Processing requestors: Completed 96.15% of intermediate processing
2023-05-29 10:58:55|   1.2|  0.0|WARN  |SystemCaller: Failed to Execute `""C:/Program Files/PostgreSQL/11/bin/pg_restore.exe" -h uuc-srv390.user.uu.se  -p 5432 -U postgres  -w -d sau2014runnaby1151 -O -x -c --no-security-labels "C:\Users\krima354\Work Folders\Documents\kicki_arbetsfiler\dap\intrasis_leveranser\intrasis_postgres_backup\SAU\SAU2014Runnaby1151_2016-03-31.zip.backup""
'
2023-05-29 10:58:57|   1.2|  0.0|WARN  |SystemCaller: Failed to Execute `""C:/Program Files/PostgreSQL/11/bin/pg_restore.exe" -h uuc-srv390.user.uu.se  -p 5432 -U postgres  -w -d sau2014skaelby -O -x -c --no-security-labels "C:\Users\krima354\Work Folders\Documents\kicki_arbetsfiler\dap\intrasis_leveranser\intrasis_postgres_backup\SAU\SAU2014Skaelby_2014-07-15.zip.backup""
'
2023-05-29 10:58:59|   1.2|  0.0|WARN  |SystemCaller: Failed to Execute `""C:/Program Files/PostgreSQL/11/bin/pg_restore.exe" -h uuc-srv390.user.uu.se  -p 5432 -U postgres  -w -d sau2014till1141 -O -x -c --no-security-labels "C:\Users\krima354\Work Folders\Documents\kicki_arbetsfiler\dap\intrasis_leveranser\intrasis_postgres_backup\SAU\SAU2014TILL1141_2016-03-31.zip.backup""
'
2023-05-29 10:59:02|   1.3|  0.1|WARN  |SystemCaller: Failed to Execute `""C:/Program Files/PostgreSQL/11/bin/pg_restore.exe" -h uuc-srv390.user.uu.se  -p 5432 -U postgres  -w -d sau2014uthamrafu2169 -O -x -c --no-security-labels "C:\Users\krima354\Work Folders\Documents\kicki_arbetsfiler\dap\intrasis_leveranser\intrasis_postgres_backup\SAU\SAU2014UthamraFU2169_2015-11-23.zip.backup""
'
2023-05-29 10:59:02|   1.3|  0.0|INFORM|FeatureMerger (ReferenceFactory): Processing requestors: Completed 100% of intermediate processing
2023-05-29 10:59:06|   1.3|  0.0|WARN  |SystemCaller: Failed to Execute `""C:/Program Files/PostgreSQL/11/bin/pg_restore.exe" -h uuc-srv390.user.uu.se  -p 5432 -U postgres  -w -d sau_2002_vax333 -O -x -c --no-security-labels "C:\Users\krima354\Work Folders\Documents\kicki_arbetsfiler\dap\intrasis_leveranser\intrasis_postgres_backup\SAU\SAU_2002_VAX333_2014-03-06.zip.backup""
'
2023-05-29 10:59:06|   1.3|  0.0|STATS |FeatureMerger (ReferenceFactory): Total Results: 104 Complete Feature(s), 0 Incomplete Feature(s), 104 Referenced Feature(s), 0 Unreferenced Feature(s), 0 Referencer Feature(s) (NO REFERENCES), 0 Referencee Feature(s) (NO Referencee fields defined), and 0 Duplicate Referencee Feature(s)
2023-05-29 10:59:06|   1.3|  0.0|STATS |SystemCaller_3 (TeeFactory): Cloned 104 input feature(s) into 104 output feature(s)
2023-05-29 10:59:06|   1.3|  0.0|STATS |SystemCaller (TeeFactory): Cloned 104 input feature(s) into 104 output feature(s)
2023-05-29 10:59:06|   1.3|  0.0|STATS |Destination Feature Type Routing Correlator (RoutingFactory): Tested 0 input feature(s), wrote 0 output feature(s): 0 matched merge filters, 0 were routed to output, 0 could not be routed.
2023-05-29 10:59:06|   1.3|  0.0|STATS |Final Output Nuker (TeeFactory): Cloned 0 input feature(s) into 0 output feature(s)
2023-05-29 10:59:06|   1.3|  0.0|STATS |=-=-=-=-=-=-=-=-=-=-=-=-=-=-=-=-=-=-=-=-=-=-=-=-=-=-=-=-=-=-=-=-=-=-=-=-=-=-=-
2023-05-29 10:59:06|   1.3|  0.0|STATS |                            Features Read Summary
2023-05-29 10:59:06|   1.3|  0.0|STATS |=-=-=-=-=-=-=-=-=-=-=-=-=-=-=-=-=-=-=-=-=-=-=-=-=-=-=-=-=-=-=-=-=-=-=-=-=-=-=-
2023-05-29 10:59:06|   1.3|  0.0|STATS |CSV                                                                        104
2023-05-29 10:59:06|   1.3|  0.0|STATS |PATH                                                                       104
2023-05-29 10:59:06|   1.3|  0.0|STATS |==============================================================================
2023-05-29 10:59:06|   1.3|  0.0|STATS |Total Features Read                                                        208
2023-05-29 10:59:06|   1.3|  0.0|STATS |=-=-=-=-=-=-=-=-=-=-=-=-=-=-=-=-=-=-=-=-=-=-=-=-=-=-=-=-=-=-=-=-=-=-=-=-=-=-=-
2023-05-29 10:59:06|   1.3|  0.0|STATS |=-=-=-=-=-=-=-=-=-=-=-=-=-=-=-=-=-=-=-=-=-=-=-=-=-=-=-=-=-=-=-=-=-=-=-=-=-=-=-
2023-05-29 10:59:06|   1.3|  0.0|STATS |                           Features Written Summary
2023-05-29 10:59:06|   1.3|  0.0|STATS |=-=-=-=-=-=-=-=-=-=-=-=-=-=-=-=-=-=-=-=-=-=-=-=-=-=-=-=-=-=-=-=-=-=-=-=-=-=-=-
2023-05-29 10:59:06|   1.3|  0.0|STATS |==============================================================================
2023-05-29 10:59:06|   1.3|  0.0|STATS |Total Features Written                                                       0
2023-05-29 10:59:06|   1.3|  0.0|STATS |=-=-=-=-=-=-=-=-=-=-=-=-=-=-=-=-=-=-=-=-=-=-=-=-=-=-=-=-=-=-=-=-=-=-=-=-=-=-=-
2023-05-29 10:59:06|   1.3|  0.0|WARN  |-~-~-~-~-~-~-~-~-~-~-~-~-~-~-~-~-~-~-~-~-~-~-~-~-~-~-~-~-~-~-~-~-~-~-~-~-~-~-~-~-
2023-05-29 10:59:06|   1.3|  0.0|WARN  |-~                                                                             ~-
2023-05-29 10:59:06|   1.3|  0.0|WARN  |-~    Feature caches have been recorded at every stage of the translation.     ~-
2023-05-29 10:59:06|   1.3|  0.0|WARN  |-~                      To inspect the recorded features,                      ~-
2023-05-29 10:59:06|   1.3|  0.0|WARN  |-~              click the feature cache icons next to the ports.               ~-
2023-05-29 10:59:06|   1.3|  0.0|WARN  |-~                                                                             ~-
2023-05-29 10:59:06|   1.3|  0.0|WARN  |-~-~-~-~-~-~-~-~-~-~-~-~-~-~-~-~-~-~-~-~-~-~-~-~-~-~-~-~-~-~-~-~-~-~-~-~-~-~-~-~-
2023-05-29 10:59:06|   1.3|  0.0|INFORM|Translation was SUCCESSFUL with 111 warning(s) (0 feature(s) output)
2023-05-29 10:59:06|   1.3|  0.0|INFORM|FME Session Duration: 4 minutes 22.3 seconds. (CPU: 0.2s user, 1.1s system)
2023-05-29 10:59:06|   1.3|  0.0|INFORM|END - ProcessID: 21764, peak process memory usage: 82348 kB, current process memory usage: 72156 kB
2023-08-18 11:00:13|   0.0|  0.0|INFORM|Current FME version: FME 2022.1.3.0 (20220928 - Build 22630 - WIN64)
2023-08-18 11:00:13|   0.0|  0.0|INFORM|FME_HOME is 'C:\Program Files\FME2022_1_3\'
2023-08-18 11:00:13|   0.0|  0.0|INFORM|FME Database Edition (node locked-crc)
2023-08-18 11:00:13|   0.0|  0.0|INFORM|Serial Number: ZVY7-REY4-21GZ
2023-08-18 11:00:13|   0.0|  0.0|INFORM|Temporary License: 310 days left.
2023-08-18 11:00:13|   0.0|  0.0|INFORM|Machine host name is: EPI-4L2CTD3
2023-08-18 11:00:13|   0.0|  0.0|INFORM|OS Locale Name     : sv_SE
2023-08-18 11:00:13|   0.0|  0.0|INFORM|OS Locale Encoding : windows-1252
2023-08-18 11:00:13|   0.0|  0.0|INFORM|Process Encoding   : UTF-8
2023-08-18 11:00:13|   0.0|  0.0|INFORM|FME API version: '4.0 20220615'
2023-08-18 11:00:13|   0.0|  0.0|INFORM|FME Configuration: FME_BASE is 'no'
2023-08-18 11:00:13|   0.0|  0.0|INFORM|FME Configuration: FME_MF_DIR is 'C:\Users\krima354\Work Folders\Documents\GitHub\kix_working_dir\divFME\restore_drop_backup_idb/'
2023-08-18 11:00:13|   0.0|  0.0|INFORM|FME Configuration: FME_MF_NAME is 'restoreDBfromBackupFileFromCSV.fmw'
2023-08-18 11:00:13|   0.0|  0.0|INFORM|FME Configuration: FME_PRODUCT_NAME is 'FME(R) 2022.1.3.0'
2023-08-18 11:00:13|   0.0|  0.0|INFORM|Operating System: Microsoft Windows 10 64-bit  (Build 19045)
2023-08-18 11:00:13|   0.0|  0.0|INFORM|FME Platform: WIN64
2023-08-18 11:00:13|   0.0|  0.0|INFORM|System Status: 317.34 GB of disk space available in the FME temporary folder (C:\Users\krima354\AppData\Local\Temp\wbrun_1692349030612_5784\fmetmp_0)
2023-08-18 11:00:13|   0.0|  0.0|INFORM|System Status: 31.73 GB of physical memory available
2023-08-18 11:00:13|   0.0|  0.0|INFORM|System Status: 126.93 GB of virtual memory available
2023-08-18 11:00:13|   0.0|  0.0|INFORM|START - ProcessID: 13956, peak process memory usage: 49312 kB, current process memory usage: 49312 kB
2023-08-18 11:00:13|   0.0|  0.0|INFORM|FME Configuration: Command line arguments are `C:\Program Files\FME2022_1_3\fme.exe' `C:/Users/krima354/Work Folders/Documents/GitHub/kix_working_dir/divFME/restore_drop_backup_idb\wb-xlate-1692349210823_5784' `LOG_STANDARDOUT' `YES' `LOG_TIMINGS' `YES' `LogCountServerName' `52027' `LOG_STANDARDOUT' `No' `WORKBENCH_LOG_SERVER' `51900'
2023-08-18 11:00:13|   0.0|  0.0|INFORM|FME Configuration: Connection Storage: 'C:\Users\krima354\AppData\Roaming\Safe Software\FME\'
2023-08-18 11:00:13|   0.0|  0.0|INFORM|Shared folders for formats are : C:\Program Files\FME2022_1_3\datasources;C:\Users\krima354\Work Folders\Documents\FME\Formats
2023-08-18 11:00:13|   0.0|  0.0|INFORM|Shared folders for transformers are : C:\Users\krima354\AppData\Roaming\Safe Software\FME\Packages\22630-win64\transformers;C:\Program Files\FME2022_1_3\transformers;C:\Users\krima354\AppData\Roaming\Safe Software\FME\FME Store\Transformers
2023-08-18 11:00:13|   0.0|  0.0|INFORM|Shared folders for coordinate systems are : C:\Users\krima354\Work Folders\Documents\FME\CoordinateSystems
2023-08-18 11:00:13|   0.0|  0.0|INFORM|Shared folders for coordinate system exceptions are : C:\Users\krima354\Work Folders\Documents\FME\CoordinateSystemExceptions
2023-08-18 11:00:13|   0.0|  0.0|INFORM|Shared folders for coordinate system grid overrides are : C:\Users\krima354\Work Folders\Documents\FME\CoordinateSystemGridOverrides
2023-08-18 11:00:13|   0.0|  0.0|INFORM|Shared folders for CS-MAP transformation exceptions are : C:\Users\krima354\Work Folders\Documents\FME\CsmapTransformationExceptions
2023-08-18 11:00:13|   0.0|  0.0|INFORM|Shared folders for transformer categories are : C:\Users\krima354\Work Folders\Documents\FME\TransformerCategories
2023-08-18 11:00:13|   0.0|  0.0|INFORM|Mapping File Identifier is: SAUimportIntrasis
2023-08-18 11:00:13|   0.0|  0.0|INFORM|FME Configuration: Reader Keyword is `MULTI_READER'
2023-08-18 11:00:13|   0.0|  0.0|INFORM|FME Configuration: Writer Keyword is `NULL_DEST'
2023-08-18 11:00:13|   0.0|  0.0|INFORM|FME Configuration: Writer Group Definition Keyword is `NULL_DEST_DEF'
2023-08-18 11:00:13|   0.0|  0.0|INFORM|FME Configuration: Reader type is `MULTI_READER'
2023-08-18 11:00:13|   0.0|  0.0|INFORM|FME Configuration: Writer type is `NULL'
2023-08-18 11:00:13|   0.0|  0.0|INFORM|FME Configuration: No destination coordinate system set
2023-08-18 11:00:13|   0.0|  0.0|INFORM|FME Configuration: Current working folder is `C:\Users\krima354\Work Folders\Documents\GitHub\kix_working_dir\divFME\restore_drop_backup_idb'
2023-08-18 11:00:13|   0.0|  0.0|INFORM|FME Configuration: Temporary folder is `C:\Users\krima354\AppData\Local\Temp\wbrun_1692349030612_5784\fmetmp_0', set from environment variable `FME_TEMP'
2023-08-18 11:00:13|   0.0|  0.0|INFORM|FME Configuration: Cache folder is 'C:\Users\krima354\AppData\Local\Temp'
2023-08-18 11:00:13|   0.0|  0.0|INFORM|FME Configuration: FME_HOME is `C:\Program Files\FME2022_1_3\'
2023-08-18 11:00:13|   0.0|  0.0|INFORM|FME Configuration: Start freeing memory when the process exceeds 95.20 GB
2023-08-18 11:00:13|   0.0|  0.0|INFORM|FME Configuration: Stop freeing memory when the process is below 71.40 GB
2023-08-18 11:00:13|   0.0|  0.0|INFORM|Creating writer for format: NULL (Nothing)
2023-08-18 11:00:13|   0.0|  0.0|INFORM|Trying to find a DYNAMIC plugin for writer named `NULL'
2023-08-18 11:00:13|   0.0|  0.0|INFORM|Loaded module 'NULL' from file 'C:\Program Files\FME2022_1_3\plugins/NULL.dll'
2023-08-18 11:00:13|   0.0|  0.0|INFORM|FME API version of module 'NULL' matches current internal version (4.0 20220615)
2023-08-18 11:00:13|   0.0|  0.0|INFORM|Creating reader for format: 
2023-08-18 11:00:13|   0.0|  0.0|INFORM|MULTI_READER(MULTI_READER): Will fail with first member reader failure
2023-08-18 11:00:13|   0.0|  0.0|INFORM|MULTI_READER(MULTI_READER): Adding CSV2 Reader with keyword CSV2_1
2023-08-18 11:00:13|   0.0|  0.0|INFORM|Using Multi Reader with keyword `MULTI_READER' to read multiple datasets
2023-08-18 11:00:13|   0.0|  0.0|INFORM|Creating reader for format: CSV (Comma Separated Value)
2023-08-18 11:00:13|   0.0|  0.0|INFORM|Trying to find a DYNAMIC plugin for reader named `CSV2'
2023-08-18 11:00:13|   0.0|  0.0|INFORM|Loaded module 'CSV2' from file 'C:\Program Files\FME2022_1_3\plugins/CSV2.dll'
2023-08-18 11:00:13|   0.0|  0.0|INFORM|FME API version of module 'CSV2' matches current internal version (4.0 20220615)
2023-08-18 11:00:13|   0.0|  0.0|INFORM|CSV reader: Opening dataset 'C:\Users\krima354\Work Folders\Documents\kicki_arbetsfiler\dap\intrasis_leveranser\intrasis_postgres_backup\SAU\sau_alla.csv'
2023-08-18 11:00:13|   0.0|  0.0|INFORM|CSV reader: Directive '_TRIM_FEATURE_TYPE_NAME' has the value 'Yes'
2023-08-18 11:00:13|   0.0|  0.0|INFORM|CSV reader: Directive '_SUPPORTED_READER_ARCHIVE_EXTENSIONS' has the value 'csv.gz,txt.gz'
2023-08-18 11:00:13|   0.0|  0.0|INFORM|CSV reader: Directive '_DELIMITER' has the value 'auto'
2023-08-18 11:00:13|   0.0|  0.0|INFORM|CSV reader: Directive '_FIELD_NAMES_LINE' has the value '1'
2023-08-18 11:00:13|   0.0|  0.0|INFORM|CSV reader: Directive '_DATA_START_LINE' has the value '2'
2023-08-18 11:00:13|   0.0|  0.0|INFORM|CSV reader: Directive '_SCAN_MAX_ROWS' has the value '10000'
2023-08-18 11:00:13|   0.0|  0.0|INFORM|CSV reader: Directive '_READ_SKIPPED_LINES' has the value 'No'
2023-08-18 11:00:13|   0.0|  0.0|INFORM|CSV reader: Directive '_ENCODING' has the value 'windows-1252'
2023-08-18 11:00:13|   0.0|  0.0|INFORM|CSV reader: Directive 'FME_NAMES_ENCODING' has the value 'UTF-8'
2023-08-18 11:00:13|   0.0|  0.0|INFORM|CSV reader: Directive '_SKIP_DUPLICATE_DELIMITERS' has the value 'No'
2023-08-18 11:00:13|   0.0|  0.0|INFORM|CSV reader: Directive '_FIELD_QUALIFIER_CHARACTER' has the value '"'
2023-08-18 11:00:13|   0.0|  0.0|INFORM|CSV reader: Directive '_FIELD_QUALIFIER_ESCAPE_CHARACTER' has the value '"'
2023-08-18 11:00:13|   0.0|  0.0|INFORM|CSV reader: Directive '_TRIM_FIELD_NAME_QUALIFIERS' has the value 'Yes'
2023-08-18 11:00:13|   0.0|  0.0|INFORM|CSV reader: Directive '_TRIM_FIELD_VALUE_QUALIFIERS' has the value 'Yes'
2023-08-18 11:00:13|   0.0|  0.0|INFORM|CSV reader: Directive '_PRESERVE_SOURCE_ENCODING' has the value 'No'
2023-08-18 11:00:13|   0.0|  0.0|INFORM|CSV reader: Directive '_CASE_SENSITIVE_FIELD_NAMES' has the value 'Yes'
2023-08-18 11:00:13|   0.0|  0.0|INFORM|CSV reader: Directive '_ENFORCE_STRICT_SCHEMA' has the value 'No'
2023-08-18 11:00:13|   0.0|  0.0|INFORM|CSV reader: Directive '_SCAN_TYPES' has the value 'Yes'
2023-08-18 11:00:13|   0.0|  0.0|INFORM|CSV reader: Directive '_TYPE_ATTRIBUTE_HANDLING' has the value 'STANDARD_TYPES'
2023-08-18 11:00:13|   0.0|  0.0|INFORM|CSV reader: Directive '_STRING_TYPE_ATTRIBUTE_HANDLING' has the value 'EXPLICIT_WIDTH'
2023-08-18 11:00:13|   0.0|  0.0|INFORM|CSV reader: Directive '_SCAN_ADDITIONAL_FIELDS' has the value 'No'
2023-08-18 11:00:13|   0.0|  0.0|INFORM|CSV reader: Directive '_DATE_INPUT_FORMAT' has the value 'ISO'
2023-08-18 11:00:13|   0.0|  0.0|INFORM|CSV reader: Directive '_CHUNK_SIZE' has the value '100000'
2023-08-18 11:00:13|   0.0|  0.0|INFORM|CSV reader: Directive '_TRIM_FIELD_NAME_WHITESPACE' has the value 'Yes'
2023-08-18 11:00:13|   0.0|  0.0|INFORM|CSV reader: Directive '_READ_EMPTY_VALUES_AS' has the value 'Null'
2023-08-18 11:00:13|   0.0|  0.0|INFORM|CSV reader: Directive '_REPLACE_ATTR_NAME_INVALID_CHARS' has the value 'No'
2023-08-18 11:00:13|   0.0|  0.0|INFORM|Loaded module 'LogCount_func' from file 'C:\Program Files\FME2022_1_3\plugins/LogCount_func.dll'
2023-08-18 11:00:13|   0.0|  0.0|INFORM|FME API version of module 'LogCount_func' matches current internal version (4.0 20220615)
2023-08-18 11:00:13|   0.0|  0.0|INFORM|CSV Feature Recorder -1 2147549190 (RecorderFactory): Splitting bulk features into individual features
2023-08-18 11:00:13|   0.0|  0.0|INFORM|MULTI_READER(MULTI_READER): Done reading 104 features from 1 readers
2023-08-18 11:00:13|   0.0|  0.0|INFORM|Emptying factory pipeline
2023-08-18 11:00:13|   0.0|  0.0|STATS |Router and Unexpected Input Remover (RoutingFactory): Tested 104 input feature(s), wrote 104 output feature(s): 104 matched merge filters, 104 were routed to output, 0 could not be routed.
2023-08-18 11:00:13|   0.0|  0.0|STATS |Unwanted Router Input Nuker (TeeFactory): Cloned 0 input feature(s) into 0 output feature(s)
2023-08-18 11:00:13|   0.0|  0.0|STATS |PATH_PATH_1 Splitter (TeeFactory): Cloned 0 input feature(s) into 0 output feature(s)
2023-08-18 11:00:13|   0.0|  0.0|STATS |CSV_CSV2_1 Splitter (TeeFactory): Cloned 104 input feature(s) into 104 output feature(s)
2023-08-18 11:00:13|   0.0|  0.0|STATS |Destination Feature Type Routing Correlator (RoutingFactory): Tested 104 input feature(s), wrote 104 output feature(s): 0 matched merge filters, 0 were routed to output, 104 could not be routed.
2023-08-18 11:00:13|   0.0|  0.0|STATS |Final Output Nuker (TeeFactory): Cloned 104 input feature(s) into 0 output feature(s)
2023-08-18 11:00:13|   0.0|  0.0|WARN  |=-=-=-=-=-=-=-=-=-=-=-=-=-=-=-=-=-=-=-=-=-=-=-=-=-=-=-=-=-=-=-=-=-=-=-=-=-=-=-
2023-08-18 11:00:13|   0.0|  0.0|WARN  |      Features not written - verify feature type fanout/dynamic settings
2023-08-18 11:00:13|   0.0|  0.0|WARN  |=-=-=-=-=-=-=-=-=-=-=-=-=-=-=-=-=-=-=-=-=-=-=-=-=-=-=-=-=-=-=-=-=-=-=-=-=-=-=-
2023-08-18 11:00:13|   0.0|  0.0|WARN  |  (Check that fanout/dynamic feature type attribute exists and has a value)
2023-08-18 11:00:13|   0.0|  0.0|WARN  |=-=-=-=-=-=-=-=-=-=-=-=-=-=-=-=-=-=-=-=-=-=-=-=-=-=-=-=-=-=-=-=-=-=-=-=-=-=-=-
2023-08-18 11:00:13|   0.0|  0.0|WARN  |                                                                           104
2023-08-18 11:00:13|   0.0|  0.0|WARN  |==============================================================================
2023-08-18 11:00:13|   0.0|  0.0|WARN  |Total features not written                                                 104
2023-08-18 11:00:13|   0.0|  0.0|WARN  |=-=-=-=-=-=-=-=-=-=-=-=-=-=-=-=-=-=-=-=-=-=-=-=-=-=-=-=-=-=-=-=-=-=-=-=-=-=-=-
2023-08-18 11:00:13|   0.0|  0.0|STATS |=-=-=-=-=-=-=-=-=-=-=-=-=-=-=-=-=-=-=-=-=-=-=-=-=-=-=-=-=-=-=-=-=-=-=-=-=-=-=-
2023-08-18 11:00:13|   0.0|  0.0|STATS |                            Features Read Summary
2023-08-18 11:00:13|   0.0|  0.0|STATS |=-=-=-=-=-=-=-=-=-=-=-=-=-=-=-=-=-=-=-=-=-=-=-=-=-=-=-=-=-=-=-=-=-=-=-=-=-=-=-
2023-08-18 11:00:13|   0.0|  0.0|STATS |CSV                                                                        104
2023-08-18 11:00:13|   0.0|  0.0|STATS |==============================================================================
2023-08-18 11:00:13|   0.0|  0.0|STATS |Total Features Read                                                        104
2023-08-18 11:00:13|   0.0|  0.0|STATS |=-=-=-=-=-=-=-=-=-=-=-=-=-=-=-=-=-=-=-=-=-=-=-=-=-=-=-=-=-=-=-=-=-=-=-=-=-=-=-
2023-08-18 11:00:13|   0.0|  0.0|STATS |=-=-=-=-=-=-=-=-=-=-=-=-=-=-=-=-=-=-=-=-=-=-=-=-=-=-=-=-=-=-=-=-=-=-=-=-=-=-=-
2023-08-18 11:00:13|   0.0|  0.0|STATS |                           Features Written Summary
2023-08-18 11:00:13|   0.0|  0.0|STATS |=-=-=-=-=-=-=-=-=-=-=-=-=-=-=-=-=-=-=-=-=-=-=-=-=-=-=-=-=-=-=-=-=-=-=-=-=-=-=-
2023-08-18 11:00:13|   0.0|  0.0|STATS |==============================================================================
2023-08-18 11:00:13|   0.0|  0.0|STATS |Total Features Written                                                       0
2023-08-18 11:00:13|   0.0|  0.0|STATS |=-=-=-=-=-=-=-=-=-=-=-=-=-=-=-=-=-=-=-=-=-=-=-=-=-=-=-=-=-=-=-=-=-=-=-=-=-=-=-
2023-08-18 11:00:13|   0.0|  0.0|WARN  |-~-~-~-~-~-~-~-~-~-~-~-~-~-~-~-~-~-~-~-~-~-~-~-~-~-~-~-~-~-~-~-~-~-~-~-~-~-~-~-~-
2023-08-18 11:00:13|   0.0|  0.0|WARN  |-~                                                                             ~-
2023-08-18 11:00:13|   0.0|  0.0|WARN  |-~    Feature caches have been recorded at every stage of the translation.     ~-
2023-08-18 11:00:13|   0.0|  0.0|WARN  |-~                      To inspect the recorded features,                      ~-
2023-08-18 11:00:13|   0.0|  0.0|WARN  |-~              click the feature cache icons next to the ports.               ~-
2023-08-18 11:00:13|   0.0|  0.0|WARN  |-~                                                                             ~-
2023-08-18 11:00:13|   0.0|  0.0|WARN  |-~-~-~-~-~-~-~-~-~-~-~-~-~-~-~-~-~-~-~-~-~-~-~-~-~-~-~-~-~-~-~-~-~-~-~-~-~-~-~-~-
2023-08-18 11:00:13|   0.0|  0.0|INFORM|Translation was SUCCESSFUL with 16 warning(s) (0 feature(s) output)
2023-08-18 11:00:13|   0.0|  0.0|INFORM|FME Session Duration: 0.2 seconds. (CPU: 0.0s user, 0.0s system)
2023-08-18 11:00:13|   0.0|  0.0|INFORM|END - ProcessID: 13956, peak process memory usage: 80808 kB, current process memory usage: 68044 kB
2023-08-18 11:12:21|   0.0|  0.0|INFORM|Current FME version: FME 2022.1.3.0 (20220928 - Build 22630 - WIN64)
2023-08-18 11:12:21|   0.0|  0.0|INFORM|FME_HOME is 'C:\Program Files\FME2022_1_3\'
2023-08-18 11:12:21|   0.0|  0.0|INFORM|FME Database Edition (node locked-crc)
2023-08-18 11:12:21|   0.0|  0.0|INFORM|Serial Number: ZVY7-REY4-21GZ
2023-08-18 11:12:21|   0.0|  0.0|INFORM|Temporary License: 310 days left.
2023-08-18 11:12:21|   0.0|  0.0|INFORM|Machine host name is: EPI-4L2CTD3
2023-08-18 11:12:21|   0.0|  0.0|INFORM|OS Locale Name     : sv_SE
2023-08-18 11:12:21|   0.0|  0.0|INFORM|OS Locale Encoding : windows-1252
2023-08-18 11:12:21|   0.0|  0.0|INFORM|Process Encoding   : UTF-8
2023-08-18 11:12:21|   0.0|  0.0|INFORM|FME API version: '4.0 20220615'
2023-08-18 11:12:21|   0.0|  0.0|INFORM|FME Configuration: FME_BASE is 'no'
2023-08-18 11:12:21|   0.0|  0.0|INFORM|FME Configuration: FME_MF_DIR is 'C:\Users\krima354\Work Folders\Documents\GitHub\kix_working_dir\divFME\restore_drop_backup_idb/'
2023-08-18 11:12:21|   0.0|  0.0|INFORM|FME Configuration: FME_MF_NAME is 'restoreDBfromBackupFileFromCSV.fmw'
2023-08-18 11:12:21|   0.0|  0.0|INFORM|FME Configuration: FME_PRODUCT_NAME is 'FME(R) 2022.1.3.0'
2023-08-18 11:12:21|   0.0|  0.0|INFORM|Operating System: Microsoft Windows 10 64-bit  (Build 19045)
2023-08-18 11:12:21|   0.0|  0.0|INFORM|FME Platform: WIN64
2023-08-18 11:12:21|   0.0|  0.0|INFORM|System Status: 317.29 GB of disk space available in the FME temporary folder (C:\Users\krima354\AppData\Local\Temp\wbrun_1692349922066_11808\fmetmp_0)
2023-08-18 11:12:21|   0.0|  0.0|INFORM|System Status: 31.73 GB of physical memory available
2023-08-18 11:12:21|   0.0|  0.0|INFORM|System Status: 126.93 GB of virtual memory available
2023-08-18 11:12:21|   0.0|  0.0|INFORM|START - ProcessID: 4560, peak process memory usage: 50072 kB, current process memory usage: 50072 kB
2023-08-18 11:12:21|   0.0|  0.0|INFORM|FME Configuration: Command line arguments are `C:\Program Files\FME2022_1_3\fme.exe' `C:/Users/krima354/Work Folders/Documents/GitHub/kix_working_dir/divFME/restore_drop_backup_idb\wb-xlate-1692349938532_11808' `LOG_STANDARDOUT' `YES' `LOG_TIMINGS' `YES' `LogCountServerName' `52844' `LOG_STANDARDOUT' `No' `WORKBENCH_LOG_SERVER' `52819'
2023-08-18 11:12:21|   0.0|  0.0|INFORM|FME Configuration: Connection Storage: 'C:\Users\krima354\AppData\Roaming\Safe Software\FME\'
2023-08-18 11:12:21|   0.0|  0.0|INFORM|Shared folders for formats are : C:\Program Files\FME2022_1_3\datasources;C:\Users\krima354\Work Folders\Documents\FME\Formats
2023-08-18 11:12:21|   0.0|  0.0|INFORM|Shared folders for transformers are : C:\Users\krima354\AppData\Roaming\Safe Software\FME\Packages\22630-win64\transformers;C:\Program Files\FME2022_1_3\transformers;C:\Users\krima354\AppData\Roaming\Safe Software\FME\FME Store\Transformers
2023-08-18 11:12:21|   0.0|  0.0|INFORM|Shared folders for coordinate systems are : C:\Users\krima354\Work Folders\Documents\FME\CoordinateSystems
2023-08-18 11:12:21|   0.0|  0.0|INFORM|Shared folders for coordinate system exceptions are : C:\Users\krima354\Work Folders\Documents\FME\CoordinateSystemExceptions
2023-08-18 11:12:21|   0.0|  0.0|INFORM|Shared folders for coordinate system grid overrides are : C:\Users\krima354\Work Folders\Documents\FME\CoordinateSystemGridOverrides
2023-08-18 11:12:21|   0.0|  0.0|INFORM|Shared folders for CS-MAP transformation exceptions are : C:\Users\krima354\Work Folders\Documents\FME\CsmapTransformationExceptions
2023-08-18 11:12:21|   0.0|  0.0|INFORM|Shared folders for transformer categories are : C:\Users\krima354\Work Folders\Documents\FME\TransformerCategories
2023-08-18 11:12:21|   0.0|  0.0|INFORM|Mapping File Identifier is: SAUimportIntrasis
2023-08-18 11:12:21|   0.0|  0.0|INFORM|FME Configuration: Reader Keyword is `MULTI_READER'
2023-08-18 11:12:21|   0.0|  0.0|INFORM|FME Configuration: Writer Keyword is `NULL_DEST'
2023-08-18 11:12:21|   0.0|  0.0|INFORM|FME Configuration: Writer Group Definition Keyword is `NULL_DEST_DEF'
2023-08-18 11:12:21|   0.0|  0.0|INFORM|FME Configuration: Reader type is `MULTI_READER'
2023-08-18 11:12:21|   0.0|  0.0|INFORM|FME Configuration: Writer type is `NULL'
2023-08-18 11:12:21|   0.0|  0.0|INFORM|FME Configuration: No destination coordinate system set
2023-08-18 11:12:21|   0.0|  0.0|INFORM|FME Configuration: Current working folder is `C:\Users\krima354\Work Folders\Documents\GitHub\kix_working_dir\divFME\restore_drop_backup_idb'
2023-08-18 11:12:21|   0.0|  0.0|INFORM|FME Configuration: Temporary folder is `C:\Users\krima354\AppData\Local\Temp\wbrun_1692349922066_11808\fmetmp_0', set from environment variable `FME_TEMP'
2023-08-18 11:12:21|   0.0|  0.0|INFORM|FME Configuration: Cache folder is 'C:\Users\krima354\AppData\Local\Temp'
2023-08-18 11:12:21|   0.0|  0.0|INFORM|FME Configuration: FME_HOME is `C:\Program Files\FME2022_1_3\'
2023-08-18 11:12:21|   0.0|  0.0|INFORM|FME Configuration: Start freeing memory when the process exceeds 95.20 GB
2023-08-18 11:12:21|   0.0|  0.0|INFORM|FME Configuration: Stop freeing memory when the process is below 71.40 GB
2023-08-18 11:12:21|   0.0|  0.0|INFORM|Creating writer for format: NULL (Nothing)
2023-08-18 11:12:21|   0.0|  0.0|INFORM|Trying to find a DYNAMIC plugin for writer named `NULL'
2023-08-18 11:12:21|   0.0|  0.0|INFORM|Loaded module 'NULL' from file 'C:\Program Files\FME2022_1_3\plugins/NULL.dll'
2023-08-18 11:12:21|   0.0|  0.0|INFORM|FME API version of module 'NULL' matches current internal version (4.0 20220615)
2023-08-18 11:12:21|   0.0|  0.0|INFORM|Creating reader for format: 
2023-08-18 11:12:21|   0.0|  0.0|INFORM|MULTI_READER(MULTI_READER): Will fail with first member reader failure
2023-08-18 11:12:21|   0.0|  0.0|INFORM|MULTI_READER(MULTI_READER): Adding PATH Reader with keyword PATH_1
2023-08-18 11:12:21|   0.0|  0.0|INFORM|Using Multi Reader with keyword `MULTI_READER' to read multiple datasets
2023-08-18 11:12:21|   0.0|  0.0|INFORM|Creating reader for format: Directory and File Pathnames
2023-08-18 11:12:21|   0.0|  0.0|INFORM|Trying to find a DYNAMIC plugin for reader named `PATH'
2023-08-18 11:12:21|   0.0|  0.0|INFORM|Loaded module 'PATH' from file 'C:\Program Files\FME2022_1_3\plugins/PATH.dll'
2023-08-18 11:12:21|   0.0|  0.0|INFORM|FME API version of module 'PATH' matches current internal version (4.0 20220615)
2023-08-18 11:12:21|   0.0|  0.0|INFORM|Path Reader: Opening the PATH Reader on folder 'C:\Users\krima354\Work Folders\Documents\kicki_arbetsfiler\dap\intrasis_leveranser\intrasis_postgres_backup\SAU'
2023-08-18 11:12:21|   0.0|  0.0|INFORM|Path Reader: Using Glob Pattern '*.backup'
2023-08-18 11:12:21|   0.0|  0.0|INFORM|Path Reader: Allowed Path Type set to 'ANY'
2023-08-18 11:12:21|   0.0|  0.0|INFORM|Path Reader: Recurse into subdirectories 'false'
2023-08-18 11:12:21|   0.0|  0.0|INFORM|Path Reader: Retrieve file properties 'false'
2023-08-18 11:12:21|   0.0|  0.0|INFORM|Loaded module 'LogCount_func' from file 'C:\Program Files\FME2022_1_3\plugins/LogCount_func.dll'
2023-08-18 11:12:21|   0.0|  0.0|INFORM|FME API version of module 'LogCount_func' matches current internal version (4.0 20220615)
2023-08-18 11:12:21|   0.0|  0.0|INFORM|Path Reader: Closing the PATH Reader
2023-08-18 11:12:21|   0.0|  0.0|INFORM|MULTI_READER(MULTI_READER): Done reading 104 features from 1 readers
2023-08-18 11:12:21|   0.0|  0.0|INFORM|Emptying factory pipeline
2023-08-18 11:12:21|   0.0|  0.0|STATS |Router and Unexpected Input Remover (RoutingFactory): Tested 104 input feature(s), wrote 104 output feature(s): 104 matched merge filters, 104 were routed to output, 0 could not be routed.
2023-08-18 11:12:21|   0.0|  0.0|STATS |Unwanted Router Input Nuker (TeeFactory): Cloned 0 input feature(s) into 0 output feature(s)
2023-08-18 11:12:21|   0.0|  0.0|STATS |CSV_CSV2_1 Splitter (TeeFactory): Cloned 0 input feature(s) into 0 output feature(s)
2023-08-18 11:12:21|   0.0|  0.0|STATS |PATH_PATH_1 Splitter (TeeFactory): Cloned 104 input feature(s) into 104 output feature(s)
2023-08-18 11:12:21|   0.0|  0.0|STATS |Destination Feature Type Routing Correlator (RoutingFactory): Tested 104 input feature(s), wrote 104 output feature(s): 0 matched merge filters, 0 were routed to output, 104 could not be routed.
2023-08-18 11:12:21|   0.0|  0.0|STATS |Final Output Nuker (TeeFactory): Cloned 104 input feature(s) into 0 output feature(s)
2023-08-18 11:12:21|   0.0|  0.0|WARN  |=-=-=-=-=-=-=-=-=-=-=-=-=-=-=-=-=-=-=-=-=-=-=-=-=-=-=-=-=-=-=-=-=-=-=-=-=-=-=-
2023-08-18 11:12:21|   0.0|  0.0|WARN  |      Features not written - verify feature type fanout/dynamic settings
2023-08-18 11:12:21|   0.0|  0.0|WARN  |=-=-=-=-=-=-=-=-=-=-=-=-=-=-=-=-=-=-=-=-=-=-=-=-=-=-=-=-=-=-=-=-=-=-=-=-=-=-=-
2023-08-18 11:12:21|   0.0|  0.0|WARN  |  (Check that fanout/dynamic feature type attribute exists and has a value)
2023-08-18 11:12:21|   0.1|  0.1|WARN  |=-=-=-=-=-=-=-=-=-=-=-=-=-=-=-=-=-=-=-=-=-=-=-=-=-=-=-=-=-=-=-=-=-=-=-=-=-=-=-
2023-08-18 11:12:21|   0.1|  0.0|WARN  |                                                                           104
2023-08-18 11:12:21|   0.1|  0.0|WARN  |==============================================================================
2023-08-18 11:12:21|   0.1|  0.0|WARN  |Total features not written                                                 104
2023-08-18 11:12:21|   0.1|  0.0|WARN  |=-=-=-=-=-=-=-=-=-=-=-=-=-=-=-=-=-=-=-=-=-=-=-=-=-=-=-=-=-=-=-=-=-=-=-=-=-=-=-
2023-08-18 11:12:21|   0.1|  0.0|STATS |=-=-=-=-=-=-=-=-=-=-=-=-=-=-=-=-=-=-=-=-=-=-=-=-=-=-=-=-=-=-=-=-=-=-=-=-=-=-=-
2023-08-18 11:12:21|   0.1|  0.0|STATS |                            Features Read Summary
2023-08-18 11:12:21|   0.1|  0.0|STATS |=-=-=-=-=-=-=-=-=-=-=-=-=-=-=-=-=-=-=-=-=-=-=-=-=-=-=-=-=-=-=-=-=-=-=-=-=-=-=-
2023-08-18 11:12:21|   0.1|  0.0|STATS |PATH                                                                       104
2023-08-18 11:12:21|   0.1|  0.0|STATS |==============================================================================
2023-08-18 11:12:21|   0.1|  0.0|STATS |Total Features Read                                                        104
2023-08-18 11:12:21|   0.1|  0.0|STATS |=-=-=-=-=-=-=-=-=-=-=-=-=-=-=-=-=-=-=-=-=-=-=-=-=-=-=-=-=-=-=-=-=-=-=-=-=-=-=-
2023-08-18 11:12:21|   0.1|  0.0|STATS |=-=-=-=-=-=-=-=-=-=-=-=-=-=-=-=-=-=-=-=-=-=-=-=-=-=-=-=-=-=-=-=-=-=-=-=-=-=-=-
2023-08-18 11:12:21|   0.1|  0.0|STATS |                           Features Written Summary
2023-08-18 11:12:21|   0.1|  0.0|STATS |=-=-=-=-=-=-=-=-=-=-=-=-=-=-=-=-=-=-=-=-=-=-=-=-=-=-=-=-=-=-=-=-=-=-=-=-=-=-=-
2023-08-18 11:12:21|   0.1|  0.0|STATS |==============================================================================
2023-08-18 11:12:21|   0.1|  0.0|STATS |Total Features Written                                                       0
2023-08-18 11:12:21|   0.1|  0.0|STATS |=-=-=-=-=-=-=-=-=-=-=-=-=-=-=-=-=-=-=-=-=-=-=-=-=-=-=-=-=-=-=-=-=-=-=-=-=-=-=-
2023-08-18 11:12:21|   0.1|  0.0|WARN  |-~-~-~-~-~-~-~-~-~-~-~-~-~-~-~-~-~-~-~-~-~-~-~-~-~-~-~-~-~-~-~-~-~-~-~-~-~-~-~-~-
2023-08-18 11:12:21|   0.1|  0.0|WARN  |-~                                                                             ~-
2023-08-18 11:12:21|   0.1|  0.0|WARN  |-~    Feature caches have been recorded at every stage of the translation.     ~-
2023-08-18 11:12:21|   0.1|  0.0|WARN  |-~                      To inspect the recorded features,                      ~-
2023-08-18 11:12:21|   0.1|  0.0|WARN  |-~              click the feature cache icons next to the ports.               ~-
2023-08-18 11:12:21|   0.1|  0.0|WARN  |-~                                                                             ~-
2023-08-18 11:12:21|   0.1|  0.0|WARN  |-~-~-~-~-~-~-~-~-~-~-~-~-~-~-~-~-~-~-~-~-~-~-~-~-~-~-~-~-~-~-~-~-~-~-~-~-~-~-~-~-
2023-08-18 11:12:21|   0.1|  0.0|INFORM|Translation was SUCCESSFUL with 16 warning(s) (0 feature(s) output)
2023-08-18 11:12:21|   0.1|  0.0|INFORM|FME Session Duration: 0.2 seconds. (CPU: 0.0s user, 0.1s system)
2023-08-18 11:12:21|   0.1|  0.0|INFORM|END - ProcessID: 4560, peak process memory usage: 57996 kB, current process memory usage: 57996 kB
