2023-09-01 13:11:12|   0.0|  0.0|INFORM|Current FME version: FME 2022.1.3.0 (20220928 - Build 22630 - WIN64)
2023-09-01 13:11:12|   0.0|  0.0|INFORM|FME_HOME is 'C:\Program Files\FME2022_1_3\'
2023-09-01 13:11:12|   0.0|  0.0|INFORM|FME Database Edition (node locked-crc)
2023-09-01 13:11:12|   0.0|  0.0|INFORM|Serial Number: ZVY7-REY4-21GZ
2023-09-01 13:11:12|   0.0|  0.0|INFORM|Temporary License: 296 days left.
2023-09-01 13:11:12|   0.0|  0.0|INFORM|Machine host name is: EPI-4L2CTD3
2023-09-01 13:11:12|   0.0|  0.0|INFORM|OS Locale Name     : sv_SE
2023-09-01 13:11:12|   0.0|  0.0|INFORM|OS Locale Encoding : windows-1252
2023-09-01 13:11:12|   0.0|  0.0|INFORM|Process Encoding   : UTF-8
2023-09-01 13:11:12|   0.0|  0.0|INFORM|FME API version: '4.0 20220615'
2023-09-01 13:11:12|   0.0|  0.0|INFORM|FME Configuration: FME_BASE is 'no'
2023-09-01 13:11:12|   0.0|  0.0|INFORM|FME Configuration: FME_MF_DIR is 'C:\Users\krima354\Work Folders\Documents\GitHub\kix_working_dir\divFME\restore_drop_backup_idb/'
2023-09-01 13:11:12|   0.0|  0.0|INFORM|FME Configuration: FME_MF_NAME is 'restore1DBfromBackup.fmw'
2023-09-01 13:11:12|   0.0|  0.0|INFORM|FME Configuration: FME_PRODUCT_NAME is 'FME(R) 2022.1.3.0'
2023-09-01 13:11:12|   0.0|  0.0|INFORM|Operating System: Microsoft Windows 10 64-bit  (Build 19045)
2023-09-01 13:11:12|   0.0|  0.0|INFORM|FME Platform: WIN64
2023-09-01 13:11:12|   0.0|  0.0|INFORM|System Status: 318.16 GB of disk space available in the FME temporary folder (C:\Users\krima354\AppData\Local\Temp\wbrun_1693562378641_17188\fmetmp_0)
2023-09-01 13:11:12|   0.0|  0.0|INFORM|System Status: 31.73 GB of physical memory available
2023-09-01 13:11:12|   0.0|  0.0|INFORM|System Status: 126.93 GB of virtual memory available
2023-09-01 13:11:12|   0.0|  0.0|INFORM|START - ProcessID: 18788, peak process memory usage: 50060 kB, current process memory usage: 50060 kB
2023-09-01 13:11:12|   0.0|  0.0|INFORM|FME Configuration: Command line arguments are `C:\Program Files\FME2022_1_3\fme.exe' `C:/Users/krima354/Work Folders/Documents/GitHub/kix_working_dir/divFME/restore_drop_backup_idb\wb-xlate-1693566628950_17188' `LOG_STANDARDOUT' `YES' `LOG_TIMINGS' `YES' `LogCountServerName' `49258' `LOG_STANDARDOUT' `No' `WORKBENCH_LOG_SERVER' `60316'
2023-09-01 13:11:12|   0.0|  0.0|INFORM|FME Configuration: Connection Storage: 'C:\Users\krima354\AppData\Roaming\Safe Software\FME\'
2023-09-01 13:11:12|   0.0|  0.0|INFORM|Shared folders for formats are : C:\Program Files\FME2022_1_3\datasources;C:\Users\krima354\Work Folders\Documents\FME\Formats
2023-09-01 13:11:12|   0.0|  0.0|INFORM|Shared folders for transformers are : C:\Users\krima354\AppData\Roaming\Safe Software\FME\Packages\22630-win64\transformers;C:\Program Files\FME2022_1_3\transformers;C:\Users\krima354\AppData\Roaming\Safe Software\FME\FME Store\Transformers
2023-09-01 13:11:12|   0.0|  0.0|INFORM|Shared folders for coordinate systems are : C:\Users\krima354\Work Folders\Documents\FME\CoordinateSystems
2023-09-01 13:11:12|   0.0|  0.0|INFORM|Shared folders for coordinate system exceptions are : C:\Users\krima354\Work Folders\Documents\FME\CoordinateSystemExceptions
2023-09-01 13:11:12|   0.0|  0.0|INFORM|Shared folders for coordinate system grid overrides are : C:\Users\krima354\Work Folders\Documents\FME\CoordinateSystemGridOverrides
2023-09-01 13:11:12|   0.0|  0.0|INFORM|Shared folders for CS-MAP transformation exceptions are : C:\Users\krima354\Work Folders\Documents\FME\CsmapTransformationExceptions
2023-09-01 13:11:12|   0.0|  0.0|INFORM|Shared folders for transformer categories are : C:\Users\krima354\Work Folders\Documents\FME\TransformerCategories
2023-09-01 13:11:12|   0.0|  0.0|INFORM|Mapping File Identifier is: SAUimportIntrasis
2023-09-01 13:11:12|   0.0|  0.0|INFORM|FME Configuration: Reader Keyword is `MULTI_READER'
2023-09-01 13:11:12|   0.0|  0.0|INFORM|FME Configuration: Writer Keyword is `NULL_DEST'
2023-09-01 13:11:12|   0.0|  0.0|INFORM|FME Configuration: Writer Group Definition Keyword is `NULL_DEST_DEF'
2023-09-01 13:11:12|   0.0|  0.0|INFORM|FME Configuration: Reader type is `MULTI_READER'
2023-09-01 13:11:12|   0.0|  0.0|INFORM|FME Configuration: Writer type is `NULL'
2023-09-01 13:11:12|   0.0|  0.0|INFORM|FME Configuration: No destination coordinate system set
2023-09-01 13:11:12|   0.0|  0.0|INFORM|FME Configuration: Current working folder is `C:\Users\krima354\Work Folders\Documents\GitHub\kix_working_dir\divFME\restore_drop_backup_idb'
2023-09-01 13:11:12|   0.0|  0.0|INFORM|FME Configuration: Temporary folder is `C:\Users\krima354\AppData\Local\Temp\wbrun_1693562378641_17188\fmetmp_0', set from environment variable `FME_TEMP'
2023-09-01 13:11:12|   0.0|  0.0|INFORM|FME Configuration: Cache folder is 'C:\Users\krima354\AppData\Local\Temp'
2023-09-01 13:11:12|   0.0|  0.0|INFORM|FME Configuration: FME_HOME is `C:\Program Files\FME2022_1_3\'
2023-09-01 13:11:12|   0.0|  0.0|INFORM|FME Configuration: Start freeing memory when the process exceeds 95.20 GB
2023-09-01 13:11:12|   0.0|  0.0|INFORM|FME Configuration: Stop freeing memory when the process is below 71.40 GB
2023-09-01 13:11:12|   0.0|  0.0|INFORM|Creating writer for format: NULL (Nothing)
2023-09-01 13:11:12|   0.0|  0.0|INFORM|Trying to find a DYNAMIC plugin for writer named `NULL'
2023-09-01 13:11:12|   0.0|  0.0|INFORM|Loaded module 'NULL' from file 'C:\Program Files\FME2022_1_3\plugins/NULL.dll'
2023-09-01 13:11:12|   0.0|  0.0|INFORM|FME API version of module 'NULL' matches current internal version (4.0 20220615)
2023-09-01 13:11:12|   0.0|  0.0|INFORM|Creating reader for format: 
2023-09-01 13:11:12|   0.0|  0.0|INFORM|MULTI_READER(MULTI_READER): Will fail with first member reader failure
2023-09-01 13:11:12|   0.0|  0.0|INFORM|MULTI_READER(MULTI_READER): Adding PATH Reader with keyword PATH_1
2023-09-01 13:11:12|   0.0|  0.0|INFORM|Using Multi Reader with keyword `MULTI_READER' to read multiple datasets
2023-09-01 13:11:12|   0.0|  0.0|INFORM|Creating reader for format: Directory and File Pathnames
2023-09-01 13:11:12|   0.0|  0.0|INFORM|Trying to find a DYNAMIC plugin for reader named `PATH'
2023-09-01 13:11:12|   0.0|  0.0|INFORM|Loaded module 'PATH' from file 'C:\Program Files\FME2022_1_3\plugins/PATH.dll'
2023-09-01 13:11:12|   0.0|  0.0|INFORM|FME API version of module 'PATH' matches current internal version (4.0 20220615)
2023-09-01 13:11:12|   0.0|  0.0|INFORM|Path Reader: Opening the PATH Reader on folder 'C:\Users\krima354\Box\Urdar\DBackup'
2023-09-01 13:11:12|   0.0|  0.0|INFORM|Path Reader: Using Glob Pattern '*.backup'
2023-09-01 13:11:12|   0.0|  0.0|INFORM|Path Reader: Allowed Path Type set to 'ANY'
2023-09-01 13:11:12|   0.0|  0.0|INFORM|Path Reader: Recurse into subdirectories 'false'
2023-09-01 13:11:12|   0.0|  0.0|INFORM|Path Reader: Retrieve file properties 'false'
2023-09-01 13:11:13|   0.0|  0.0|WARN  |Path Reader: No files found in folder 'C:\Users\krima354\Box\Urdar\DBackup' using glob pattern '*.backup' with glob filter 'ANY'. No features will be read
2023-09-01 13:11:13|   0.0|  0.0|INFORM|Loaded module 'LogCount_func' from file 'C:\Program Files\FME2022_1_3\plugins/LogCount_func.dll'
2023-09-01 13:11:13|   0.0|  0.0|INFORM|FME API version of module 'LogCount_func' matches current internal version (4.0 20220615)
2023-09-01 13:11:13|   0.0|  0.0|INFORM|Loaded module 'Geometry_func' from file 'C:\Program Files\FME2022_1_3\plugins/Geometry_func.dll'
2023-09-01 13:11:13|   0.0|  0.0|INFORM|FME API version of module 'Geometry_func' matches current internal version (4.0 20220615)
2023-09-01 13:11:13|   0.0|  0.0|INFORM|Path Reader: Closing the PATH Reader
2023-09-01 13:11:13|   0.0|  0.0|INFORM|MULTI_READER(MULTI_READER): Done reading 0 features from 1 readers
2023-09-01 13:11:13|   0.0|  0.0|INFORM|Emptying factory pipeline
2023-09-01 13:11:13|   0.0|  0.0|STATS |Router and Unexpected Input Remover (RoutingFactory): Tested 0 input feature(s), wrote 0 output feature(s): 0 matched merge filters, 0 were routed to output, 0 could not be routed.
2023-09-01 13:11:13|   0.0|  0.0|STATS |Unwanted Router Input Nuker (TeeFactory): Cloned 0 input feature(s) into 0 output feature(s)
2023-09-01 13:11:13|   0.0|  0.0|STATS |PATH_PATH_1 Splitter (TeeFactory): Cloned 0 input feature(s) into 0 output feature(s)
2023-09-01 13:11:13|   0.0|  0.0|STATS |Creator_XML_Creator (CreationFactory): Created 1 features
2023-09-01 13:11:13|   0.0|  0.0|STATS |Creator_Cloner (TeeFactory): Cloned 1 input feature(s) into 1 output feature(s)
2023-09-01 13:11:13|   0.0|  0.0|STATS |Creator_CREATED Brancher -1 24 (BranchingFactory): Branched 1 input feature -- 1 feature routed to the target factory, and 0 features routed to the fallback factory.
2023-09-01 13:11:13|   0.0|  0.0|STATS |_CREATOR_BRANCH_TARGET (TeeFactory): Cloned 1 input feature(s) into 1 output feature(s)
2023-09-01 13:11:13|   0.0|  0.0|STATS |FeatureMerger (ReferenceFactory): Total Results: 0 Complete Feature(s), 1 Incomplete Feature(s), 0 Referenced Feature(s), 0 Unreferenced Feature(s), 0 Referencer Feature(s) (NO REFERENCES), 0 Referencee Feature(s) (NO Referencee fields defined), and 0 Duplicate Referencee Feature(s)
2023-09-01 13:11:13|   0.0|  0.0|STATS |Destination Feature Type Routing Correlator (RoutingFactory): Tested 0 input feature(s), wrote 0 output feature(s): 0 matched merge filters, 0 were routed to output, 0 could not be routed.
2023-09-01 13:11:13|   0.0|  0.0|STATS |Final Output Nuker (TeeFactory): Cloned 0 input feature(s) into 0 output feature(s)
2023-09-01 13:11:13|   0.0|  0.0|STATS |=-=-=-=-=-=-=-=-=-=-=-=-=-=-=-=-=-=-=-=-=-=-=-=-=-=-=-=-=-=-=-=-=-=-=-=-=-=-=-
2023-09-01 13:11:13|   0.0|  0.0|STATS |                            Features Read Summary
2023-09-01 13:11:13|   0.0|  0.0|STATS |=-=-=-=-=-=-=-=-=-=-=-=-=-=-=-=-=-=-=-=-=-=-=-=-=-=-=-=-=-=-=-=-=-=-=-=-=-=-=-
2023-09-01 13:11:13|   0.0|  0.0|STATS |==============================================================================
2023-09-01 13:11:13|   0.0|  0.0|STATS |Total Features Read                                                          0
2023-09-01 13:11:13|   0.0|  0.0|STATS |=-=-=-=-=-=-=-=-=-=-=-=-=-=-=-=-=-=-=-=-=-=-=-=-=-=-=-=-=-=-=-=-=-=-=-=-=-=-=-
2023-09-01 13:11:13|   0.0|  0.0|STATS |=-=-=-=-=-=-=-=-=-=-=-=-=-=-=-=-=-=-=-=-=-=-=-=-=-=-=-=-=-=-=-=-=-=-=-=-=-=-=-
2023-09-01 13:11:13|   0.0|  0.0|STATS |                           Features Written Summary
2023-09-01 13:11:13|   0.0|  0.0|STATS |=-=-=-=-=-=-=-=-=-=-=-=-=-=-=-=-=-=-=-=-=-=-=-=-=-=-=-=-=-=-=-=-=-=-=-=-=-=-=-
2023-09-01 13:11:13|   0.0|  0.0|STATS |==============================================================================
2023-09-01 13:11:13|   0.0|  0.0|STATS |Total Features Written                                                       0
2023-09-01 13:11:13|   0.0|  0.0|STATS |=-=-=-=-=-=-=-=-=-=-=-=-=-=-=-=-=-=-=-=-=-=-=-=-=-=-=-=-=-=-=-=-=-=-=-=-=-=-=-
2023-09-01 13:11:13|   0.0|  0.0|WARN  |-~-~-~-~-~-~-~-~-~-~-~-~-~-~-~-~-~-~-~-~-~-~-~-~-~-~-~-~-~-~-~-~-~-~-~-~-~-~-~-~-
2023-09-01 13:11:13|   0.0|  0.0|WARN  |-~                                                                             ~-
2023-09-01 13:11:13|   0.0|  0.0|WARN  |-~    Feature caches have been recorded at every stage of the translation.     ~-
2023-09-01 13:11:13|   0.0|  0.0|WARN  |-~                      To inspect the recorded features,                      ~-
2023-09-01 13:11:13|   0.0|  0.0|WARN  |-~              click the feature cache icons next to the ports.               ~-
2023-09-01 13:11:13|   0.0|  0.0|WARN  |-~                                                                             ~-
2023-09-01 13:11:13|   0.0|  0.0|WARN  |-~-~-~-~-~-~-~-~-~-~-~-~-~-~-~-~-~-~-~-~-~-~-~-~-~-~-~-~-~-~-~-~-~-~-~-~-~-~-~-~-
2023-09-01 13:11:13|   0.0|  0.0|INFORM|Translation was SUCCESSFUL with 8 warning(s) (0 feature(s) output)
2023-09-01 13:11:13|   0.0|  0.0|INFORM|FME Session Duration: 0.3 seconds. (CPU: 0.0s user, 0.0s system)
2023-09-01 13:11:13|   0.0|  0.0|INFORM|END - ProcessID: 18788, peak process memory usage: 60452 kB, current process memory usage: 60396 kB
2023-09-01 13:35:32|   0.0|  0.0|INFORM|Current FME version: FME 2022.1.3.0 (20220928 - Build 22630 - WIN64)
2023-09-01 13:35:32|   0.0|  0.0|INFORM|FME_HOME is 'C:\Program Files\FME2022_1_3\'
2023-09-01 13:35:32|   0.0|  0.0|INFORM|FME Database Edition (node locked-crc)
2023-09-01 13:35:32|   0.0|  0.0|INFORM|Serial Number: ZVY7-REY4-21GZ
2023-09-01 13:35:32|   0.0|  0.0|INFORM|Temporary License: 296 days left.
2023-09-01 13:35:32|   0.0|  0.0|INFORM|Machine host name is: EPI-4L2CTD3
2023-09-01 13:35:32|   0.0|  0.0|INFORM|OS Locale Name     : sv_SE
2023-09-01 13:35:32|   0.0|  0.0|INFORM|OS Locale Encoding : windows-1252
2023-09-01 13:35:32|   0.0|  0.0|INFORM|Process Encoding   : UTF-8
2023-09-01 13:35:32|   0.0|  0.0|INFORM|FME API version: '4.0 20220615'
2023-09-01 13:35:32|   0.0|  0.0|INFORM|FME Configuration: FME_BASE is 'no'
2023-09-01 13:35:32|   0.0|  0.0|INFORM|FME Configuration: FME_MF_DIR is 'C:\Users\krima354\Work Folders\Documents\GitHub\kix_working_dir\divFME\restore_drop_backup_idb/'
2023-09-01 13:35:32|   0.0|  0.0|INFORM|FME Configuration: FME_MF_NAME is 'restore1DBfromBackup.fmw'
2023-09-01 13:35:32|   0.0|  0.0|INFORM|FME Configuration: FME_PRODUCT_NAME is 'FME(R) 2022.1.3.0'
2023-09-01 13:35:32|   0.0|  0.0|INFORM|Operating System: Microsoft Windows 10 64-bit  (Build 19045)
2023-09-01 13:35:32|   0.0|  0.0|INFORM|FME Platform: WIN64
2023-09-01 13:35:32|   0.0|  0.0|INFORM|System Status: 318.16 GB of disk space available in the FME temporary folder (C:\Users\krima354\AppData\Local\Temp\wbrun_1693562378641_17188\fmetmp_1)
2023-09-01 13:35:32|   0.0|  0.0|INFORM|System Status: 31.73 GB of physical memory available
2023-09-01 13:35:32|   0.0|  0.0|INFORM|System Status: 126.93 GB of virtual memory available
2023-09-01 13:35:32|   0.0|  0.0|INFORM|START - ProcessID: 16700, peak process memory usage: 49876 kB, current process memory usage: 49876 kB
2023-09-01 13:35:32|   0.0|  0.0|INFORM|FME Configuration: Command line arguments are `C:\Program Files\FME2022_1_3\fme.exe' `C:/Users/krima354/Work Folders/Documents/GitHub/kix_working_dir/divFME/restore_drop_backup_idb\wb-xlate-1693568129299_17188' `LOG_STANDARDOUT' `YES' `LOG_TIMINGS' `YES' `LogCountServerName' `49258' `LOG_STANDARDOUT' `No' `WORKBENCH_LOG_SERVER' `60316'
2023-09-01 13:35:32|   0.0|  0.0|INFORM|FME Configuration: Connection Storage: 'C:\Users\krima354\AppData\Roaming\Safe Software\FME\'
2023-09-01 13:35:32|   0.0|  0.0|INFORM|Shared folders for formats are : C:\Program Files\FME2022_1_3\datasources;C:\Users\krima354\Work Folders\Documents\FME\Formats
2023-09-01 13:35:32|   0.0|  0.0|INFORM|Shared folders for transformers are : C:\Users\krima354\AppData\Roaming\Safe Software\FME\Packages\22630-win64\transformers;C:\Program Files\FME2022_1_3\transformers;C:\Users\krima354\AppData\Roaming\Safe Software\FME\FME Store\Transformers
2023-09-01 13:35:32|   0.0|  0.0|INFORM|Shared folders for coordinate systems are : C:\Users\krima354\Work Folders\Documents\FME\CoordinateSystems
2023-09-01 13:35:32|   0.0|  0.0|INFORM|Shared folders for coordinate system exceptions are : C:\Users\krima354\Work Folders\Documents\FME\CoordinateSystemExceptions
2023-09-01 13:35:32|   0.0|  0.0|INFORM|Shared folders for coordinate system grid overrides are : C:\Users\krima354\Work Folders\Documents\FME\CoordinateSystemGridOverrides
2023-09-01 13:35:32|   0.0|  0.0|INFORM|Shared folders for CS-MAP transformation exceptions are : C:\Users\krima354\Work Folders\Documents\FME\CsmapTransformationExceptions
2023-09-01 13:35:32|   0.0|  0.0|INFORM|Shared folders for transformer categories are : C:\Users\krima354\Work Folders\Documents\FME\TransformerCategories
2023-09-01 13:35:32|   0.0|  0.0|INFORM|Mapping File Identifier is: SAUimportIntrasis
2023-09-01 13:35:32|   0.0|  0.0|INFORM|FME Configuration: Reader Keyword is `MULTI_READER'
2023-09-01 13:35:32|   0.0|  0.0|INFORM|FME Configuration: Writer Keyword is `NULL_DEST'
2023-09-01 13:35:32|   0.0|  0.0|INFORM|FME Configuration: Writer Group Definition Keyword is `NULL_DEST_DEF'
2023-09-01 13:35:32|   0.0|  0.0|INFORM|FME Configuration: Reader type is `MULTI_READER'
2023-09-01 13:35:32|   0.0|  0.0|INFORM|FME Configuration: Writer type is `NULL'
2023-09-01 13:35:32|   0.0|  0.0|INFORM|FME Configuration: No destination coordinate system set
2023-09-01 13:35:32|   0.0|  0.0|INFORM|FME Configuration: Current working folder is `C:\Users\krima354\Work Folders\Documents\GitHub\kix_working_dir\divFME\restore_drop_backup_idb'
2023-09-01 13:35:32|   0.0|  0.0|INFORM|FME Configuration: Temporary folder is `C:\Users\krima354\AppData\Local\Temp\wbrun_1693562378641_17188\fmetmp_1', set from environment variable `FME_TEMP'
2023-09-01 13:35:32|   0.0|  0.0|INFORM|FME Configuration: Cache folder is 'C:\Users\krima354\AppData\Local\Temp'
2023-09-01 13:35:32|   0.0|  0.0|INFORM|FME Configuration: FME_HOME is `C:\Program Files\FME2022_1_3\'
2023-09-01 13:35:32|   0.0|  0.0|INFORM|FME Configuration: Start freeing memory when the process exceeds 95.20 GB
2023-09-01 13:35:32|   0.0|  0.0|INFORM|FME Configuration: Stop freeing memory when the process is below 71.40 GB
2023-09-01 13:35:32|   0.0|  0.0|INFORM|Creating writer for format: NULL (Nothing)
2023-09-01 13:35:32|   0.0|  0.0|INFORM|Trying to find a DYNAMIC plugin for writer named `NULL'
2023-09-01 13:35:32|   0.0|  0.0|INFORM|Loaded module 'NULL' from file 'C:\Program Files\FME2022_1_3\plugins/NULL.dll'
2023-09-01 13:35:32|   0.0|  0.0|INFORM|FME API version of module 'NULL' matches current internal version (4.0 20220615)
2023-09-01 13:35:32|   0.0|  0.0|INFORM|Creating reader for format: 
2023-09-01 13:35:32|   0.0|  0.0|INFORM|MULTI_READER(MULTI_READER): Will fail with first member reader failure
2023-09-01 13:35:32|   0.0|  0.0|INFORM|MULTI_READER(MULTI_READER): Adding PATH Reader with keyword PATH_1
2023-09-01 13:35:32|   0.0|  0.0|INFORM|Using Multi Reader with keyword `MULTI_READER' to read multiple datasets
2023-09-01 13:35:32|   0.0|  0.0|INFORM|Creating reader for format: Directory and File Pathnames
2023-09-01 13:35:32|   0.0|  0.0|INFORM|Trying to find a DYNAMIC plugin for reader named `PATH'
2023-09-01 13:35:32|   0.0|  0.0|INFORM|Loaded module 'PATH' from file 'C:\Program Files\FME2022_1_3\plugins/PATH.dll'
2023-09-01 13:35:32|   0.0|  0.0|INFORM|FME API version of module 'PATH' matches current internal version (4.0 20220615)
2023-09-01 13:35:32|   0.0|  0.0|INFORM|Path Reader: Opening the PATH Reader on folder 'C:\Users\krima354\Box\Urdar\DBackup'
2023-09-01 13:35:32|   0.0|  0.0|INFORM|Path Reader: Using Glob Pattern '*.dump'
2023-09-01 13:35:32|   0.0|  0.0|INFORM|Path Reader: Allowed Path Type set to 'ANY'
2023-09-01 13:35:32|   0.0|  0.0|INFORM|Path Reader: Recurse into subdirectories 'false'
2023-09-01 13:35:32|   0.0|  0.0|INFORM|Path Reader: Retrieve file properties 'false'
2023-09-01 13:35:33|   0.2|  0.2|INFORM|Loaded module 'LogCount_func' from file 'C:\Program Files\FME2022_1_3\plugins/LogCount_func.dll'
2023-09-01 13:35:33|   0.2|  0.0|INFORM|FME API version of module 'LogCount_func' matches current internal version (4.0 20220615)
2023-09-01 13:35:33|   0.2|  0.0|STATS |Restoring 1 feature(s) from FME feature store file `C:\Users\krima354\AppData\Local\Temp\wb-cache-restoreDBfromBackupFileFromCSV-aQJbpO\Main_AttributeManager -1 23 fo 0 OUTPUT  0  fddb89c71f646d587c2e2889c7af4ed170134f92.ffs'
2023-09-01 13:35:34|   0.2|  0.0|FATAL |The below feature caused the translation to be terminated
2023-09-01 13:35:34|   0.2|  0.0|STATS |Storing feature(s) to FME feature store file `C:\Users\krima354\Work Folders\Documents\GitHub\kix_working_dir\divFME\restore_drop_backup_idb\restore1DBfromBackup_log.ffs'
2023-09-01 13:35:34|   0.2|  0.0|INFORM|+++++++++++++++++++++++++++++++++++++++++++++++++++++++++++++++++++++++++++
2023-09-01 13:35:34|   0.2|  0.0|INFORM|Feature Type: `FEATURE_TYPE'
2023-09-01 13:35:34|   0.2|  0.0|INFORM|Attribute(string: UTF-8)           : `db_name' has value `b2'
2023-09-01 13:35:34|   0.2|  0.0|INFORM|Attribute(string: UTF-8)           : `fme_feature_type' has value `PATH'
2023-09-01 13:35:34|   0.2|  0.0|INFORM|Attribute(string: UTF-8)           : `fme_geometry' has value `fme_undefined'
2023-09-01 13:35:34|   0.2|  0.0|INFORM|Attribute(string: UTF-8)           : `fme_rejection_code' has value `EXTRA_REFERENCEE_FEATURE'
2023-09-01 13:35:34|   0.2|  0.0|INFORM|Attribute(entangled: string: UTF-8): `fme_type' has value `fme_no_geom'
2023-09-01 13:35:34|   0.2|  0.0|INFORM|          entangled to path_geom
2023-09-01 13:35:34|   0.2|  0.0|INFORM|Attribute(32 bit integer)          : `multi_reader_full_id' has value `0'
2023-09-01 13:35:34|   0.2|  0.0|INFORM|Attribute(32 bit integer)          : `multi_reader_id' has value `0'
2023-09-01 13:35:34|   0.2|  0.0|INFORM|Attribute(string: UTF-8)           : `multi_reader_keyword' has value `PATH_1'
2023-09-01 13:35:34|   0.2|  0.0|INFORM|Attribute(string: UTF-8)           : `multi_reader_type' has value `PATH'
2023-09-01 13:35:34|   0.2|  0.0|INFORM|Attribute(string: UTF-8)           : `path_directory_unix' has value `C:/Users/krima354/Box/Urdar/DBackup/'
2023-09-01 13:35:34|   0.2|  0.0|INFORM|Attribute(string: UTF-8)           : `path_directory_windows' has value `C:\Users\krima354\Box\Urdar\DBackup\'
2023-09-01 13:35:34|   0.2|  0.0|INFORM|Attribute(string: UTF-8)           : `path_extension' has value `dump'
2023-09-01 13:35:34|   0.2|  0.0|INFORM|Attribute(string: UTF-8)           : `path_filename' has value `B200011.dump'
2023-09-01 13:35:34|   0.2|  0.0|INFORM|Attribute(string: UTF-8)           : `path_geom' has value `path_none'
2023-09-01 13:35:34|   0.2|  0.0|INFORM|Attribute(string: UTF-8)           : `path_rootname' has value `B200011'
2023-09-01 13:35:34|   0.2|  0.0|INFORM|Attribute(string: UTF-8)           : `path_type' has value `file'
2023-09-01 13:35:34|   0.2|  0.0|INFORM|Attribute(string: UTF-8)           : `path_unix' has value `C:/Users/krima354/Box/Urdar/DBackup/B200011.dump'
2023-09-01 13:35:34|   0.2|  0.0|INFORM|Attribute(string: UTF-8)           : `path_windows' has value `C:\Users\krima354\Box\Urdar\DBackup\B200011.dump'
2023-09-01 13:35:34|   0.2|  0.0|INFORM|Coordinate System: `'
2023-09-01 13:35:34|   0.2|  0.0|INFORM|Geometry Type: IFMENull
2023-09-01 13:35:34|   0.2|  0.0|INFORM|Coordinate Dimension: 2
2023-09-01 13:35:34|   0.2|  0.0|INFORM|===========================================================================
2023-09-01 13:35:34|   0.2|  0.0|ERROR |FeatureMerger_<Rejected> (TeeFactory): FeatureMerger_<Rejected>: Termination Message: 'FeatureMerger output a <Rejected> feature.  To continue translation when features are rejected, change 'Workspace Parameters' > Translation > 'Rejected Feature Handling' to 'Continue Translation''
2023-09-01 13:35:34|   0.2|  0.0|INFORM|Path Reader: Closing the PATH Reader
2023-09-01 13:35:34|   0.2|  0.0|INFORM|Translation FAILED with 2 error(s) and 0 warning(s) (0 feature(s) output)
2023-09-01 13:35:34|   0.2|  0.0|STATS |Stored 1 feature(s) to FME feature store file `C:\Users\krima354\Work Folders\Documents\GitHub\kix_working_dir\divFME\restore_drop_backup_idb\restore1DBfromBackup_log.ffs'
2023-09-01 13:35:34|   0.2|  0.0|INFORM|FME Session Duration: 1.3 seconds. (CPU: 0.0s user, 0.2s system)
2023-09-01 13:35:34|   0.2|  0.0|INFORM|END - ProcessID: 16700, peak process memory usage: 61224 kB, current process memory usage: 61224 kB
2023-09-01 13:38:38|   0.0|  0.0|INFORM|Current FME version: FME 2022.1.3.0 (20220928 - Build 22630 - WIN64)
2023-09-01 13:38:38|   0.0|  0.0|INFORM|FME_HOME is 'C:\Program Files\FME2022_1_3\'
2023-09-01 13:38:38|   0.0|  0.0|INFORM|FME Database Edition (node locked-crc)
2023-09-01 13:38:38|   0.0|  0.0|INFORM|Serial Number: ZVY7-REY4-21GZ
2023-09-01 13:38:38|   0.0|  0.0|INFORM|Temporary License: 296 days left.
2023-09-01 13:38:38|   0.0|  0.0|INFORM|Machine host name is: EPI-4L2CTD3
2023-09-01 13:38:38|   0.0|  0.0|INFORM|OS Locale Name     : sv_SE
2023-09-01 13:38:38|   0.0|  0.0|INFORM|OS Locale Encoding : windows-1252
2023-09-01 13:38:38|   0.0|  0.0|INFORM|Process Encoding   : UTF-8
2023-09-01 13:38:38|   0.0|  0.0|INFORM|FME API version: '4.0 20220615'
2023-09-01 13:38:38|   0.0|  0.0|INFORM|FME Configuration: FME_BASE is 'no'
2023-09-01 13:38:38|   0.0|  0.0|INFORM|FME Configuration: FME_MF_DIR is 'C:\Users\krima354\Work Folders\Documents\GitHub\kix_working_dir\divFME\restore_drop_backup_idb/'
2023-09-01 13:38:38|   0.0|  0.0|INFORM|FME Configuration: FME_MF_NAME is 'restore1DBfromBackup.fmw'
2023-09-01 13:38:38|   0.0|  0.0|INFORM|FME Configuration: FME_PRODUCT_NAME is 'FME(R) 2022.1.3.0'
2023-09-01 13:38:38|   0.0|  0.0|INFORM|Operating System: Microsoft Windows 10 64-bit  (Build 19045)
2023-09-01 13:38:38|   0.0|  0.0|INFORM|FME Platform: WIN64
2023-09-01 13:38:38|   0.0|  0.0|INFORM|System Status: 318.15 GB of disk space available in the FME temporary folder (C:\Users\krima354\AppData\Local\Temp\wbrun_1693562378641_17188\fmetmp_2)
2023-09-01 13:38:38|   0.0|  0.0|INFORM|System Status: 31.73 GB of physical memory available
2023-09-01 13:38:38|   0.0|  0.0|INFORM|System Status: 126.93 GB of virtual memory available
2023-09-01 13:38:38|   0.0|  0.0|INFORM|START - ProcessID: 16688, peak process memory usage: 49436 kB, current process memory usage: 49436 kB
2023-09-01 13:38:38|   0.0|  0.0|INFORM|FME Configuration: Command line arguments are `C:\Program Files\FME2022_1_3\fme.exe' `C:/Users/krima354/Work Folders/Documents/GitHub/kix_working_dir/divFME/restore_drop_backup_idb\wb-xlate-1693568314903_17188' `LOG_STANDARDOUT' `YES' `LOG_TIMINGS' `YES' `LogCountServerName' `49258' `LOG_STANDARDOUT' `No' `WORKBENCH_LOG_SERVER' `60316'
2023-09-01 13:38:38|   0.0|  0.0|INFORM|FME Configuration: Connection Storage: 'C:\Users\krima354\AppData\Roaming\Safe Software\FME\'
2023-09-01 13:38:38|   0.0|  0.0|INFORM|Shared folders for formats are : C:\Program Files\FME2022_1_3\datasources;C:\Users\krima354\Work Folders\Documents\FME\Formats
2023-09-01 13:38:38|   0.0|  0.0|INFORM|Shared folders for transformers are : C:\Users\krima354\AppData\Roaming\Safe Software\FME\Packages\22630-win64\transformers;C:\Program Files\FME2022_1_3\transformers;C:\Users\krima354\AppData\Roaming\Safe Software\FME\FME Store\Transformers
2023-09-01 13:38:38|   0.0|  0.0|INFORM|Shared folders for coordinate systems are : C:\Users\krima354\Work Folders\Documents\FME\CoordinateSystems
2023-09-01 13:38:38|   0.0|  0.0|INFORM|Shared folders for coordinate system exceptions are : C:\Users\krima354\Work Folders\Documents\FME\CoordinateSystemExceptions
2023-09-01 13:38:38|   0.0|  0.0|INFORM|Shared folders for coordinate system grid overrides are : C:\Users\krima354\Work Folders\Documents\FME\CoordinateSystemGridOverrides
2023-09-01 13:38:38|   0.0|  0.0|INFORM|Shared folders for CS-MAP transformation exceptions are : C:\Users\krima354\Work Folders\Documents\FME\CsmapTransformationExceptions
2023-09-01 13:38:38|   0.0|  0.0|INFORM|Shared folders for transformer categories are : C:\Users\krima354\Work Folders\Documents\FME\TransformerCategories
2023-09-01 13:38:38|   0.0|  0.0|INFORM|Mapping File Identifier is: SAUimportIntrasis
2023-09-01 13:38:38|   0.0|  0.0|INFORM|FME Configuration: Reader Keyword is `MULTI_READER'
2023-09-01 13:38:38|   0.0|  0.0|INFORM|FME Configuration: Writer Keyword is `NULL_DEST'
2023-09-01 13:38:38|   0.0|  0.0|INFORM|FME Configuration: Writer Group Definition Keyword is `NULL_DEST_DEF'
2023-09-01 13:38:38|   0.0|  0.0|INFORM|FME Configuration: Reader type is `MULTI_READER'
2023-09-01 13:38:38|   0.0|  0.0|INFORM|FME Configuration: Writer type is `NULL'
2023-09-01 13:38:38|   0.0|  0.0|INFORM|FME Configuration: No destination coordinate system set
2023-09-01 13:38:38|   0.0|  0.0|INFORM|FME Configuration: Current working folder is `C:\Users\krima354\Work Folders\Documents\GitHub\kix_working_dir\divFME\restore_drop_backup_idb'
2023-09-01 13:38:38|   0.0|  0.0|INFORM|FME Configuration: Temporary folder is `C:\Users\krima354\AppData\Local\Temp\wbrun_1693562378641_17188\fmetmp_2', set from environment variable `FME_TEMP'
2023-09-01 13:38:38|   0.0|  0.0|INFORM|FME Configuration: Cache folder is 'C:\Users\krima354\AppData\Local\Temp'
2023-09-01 13:38:38|   0.0|  0.0|INFORM|FME Configuration: FME_HOME is `C:\Program Files\FME2022_1_3\'
2023-09-01 13:38:38|   0.0|  0.0|INFORM|FME Configuration: Start freeing memory when the process exceeds 95.20 GB
2023-09-01 13:38:38|   0.0|  0.0|INFORM|FME Configuration: Stop freeing memory when the process is below 71.40 GB
2023-09-01 13:38:38|   0.0|  0.0|INFORM|Creating writer for format: NULL (Nothing)
2023-09-01 13:38:38|   0.0|  0.0|INFORM|Trying to find a DYNAMIC plugin for writer named `NULL'
2023-09-01 13:38:38|   0.0|  0.0|INFORM|Loaded module 'NULL' from file 'C:\Program Files\FME2022_1_3\plugins/NULL.dll'
2023-09-01 13:38:38|   0.0|  0.0|INFORM|FME API version of module 'NULL' matches current internal version (4.0 20220615)
2023-09-01 13:38:38|   0.0|  0.0|INFORM|Creating reader for format: 
2023-09-01 13:38:38|   0.0|  0.0|INFORM|MULTI_READER(MULTI_READER): Will fail with first member reader failure
2023-09-01 13:38:38|   0.0|  0.0|INFORM|MULTI_READER(MULTI_READER): Adding PATH Reader with keyword PATH_1
2023-09-01 13:38:38|   0.0|  0.0|INFORM|Using Multi Reader with keyword `MULTI_READER' to read multiple datasets
2023-09-01 13:38:38|   0.0|  0.0|INFORM|Creating reader for format: Directory and File Pathnames
2023-09-01 13:38:38|   0.0|  0.0|INFORM|Trying to find a DYNAMIC plugin for reader named `PATH'
2023-09-01 13:38:38|   0.0|  0.0|INFORM|Loaded module 'PATH' from file 'C:\Program Files\FME2022_1_3\plugins/PATH.dll'
2023-09-01 13:38:38|   0.0|  0.0|INFORM|FME API version of module 'PATH' matches current internal version (4.0 20220615)
2023-09-01 13:38:38|   0.0|  0.0|INFORM|Path Reader: Opening the PATH Reader on folder 'C:\Users\krima354\Box\Urdar\DBackup'
2023-09-01 13:38:38|   0.0|  0.0|INFORM|Path Reader: Using Glob Pattern '*.dump'
2023-09-01 13:38:38|   0.0|  0.0|INFORM|Path Reader: Allowed Path Type set to 'ANY'
2023-09-01 13:38:38|   0.0|  0.0|INFORM|Path Reader: Recurse into subdirectories 'false'
2023-09-01 13:38:38|   0.0|  0.0|INFORM|Path Reader: Retrieve file properties 'false'
2023-09-01 13:38:39|   0.3|  0.3|INFORM|Loaded module 'LogCount_func' from file 'C:\Program Files\FME2022_1_3\plugins/LogCount_func.dll'
2023-09-01 13:38:39|   0.3|  0.0|INFORM|FME API version of module 'LogCount_func' matches current internal version (4.0 20220615)
2023-09-01 13:38:39|   0.3|  0.0|INFORM|Loaded module 'Geometry_func' from file 'C:\Program Files\FME2022_1_3\plugins/Geometry_func.dll'
2023-09-01 13:38:39|   0.3|  0.0|INFORM|FME API version of module 'Geometry_func' matches current internal version (4.0 20220615)
2023-09-01 13:38:39|   0.4|  0.1|ERROR |AttributeManager_4: Function Parameter was expected to be a non-negative integer but was: -1
2023-09-01 13:38:39|   0.4|  0.0|ERROR |AttributeManager_4: Failed to evaluate expression '@Left(jens,-1)'.  Result is set to null
2023-09-01 13:38:39|   0.4|  0.0|STATS |Storing feature(s) to FME feature store file `C:\Users\krima354\Work Folders\Documents\GitHub\kix_working_dir\divFME\restore_drop_backup_idb\restore1DBfromBackup_log.ffs'
2023-09-01 13:38:39|   0.4|  0.0|ERROR |+++++++++++++++++++++++++++++++++++++++++++++++++++++++++++++++++++++++++++
2023-09-01 13:38:39|   0.4|  0.0|ERROR |Feature Type: `PATH_PATH_1'
2023-09-01 13:38:39|   0.4|  0.0|ERROR |Attribute(string: UTF-8)           : `fme_feature_type' has value `PATH'
2023-09-01 13:38:39|   0.4|  0.0|ERROR |Attribute(string: UTF-8)           : `fme_geometry' has value `fme_undefined'
2023-09-01 13:38:39|   0.4|  0.0|ERROR |Attribute(entangled: string: UTF-8): `fme_type' has value `fme_no_geom'
2023-09-01 13:38:39|   0.4|  0.0|ERROR |          entangled to path_geom
2023-09-01 13:38:39|   0.4|  0.0|ERROR |Attribute(32 bit integer)          : `multi_reader_full_id' has value `0'
2023-09-01 13:38:39|   0.4|  0.0|ERROR |Attribute(32 bit integer)          : `multi_reader_id' has value `0'
2023-09-01 13:38:39|   0.4|  0.0|ERROR |Attribute(string: UTF-8)           : `multi_reader_keyword' has value `PATH_1'
2023-09-01 13:38:39|   0.4|  0.0|ERROR |Attribute(string: UTF-8)           : `multi_reader_type' has value `PATH'
2023-09-01 13:38:39|   0.4|  0.0|ERROR |Attribute(string: UTF-8)           : `path_directory_unix' has value `C:/Users/krima354/Box/Urdar/DBackup/'
2023-09-01 13:38:39|   0.4|  0.0|ERROR |Attribute(string: UTF-8)           : `path_directory_windows' has value `C:\Users\krima354\Box\Urdar\DBackup\'
2023-09-01 13:38:39|   0.4|  0.0|ERROR |Attribute(string: UTF-8)           : `path_extension' has value `dump'
2023-09-01 13:38:39|   0.4|  0.0|ERROR |Attribute(string: UTF-8)           : `path_filename' has value `jens.dump'
2023-09-01 13:38:39|   0.4|  0.0|ERROR |Attribute(string: UTF-8)           : `path_geom' has value `path_none'
2023-09-01 13:38:39|   0.4|  0.0|ERROR |Attribute(string: UTF-8)           : `path_rootname' has value `jens'
2023-09-01 13:38:39|   0.4|  0.0|ERROR |Attribute(string: UTF-8)           : `path_type' has value `file'
2023-09-01 13:38:39|   0.4|  0.0|ERROR |Attribute(string: UTF-8)           : `path_unix' has value `C:/Users/krima354/Box/Urdar/DBackup/jens.dump'
2023-09-01 13:38:39|   0.4|  0.0|ERROR |Attribute(string: UTF-8)           : `path_windows' has value `C:\Users\krima354\Box\Urdar\DBackup\jens.dump'
2023-09-01 13:38:39|   0.4|  0.0|ERROR |Coordinate System: `'
2023-09-01 13:38:39|   0.4|  0.0|ERROR |Geometry Type: IFMENull
2023-09-01 13:38:39|   0.4|  0.0|ERROR |Coordinate Dimension: 2
2023-09-01 13:38:39|   0.4|  0.0|ERROR |===========================================================================
2023-09-01 13:38:39|   0.4|  0.0|ERROR |AttributeManager_4 (AttrSetFactory): An error occurred while evaluating the above expression. If the failed expression is arithmetic, check to ensure there is a numeric value specified as the substitution value for null, empty and missing attributes.
2023-09-01 13:38:39|   0.4|  0.0|ERROR |AttributeManager_4 (AttrSetFactory): AttributeManager_4: Failed to evaluate input expression: @LowerCase(@Left(@Value(path_rootname),@StringLength(@Value(path_rootname))-5))
2023-09-01 13:38:39|   0.5|  0.1|INFORM|Path Reader: Closing the PATH Reader
2023-09-01 13:38:39|   0.5|  0.0|INFORM|Translation FAILED with 5 error(s) and 0 warning(s) (0 feature(s) output)
2023-09-01 13:38:39|   0.5|  0.0|STATS |Stored 1 feature(s) to FME feature store file `C:\Users\krima354\Work Folders\Documents\GitHub\kix_working_dir\divFME\restore_drop_backup_idb\restore1DBfromBackup_log.ffs'
2023-09-01 13:38:39|   0.5|  0.0|INFORM|FME Session Duration: 1.5 seconds. (CPU: 0.2s user, 0.3s system)
2023-09-01 13:38:39|   0.5|  0.0|INFORM|END - ProcessID: 16688, peak process memory usage: 63500 kB, current process memory usage: 63500 kB
2023-09-01 13:40:07|   0.0|  0.0|INFORM|Current FME version: FME 2022.1.3.0 (20220928 - Build 22630 - WIN64)
2023-09-01 13:40:07|   0.0|  0.0|INFORM|FME_HOME is 'C:\Program Files\FME2022_1_3\'
2023-09-01 13:40:07|   0.0|  0.0|INFORM|FME Database Edition (node locked-crc)
2023-09-01 13:40:07|   0.0|  0.0|INFORM|Serial Number: ZVY7-REY4-21GZ
2023-09-01 13:40:07|   0.0|  0.0|INFORM|Temporary License: 296 days left.
2023-09-01 13:40:07|   0.0|  0.0|INFORM|Machine host name is: EPI-4L2CTD3
2023-09-01 13:40:07|   0.0|  0.0|INFORM|OS Locale Name     : sv_SE
2023-09-01 13:40:07|   0.0|  0.0|INFORM|OS Locale Encoding : windows-1252
2023-09-01 13:40:07|   0.0|  0.0|INFORM|Process Encoding   : UTF-8
2023-09-01 13:40:07|   0.0|  0.0|INFORM|FME API version: '4.0 20220615'
2023-09-01 13:40:07|   0.0|  0.0|INFORM|FME Configuration: FME_BASE is 'no'
2023-09-01 13:40:07|   0.0|  0.0|INFORM|FME Configuration: FME_MF_DIR is 'C:\Users\krima354\Work Folders\Documents\GitHub\kix_working_dir\divFME\restore_drop_backup_idb/'
2023-09-01 13:40:07|   0.0|  0.0|INFORM|FME Configuration: FME_MF_NAME is 'restore1DBfromBackup.fmw'
2023-09-01 13:40:07|   0.0|  0.0|INFORM|FME Configuration: FME_PRODUCT_NAME is 'FME(R) 2022.1.3.0'
2023-09-01 13:40:07|   0.0|  0.0|INFORM|Operating System: Microsoft Windows 10 64-bit  (Build 19045)
2023-09-01 13:40:07|   0.0|  0.0|INFORM|FME Platform: WIN64
2023-09-01 13:40:07|   0.0|  0.0|INFORM|System Status: 318.15 GB of disk space available in the FME temporary folder (C:\Users\krima354\AppData\Local\Temp\wbrun_1693562378641_17188\fmetmp_3)
2023-09-01 13:40:07|   0.0|  0.0|INFORM|System Status: 31.73 GB of physical memory available
2023-09-01 13:40:07|   0.0|  0.0|INFORM|System Status: 126.93 GB of virtual memory available
2023-09-01 13:40:07|   0.0|  0.0|INFORM|START - ProcessID: 12716, peak process memory usage: 49960 kB, current process memory usage: 49960 kB
2023-09-01 13:40:07|   0.0|  0.0|INFORM|FME Configuration: Command line arguments are `C:\Program Files\FME2022_1_3\fme.exe' `C:/Users/krima354/Work Folders/Documents/GitHub/kix_working_dir/divFME/restore_drop_backup_idb\wb-xlate-1693568403628_17188' `LOG_STANDARDOUT' `YES' `LOG_TIMINGS' `YES' `LogCountServerName' `49258' `LOG_STANDARDOUT' `No' `WORKBENCH_LOG_SERVER' `60316'
2023-09-01 13:40:07|   0.0|  0.0|INFORM|FME Configuration: Connection Storage: 'C:\Users\krima354\AppData\Roaming\Safe Software\FME\'
2023-09-01 13:40:07|   0.0|  0.0|INFORM|Shared folders for formats are : C:\Program Files\FME2022_1_3\datasources;C:\Users\krima354\Work Folders\Documents\FME\Formats
2023-09-01 13:40:07|   0.0|  0.0|INFORM|Shared folders for transformers are : C:\Users\krima354\AppData\Roaming\Safe Software\FME\Packages\22630-win64\transformers;C:\Program Files\FME2022_1_3\transformers;C:\Users\krima354\AppData\Roaming\Safe Software\FME\FME Store\Transformers
2023-09-01 13:40:07|   0.0|  0.0|INFORM|Shared folders for coordinate systems are : C:\Users\krima354\Work Folders\Documents\FME\CoordinateSystems
2023-09-01 13:40:07|   0.0|  0.0|INFORM|Shared folders for coordinate system exceptions are : C:\Users\krima354\Work Folders\Documents\FME\CoordinateSystemExceptions
2023-09-01 13:40:07|   0.0|  0.0|INFORM|Shared folders for coordinate system grid overrides are : C:\Users\krima354\Work Folders\Documents\FME\CoordinateSystemGridOverrides
2023-09-01 13:40:07|   0.0|  0.0|INFORM|Shared folders for CS-MAP transformation exceptions are : C:\Users\krima354\Work Folders\Documents\FME\CsmapTransformationExceptions
2023-09-01 13:40:07|   0.0|  0.0|INFORM|Shared folders for transformer categories are : C:\Users\krima354\Work Folders\Documents\FME\TransformerCategories
2023-09-01 13:40:07|   0.0|  0.0|INFORM|Mapping File Identifier is: SAUimportIntrasis
2023-09-01 13:40:07|   0.0|  0.0|INFORM|FME Configuration: Reader Keyword is `MULTI_READER'
2023-09-01 13:40:07|   0.0|  0.0|INFORM|FME Configuration: Writer Keyword is `NULL_DEST'
2023-09-01 13:40:07|   0.0|  0.0|INFORM|FME Configuration: Writer Group Definition Keyword is `NULL_DEST_DEF'
2023-09-01 13:40:07|   0.0|  0.0|INFORM|FME Configuration: Reader type is `MULTI_READER'
2023-09-01 13:40:07|   0.0|  0.0|INFORM|FME Configuration: Writer type is `NULL'
2023-09-01 13:40:07|   0.0|  0.0|INFORM|FME Configuration: No destination coordinate system set
2023-09-01 13:40:07|   0.0|  0.0|INFORM|FME Configuration: Current working folder is `C:\Users\krima354\Work Folders\Documents\GitHub\kix_working_dir\divFME\restore_drop_backup_idb'
2023-09-01 13:40:07|   0.0|  0.0|INFORM|FME Configuration: Temporary folder is `C:\Users\krima354\AppData\Local\Temp\wbrun_1693562378641_17188\fmetmp_3', set from environment variable `FME_TEMP'
2023-09-01 13:40:07|   0.0|  0.0|INFORM|FME Configuration: Cache folder is 'C:\Users\krima354\AppData\Local\Temp'
2023-09-01 13:40:07|   0.0|  0.0|INFORM|FME Configuration: FME_HOME is `C:\Program Files\FME2022_1_3\'
2023-09-01 13:40:07|   0.0|  0.0|INFORM|FME Configuration: Start freeing memory when the process exceeds 95.20 GB
2023-09-01 13:40:07|   0.0|  0.0|INFORM|FME Configuration: Stop freeing memory when the process is below 71.40 GB
2023-09-01 13:40:07|   0.0|  0.0|INFORM|Creating writer for format: NULL (Nothing)
2023-09-01 13:40:07|   0.0|  0.0|INFORM|Trying to find a DYNAMIC plugin for writer named `NULL'
2023-09-01 13:40:07|   0.0|  0.0|INFORM|Loaded module 'NULL' from file 'C:\Program Files\FME2022_1_3\plugins/NULL.dll'
2023-09-01 13:40:07|   0.0|  0.0|INFORM|FME API version of module 'NULL' matches current internal version (4.0 20220615)
2023-09-01 13:40:07|   0.0|  0.0|INFORM|Creating reader for format: 
2023-09-01 13:40:07|   0.0|  0.0|INFORM|MULTI_READER(MULTI_READER): Will fail with first member reader failure
2023-09-01 13:40:07|   0.0|  0.0|INFORM|MULTI_READER(MULTI_READER): Adding PATH Reader with keyword PATH_1
2023-09-01 13:40:07|   0.0|  0.0|INFORM|Using Multi Reader with keyword `MULTI_READER' to read multiple datasets
2023-09-01 13:40:07|   0.0|  0.0|INFORM|Creating reader for format: Directory and File Pathnames
2023-09-01 13:40:07|   0.0|  0.0|INFORM|Trying to find a DYNAMIC plugin for reader named `PATH'
2023-09-01 13:40:07|   0.0|  0.0|INFORM|Loaded module 'PATH' from file 'C:\Program Files\FME2022_1_3\plugins/PATH.dll'
2023-09-01 13:40:07|   0.0|  0.0|INFORM|FME API version of module 'PATH' matches current internal version (4.0 20220615)
2023-09-01 13:40:07|   0.0|  0.0|INFORM|Path Reader: Opening the PATH Reader on folder 'C:\Users\krima354\Box\Urdar\DBackup'
2023-09-01 13:40:07|   0.0|  0.0|INFORM|Path Reader: Using Glob Pattern '*.dump'
2023-09-01 13:40:07|   0.0|  0.0|INFORM|Path Reader: Allowed Path Type set to 'ANY'
2023-09-01 13:40:07|   0.0|  0.0|INFORM|Path Reader: Recurse into subdirectories 'false'
2023-09-01 13:40:07|   0.0|  0.0|INFORM|Path Reader: Retrieve file properties 'false'
2023-09-01 13:40:08|   0.2|  0.2|INFORM|Loaded module 'LogCount_func' from file 'C:\Program Files\FME2022_1_3\plugins/LogCount_func.dll'
2023-09-01 13:40:08|   0.2|  0.0|INFORM|FME API version of module 'LogCount_func' matches current internal version (4.0 20220615)
2023-09-01 13:40:08|   0.2|  0.0|INFORM|Loaded module 'Geometry_func' from file 'C:\Program Files\FME2022_1_3\plugins/Geometry_func.dll'
2023-09-01 13:40:08|   0.2|  0.0|INFORM|FME API version of module 'Geometry_func' matches current internal version (4.0 20220615)
2023-09-01 13:40:08|   0.3|  0.1|ERROR |AttributeManager_4: Function Parameter was expected to be a non-negative integer but was: -1
2023-09-01 13:40:08|   0.3|  0.0|ERROR |AttributeManager_4: Failed to evaluate expression '@Left(jens,-1)'.  Result is set to null
2023-09-01 13:40:08|   0.3|  0.0|STATS |Storing feature(s) to FME feature store file `C:\Users\krima354\Work Folders\Documents\GitHub\kix_working_dir\divFME\restore_drop_backup_idb\restore1DBfromBackup_log.ffs'
2023-09-01 13:40:08|   0.3|  0.0|ERROR |+++++++++++++++++++++++++++++++++++++++++++++++++++++++++++++++++++++++++++
2023-09-01 13:40:08|   0.3|  0.0|ERROR |Feature Type: `PATH_PATH_1'
2023-09-01 13:40:08|   0.3|  0.0|ERROR |Attribute(string: UTF-8)           : `fme_feature_type' has value `PATH'
2023-09-01 13:40:08|   0.3|  0.0|ERROR |Attribute(string: UTF-8)           : `fme_geometry' has value `fme_undefined'
2023-09-01 13:40:08|   0.3|  0.0|ERROR |Attribute(entangled: string: UTF-8): `fme_type' has value `fme_no_geom'
2023-09-01 13:40:08|   0.3|  0.0|ERROR |          entangled to path_geom
2023-09-01 13:40:08|   0.3|  0.0|ERROR |Attribute(32 bit integer)          : `multi_reader_full_id' has value `0'
2023-09-01 13:40:08|   0.3|  0.0|ERROR |Attribute(32 bit integer)          : `multi_reader_id' has value `0'
2023-09-01 13:40:08|   0.3|  0.0|ERROR |Attribute(string: UTF-8)           : `multi_reader_keyword' has value `PATH_1'
2023-09-01 13:40:08|   0.3|  0.0|ERROR |Attribute(string: UTF-8)           : `multi_reader_type' has value `PATH'
2023-09-01 13:40:08|   0.3|  0.0|ERROR |Attribute(string: UTF-8)           : `path_directory_unix' has value `C:/Users/krima354/Box/Urdar/DBackup/'
2023-09-01 13:40:08|   0.3|  0.0|ERROR |Attribute(string: UTF-8)           : `path_directory_windows' has value `C:\Users\krima354\Box\Urdar\DBackup\'
2023-09-01 13:40:08|   0.3|  0.0|ERROR |Attribute(string: UTF-8)           : `path_extension' has value `dump'
2023-09-01 13:40:08|   0.3|  0.0|ERROR |Attribute(string: UTF-8)           : `path_filename' has value `jens.dump'
2023-09-01 13:40:08|   0.3|  0.0|ERROR |Attribute(string: UTF-8)           : `path_geom' has value `path_none'
2023-09-01 13:40:08|   0.3|  0.0|ERROR |Attribute(string: UTF-8)           : `path_rootname' has value `jens'
2023-09-01 13:40:08|   0.3|  0.0|ERROR |Attribute(string: UTF-8)           : `path_type' has value `file'
2023-09-01 13:40:08|   0.3|  0.0|ERROR |Attribute(string: UTF-8)           : `path_unix' has value `C:/Users/krima354/Box/Urdar/DBackup/jens.dump'
2023-09-01 13:40:08|   0.3|  0.0|ERROR |Attribute(string: UTF-8)           : `path_windows' has value `C:\Users\krima354\Box\Urdar\DBackup\jens.dump'
2023-09-01 13:40:08|   0.3|  0.0|ERROR |Coordinate System: `'
2023-09-01 13:40:08|   0.3|  0.0|ERROR |Geometry Type: IFMENull
2023-09-01 13:40:08|   0.3|  0.0|ERROR |Coordinate Dimension: 2
2023-09-01 13:40:08|   0.3|  0.0|ERROR |===========================================================================
2023-09-01 13:40:08|   0.3|  0.0|ERROR |AttributeManager_4 (AttrSetFactory): An error occurred while evaluating the above expression. If the failed expression is arithmetic, check to ensure there is a numeric value specified as the substitution value for null, empty and missing attributes.
2023-09-01 13:40:08|   0.3|  0.0|ERROR |AttributeManager_4 (AttrSetFactory): AttributeManager_4: Failed to evaluate input expression: @LowerCase(@Left(@Value(path_rootname),@StringLength(@Value(path_rootname))-5))
2023-09-01 13:40:08|   0.3|  0.0|INFORM|Path Reader: Closing the PATH Reader
2023-09-01 13:40:08|   0.3|  0.0|INFORM|Translation FAILED with 5 error(s) and 0 warning(s) (0 feature(s) output)
2023-09-01 13:40:08|   0.3|  0.0|STATS |Stored 1 feature(s) to FME feature store file `C:\Users\krima354\Work Folders\Documents\GitHub\kix_working_dir\divFME\restore_drop_backup_idb\restore1DBfromBackup_log.ffs'
2023-09-01 13:40:08|   0.3|  0.0|INFORM|FME Session Duration: 1.4 seconds. (CPU: 0.1s user, 0.2s system)
2023-09-01 13:40:08|   0.3|  0.0|INFORM|END - ProcessID: 12716, peak process memory usage: 63608 kB, current process memory usage: 60596 kB
2023-09-01 13:41:26|   0.0|  0.0|INFORM|Current FME version: FME 2022.1.3.0 (20220928 - Build 22630 - WIN64)
2023-09-01 13:41:26|   0.0|  0.0|INFORM|FME_HOME is 'C:\Program Files\FME2022_1_3\'
2023-09-01 13:41:26|   0.0|  0.0|INFORM|FME Database Edition (node locked-crc)
2023-09-01 13:41:26|   0.0|  0.0|INFORM|Serial Number: ZVY7-REY4-21GZ
2023-09-01 13:41:26|   0.0|  0.0|INFORM|Temporary License: 296 days left.
2023-09-01 13:41:26|   0.0|  0.0|INFORM|Machine host name is: EPI-4L2CTD3
2023-09-01 13:41:26|   0.0|  0.0|INFORM|OS Locale Name     : sv_SE
2023-09-01 13:41:26|   0.0|  0.0|INFORM|OS Locale Encoding : windows-1252
2023-09-01 13:41:26|   0.0|  0.0|INFORM|Process Encoding   : UTF-8
2023-09-01 13:41:26|   0.0|  0.0|INFORM|FME API version: '4.0 20220615'
2023-09-01 13:41:26|   0.0|  0.0|INFORM|FME Configuration: FME_BASE is 'no'
2023-09-01 13:41:26|   0.0|  0.0|INFORM|FME Configuration: FME_MF_DIR is 'C:\Users\krima354\Work Folders\Documents\GitHub\kix_working_dir\divFME\restore_drop_backup_idb/'
2023-09-01 13:41:26|   0.0|  0.0|INFORM|FME Configuration: FME_MF_NAME is 'restore1DBfromBackup.fmw'
2023-09-01 13:41:26|   0.0|  0.0|INFORM|FME Configuration: FME_PRODUCT_NAME is 'FME(R) 2022.1.3.0'
2023-09-01 13:41:26|   0.0|  0.0|INFORM|Operating System: Microsoft Windows 10 64-bit  (Build 19045)
2023-09-01 13:41:26|   0.0|  0.0|INFORM|FME Platform: WIN64
2023-09-01 13:41:26|   0.0|  0.0|INFORM|System Status: 318.15 GB of disk space available in the FME temporary folder (C:\Users\krima354\AppData\Local\Temp\wbrun_1693562378641_17188\fmetmp_4)
2023-09-01 13:41:26|   0.0|  0.0|INFORM|System Status: 31.73 GB of physical memory available
2023-09-01 13:41:26|   0.0|  0.0|INFORM|System Status: 126.93 GB of virtual memory available
2023-09-01 13:41:26|   0.0|  0.0|INFORM|START - ProcessID: 21032, peak process memory usage: 50040 kB, current process memory usage: 50040 kB
2023-09-01 13:41:26|   0.0|  0.0|INFORM|FME Configuration: Command line arguments are `C:\Program Files\FME2022_1_3\fme.exe' `C:/Users/krima354/Work Folders/Documents/GitHub/kix_working_dir/divFME/restore_drop_backup_idb\wb-xlate-1693568482626_17188' `LOG_STANDARDOUT' `YES' `LOG_TIMINGS' `YES' `LogCountServerName' `49258' `LOG_STANDARDOUT' `No' `WORKBENCH_LOG_SERVER' `60316'
2023-09-01 13:41:26|   0.0|  0.0|INFORM|FME Configuration: Connection Storage: 'C:\Users\krima354\AppData\Roaming\Safe Software\FME\'
2023-09-01 13:41:26|   0.0|  0.0|INFORM|Shared folders for formats are : C:\Program Files\FME2022_1_3\datasources;C:\Users\krima354\Work Folders\Documents\FME\Formats
2023-09-01 13:41:26|   0.0|  0.0|INFORM|Shared folders for transformers are : C:\Users\krima354\AppData\Roaming\Safe Software\FME\Packages\22630-win64\transformers;C:\Program Files\FME2022_1_3\transformers;C:\Users\krima354\AppData\Roaming\Safe Software\FME\FME Store\Transformers
2023-09-01 13:41:26|   0.0|  0.0|INFORM|Shared folders for coordinate systems are : C:\Users\krima354\Work Folders\Documents\FME\CoordinateSystems
2023-09-01 13:41:26|   0.0|  0.0|INFORM|Shared folders for coordinate system exceptions are : C:\Users\krima354\Work Folders\Documents\FME\CoordinateSystemExceptions
2023-09-01 13:41:26|   0.0|  0.0|INFORM|Shared folders for coordinate system grid overrides are : C:\Users\krima354\Work Folders\Documents\FME\CoordinateSystemGridOverrides
2023-09-01 13:41:26|   0.0|  0.0|INFORM|Shared folders for CS-MAP transformation exceptions are : C:\Users\krima354\Work Folders\Documents\FME\CsmapTransformationExceptions
2023-09-01 13:41:26|   0.0|  0.0|INFORM|Shared folders for transformer categories are : C:\Users\krima354\Work Folders\Documents\FME\TransformerCategories
2023-09-01 13:41:26|   0.0|  0.0|INFORM|Mapping File Identifier is: SAUimportIntrasis
2023-09-01 13:41:26|   0.0|  0.0|INFORM|FME Configuration: Reader Keyword is `MULTI_READER'
2023-09-01 13:41:26|   0.0|  0.0|INFORM|FME Configuration: Writer Keyword is `NULL_DEST'
2023-09-01 13:41:26|   0.0|  0.0|INFORM|FME Configuration: Writer Group Definition Keyword is `NULL_DEST_DEF'
2023-09-01 13:41:26|   0.0|  0.0|INFORM|FME Configuration: Reader type is `MULTI_READER'
2023-09-01 13:41:26|   0.0|  0.0|INFORM|FME Configuration: Writer type is `NULL'
2023-09-01 13:41:26|   0.0|  0.0|INFORM|FME Configuration: No destination coordinate system set
2023-09-01 13:41:26|   0.0|  0.0|INFORM|FME Configuration: Current working folder is `C:\Users\krima354\Work Folders\Documents\GitHub\kix_working_dir\divFME\restore_drop_backup_idb'
2023-09-01 13:41:26|   0.0|  0.0|INFORM|FME Configuration: Temporary folder is `C:\Users\krima354\AppData\Local\Temp\wbrun_1693562378641_17188\fmetmp_4', set from environment variable `FME_TEMP'
2023-09-01 13:41:26|   0.0|  0.0|INFORM|FME Configuration: Cache folder is 'C:\Users\krima354\AppData\Local\Temp'
2023-09-01 13:41:26|   0.0|  0.0|INFORM|FME Configuration: FME_HOME is `C:\Program Files\FME2022_1_3\'
2023-09-01 13:41:26|   0.0|  0.0|INFORM|FME Configuration: Start freeing memory when the process exceeds 95.20 GB
2023-09-01 13:41:26|   0.0|  0.0|INFORM|FME Configuration: Stop freeing memory when the process is below 71.40 GB
2023-09-01 13:41:26|   0.0|  0.0|INFORM|Creating writer for format: NULL (Nothing)
2023-09-01 13:41:26|   0.0|  0.0|INFORM|Trying to find a DYNAMIC plugin for writer named `NULL'
2023-09-01 13:41:26|   0.0|  0.0|INFORM|Loaded module 'NULL' from file 'C:\Program Files\FME2022_1_3\plugins/NULL.dll'
2023-09-01 13:41:26|   0.0|  0.0|INFORM|FME API version of module 'NULL' matches current internal version (4.0 20220615)
2023-09-01 13:41:26|   0.0|  0.0|INFORM|Creating reader for format: 
2023-09-01 13:41:26|   0.0|  0.0|INFORM|MULTI_READER(MULTI_READER): Will fail with first member reader failure
2023-09-01 13:41:26|   0.0|  0.0|INFORM|MULTI_READER(MULTI_READER): Adding PATH Reader with keyword PATH_1
2023-09-01 13:41:26|   0.0|  0.0|INFORM|Using Multi Reader with keyword `MULTI_READER' to read multiple datasets
2023-09-01 13:41:26|   0.0|  0.0|INFORM|Creating reader for format: Directory and File Pathnames
2023-09-01 13:41:26|   0.0|  0.0|INFORM|Trying to find a DYNAMIC plugin for reader named `PATH'
2023-09-01 13:41:26|   0.0|  0.0|INFORM|Loaded module 'PATH' from file 'C:\Program Files\FME2022_1_3\plugins/PATH.dll'
2023-09-01 13:41:26|   0.0|  0.0|INFORM|FME API version of module 'PATH' matches current internal version (4.0 20220615)
2023-09-01 13:41:26|   0.0|  0.0|INFORM|Path Reader: Opening the PATH Reader on folder 'C:\Users\krima354\Box\Urdar\DBackup'
2023-09-01 13:41:26|   0.0|  0.0|INFORM|Path Reader: Using Glob Pattern '*.dump'
2023-09-01 13:41:26|   0.0|  0.0|INFORM|Path Reader: Allowed Path Type set to 'ANY'
2023-09-01 13:41:26|   0.0|  0.0|INFORM|Path Reader: Recurse into subdirectories 'false'
2023-09-01 13:41:26|   0.0|  0.0|INFORM|Path Reader: Retrieve file properties 'false'
2023-09-01 13:41:27|   0.2|  0.2|INFORM|Loaded module 'LogCount_func' from file 'C:\Program Files\FME2022_1_3\plugins/LogCount_func.dll'
2023-09-01 13:41:27|   0.2|  0.0|INFORM|FME API version of module 'LogCount_func' matches current internal version (4.0 20220615)
2023-09-01 13:41:27|   0.2|  0.0|INFORM|Loaded module 'Geometry_func' from file 'C:\Program Files\FME2022_1_3\plugins/Geometry_func.dll'
2023-09-01 13:41:27|   0.2|  0.0|INFORM|FME API version of module 'Geometry_func' matches current internal version (4.0 20220615)
2023-09-01 13:41:27|   0.4|  0.2|ERROR |AttributeManager_4: Function Parameter was expected to be a non-negative integer but was: -1
2023-09-01 13:41:27|   0.4|  0.0|ERROR |AttributeManager_4: Failed to evaluate expression '@Left(jens,-1)'.  Result is set to null
2023-09-01 13:41:27|   0.4|  0.0|STATS |Storing feature(s) to FME feature store file `C:\Users\krima354\Work Folders\Documents\GitHub\kix_working_dir\divFME\restore_drop_backup_idb\restore1DBfromBackup_log.ffs'
2023-09-01 13:41:27|   0.4|  0.0|ERROR |+++++++++++++++++++++++++++++++++++++++++++++++++++++++++++++++++++++++++++
2023-09-01 13:41:27|   0.4|  0.0|ERROR |Feature Type: `PATH_PATH_1'
2023-09-01 13:41:27|   0.4|  0.0|ERROR |Attribute(string: UTF-8)           : `fme_feature_type' has value `PATH'
2023-09-01 13:41:27|   0.4|  0.0|ERROR |Attribute(string: UTF-8)           : `fme_geometry' has value `fme_undefined'
2023-09-01 13:41:27|   0.4|  0.0|ERROR |Attribute(entangled: string: UTF-8): `fme_type' has value `fme_no_geom'
2023-09-01 13:41:27|   0.4|  0.0|ERROR |          entangled to path_geom
2023-09-01 13:41:27|   0.4|  0.0|ERROR |Attribute(32 bit integer)          : `multi_reader_full_id' has value `0'
2023-09-01 13:41:27|   0.4|  0.0|ERROR |Attribute(32 bit integer)          : `multi_reader_id' has value `0'
2023-09-01 13:41:27|   0.4|  0.0|ERROR |Attribute(string: UTF-8)           : `multi_reader_keyword' has value `PATH_1'
2023-09-01 13:41:27|   0.4|  0.0|ERROR |Attribute(string: UTF-8)           : `multi_reader_type' has value `PATH'
2023-09-01 13:41:27|   0.4|  0.0|ERROR |Attribute(string: UTF-8)           : `path_directory_unix' has value `C:/Users/krima354/Box/Urdar/DBackup/'
2023-09-01 13:41:27|   0.4|  0.0|ERROR |Attribute(string: UTF-8)           : `path_directory_windows' has value `C:\Users\krima354\Box\Urdar\DBackup\'
2023-09-01 13:41:27|   0.4|  0.0|ERROR |Attribute(string: UTF-8)           : `path_extension' has value `dump'
2023-09-01 13:41:27|   0.4|  0.0|ERROR |Attribute(string: UTF-8)           : `path_filename' has value `jens.dump'
2023-09-01 13:41:27|   0.4|  0.0|ERROR |Attribute(string: UTF-8)           : `path_geom' has value `path_none'
2023-09-01 13:41:27|   0.4|  0.0|ERROR |Attribute(string: UTF-8)           : `path_rootname' has value `jens'
2023-09-01 13:41:27|   0.4|  0.0|ERROR |Attribute(string: UTF-8)           : `path_type' has value `file'
2023-09-01 13:41:27|   0.4|  0.0|ERROR |Attribute(string: UTF-8)           : `path_unix' has value `C:/Users/krima354/Box/Urdar/DBackup/jens.dump'
2023-09-01 13:41:27|   0.4|  0.0|ERROR |Attribute(string: UTF-8)           : `path_windows' has value `C:\Users\krima354\Box\Urdar\DBackup\jens.dump'
2023-09-01 13:41:27|   0.4|  0.0|ERROR |Coordinate System: `'
2023-09-01 13:41:27|   0.4|  0.0|ERROR |Geometry Type: IFMENull
2023-09-01 13:41:27|   0.4|  0.0|ERROR |Coordinate Dimension: 2
2023-09-01 13:41:27|   0.4|  0.0|ERROR |===========================================================================
2023-09-01 13:41:27|   0.4|  0.0|ERROR |AttributeManager_4 (AttrSetFactory): An error occurred while evaluating the above expression. If the failed expression is arithmetic, check to ensure there is a numeric value specified as the substitution value for null, empty and missing attributes.
2023-09-01 13:41:27|   0.4|  0.0|ERROR |AttributeManager_4 (AttrSetFactory): AttributeManager_4: Failed to evaluate input expression: @LowerCase(@Left(@Value(path_rootname),@StringLength(@Value(path_rootname))-5))
2023-09-01 13:41:28|   0.4|  0.0|INFORM|Path Reader: Closing the PATH Reader
2023-09-01 13:41:28|   0.4|  0.0|INFORM|Translation FAILED with 5 error(s) and 0 warning(s) (0 feature(s) output)
2023-09-01 13:41:28|   0.4|  0.0|STATS |Stored 1 feature(s) to FME feature store file `C:\Users\krima354\Work Folders\Documents\GitHub\kix_working_dir\divFME\restore_drop_backup_idb\restore1DBfromBackup_log.ffs'
2023-09-01 13:41:28|   0.4|  0.0|INFORM|FME Session Duration: 1.5 seconds. (CPU: 0.1s user, 0.3s system)
2023-09-01 13:41:28|   0.4|  0.0|INFORM|END - ProcessID: 21032, peak process memory usage: 63880 kB, current process memory usage: 62852 kB
2023-09-01 13:54:07|   0.0|  0.0|INFORM|Current FME version: FME 2022.1.3.0 (20220928 - Build 22630 - WIN64)
2023-09-01 13:54:07|   0.0|  0.0|INFORM|FME_HOME is 'C:\Program Files\FME2022_1_3\'
2023-09-01 13:54:07|   0.0|  0.0|INFORM|FME Database Edition (node locked-crc)
2023-09-01 13:54:07|   0.0|  0.0|INFORM|Serial Number: ZVY7-REY4-21GZ
2023-09-01 13:54:07|   0.0|  0.0|INFORM|Temporary License: 296 days left.
2023-09-01 13:54:07|   0.0|  0.0|INFORM|Machine host name is: EPI-4L2CTD3
2023-09-01 13:54:07|   0.0|  0.0|INFORM|OS Locale Name     : sv_SE
2023-09-01 13:54:07|   0.0|  0.0|INFORM|OS Locale Encoding : windows-1252
2023-09-01 13:54:07|   0.0|  0.0|INFORM|Process Encoding   : UTF-8
2023-09-01 13:54:07|   0.0|  0.0|INFORM|FME API version: '4.0 20220615'
2023-09-01 13:54:07|   0.0|  0.0|INFORM|FME Configuration: FME_BASE is 'no'
2023-09-01 13:54:07|   0.0|  0.0|INFORM|FME Configuration: FME_MF_DIR is 'C:\Users\krima354\Work Folders\Documents\GitHub\kix_working_dir\divFME\restore_drop_backup_idb/'
2023-09-01 13:54:07|   0.0|  0.0|INFORM|FME Configuration: FME_MF_NAME is 'restore1DBfromBackup.fmw'
2023-09-01 13:54:07|   0.0|  0.0|INFORM|FME Configuration: FME_PRODUCT_NAME is 'FME(R) 2022.1.3.0'
2023-09-01 13:54:07|   0.0|  0.0|INFORM|Operating System: Microsoft Windows 10 64-bit  (Build 19045)
2023-09-01 13:54:07|   0.0|  0.0|INFORM|FME Platform: WIN64
2023-09-01 13:54:07|   0.0|  0.0|INFORM|System Status: 318.13 GB of disk space available in the FME temporary folder (C:\Users\krima354\AppData\Local\Temp\wbrun_1693562378641_17188\fmetmp_5)
2023-09-01 13:54:07|   0.0|  0.0|INFORM|System Status: 31.73 GB of physical memory available
2023-09-01 13:54:07|   0.0|  0.0|INFORM|System Status: 126.93 GB of virtual memory available
2023-09-01 13:54:07|   0.0|  0.0|INFORM|START - ProcessID: 18220, peak process memory usage: 50096 kB, current process memory usage: 50096 kB
2023-09-01 13:54:07|   0.0|  0.0|INFORM|FME Configuration: Command line arguments are `C:\Program Files\FME2022_1_3\fme.exe' `C:/Users/krima354/Work Folders/Documents/GitHub/kix_working_dir/divFME/restore_drop_backup_idb\wb-xlate-1693568588827_17188' `LOG_STANDARDOUT' `YES' `LOG_TIMINGS' `YES' `LogCountServerName' `49258' `LOG_STANDARDOUT' `No' `WORKBENCH_LOG_SERVER' `60316'
2023-09-01 13:54:07|   0.0|  0.0|INFORM|FME Configuration: Connection Storage: 'C:\Users\krima354\AppData\Roaming\Safe Software\FME\'
2023-09-01 13:54:08|   0.0|  0.0|INFORM|Shared folders for formats are : C:\Program Files\FME2022_1_3\datasources;C:\Users\krima354\Work Folders\Documents\FME\Formats
2023-09-01 13:54:08|   0.0|  0.0|INFORM|Shared folders for transformers are : C:\Users\krima354\AppData\Roaming\Safe Software\FME\Packages\22630-win64\transformers;C:\Program Files\FME2022_1_3\transformers;C:\Users\krima354\AppData\Roaming\Safe Software\FME\FME Store\Transformers
2023-09-01 13:54:08|   0.0|  0.0|INFORM|Shared folders for coordinate systems are : C:\Users\krima354\Work Folders\Documents\FME\CoordinateSystems
2023-09-01 13:54:08|   0.0|  0.0|INFORM|Shared folders for coordinate system exceptions are : C:\Users\krima354\Work Folders\Documents\FME\CoordinateSystemExceptions
2023-09-01 13:54:08|   0.0|  0.0|INFORM|Shared folders for coordinate system grid overrides are : C:\Users\krima354\Work Folders\Documents\FME\CoordinateSystemGridOverrides
2023-09-01 13:54:08|   0.0|  0.0|INFORM|Shared folders for CS-MAP transformation exceptions are : C:\Users\krima354\Work Folders\Documents\FME\CsmapTransformationExceptions
2023-09-01 13:54:08|   0.0|  0.0|INFORM|Shared folders for transformer categories are : C:\Users\krima354\Work Folders\Documents\FME\TransformerCategories
2023-09-01 13:54:08|   0.0|  0.0|INFORM|Mapping File Identifier is: SAUimportIntrasis
2023-09-01 13:54:08|   0.0|  0.0|INFORM|FME Configuration: Reader Keyword is `MULTI_READER'
2023-09-01 13:54:08|   0.0|  0.0|INFORM|FME Configuration: Writer Keyword is `NULL_DEST'
2023-09-01 13:54:08|   0.0|  0.0|INFORM|FME Configuration: Writer Group Definition Keyword is `NULL_DEST_DEF'
2023-09-01 13:54:08|   0.0|  0.0|INFORM|FME Configuration: Reader type is `MULTI_READER'
2023-09-01 13:54:08|   0.0|  0.0|INFORM|FME Configuration: Writer type is `NULL'
2023-09-01 13:54:08|   0.0|  0.0|INFORM|FME Configuration: No destination coordinate system set
2023-09-01 13:54:08|   0.0|  0.0|INFORM|FME Configuration: Current working folder is `C:\Users\krima354\Work Folders\Documents\GitHub\kix_working_dir\divFME\restore_drop_backup_idb'
2023-09-01 13:54:08|   0.0|  0.0|INFORM|FME Configuration: Temporary folder is `C:\Users\krima354\AppData\Local\Temp\wbrun_1693562378641_17188\fmetmp_5', set from environment variable `FME_TEMP'
2023-09-01 13:54:08|   0.0|  0.0|INFORM|FME Configuration: Cache folder is 'C:\Users\krima354\AppData\Local\Temp'
2023-09-01 13:54:08|   0.0|  0.0|INFORM|FME Configuration: FME_HOME is `C:\Program Files\FME2022_1_3\'
2023-09-01 13:54:08|   0.0|  0.0|INFORM|FME Configuration: Start freeing memory when the process exceeds 95.20 GB
2023-09-01 13:54:08|   0.0|  0.0|INFORM|FME Configuration: Stop freeing memory when the process is below 71.40 GB
2023-09-01 13:54:08|   0.0|  0.0|INFORM|Creating writer for format: NULL (Nothing)
2023-09-01 13:54:08|   0.0|  0.0|INFORM|Trying to find a DYNAMIC plugin for writer named `NULL'
2023-09-01 13:54:08|   0.0|  0.0|INFORM|Loaded module 'NULL' from file 'C:\Program Files\FME2022_1_3\plugins/NULL.dll'
2023-09-01 13:54:08|   0.0|  0.0|INFORM|FME API version of module 'NULL' matches current internal version (4.0 20220615)
2023-09-01 13:54:08|   0.0|  0.0|INFORM|Creating reader for format: 
2023-09-01 13:54:08|   0.0|  0.0|INFORM|MULTI_READER(MULTI_READER): Will fail with first member reader failure
2023-09-01 13:54:08|   0.0|  0.0|INFORM|MULTI_READER(MULTI_READER): Adding PATH Reader with keyword PATH_1
2023-09-01 13:54:08|   0.0|  0.0|INFORM|Using Multi Reader with keyword `MULTI_READER' to read multiple datasets
2023-09-01 13:54:08|   0.0|  0.0|INFORM|Creating reader for format: Directory and File Pathnames
2023-09-01 13:54:08|   0.0|  0.0|INFORM|Trying to find a DYNAMIC plugin for reader named `PATH'
2023-09-01 13:54:08|   0.0|  0.0|INFORM|Loaded module 'PATH' from file 'C:\Program Files\FME2022_1_3\plugins/PATH.dll'
2023-09-01 13:54:08|   0.0|  0.0|INFORM|FME API version of module 'PATH' matches current internal version (4.0 20220615)
2023-09-01 13:54:08|   0.0|  0.0|INFORM|Path Reader: Opening the PATH Reader on folder 'C:\Users\krima354\Box\Urdar\DBackup'
2023-09-01 13:54:08|   0.0|  0.0|INFORM|Path Reader: Using Glob Pattern '*.dump'
2023-09-01 13:54:08|   0.0|  0.0|INFORM|Path Reader: Allowed Path Type set to 'ANY'
2023-09-01 13:54:08|   0.0|  0.0|INFORM|Path Reader: Recurse into subdirectories 'false'
2023-09-01 13:54:08|   0.0|  0.0|INFORM|Path Reader: Retrieve file properties 'false'
2023-09-01 13:54:09|   0.2|  0.2|INFORM|Loaded module 'LogCount_func' from file 'C:\Program Files\FME2022_1_3\plugins/LogCount_func.dll'
2023-09-01 13:54:09|   0.2|  0.0|INFORM|FME API version of module 'LogCount_func' matches current internal version (4.0 20220615)
2023-09-01 13:54:09|   0.2|  0.0|INFORM|Loaded module 'Geometry_func' from file 'C:\Program Files\FME2022_1_3\plugins/Geometry_func.dll'
2023-09-01 13:54:09|   0.2|  0.0|INFORM|FME API version of module 'Geometry_func' matches current internal version (4.0 20220615)
2023-09-01 13:54:10|   0.8|  0.6|INFORM|Reading source feature # 2500
2023-09-01 13:54:10|   1.1|  0.3|INFORM|Path Reader: Closing the PATH Reader
2023-09-01 13:54:10|   1.1|  0.0|INFORM|MULTI_READER(MULTI_READER): Done reading 3713 features from 1 readers
2023-09-01 13:54:10|   1.1|  0.0|INFORM|Emptying factory pipeline
2023-09-01 13:54:10|   1.1|  0.0|STATS |Router and Unexpected Input Remover (RoutingFactory): Tested 3713 input feature(s), wrote 3713 output feature(s): 3713 matched merge filters, 3713 were routed to output, 0 could not be routed.
2023-09-01 13:54:10|   1.1|  0.0|STATS |Unwanted Router Input Nuker (TeeFactory): Cloned 0 input feature(s) into 0 output feature(s)
2023-09-01 13:54:10|   1.1|  0.0|STATS |PATH_PATH_1 Splitter (TeeFactory): Cloned 3713 input feature(s) into 3713 output feature(s)
2023-09-01 13:54:10|   1.1|  0.0|STATS |Creator_XML_Creator (CreationFactory): Created 1 features
2023-09-01 13:54:10|   1.1|  0.0|STATS |Creator_Cloner (TeeFactory): Cloned 1 input feature(s) into 1 output feature(s)
2023-09-01 13:54:10|   1.1|  0.0|STATS |Creator_CREATED Brancher -1 26 (BranchingFactory): Branched 1 input feature -- 1 feature routed to the target factory, and 0 features routed to the fallback factory.
2023-09-01 13:54:10|   1.1|  0.0|STATS |_CREATOR_BRANCH_TARGET (TeeFactory): Cloned 3714 input feature(s) into 3714 output feature(s)
2023-09-01 13:54:10|   1.1|  0.0|STATS |GeometryRemover (TeeFactory): Cloned 1 input feature(s) into 1 output feature(s)
2023-09-01 13:54:11|   1.2|  0.1|STATS |FeatureMerger (ReferenceFactory): Total Results: 1 Complete Feature(s), 0 Incomplete Feature(s), 1 Referenced Feature(s), 3712 Unreferenced Feature(s), 0 Referencer Feature(s) (NO REFERENCES), 0 Referencee Feature(s) (NO Referencee fields defined), and 0 Duplicate Referencee Feature(s)
2023-09-01 13:54:11|   1.2|  0.0|STATS |Destination Feature Type Routing Correlator (RoutingFactory): Tested 1 input feature(s), wrote 1 output feature(s): 0 matched merge filters, 0 were routed to output, 1 could not be routed.
2023-09-01 13:54:11|   1.2|  0.0|STATS |Final Output Nuker (TeeFactory): Cloned 1 input feature(s) into 0 output feature(s)
2023-09-01 13:54:11|   1.2|  0.0|WARN  |=-=-=-=-=-=-=-=-=-=-=-=-=-=-=-=-=-=-=-=-=-=-=-=-=-=-=-=-=-=-=-=-=-=-=-=-=-=-=-
2023-09-01 13:54:11|   1.2|  0.0|WARN  |      Features not written - verify feature type fanout/dynamic settings
2023-09-01 13:54:11|   1.2|  0.0|WARN  |=-=-=-=-=-=-=-=-=-=-=-=-=-=-=-=-=-=-=-=-=-=-=-=-=-=-=-=-=-=-=-=-=-=-=-=-=-=-=-
2023-09-01 13:54:11|   1.2|  0.0|WARN  |  (Check that fanout/dynamic feature type attribute exists and has a value)
2023-09-01 13:54:11|   1.2|  0.0|WARN  |=-=-=-=-=-=-=-=-=-=-=-=-=-=-=-=-=-=-=-=-=-=-=-=-=-=-=-=-=-=-=-=-=-=-=-=-=-=-=-
2023-09-01 13:54:11|   1.2|  0.0|WARN  |                                                                             1
2023-09-01 13:54:11|   1.2|  0.0|WARN  |==============================================================================
2023-09-01 13:54:11|   1.2|  0.0|WARN  |Total features not written                                                   1
2023-09-01 13:54:11|   1.2|  0.0|WARN  |=-=-=-=-=-=-=-=-=-=-=-=-=-=-=-=-=-=-=-=-=-=-=-=-=-=-=-=-=-=-=-=-=-=-=-=-=-=-=-
2023-09-01 13:54:11|   1.2|  0.0|STATS |=-=-=-=-=-=-=-=-=-=-=-=-=-=-=-=-=-=-=-=-=-=-=-=-=-=-=-=-=-=-=-=-=-=-=-=-=-=-=-
2023-09-01 13:54:11|   1.2|  0.0|STATS |                            Features Read Summary
2023-09-01 13:54:11|   1.2|  0.0|STATS |=-=-=-=-=-=-=-=-=-=-=-=-=-=-=-=-=-=-=-=-=-=-=-=-=-=-=-=-=-=-=-=-=-=-=-=-=-=-=-
2023-09-01 13:54:11|   1.2|  0.0|STATS |PATH                                                                      3713
2023-09-01 13:54:11|   1.2|  0.0|STATS |==============================================================================
2023-09-01 13:54:11|   1.2|  0.0|STATS |Total Features Read                                                       3713
2023-09-01 13:54:11|   1.2|  0.0|STATS |=-=-=-=-=-=-=-=-=-=-=-=-=-=-=-=-=-=-=-=-=-=-=-=-=-=-=-=-=-=-=-=-=-=-=-=-=-=-=-
2023-09-01 13:54:11|   1.2|  0.0|STATS |=-=-=-=-=-=-=-=-=-=-=-=-=-=-=-=-=-=-=-=-=-=-=-=-=-=-=-=-=-=-=-=-=-=-=-=-=-=-=-
2023-09-01 13:54:11|   1.2|  0.0|STATS |                           Features Written Summary
2023-09-01 13:54:11|   1.2|  0.0|STATS |=-=-=-=-=-=-=-=-=-=-=-=-=-=-=-=-=-=-=-=-=-=-=-=-=-=-=-=-=-=-=-=-=-=-=-=-=-=-=-
2023-09-01 13:54:11|   1.2|  0.0|STATS |==============================================================================
2023-09-01 13:54:11|   1.2|  0.0|STATS |Total Features Written                                                       0
2023-09-01 13:54:11|   1.2|  0.0|STATS |=-=-=-=-=-=-=-=-=-=-=-=-=-=-=-=-=-=-=-=-=-=-=-=-=-=-=-=-=-=-=-=-=-=-=-=-=-=-=-
2023-09-01 13:54:11|   1.2|  0.0|WARN  |-~-~-~-~-~-~-~-~-~-~-~-~-~-~-~-~-~-~-~-~-~-~-~-~-~-~-~-~-~-~-~-~-~-~-~-~-~-~-~-~-
2023-09-01 13:54:11|   1.2|  0.0|WARN  |-~                                                                             ~-
2023-09-01 13:54:11|   1.2|  0.0|WARN  |-~    Feature caches have been recorded at every stage of the translation.     ~-
2023-09-01 13:54:11|   1.2|  0.0|WARN  |-~                      To inspect the recorded features,                      ~-
2023-09-01 13:54:11|   1.2|  0.0|WARN  |-~              click the feature cache icons next to the ports.               ~-
2023-09-01 13:54:11|   1.2|  0.0|WARN  |-~                                                                             ~-
2023-09-01 13:54:11|   1.2|  0.0|WARN  |-~-~-~-~-~-~-~-~-~-~-~-~-~-~-~-~-~-~-~-~-~-~-~-~-~-~-~-~-~-~-~-~-~-~-~-~-~-~-~-~-
2023-09-01 13:54:11|   1.2|  0.0|INFORM|Translation was SUCCESSFUL with 16 warning(s) (0 feature(s) output)
2023-09-01 13:54:11|   1.2|  0.0|INFORM|FME Session Duration: 3.2 seconds. (CPU: 0.6s user, 0.6s system)
2023-09-01 13:54:11|   1.2|  0.0|INFORM|END - ProcessID: 18220, peak process memory usage: 69076 kB, current process memory usage: 63192 kB
2023-09-01 13:55:43|   0.0|  0.0|INFORM|Current FME version: FME 2022.1.3.0 (20220928 - Build 22630 - WIN64)
2023-09-01 13:55:43|   0.0|  0.0|INFORM|FME_HOME is 'C:\Program Files\FME2022_1_3\'
2023-09-01 13:55:43|   0.0|  0.0|INFORM|FME Database Edition (node locked-crc)
2023-09-01 13:55:43|   0.0|  0.0|INFORM|Serial Number: ZVY7-REY4-21GZ
2023-09-01 13:55:43|   0.0|  0.0|INFORM|Temporary License: 296 days left.
2023-09-01 13:55:43|   0.0|  0.0|INFORM|Machine host name is: EPI-4L2CTD3
2023-09-01 13:55:43|   0.0|  0.0|INFORM|OS Locale Name     : sv_SE
2023-09-01 13:55:43|   0.0|  0.0|INFORM|OS Locale Encoding : windows-1252
2023-09-01 13:55:43|   0.0|  0.0|INFORM|Process Encoding   : UTF-8
2023-09-01 13:55:43|   0.0|  0.0|INFORM|FME API version: '4.0 20220615'
2023-09-01 13:55:43|   0.0|  0.0|INFORM|FME Configuration: FME_BASE is 'no'
2023-09-01 13:55:43|   0.0|  0.0|INFORM|FME Configuration: FME_MF_DIR is 'C:\Users\krima354\Work Folders\Documents\GitHub\kix_working_dir\divFME\restore_drop_backup_idb/'
2023-09-01 13:55:43|   0.0|  0.0|INFORM|FME Configuration: FME_MF_NAME is 'restore1DBfromBackup.fmw'
2023-09-01 13:55:43|   0.0|  0.0|INFORM|FME Configuration: FME_PRODUCT_NAME is 'FME(R) 2022.1.3.0'
2023-09-01 13:55:43|   0.0|  0.0|INFORM|Operating System: Microsoft Windows 10 64-bit  (Build 19045)
2023-09-01 13:55:43|   0.0|  0.0|INFORM|FME Platform: WIN64
2023-09-01 13:55:43|   0.0|  0.0|INFORM|System Status: 318.13 GB of disk space available in the FME temporary folder (C:\Users\krima354\AppData\Local\Temp\wbrun_1693562378641_17188\fmetmp_6)
2023-09-01 13:55:43|   0.0|  0.0|INFORM|System Status: 31.73 GB of physical memory available
2023-09-01 13:55:43|   0.0|  0.0|INFORM|System Status: 126.93 GB of virtual memory available
2023-09-01 13:55:43|   0.0|  0.0|INFORM|START - ProcessID: 3424, peak process memory usage: 49812 kB, current process memory usage: 49812 kB
2023-09-01 13:55:43|   0.0|  0.0|INFORM|FME Configuration: Command line arguments are `C:\Program Files\FME2022_1_3\fme.exe' `C:/Users/krima354/Work Folders/Documents/GitHub/kix_working_dir/divFME/restore_drop_backup_idb\wb-xlate-1693569328442_17188' `LOG_STANDARDOUT' `YES' `LOG_TIMINGS' `YES' `LogCountServerName' `49258' `LOG_STANDARDOUT' `No' `WORKBENCH_LOG_SERVER' `60316'
2023-09-01 13:55:43|   0.0|  0.0|INFORM|FME Configuration: Connection Storage: 'C:\Users\krima354\AppData\Roaming\Safe Software\FME\'
2023-09-01 13:55:43|   0.0|  0.0|INFORM|Shared folders for formats are : C:\Program Files\FME2022_1_3\datasources;C:\Users\krima354\Work Folders\Documents\FME\Formats
2023-09-01 13:55:43|   0.0|  0.0|INFORM|Shared folders for transformers are : C:\Users\krima354\AppData\Roaming\Safe Software\FME\Packages\22630-win64\transformers;C:\Program Files\FME2022_1_3\transformers;C:\Users\krima354\AppData\Roaming\Safe Software\FME\FME Store\Transformers
2023-09-01 13:55:43|   0.0|  0.0|INFORM|Shared folders for coordinate systems are : C:\Users\krima354\Work Folders\Documents\FME\CoordinateSystems
2023-09-01 13:55:43|   0.0|  0.0|INFORM|Shared folders for coordinate system exceptions are : C:\Users\krima354\Work Folders\Documents\FME\CoordinateSystemExceptions
2023-09-01 13:55:43|   0.0|  0.0|INFORM|Shared folders for coordinate system grid overrides are : C:\Users\krima354\Work Folders\Documents\FME\CoordinateSystemGridOverrides
2023-09-01 13:55:43|   0.0|  0.0|INFORM|Shared folders for CS-MAP transformation exceptions are : C:\Users\krima354\Work Folders\Documents\FME\CsmapTransformationExceptions
2023-09-01 13:55:43|   0.0|  0.0|INFORM|Shared folders for transformer categories are : C:\Users\krima354\Work Folders\Documents\FME\TransformerCategories
2023-09-01 13:55:43|   0.0|  0.0|INFORM|Mapping File Identifier is: SAUimportIntrasis
2023-09-01 13:55:43|   0.0|  0.0|INFORM|FME Configuration: Reader Keyword is `MULTI_READER'
2023-09-01 13:55:43|   0.0|  0.0|INFORM|FME Configuration: Writer Keyword is `NULL_DEST'
2023-09-01 13:55:43|   0.0|  0.0|INFORM|FME Configuration: Writer Group Definition Keyword is `NULL_DEST_DEF'
2023-09-01 13:55:43|   0.0|  0.0|INFORM|FME Configuration: Reader type is `MULTI_READER'
2023-09-01 13:55:43|   0.0|  0.0|INFORM|FME Configuration: Writer type is `NULL'
2023-09-01 13:55:43|   0.0|  0.0|INFORM|FME Configuration: No destination coordinate system set
2023-09-01 13:55:43|   0.0|  0.0|INFORM|FME Configuration: Current working folder is `C:\Users\krima354\Work Folders\Documents\GitHub\kix_working_dir\divFME\restore_drop_backup_idb'
2023-09-01 13:55:43|   0.0|  0.0|INFORM|FME Configuration: Temporary folder is `C:\Users\krima354\AppData\Local\Temp\wbrun_1693562378641_17188\fmetmp_6', set from environment variable `FME_TEMP'
2023-09-01 13:55:43|   0.0|  0.0|INFORM|FME Configuration: Cache folder is 'C:\Users\krima354\AppData\Local\Temp'
2023-09-01 13:55:43|   0.0|  0.0|INFORM|FME Configuration: FME_HOME is `C:\Program Files\FME2022_1_3\'
2023-09-01 13:55:43|   0.0|  0.0|INFORM|FME Configuration: Start freeing memory when the process exceeds 95.20 GB
2023-09-01 13:55:43|   0.0|  0.0|INFORM|FME Configuration: Stop freeing memory when the process is below 71.40 GB
2023-09-01 13:55:43|   0.0|  0.0|INFORM|Creating writer for format: NULL (Nothing)
2023-09-01 13:55:43|   0.0|  0.0|INFORM|Trying to find a DYNAMIC plugin for writer named `NULL'
2023-09-01 13:55:43|   0.0|  0.0|INFORM|Loaded module 'NULL' from file 'C:\Program Files\FME2022_1_3\plugins/NULL.dll'
2023-09-01 13:55:43|   0.0|  0.0|INFORM|FME API version of module 'NULL' matches current internal version (4.0 20220615)
2023-09-01 13:55:43|   0.0|  0.0|INFORM|Creating reader for format: 
2023-09-01 13:55:43|   0.0|  0.0|INFORM|MULTI_READER(MULTI_READER): Will fail with first member reader failure
2023-09-01 13:55:43|   0.0|  0.0|INFORM|MULTI_READER(MULTI_READER): Adding PATH Reader with keyword PATH_1
2023-09-01 13:55:43|   0.0|  0.0|INFORM|Using Multi Reader with keyword `MULTI_READER' to read multiple datasets
2023-09-01 13:55:43|   0.0|  0.0|INFORM|Creating reader for format: Directory and File Pathnames
2023-09-01 13:55:43|   0.0|  0.0|INFORM|Trying to find a DYNAMIC plugin for reader named `PATH'
2023-09-01 13:55:43|   0.0|  0.0|INFORM|Loaded module 'PATH' from file 'C:\Program Files\FME2022_1_3\plugins/PATH.dll'
2023-09-01 13:55:43|   0.0|  0.0|INFORM|FME API version of module 'PATH' matches current internal version (4.0 20220615)
2023-09-01 13:55:43|   0.0|  0.0|INFORM|Path Reader: Opening the PATH Reader on folder 'C:\Users\krima354\Box\Urdar\DBackup'
2023-09-01 13:55:43|   0.0|  0.0|INFORM|Path Reader: Using Glob Pattern '*.dump'
2023-09-01 13:55:43|   0.0|  0.0|INFORM|Path Reader: Allowed Path Type set to 'ANY'
2023-09-01 13:55:43|   0.0|  0.0|INFORM|Path Reader: Recurse into subdirectories 'false'
2023-09-01 13:55:43|   0.0|  0.0|INFORM|Path Reader: Retrieve file properties 'false'
2023-09-01 13:55:44|   0.1|  0.1|INFORM|Loaded module 'LogCount_func' from file 'C:\Program Files\FME2022_1_3\plugins/LogCount_func.dll'
2023-09-01 13:55:44|   0.1|  0.0|INFORM|FME API version of module 'LogCount_func' matches current internal version (4.0 20220615)
2023-09-01 13:55:44|   0.1|  0.0|INFORM|Loaded module 'Geometry_func' from file 'C:\Program Files\FME2022_1_3\plugins/Geometry_func.dll'
2023-09-01 13:55:44|   0.1|  0.0|INFORM|FME API version of module 'Geometry_func' matches current internal version (4.0 20220615)
2023-09-01 13:55:45|   0.8|  0.7|INFORM|Reading source feature # 2500
2023-09-01 13:55:46|   1.0|  0.2|INFORM|Path Reader: Closing the PATH Reader
2023-09-01 13:55:46|   1.0|  0.0|INFORM|MULTI_READER(MULTI_READER): Done reading 3713 features from 1 readers
2023-09-01 13:55:46|   1.0|  0.0|INFORM|Emptying factory pipeline
2023-09-01 13:55:46|   1.0|  0.0|STATS |Router and Unexpected Input Remover (RoutingFactory): Tested 3713 input feature(s), wrote 3713 output feature(s): 3713 matched merge filters, 3713 were routed to output, 0 could not be routed.
2023-09-01 13:55:46|   1.0|  0.0|STATS |Unwanted Router Input Nuker (TeeFactory): Cloned 0 input feature(s) into 0 output feature(s)
2023-09-01 13:55:46|   1.0|  0.0|STATS |PATH_PATH_1 Splitter (TeeFactory): Cloned 3713 input feature(s) into 3713 output feature(s)
2023-09-01 13:55:46|   1.0|  0.0|STATS |Creator_XML_Creator (CreationFactory): Created 1 features
2023-09-01 13:55:46|   1.0|  0.0|STATS |Creator_Cloner (TeeFactory): Cloned 1 input feature(s) into 1 output feature(s)
2023-09-01 13:55:46|   1.0|  0.0|STATS |Creator_CREATED Brancher -1 26 (BranchingFactory): Branched 1 input feature -- 1 feature routed to the target factory, and 0 features routed to the fallback factory.
2023-09-01 13:55:46|   1.0|  0.0|STATS |_CREATOR_BRANCH_TARGET (TeeFactory): Cloned 3714 input feature(s) into 3714 output feature(s)
2023-09-01 13:55:46|   1.0|  0.0|STATS |GeometryRemover (TeeFactory): Cloned 1 input feature(s) into 1 output feature(s)
2023-09-01 13:55:46|   1.1|  0.1|INFORM|SystemCaller_3: Executing `""C:/Program Files/PostgreSQL/11/bin/psql.exe" -h localhost  -p 5432 -U postgres -c "CREATE DATABASE  uv2010233  WITH TEMPLATE = urdar_template ENCODING = 'UTF8'"'
2023-09-01 13:55:46|   1.1|  0.0|INFORM|SystemCaller: Executing `""C:/Program Files/PostgreSQL/11/bin/pg_restore.exe" -h localhost  -p 5432 -U postgres  -w -d uv2010233 -O -x -c --no-security-labels "C:\Users\krima354\Box\Urdar\DBackup\UV2010233.dump""
'
2023-09-01 13:55:47|   1.1|  0.0|WARN  |SystemCaller: Failed to Execute `""C:/Program Files/PostgreSQL/11/bin/pg_restore.exe" -h localhost  -p 5432 -U postgres  -w -d uv2010233 -O -x -c --no-security-labels "C:\Users\krima354\Box\Urdar\DBackup\UV2010233.dump""
'
2023-09-01 13:55:47|   1.1|  0.0|STATS |FeatureMerger (ReferenceFactory): Total Results: 1 Complete Feature(s), 0 Incomplete Feature(s), 1 Referenced Feature(s), 3712 Unreferenced Feature(s), 0 Referencer Feature(s) (NO REFERENCES), 0 Referencee Feature(s) (NO Referencee fields defined), and 0 Duplicate Referencee Feature(s)
2023-09-01 13:55:47|   1.1|  0.0|STATS |SystemCaller_3 (TeeFactory): Cloned 1 input feature(s) into 1 output feature(s)
2023-09-01 13:55:47|   1.1|  0.0|STATS |SystemCaller (TeeFactory): Cloned 1 input feature(s) into 1 output feature(s)
2023-09-01 13:55:47|   1.1|  0.0|STATS |Destination Feature Type Routing Correlator (RoutingFactory): Tested 0 input feature(s), wrote 0 output feature(s): 0 matched merge filters, 0 were routed to output, 0 could not be routed.
2023-09-01 13:55:47|   1.1|  0.0|STATS |Final Output Nuker (TeeFactory): Cloned 0 input feature(s) into 0 output feature(s)
2023-09-01 13:55:47|   1.1|  0.0|STATS |=-=-=-=-=-=-=-=-=-=-=-=-=-=-=-=-=-=-=-=-=-=-=-=-=-=-=-=-=-=-=-=-=-=-=-=-=-=-=-
2023-09-01 13:55:47|   1.1|  0.0|STATS |                            Features Read Summary
2023-09-01 13:55:47|   1.1|  0.0|STATS |=-=-=-=-=-=-=-=-=-=-=-=-=-=-=-=-=-=-=-=-=-=-=-=-=-=-=-=-=-=-=-=-=-=-=-=-=-=-=-
2023-09-01 13:55:47|   1.1|  0.0|STATS |PATH                                                                      3713
2023-09-01 13:55:47|   1.1|  0.0|STATS |==============================================================================
2023-09-01 13:55:47|   1.1|  0.0|STATS |Total Features Read                                                       3713
2023-09-01 13:55:47|   1.1|  0.0|STATS |=-=-=-=-=-=-=-=-=-=-=-=-=-=-=-=-=-=-=-=-=-=-=-=-=-=-=-=-=-=-=-=-=-=-=-=-=-=-=-
2023-09-01 13:55:47|   1.1|  0.0|STATS |=-=-=-=-=-=-=-=-=-=-=-=-=-=-=-=-=-=-=-=-=-=-=-=-=-=-=-=-=-=-=-=-=-=-=-=-=-=-=-
2023-09-01 13:55:47|   1.1|  0.0|STATS |                           Features Written Summary
2023-09-01 13:55:47|   1.1|  0.0|STATS |=-=-=-=-=-=-=-=-=-=-=-=-=-=-=-=-=-=-=-=-=-=-=-=-=-=-=-=-=-=-=-=-=-=-=-=-=-=-=-
2023-09-01 13:55:47|   1.1|  0.0|STATS |==============================================================================
2023-09-01 13:55:47|   1.1|  0.0|STATS |Total Features Written                                                       0
2023-09-01 13:55:47|   1.1|  0.0|STATS |=-=-=-=-=-=-=-=-=-=-=-=-=-=-=-=-=-=-=-=-=-=-=-=-=-=-=-=-=-=-=-=-=-=-=-=-=-=-=-
2023-09-01 13:55:47|   1.1|  0.0|WARN  |-~-~-~-~-~-~-~-~-~-~-~-~-~-~-~-~-~-~-~-~-~-~-~-~-~-~-~-~-~-~-~-~-~-~-~-~-~-~-~-~-
2023-09-01 13:55:47|   1.1|  0.0|WARN  |-~                                                                             ~-
2023-09-01 13:55:47|   1.1|  0.0|WARN  |-~    Feature caches have been recorded at every stage of the translation.     ~-
2023-09-01 13:55:47|   1.1|  0.0|WARN  |-~                      To inspect the recorded features,                      ~-
2023-09-01 13:55:47|   1.1|  0.0|WARN  |-~              click the feature cache icons next to the ports.               ~-
2023-09-01 13:55:47|   1.1|  0.0|WARN  |-~                                                                             ~-
2023-09-01 13:55:47|   1.1|  0.0|WARN  |-~-~-~-~-~-~-~-~-~-~-~-~-~-~-~-~-~-~-~-~-~-~-~-~-~-~-~-~-~-~-~-~-~-~-~-~-~-~-~-~-
2023-09-01 13:55:47|   1.1|  0.0|INFORM|Translation was SUCCESSFUL with 8 warning(s) (0 feature(s) output)
2023-09-01 13:55:47|   1.1|  0.0|INFORM|FME Session Duration: 4.4 seconds. (CPU: 0.5s user, 0.6s system)
2023-09-01 13:55:47|   1.1|  0.0|INFORM|END - ProcessID: 3424, peak process memory usage: 69752 kB, current process memory usage: 63292 kB
