2022-11-03 14:15:54|   0.0|  0.0|INFORM|Current FME version: FME 2022.1.3.0 (20220928 - Build 22630 - WIN64)
2022-11-03 14:15:54|   0.0|  0.0|INFORM|FME_HOME is 'C:\Program Files\FME2022_1_3\'
2022-11-03 14:15:54|   0.0|  0.0|INFORM|FME Database Edition (node locked-crc)
2022-11-03 14:15:54|   0.0|  0.0|INFORM|Serial Number: GN3A-3NG9-21YZ
2022-11-03 14:15:54|   0.0|  0.0|INFORM|Temporary License: 232 days left.
2022-11-03 14:15:54|   0.0|  0.0|INFORM|Machine host name is: EPI-4L2CTD3
2022-11-03 14:15:54|   0.0|  0.0|INFORM|OS Locale Name     : sv_SE
2022-11-03 14:15:54|   0.0|  0.0|INFORM|OS Locale Encoding : windows-1252
2022-11-03 14:15:54|   0.0|  0.0|INFORM|Process Encoding   : UTF-8
2022-11-03 14:15:54|   0.0|  0.0|INFORM|FME API version: '4.0 20220615'
2022-11-03 14:15:54|   0.0|  0.0|INFORM|FME Configuration: FME_BASE is 'no'
2022-11-03 14:15:54|   0.0|  0.0|INFORM|FME Configuration: FME_MF_DIR is 'C:\Users\krima354\Work Folders\Documents\GitHub\kix_working_dir\dap\shape2postgis2gpck_csv/'
2022-11-03 14:15:54|   0.0|  0.0|INFORM|FME Configuration: FME_MF_NAME is '1_LookupTableGenerator.fmw'
2022-11-03 14:15:54|   0.0|  0.0|INFORM|FME Configuration: FME_PRODUCT_NAME is 'FME(R) 2022.1.3.0'
2022-11-03 14:15:54|   0.0|  0.0|INFORM|Operating System: Microsoft Windows 10 64-bit  (Build 19044)
2022-11-03 14:15:54|   0.0|  0.0|INFORM|FME Platform: WIN64
2022-11-03 14:15:54|   0.0|  0.0|INFORM|System Status: 592.11 GB of disk space available in the FME temporary folder (C:\Users\krima354\AppData\Local\Temp\wbrun_1667481294773_11512\fmetmp_0)
2022-11-03 14:15:54|   0.0|  0.0|INFORM|System Status: 31.73 GB of physical memory available
2022-11-03 14:15:54|   0.0|  0.0|INFORM|System Status: 126.93 GB of virtual memory available
2022-11-03 14:15:54|   0.0|  0.0|INFORM|START - ProcessID: 2428, peak process memory usage: 50088 kB, current process memory usage: 50088 kB
2022-11-03 14:15:54|   0.0|  0.0|INFORM|FME Configuration: Command line arguments are `C:\Program Files\FME2022_1_3\fme.exe' `C:/Users/krima354/Work Folders/Documents/GitHub/kix_working_dir/dap/shape2postgis2gpck_csv\wb-xlate-1667481304678_11512' `LOG_STANDARDOUT' `YES' `LOG_TIMINGS' `YES' `LogCountServerName' `63554' `LOG_STANDARDOUT' `No' `WORKBENCH_LOG_SERVER' `63534'
2022-11-03 14:15:54|   0.0|  0.0|INFORM|FME Configuration: Connection Storage: 'C:\Users\krima354\AppData\Roaming\Safe Software\FME\'
2022-11-03 14:15:54|   0.0|  0.0|INFORM|Shared folders for formats are : C:\Program Files\FME2022_1_3\datasources;C:\Users\krima354\Work Folders\Documents\FME\Formats
2022-11-03 14:15:54|   0.0|  0.0|INFORM|Shared folders for transformers are : C:\Users\krima354\AppData\Roaming\Safe Software\FME\Packages\22630-win64\transformers;C:\Program Files\FME2022_1_3\transformers
2022-11-03 14:15:54|   0.0|  0.0|INFORM|Shared folders for coordinate systems are : C:\Users\krima354\Work Folders\Documents\FME\CoordinateSystems
2022-11-03 14:15:54|   0.0|  0.0|INFORM|Shared folders for coordinate system exceptions are : C:\Users\krima354\Work Folders\Documents\FME\CoordinateSystemExceptions
2022-11-03 14:15:54|   0.0|  0.0|INFORM|Shared folders for coordinate system grid overrides are : C:\Users\krima354\Work Folders\Documents\FME\CoordinateSystemGridOverrides
2022-11-03 14:15:54|   0.0|  0.0|INFORM|Shared folders for CS-MAP transformation exceptions are : C:\Users\krima354\Work Folders\Documents\FME\CsmapTransformationExceptions
2022-11-03 14:15:54|   0.0|  0.0|INFORM|Shared folders for transformer categories are : C:\Users\krima354\Work Folders\Documents\FME\TransformerCategories
2022-11-03 14:15:54|   0.0|  0.0|INFORM|Mapping File Identifier is: LookupTableGenerator
2022-11-03 14:15:54|   0.0|  0.0|INFORM|The workspace was authored with a system encoding of 'windows-1252'. This will be the encoding used for names in this translation. Re-creating the workspace with a utf-8 system will enable FME to use utf-8 names
2022-11-03 14:15:54|   0.0|  0.0|INFORM|FME Configuration: Reader Keyword is `MULTI_READER'
2022-11-03 14:15:54|   0.0|  0.0|INFORM|FME Configuration: Writer Keyword is `MULTI_WRITER'
2022-11-03 14:15:54|   0.0|  0.0|INFORM|FME Configuration: Writer Group Definition Keyword is `MULTI_WRITER_DEF'
2022-11-03 14:15:54|   0.0|  0.0|INFORM|FME Configuration: Reader type is `MULTI_READER'
2022-11-03 14:15:54|   0.0|  0.0|INFORM|FME Configuration: Writer type is `MULTI_WRITER'
2022-11-03 14:15:54|   0.0|  0.0|INFORM|FME Configuration: No destination coordinate system set
2022-11-03 14:15:54|   0.0|  0.0|INFORM|FME Configuration: Current working folder is `C:\Users\krima354\Work Folders\Documents\GitHub\kix_working_dir\dap\shape2postgis2gpck_csv'
2022-11-03 14:15:54|   0.0|  0.0|INFORM|FME Configuration: Temporary folder is `C:\Users\krima354\AppData\Local\Temp\wbrun_1667481294773_11512\fmetmp_0', set from environment variable `FME_TEMP'
2022-11-03 14:15:54|   0.0|  0.0|INFORM|FME Configuration: Cache folder is 'C:\Users\krima354\AppData\Local\Temp'
2022-11-03 14:15:54|   0.0|  0.0|INFORM|FME Configuration: FME_HOME is `C:\Program Files\FME2022_1_3\'
2022-11-03 14:15:54|   0.0|  0.0|INFORM|FME Configuration: Start freeing memory when the process exceeds 95.20 GB
2022-11-03 14:15:54|   0.0|  0.0|INFORM|FME Configuration: Stop freeing memory when the process is below 71.40 GB
2022-11-03 14:15:54|   0.0|  0.0|INFORM|Creating writer for format: 
2022-11-03 14:15:54|   0.0|  0.0|INFORM|Creating reader for format: 
2022-11-03 14:15:54|   0.0|  0.0|INFORM|MULTI_READER(MULTI_READER): Will fail with first member reader failure
2022-11-03 14:15:54|   0.0|  0.0|INFORM|MULTI_READER(MULTI_READER): Adding SCHEMA Reader with keyword SCHEMA_1
2022-11-03 14:15:54|   0.0|  0.0|INFORM|Using Multi Reader with keyword `MULTI_READER' to read multiple datasets
2022-11-03 14:15:54|   0.0|  0.0|INFORM|FME Configuration: Reading 10 dataset(s) with SCHEMA reader identified by SCHEMA_1
2022-11-03 14:15:54|   0.0|  0.0|INFORM|Creating reader for format: Schema (Any Format)
2022-11-03 14:15:54|   0.0|  0.0|INFORM|MULTI_READER(SCHEMA_1): Will continue past member reader failures
2022-11-03 14:15:54|   0.0|  0.0|INFORM|MULTI_READER(SCHEMA_1): Adding SCHEMA Reader with keyword SCHEMA_1
2022-11-03 14:15:54|   0.0|  0.0|INFORM|Using Multi Reader with keyword `SCHEMA_1' to read multiple datasets
2022-11-03 14:15:54|   0.0|  0.0|INFORM|Creating reader for format: Schema (Any Format)
2022-11-03 14:15:54|   0.0|  0.0|INFORM|Trying to find a DYNAMIC plugin for reader named `SCHEMA'
2022-11-03 14:15:54|   0.0|  0.0|INFORM|Loaded module 'SCHEMA' from file 'C:\Program Files\FME2022_1_3\plugins/generic.dll'
2022-11-03 14:15:54|   0.0|  0.0|INFORM|FME API version of module 'generic' matches current internal version (4.0 20220615)
2022-11-03 14:15:54|   0.0|  0.0|INFORM|Generic Reader: No format specific settings have been found for the SHAPEFILE Reader -- default values as documented in the Reader/Writer manual will be used
2022-11-03 14:15:54|   0.0|  0.0|INFORM|Creating reader for format: Esri Shapefile
2022-11-03 14:15:54|   0.0|  0.0|INFORM|Trying to find a DYNAMIC plugin for reader named `SHAPEFILE'
2022-11-03 14:15:54|   0.0|  0.0|INFORM|Loaded module 'SHAPEFILE' from file 'C:\Program Files\FME2022_1_3\plugins/shapefile_dbase.dll'
2022-11-03 14:15:54|   0.0|  0.0|INFORM|FME API version of module 'shapefile_dbase' matches current internal version (4.0 20220615)
2022-11-03 14:15:54|   0.0|  0.0|INFORM|Opening the SCHEMA Reader on dataset `C:\Users\krima354\Work Folders\Documents\kicki_arbetsfiler\dap\indata\Gävleborg 2_bearbetat\Länsmuseet Gävleborg_2008_07 Hästboberget\Undersökt_yta1.shp'
2022-11-03 14:15:54|   0.0|  0.0|INFORM|Using MultiWriter with keyword `MULTI_WRITER' to output data (ID_ATTRIBUTE is `multi_writer_id')
2022-11-03 14:15:54|   0.0|  0.0|INFORM|Writer output will be ordered by value of multi_writer_id
2022-11-03 14:15:54|   0.0|  0.0|INFORM|Loaded module 'LogCount_func' from file 'C:\Program Files\FME2022_1_3\plugins/LogCount_func.dll'
2022-11-03 14:15:54|   0.0|  0.0|INFORM|FME API version of module 'LogCount_func' matches current internal version (4.0 20220615)
2022-11-03 14:15:54|   0.0|  0.0|INFORM|Loaded module 'Geometry_func' from file 'C:\Program Files\FME2022_1_3\plugins/Geometry_func.dll'
2022-11-03 14:15:54|   0.0|  0.0|INFORM|FME API version of module 'Geometry_func' matches current internal version (4.0 20220615)
2022-11-03 14:15:54|   0.0|  0.0|INFORM|ListExploder (ElementFactory): Using LEAN_AND_MEAN processing mode
2022-11-03 14:15:54|   0.1|  0.1|INFORM|Loaded module 'DuplicateRemoverFactory' from file 'C:\Program Files\FME2022_1_3\plugins/DuplicateRemoverFactory.dll'
2022-11-03 14:15:54|   0.1|  0.0|INFORM|FME API version of module 'DuplicateRemoverFactory' matches current internal version (4.0 20220615)
2022-11-03 14:15:54|   0.1|  0.0|INFORM|Creating reader for format: Esri Shapefile
2022-11-03 14:15:54|   0.1|  0.0|INFORM|Trying to find a DYNAMIC plugin for reader named `SHAPEFILE'
2022-11-03 14:15:54|   0.2|  0.1|INFORM|The OGC definition of the FME coordinate system '_SWEREF-99-TM_0' is 'PROJCS["SWEREF99_TM",GEOGCS["GCS_SWEREF99",DATUM["D_SWEREF99",SPHEROID["GRS_1980",6378137.0,298.257222101]],PRIMEM["Greenwich",0.0],UNIT["Degree",0.0174532925199433]],PROJECTION["Transverse_Mercator"],PARAMETER["False_Easting",500000.0],PARAMETER["False_Northing",0.0],PARAMETER["Central_Meridian",15.0],PARAMETER["Scale_Factor",0.9996],PARAMETER["Latitude_Of_Origin",0.0],UNIT["Meter",1.0]]'
2022-11-03 14:15:54|   0.2|  0.0|WARN  |Shapefile Reader: Input dataset 'C:\Users\krima354\Work Folders\Documents\kicki_arbetsfiler\dap\indata\Gävleborg 2_bearbetat\Länsmuseet Gävleborg_2008_07 Hästboberget\Undersökt_yta1.shp' contains a Record Index file that is not a sufficient length to be useful and will be ignored. Features can still be read but performance may be impacted
2022-11-03 14:15:54|   0.2|  0.0|INFORM|Shapefile reader: Reading dataset with encoding 'windows-1252' as determined by 'System Encoding as Fallback'
2022-11-03 14:15:54|   0.2|  0.0|INFORM|FME Configuration: Source coordinate system for reader SCHEMA_1[SCHEMA] set to `_SWEREF-99-TM_0' as read from input data
2022-11-03 14:15:54|   0.2|  0.0|INFORM|Coordinate System `_SWEREF-99-TM_0' parameters: CS_NAME=`_SWEREF-99-TM_0' CS_ORIGINAL_NAME=`SWEREF-99-TM' DESC_NM=`SWEREF 99 TM' DT_NAME=`SWEREF99' EPSG_QD=`-1' ESRI_WKT=`PROJCS["SWEREF99_TM",GEOGCS["GCS_SWEREF99",DATUM["D_SWEREF99",SPHEROID["GRS_1980",6378137.0,298.257222101]],PRIMEM["Greenwich",0.0],UNIT["Degree",0.0174532925199433]],PROJECTION["Transverse_Mercator"],PARAMETER["False_Easting",500000.0],PARAMETER["False_Northing",0.0],PARAMETER["Central_Meridian",15.0],PARAMETER["Scale_Factor",0.9996],PARAMETER["Latitude_Of_Origin",0.0],UNIT["Meter",1.0]]' GROUP=`EUROPE' MAP_SCL=`1' MAX_LAT=`70.48333333333333' MAX_LNG=`25.883333333333333' MIN_LAT=`53.81666666666667' MIN_LNG=`8.866666666666667' PARM1=`15' PROJ=`TM' QUAD=`1' SCL_RED=`0.9996' SOURCE=`National Land Survey of Sweden' UNIT=`METER' X_OFF=`500000'
2022-11-03 14:15:54|   0.3|  0.1|INFORM|Creating writer for format: CSV (Comma Separated Value) (replaced by CSV2)
2022-11-03 14:15:54|   0.3|  0.0|INFORM|Trying to find a DYNAMIC plugin for writer named `CSV'
2022-11-03 14:15:54|   0.3|  0.0|INFORM|Loaded module 'CSV' from file 'C:\Program Files\FME2022_1_3\plugins/CSV.dll'
2022-11-03 14:15:54|   0.3|  0.0|INFORM|FME API version of module 'CSV' matches current internal version (4.0 20220615)
2022-11-03 14:15:54|   0.3|  0.0|INFORM|FME Configuration: No destination coordinate system set
2022-11-03 14:15:54|   0.3|  0.0|INFORM|Writer `CSV_1' of type `CSV' using group definition keyword `CSV_1_DEF'
2022-11-03 14:15:54|   0.3|  0.0|INFORM|CSV Writer: Quoting only output fields that contain " or ,
2022-11-03 14:15:54|   0.3|  0.0|INFORM|CSV Writer: Append to File: no
2022-11-03 14:15:54|   0.3|  0.0|INFORM|CSV Writer: Output Field Names on First Line: yes
2022-11-03 14:15:54|   0.3|  0.0|INFORM|CSV Writer: Separator Character: ','
2022-11-03 14:15:54|   0.3|  0.0|INFORM|CSV Writer: Extension: '.csv'
2022-11-03 14:15:54|   0.3|  0.0|INFORM|CSV Writer: Quote Output Values: yes
2022-11-03 14:15:54|   0.3|  0.0|INFORM|CSV Writer: Quote Field Names: no
2022-11-03 14:15:54|   0.3|  0.0|INFORM|CSV Writer: Line Termination: Windows
2022-11-03 14:15:54|   0.3|  0.0|INFORM|CSV Writer: Write UTF-8 BOM: yes
2022-11-03 14:15:54|   0.3|  0.0|INFORM|CSV Writer: Truncating values based on attribute types: yes
2022-11-03 14:15:54|   0.3|  0.0|INFORM|CSV Writer: Using permissive attribute value conversion: no
2022-11-03 14:15:54|   0.3|  0.0|INFORM|Creating writer for format: Tabular Data
2022-11-03 14:15:54|   0.3|  0.0|INFORM|FME Configuration: No destination coordinate system set
2022-11-03 14:15:54|   0.3|  0.0|INFORM|Using Table Writer to write tabular files to folder `C:\Users\krima354\Work Folders\Documents\kicki_arbetsfiler\dap\utdata\hastboberget'
2022-11-03 14:15:54|   0.3|  0.0|INFORM|Opened Separated Value File C:\Users\krima354\Work Folders\Documents\kicki_arbetsfiler\dap\utdata\hastboberget\AttributeMappingTable.csv for output with delimiter `,'
2022-11-03 14:15:55|   0.3|  0.0|INFORM|Creating writer for format: Tabular Data
2022-11-03 14:15:55|   0.3|  0.0|INFORM|FME Configuration: No destination coordinate system set
2022-11-03 14:15:55|   0.3|  0.0|INFORM|Using Table Writer to write tabular files to folder `C:\Users\krima354\Work Folders\Documents\kicki_arbetsfiler\dap\utdata\hastboberget'
2022-11-03 14:15:55|   0.3|  0.0|INFORM|FME Configuration: Destination coordinate system set to input coordinate system `_SWEREF-99-TM_0'
2022-11-03 14:15:55|   0.3|  0.0|INFORM|Opened Separated Value File C:\Users\krima354\Work Folders\Documents\kicki_arbetsfiler\dap\utdata\hastboberget\FeatureTypeMappingTable.csv for output with delimiter `,'
2022-11-03 14:15:55|   0.3|  0.0|INFORM|Closing the SCHEMA Reader
2022-11-03 14:15:55|   0.3|  0.0|INFORM|Creating reader for format: Schema (Any Format)
2022-11-03 14:15:55|   0.3|  0.0|INFORM|Trying to find a DYNAMIC plugin for reader named `SCHEMA'
2022-11-03 14:15:55|   0.3|  0.0|INFORM|Generic Reader: No format specific settings have been found for the SHAPEFILE Reader -- default values as documented in the Reader/Writer manual will be used
2022-11-03 14:15:55|   0.3|  0.0|INFORM|Creating reader for format: Esri Shapefile
2022-11-03 14:15:55|   0.3|  0.0|INFORM|Trying to find a DYNAMIC plugin for reader named `SHAPEFILE'
2022-11-03 14:15:55|   0.3|  0.0|INFORM|Opening the SCHEMA Reader on dataset `C:\Users\krima354\Work Folders\Documents\kicki_arbetsfiler\dap\indata\Gävleborg 2_bearbetat\Länsmuseet Gävleborg_2008_07 Hästboberget\NaturstenStick1.shp'
2022-11-03 14:15:55|   0.3|  0.0|INFORM|Creating reader for format: Esri Shapefile
2022-11-03 14:15:55|   0.3|  0.0|INFORM|Trying to find a DYNAMIC plugin for reader named `SHAPEFILE'
2022-11-03 14:15:55|   0.3|  0.0|INFORM|Shapefile reader: Reading dataset with encoding 'windows-1252' as determined by 'System Encoding as Fallback'
2022-11-03 14:15:55|   0.3|  0.0|INFORM|FME Configuration: Source coordinate system for reader SCHEMA_1[SCHEMA] set to `_SWEREF-99-TM_0' as read from input data
2022-11-03 14:15:55|   0.3|  0.0|INFORM|Coordinate System `_SWEREF-99-TM_0' parameters: CS_NAME=`_SWEREF-99-TM_0' CS_ORIGINAL_NAME=`SWEREF-99-TM' DESC_NM=`SWEREF 99 TM' DT_NAME=`SWEREF99' EPSG_QD=`-1' ESRI_WKT=`PROJCS["SWEREF99_TM",GEOGCS["GCS_SWEREF99",DATUM["D_SWEREF99",SPHEROID["GRS_1980",6378137.0,298.257222101]],PRIMEM["Greenwich",0.0],UNIT["Degree",0.0174532925199433]],PROJECTION["Transverse_Mercator"],PARAMETER["False_Easting",500000.0],PARAMETER["False_Northing",0.0],PARAMETER["Central_Meridian",15.0],PARAMETER["Scale_Factor",0.9996],PARAMETER["Latitude_Of_Origin",0.0],UNIT["Meter",1.0]]' GROUP=`EUROPE' MAP_SCL=`1' MAX_LAT=`70.48333333333333' MAX_LNG=`25.883333333333333' MIN_LAT=`53.81666666666667' MIN_LNG=`8.866666666666667' PARM1=`15' PROJ=`TM' QUAD=`1' SCL_RED=`0.9996' SOURCE=`National Land Survey of Sweden' UNIT=`METER' X_OFF=`500000'
2022-11-03 14:15:55|   0.3|  0.0|INFORM|Closing the SCHEMA Reader
2022-11-03 14:15:55|   0.3|  0.0|INFORM|Creating reader for format: Schema (Any Format)
2022-11-03 14:15:55|   0.3|  0.0|INFORM|Trying to find a DYNAMIC plugin for reader named `SCHEMA'
2022-11-03 14:15:55|   0.3|  0.0|INFORM|Generic Reader: No format specific settings have been found for the SHAPEFILE Reader -- default values as documented in the Reader/Writer manual will be used
2022-11-03 14:15:55|   0.3|  0.0|INFORM|Creating reader for format: Esri Shapefile
2022-11-03 14:15:55|   0.3|  0.0|INFORM|Trying to find a DYNAMIC plugin for reader named `SHAPEFILE'
2022-11-03 14:15:55|   0.3|  0.0|INFORM|Opening the SCHEMA Reader on dataset `C:\Users\krima354\Work Folders\Documents\kicki_arbetsfiler\dap\indata\Gävleborg 2_bearbetat\Länsmuseet Gävleborg_2008_07 Hästboberget\Natursten_stick 2.shp'
2022-11-03 14:15:55|   0.3|  0.0|INFORM|Creating reader for format: Esri Shapefile
2022-11-03 14:15:55|   0.3|  0.0|INFORM|Trying to find a DYNAMIC plugin for reader named `SHAPEFILE'
2022-11-03 14:15:55|   0.3|  0.0|INFORM|Shapefile reader: Reading dataset with encoding 'windows-1252' as determined by 'System Encoding as Fallback'
2022-11-03 14:15:55|   0.3|  0.0|INFORM|FME Configuration: Source coordinate system for reader SCHEMA_1[SCHEMA] set to `_SWEREF-99-TM_0' as read from input data
2022-11-03 14:15:55|   0.3|  0.0|INFORM|Coordinate System `_SWEREF-99-TM_0' parameters: CS_NAME=`_SWEREF-99-TM_0' CS_ORIGINAL_NAME=`SWEREF-99-TM' DESC_NM=`SWEREF 99 TM' DT_NAME=`SWEREF99' EPSG_QD=`-1' ESRI_WKT=`PROJCS["SWEREF99_TM",GEOGCS["GCS_SWEREF99",DATUM["D_SWEREF99",SPHEROID["GRS_1980",6378137.0,298.257222101]],PRIMEM["Greenwich",0.0],UNIT["Degree",0.0174532925199433]],PROJECTION["Transverse_Mercator"],PARAMETER["False_Easting",500000.0],PARAMETER["False_Northing",0.0],PARAMETER["Central_Meridian",15.0],PARAMETER["Scale_Factor",0.9996],PARAMETER["Latitude_Of_Origin",0.0],UNIT["Meter",1.0]]' GROUP=`EUROPE' MAP_SCL=`1' MAX_LAT=`70.48333333333333' MAX_LNG=`25.883333333333333' MIN_LAT=`53.81666666666667' MIN_LNG=`8.866666666666667' PARM1=`15' PROJ=`TM' QUAD=`1' SCL_RED=`0.9996' SOURCE=`National Land Survey of Sweden' UNIT=`METER' X_OFF=`500000'
2022-11-03 14:15:55|   0.3|  0.0|INFORM|Closing the SCHEMA Reader
2022-11-03 14:15:55|   0.4|  0.1|INFORM|Creating reader for format: Schema (Any Format)
2022-11-03 14:15:55|   0.4|  0.0|INFORM|Trying to find a DYNAMIC plugin for reader named `SCHEMA'
2022-11-03 14:15:55|   0.4|  0.0|INFORM|Generic Reader: No format specific settings have been found for the SHAPEFILE Reader -- default values as documented in the Reader/Writer manual will be used
2022-11-03 14:15:55|   0.4|  0.0|INFORM|Creating reader for format: Esri Shapefile
2022-11-03 14:15:55|   0.4|  0.0|INFORM|Trying to find a DYNAMIC plugin for reader named `SHAPEFILE'
2022-11-03 14:15:55|   0.4|  0.0|INFORM|Opening the SCHEMA Reader on dataset `C:\Users\krima354\Work Folders\Documents\kicki_arbetsfiler\dap\indata\Gävleborg 2_bearbetat\Länsmuseet Gävleborg_2008_07 Hästboberget\Natursten_MM.shp'
2022-11-03 14:15:55|   0.4|  0.0|INFORM|Creating reader for format: Esri Shapefile
2022-11-03 14:15:55|   0.4|  0.0|INFORM|Trying to find a DYNAMIC plugin for reader named `SHAPEFILE'
2022-11-03 14:15:55|   0.4|  0.0|INFORM|Shapefile reader: Reading dataset with encoding 'windows-1252' as determined by 'System Encoding as Fallback'
2022-11-03 14:15:55|   0.4|  0.0|INFORM|FME Configuration: Source coordinate system for reader SCHEMA_1[SCHEMA] set to `_SWEREF-99-TM_0' as read from input data
2022-11-03 14:15:55|   0.4|  0.0|INFORM|Coordinate System `_SWEREF-99-TM_0' parameters: CS_NAME=`_SWEREF-99-TM_0' CS_ORIGINAL_NAME=`SWEREF-99-TM' DESC_NM=`SWEREF 99 TM' DT_NAME=`SWEREF99' EPSG_QD=`-1' ESRI_WKT=`PROJCS["SWEREF99_TM",GEOGCS["GCS_SWEREF99",DATUM["D_SWEREF99",SPHEROID["GRS_1980",6378137.0,298.257222101]],PRIMEM["Greenwich",0.0],UNIT["Degree",0.0174532925199433]],PROJECTION["Transverse_Mercator"],PARAMETER["False_Easting",500000.0],PARAMETER["False_Northing",0.0],PARAMETER["Central_Meridian",15.0],PARAMETER["Scale_Factor",0.9996],PARAMETER["Latitude_Of_Origin",0.0],UNIT["Meter",1.0]]' GROUP=`EUROPE' MAP_SCL=`1' MAX_LAT=`70.48333333333333' MAX_LNG=`25.883333333333333' MIN_LAT=`53.81666666666667' MIN_LNG=`8.866666666666667' PARM1=`15' PROJ=`TM' QUAD=`1' SCL_RED=`0.9996' SOURCE=`National Land Survey of Sweden' UNIT=`METER' X_OFF=`500000'
2022-11-03 14:15:55|   0.4|  0.0|INFORM|Closing the SCHEMA Reader
2022-11-03 14:15:55|   0.4|  0.0|INFORM|Creating reader for format: Schema (Any Format)
2022-11-03 14:15:55|   0.4|  0.0|INFORM|Trying to find a DYNAMIC plugin for reader named `SCHEMA'
2022-11-03 14:15:55|   0.4|  0.0|INFORM|Generic Reader: No format specific settings have been found for the SHAPEFILE Reader -- default values as documented in the Reader/Writer manual will be used
2022-11-03 14:15:55|   0.4|  0.0|INFORM|Creating reader for format: Esri Shapefile
2022-11-03 14:15:55|   0.4|  0.0|INFORM|Trying to find a DYNAMIC plugin for reader named `SHAPEFILE'
2022-11-03 14:15:55|   0.4|  0.0|INFORM|Opening the SCHEMA Reader on dataset `C:\Users\krima354\Work Folders\Documents\kicki_arbetsfiler\dap\indata\Gävleborg 2_bearbetat\Länsmuseet Gävleborg_2008_07 Hästboberget\Grävd_yta_st1.shp'
2022-11-03 14:15:55|   0.4|  0.0|INFORM|Creating reader for format: Esri Shapefile
2022-11-03 14:15:55|   0.4|  0.0|INFORM|Trying to find a DYNAMIC plugin for reader named `SHAPEFILE'
2022-11-03 14:15:55|   0.4|  0.0|INFORM|Shapefile reader: Reading dataset with encoding 'windows-1252' as determined by 'System Encoding as Fallback'
2022-11-03 14:15:55|   0.4|  0.0|INFORM|FME Configuration: Source coordinate system for reader SCHEMA_1[SCHEMA] set to `_SWEREF-99-TM_0' as read from input data
2022-11-03 14:15:55|   0.4|  0.0|INFORM|Coordinate System `_SWEREF-99-TM_0' parameters: CS_NAME=`_SWEREF-99-TM_0' CS_ORIGINAL_NAME=`SWEREF-99-TM' DESC_NM=`SWEREF 99 TM' DT_NAME=`SWEREF99' EPSG_QD=`-1' ESRI_WKT=`PROJCS["SWEREF99_TM",GEOGCS["GCS_SWEREF99",DATUM["D_SWEREF99",SPHEROID["GRS_1980",6378137.0,298.257222101]],PRIMEM["Greenwich",0.0],UNIT["Degree",0.0174532925199433]],PROJECTION["Transverse_Mercator"],PARAMETER["False_Easting",500000.0],PARAMETER["False_Northing",0.0],PARAMETER["Central_Meridian",15.0],PARAMETER["Scale_Factor",0.9996],PARAMETER["Latitude_Of_Origin",0.0],UNIT["Meter",1.0]]' GROUP=`EUROPE' MAP_SCL=`1' MAX_LAT=`70.48333333333333' MAX_LNG=`25.883333333333333' MIN_LAT=`53.81666666666667' MIN_LNG=`8.866666666666667' PARM1=`15' PROJ=`TM' QUAD=`1' SCL_RED=`0.9996' SOURCE=`National Land Survey of Sweden' UNIT=`METER' X_OFF=`500000'
2022-11-03 14:15:55|   0.4|  0.0|INFORM|Closing the SCHEMA Reader
2022-11-03 14:15:55|   0.4|  0.0|INFORM|Creating reader for format: Schema (Any Format)
2022-11-03 14:15:55|   0.4|  0.0|INFORM|Trying to find a DYNAMIC plugin for reader named `SCHEMA'
2022-11-03 14:15:55|   0.4|  0.0|INFORM|Generic Reader: No format specific settings have been found for the SHAPEFILE Reader -- default values as documented in the Reader/Writer manual will be used
2022-11-03 14:15:55|   0.4|  0.0|INFORM|Creating reader for format: Esri Shapefile
2022-11-03 14:15:55|   0.4|  0.0|INFORM|Trying to find a DYNAMIC plugin for reader named `SHAPEFILE'
2022-11-03 14:15:55|   0.4|  0.0|INFORM|Opening the SCHEMA Reader on dataset `C:\Users\krima354\Work Folders\Documents\kicki_arbetsfiler\dap\indata\Gävleborg 2_bearbetat\Länsmuseet Gävleborg_2008_07 Hästboberget\Grävd_yta_st 2.shp'
2022-11-03 14:15:55|   0.4|  0.0|INFORM|Creating reader for format: Esri Shapefile
2022-11-03 14:15:55|   0.4|  0.0|INFORM|Trying to find a DYNAMIC plugin for reader named `SHAPEFILE'
2022-11-03 14:15:55|   0.4|  0.0|WARN  |Shapefile Reader: Input dataset 'C:\Users\krima354\Work Folders\Documents\kicki_arbetsfiler\dap\indata\Gävleborg 2_bearbetat\Länsmuseet Gävleborg_2008_07 Hästboberget\Grävd_yta_st 2.shp' contains a Record Index file that is not a sufficient length to be useful and will be ignored. Features can still be read but performance may be impacted
2022-11-03 14:15:55|   0.4|  0.0|INFORM|Shapefile reader: Reading dataset with encoding 'windows-1252' as determined by 'System Encoding as Fallback'
2022-11-03 14:15:55|   0.4|  0.0|INFORM|FME Configuration: Source coordinate system for reader SCHEMA_1[SCHEMA] set to `_SWEREF-99-TM_0' as read from input data
2022-11-03 14:15:55|   0.4|  0.0|INFORM|Coordinate System `_SWEREF-99-TM_0' parameters: CS_NAME=`_SWEREF-99-TM_0' CS_ORIGINAL_NAME=`SWEREF-99-TM' DESC_NM=`SWEREF 99 TM' DT_NAME=`SWEREF99' EPSG_QD=`-1' ESRI_WKT=`PROJCS["SWEREF99_TM",GEOGCS["GCS_SWEREF99",DATUM["D_SWEREF99",SPHEROID["GRS_1980",6378137.0,298.257222101]],PRIMEM["Greenwich",0.0],UNIT["Degree",0.0174532925199433]],PROJECTION["Transverse_Mercator"],PARAMETER["False_Easting",500000.0],PARAMETER["False_Northing",0.0],PARAMETER["Central_Meridian",15.0],PARAMETER["Scale_Factor",0.9996],PARAMETER["Latitude_Of_Origin",0.0],UNIT["Meter",1.0]]' GROUP=`EUROPE' MAP_SCL=`1' MAX_LAT=`70.48333333333333' MAX_LNG=`25.883333333333333' MIN_LAT=`53.81666666666667' MIN_LNG=`8.866666666666667' PARM1=`15' PROJ=`TM' QUAD=`1' SCL_RED=`0.9996' SOURCE=`National Land Survey of Sweden' UNIT=`METER' X_OFF=`500000'
2022-11-03 14:15:55|   0.4|  0.0|INFORM|Closing the SCHEMA Reader
2022-11-03 14:15:55|   0.4|  0.0|INFORM|Creating reader for format: Schema (Any Format)
2022-11-03 14:15:55|   0.4|  0.0|INFORM|Trying to find a DYNAMIC plugin for reader named `SCHEMA'
2022-11-03 14:15:55|   0.4|  0.0|INFORM|Generic Reader: No format specific settings have been found for the SHAPEFILE Reader -- default values as documented in the Reader/Writer manual will be used
2022-11-03 14:15:55|   0.4|  0.0|INFORM|Creating reader for format: Esri Shapefile
2022-11-03 14:15:55|   0.4|  0.0|INFORM|Trying to find a DYNAMIC plugin for reader named `SHAPEFILE'
2022-11-03 14:15:55|   0.4|  0.0|INFORM|Opening the SCHEMA Reader on dataset `C:\Users\krima354\Work Folders\Documents\kicki_arbetsfiler\dap\indata\Gävleborg 2_bearbetat\Länsmuseet Gävleborg_2008_07 Hästboberget\Fosfatanalyser.shp'
2022-11-03 14:15:55|   0.4|  0.0|INFORM|Creating reader for format: Esri Shapefile
2022-11-03 14:15:55|   0.4|  0.0|INFORM|Trying to find a DYNAMIC plugin for reader named `SHAPEFILE'
2022-11-03 14:15:55|   0.4|  0.0|INFORM|Shapefile reader: Reading dataset with encoding 'windows-1252' as determined by 'System Encoding as Fallback'
2022-11-03 14:15:55|   0.4|  0.0|INFORM|FME Configuration: Source coordinate system for reader SCHEMA_1[SCHEMA] set to `_SWEREF-99-TM_0' as read from input data
2022-11-03 14:15:55|   0.4|  0.0|INFORM|Coordinate System `_SWEREF-99-TM_0' parameters: CS_NAME=`_SWEREF-99-TM_0' CS_ORIGINAL_NAME=`SWEREF-99-TM' DESC_NM=`SWEREF 99 TM' DT_NAME=`SWEREF99' EPSG_QD=`-1' ESRI_WKT=`PROJCS["SWEREF99_TM",GEOGCS["GCS_SWEREF99",DATUM["D_SWEREF99",SPHEROID["GRS_1980",6378137.0,298.257222101]],PRIMEM["Greenwich",0.0],UNIT["Degree",0.0174532925199433]],PROJECTION["Transverse_Mercator"],PARAMETER["False_Easting",500000.0],PARAMETER["False_Northing",0.0],PARAMETER["Central_Meridian",15.0],PARAMETER["Scale_Factor",0.9996],PARAMETER["Latitude_Of_Origin",0.0],UNIT["Meter",1.0]]' GROUP=`EUROPE' MAP_SCL=`1' MAX_LAT=`70.48333333333333' MAX_LNG=`25.883333333333333' MIN_LAT=`53.81666666666667' MIN_LNG=`8.866666666666667' PARM1=`15' PROJ=`TM' QUAD=`1' SCL_RED=`0.9996' SOURCE=`National Land Survey of Sweden' UNIT=`METER' X_OFF=`500000'
2022-11-03 14:15:55|   0.4|  0.0|INFORM|Closing the SCHEMA Reader
2022-11-03 14:15:55|   0.4|  0.0|INFORM|Creating reader for format: Schema (Any Format)
2022-11-03 14:15:55|   0.4|  0.0|INFORM|Trying to find a DYNAMIC plugin for reader named `SCHEMA'
2022-11-03 14:15:55|   0.4|  0.0|INFORM|Generic Reader: No format specific settings have been found for the SHAPEFILE Reader -- default values as documented in the Reader/Writer manual will be used
2022-11-03 14:15:55|   0.4|  0.0|INFORM|Creating reader for format: Esri Shapefile
2022-11-03 14:15:55|   0.4|  0.0|INFORM|Trying to find a DYNAMIC plugin for reader named `SHAPEFILE'
2022-11-03 14:15:55|   0.4|  0.0|INFORM|Opening the SCHEMA Reader on dataset `C:\Users\krima354\Work Folders\Documents\kicki_arbetsfiler\dap\indata\Gävleborg 2_bearbetat\Länsmuseet Gävleborg_2008_07 Hästboberget\Anläggningar_st2.shp'
2022-11-03 14:15:55|   0.4|  0.0|INFORM|Creating reader for format: Esri Shapefile
2022-11-03 14:15:55|   0.4|  0.0|INFORM|Trying to find a DYNAMIC plugin for reader named `SHAPEFILE'
2022-11-03 14:15:55|   0.4|  0.0|INFORM|Shapefile reader: Reading dataset with encoding 'windows-1252' as determined by 'System Encoding as Fallback'
2022-11-03 14:15:55|   0.4|  0.0|INFORM|FME Configuration: Source coordinate system for reader SCHEMA_1[SCHEMA] set to `_SWEREF-99-TM_0' as read from input data
2022-11-03 14:15:55|   0.4|  0.0|INFORM|Coordinate System `_SWEREF-99-TM_0' parameters: CS_NAME=`_SWEREF-99-TM_0' CS_ORIGINAL_NAME=`SWEREF-99-TM' DESC_NM=`SWEREF 99 TM' DT_NAME=`SWEREF99' EPSG_QD=`-1' ESRI_WKT=`PROJCS["SWEREF99_TM",GEOGCS["GCS_SWEREF99",DATUM["D_SWEREF99",SPHEROID["GRS_1980",6378137.0,298.257222101]],PRIMEM["Greenwich",0.0],UNIT["Degree",0.0174532925199433]],PROJECTION["Transverse_Mercator"],PARAMETER["False_Easting",500000.0],PARAMETER["False_Northing",0.0],PARAMETER["Central_Meridian",15.0],PARAMETER["Scale_Factor",0.9996],PARAMETER["Latitude_Of_Origin",0.0],UNIT["Meter",1.0]]' GROUP=`EUROPE' MAP_SCL=`1' MAX_LAT=`70.48333333333333' MAX_LNG=`25.883333333333333' MIN_LAT=`53.81666666666667' MIN_LNG=`8.866666666666667' PARM1=`15' PROJ=`TM' QUAD=`1' SCL_RED=`0.9996' SOURCE=`National Land Survey of Sweden' UNIT=`METER' X_OFF=`500000'
2022-11-03 14:15:55|   0.4|  0.0|INFORM|Closing the SCHEMA Reader
2022-11-03 14:15:55|   0.4|  0.0|INFORM|Creating reader for format: Schema (Any Format)
2022-11-03 14:15:55|   0.4|  0.0|INFORM|Trying to find a DYNAMIC plugin for reader named `SCHEMA'
2022-11-03 14:15:55|   0.4|  0.0|INFORM|Generic Reader: No format specific settings have been found for the SHAPEFILE Reader -- default values as documented in the Reader/Writer manual will be used
2022-11-03 14:15:55|   0.4|  0.0|INFORM|Creating reader for format: Esri Shapefile
2022-11-03 14:15:55|   0.4|  0.0|INFORM|Trying to find a DYNAMIC plugin for reader named `SHAPEFILE'
2022-11-03 14:15:55|   0.4|  0.0|INFORM|Opening the SCHEMA Reader on dataset `C:\Users\krima354\Work Folders\Documents\kicki_arbetsfiler\dap\indata\Gävleborg 2_bearbetat\Länsmuseet Gävleborg_2008_07 Hästboberget\Anl_ggningar2.shp'
2022-11-03 14:15:55|   0.4|  0.0|INFORM|Creating reader for format: Esri Shapefile
2022-11-03 14:15:55|   0.4|  0.0|INFORM|Trying to find a DYNAMIC plugin for reader named `SHAPEFILE'
2022-11-03 14:15:55|   0.4|  0.0|INFORM|Shapefile reader: Reading dataset with encoding 'windows-1252' as determined by 'System Encoding as Fallback'
2022-11-03 14:15:55|   0.4|  0.0|INFORM|FME Configuration: Source coordinate system for reader SCHEMA_1[SCHEMA] set to `_SWEREF-99-TM_0' as read from input data
2022-11-03 14:15:55|   0.4|  0.0|INFORM|Coordinate System `_SWEREF-99-TM_0' parameters: CS_NAME=`_SWEREF-99-TM_0' CS_ORIGINAL_NAME=`SWEREF-99-TM' DESC_NM=`SWEREF 99 TM' DT_NAME=`SWEREF99' EPSG_QD=`-1' ESRI_WKT=`PROJCS["SWEREF99_TM",GEOGCS["GCS_SWEREF99",DATUM["D_SWEREF99",SPHEROID["GRS_1980",6378137.0,298.257222101]],PRIMEM["Greenwich",0.0],UNIT["Degree",0.0174532925199433]],PROJECTION["Transverse_Mercator"],PARAMETER["False_Easting",500000.0],PARAMETER["False_Northing",0.0],PARAMETER["Central_Meridian",15.0],PARAMETER["Scale_Factor",0.9996],PARAMETER["Latitude_Of_Origin",0.0],UNIT["Meter",1.0]]' GROUP=`EUROPE' MAP_SCL=`1' MAX_LAT=`70.48333333333333' MAX_LNG=`25.883333333333333' MIN_LAT=`53.81666666666667' MIN_LNG=`8.866666666666667' PARM1=`15' PROJ=`TM' QUAD=`1' SCL_RED=`0.9996' SOURCE=`National Land Survey of Sweden' UNIT=`METER' X_OFF=`500000'
2022-11-03 14:15:55|   0.4|  0.0|INFORM|Closing the SCHEMA Reader
2022-11-03 14:15:55|   0.4|  0.0|INFORM|Creating reader for format: Schema (Any Format)
2022-11-03 14:15:55|   0.4|  0.0|INFORM|Trying to find a DYNAMIC plugin for reader named `SCHEMA'
2022-11-03 14:15:55|   0.4|  0.0|INFORM|Generic Reader: No format specific settings have been found for the SHAPEFILE Reader -- default values as documented in the Reader/Writer manual will be used
2022-11-03 14:15:55|   0.4|  0.0|INFORM|Creating reader for format: Esri Shapefile
2022-11-03 14:15:55|   0.4|  0.0|INFORM|Trying to find a DYNAMIC plugin for reader named `SHAPEFILE'
2022-11-03 14:15:55|   0.4|  0.0|INFORM|Opening the SCHEMA Reader on dataset `C:\Users\krima354\Work Folders\Documents\kicki_arbetsfiler\dap\indata\Gävleborg 2_bearbetat\Länsmuseet Gävleborg_2008_07 Hästboberget\Anl_ggningar.shp'
2022-11-03 14:15:55|   0.4|  0.0|INFORM|Creating reader for format: Esri Shapefile
2022-11-03 14:15:55|   0.4|  0.0|INFORM|Trying to find a DYNAMIC plugin for reader named `SHAPEFILE'
2022-11-03 14:15:55|   0.4|  0.0|WARN  |Shapefile Reader: Input dataset 'C:\Users\krima354\Work Folders\Documents\kicki_arbetsfiler\dap\indata\Gävleborg 2_bearbetat\Länsmuseet Gävleborg_2008_07 Hästboberget\Anl_ggningar.shp' contains a Record Index file that is not a sufficient length to be useful and will be ignored. Features can still be read but performance may be impacted
2022-11-03 14:15:55|   0.4|  0.0|INFORM|Shapefile reader: Reading dataset with encoding 'windows-1252' as determined by 'System Encoding as Fallback'
2022-11-03 14:15:55|   0.4|  0.0|INFORM|FME Configuration: Source coordinate system for reader SCHEMA_1[SCHEMA] set to `_SWEREF-99-TM_0' as read from input data
2022-11-03 14:15:55|   0.4|  0.0|INFORM|Coordinate System `_SWEREF-99-TM_0' parameters: CS_NAME=`_SWEREF-99-TM_0' CS_ORIGINAL_NAME=`SWEREF-99-TM' DESC_NM=`SWEREF 99 TM' DT_NAME=`SWEREF99' EPSG_QD=`-1' ESRI_WKT=`PROJCS["SWEREF99_TM",GEOGCS["GCS_SWEREF99",DATUM["D_SWEREF99",SPHEROID["GRS_1980",6378137.0,298.257222101]],PRIMEM["Greenwich",0.0],UNIT["Degree",0.0174532925199433]],PROJECTION["Transverse_Mercator"],PARAMETER["False_Easting",500000.0],PARAMETER["False_Northing",0.0],PARAMETER["Central_Meridian",15.0],PARAMETER["Scale_Factor",0.9996],PARAMETER["Latitude_Of_Origin",0.0],UNIT["Meter",1.0]]' GROUP=`EUROPE' MAP_SCL=`1' MAX_LAT=`70.48333333333333' MAX_LNG=`25.883333333333333' MIN_LAT=`53.81666666666667' MIN_LNG=`8.866666666666667' PARM1=`15' PROJ=`TM' QUAD=`1' SCL_RED=`0.9996' SOURCE=`National Land Survey of Sweden' UNIT=`METER' X_OFF=`500000'
2022-11-03 14:15:55|   0.4|  0.0|INFORM|Closing the SCHEMA Reader
2022-11-03 14:15:55|   0.4|  0.0|INFORM|MULTI_READER(SCHEMA_1): Done reading 10 features from 10 readers
2022-11-03 14:15:55|   0.4|  0.0|INFORM|MULTI_READER(MULTI_READER): Done reading 10 features from 1 readers
2022-11-03 14:15:55|   0.4|  0.0|INFORM|Emptying factory pipeline
2022-11-03 14:15:55|   0.4|  0.0|STATS |Router and Unexpected Input Remover (RoutingFactory): Tested 10 input feature(s), wrote 10 output feature(s): 10 matched merge filters, 10 were routed to output, 0 could not be routed.
2022-11-03 14:15:55|   0.4|  0.0|STATS |Unwanted Router Input Nuker (TeeFactory): Cloned 0 input feature(s) into 0 output feature(s)
2022-11-03 14:15:55|   0.4|  0.0|STATS |schema_SCHEMA_1 Splitter (TeeFactory): Cloned 10 input feature(s) into 20 output feature(s)
2022-11-03 14:15:55|   0.4|  0.0|STATS |Creator_XML_Creator (CreationFactory): Created 1 features
2022-11-03 14:15:55|   0.4|  0.0|STATS |Creator_Cloner (TeeFactory): Cloned 1 input feature(s) into 1 output feature(s)
2022-11-03 14:15:55|   0.4|  0.0|STATS |Creator_CREATED Brancher -1 25 (BranchingFactory): Branched 1 input feature -- 1 feature routed to the target factory, and 0 features routed to the fallback factory.
2022-11-03 14:15:55|   0.4|  0.0|STATS |_CREATOR_BRANCH_TARGET (TeeFactory): Cloned 21 input feature(s) into 21 output feature(s)
2022-11-03 14:15:55|   0.4|  0.0|STATS |ListExploder (ElementFactory): Split out 13 list elements from 10 input features
2022-11-03 14:15:55|   0.4|  0.0|STATS |Destination Feature Type Routing Correlator (RoutingFactory): Tested 21 input feature(s), wrote 21 output feature(s): 0 matched merge filters, 21 were routed to output, 0 could not be routed.
2022-11-03 14:15:55|   0.4|  0.0|STATS |Final Output Nuker (TeeFactory): Cloned 0 input feature(s) into 0 output feature(s)
2022-11-03 14:15:55|   0.4|  0.0|INFORM|=-=-=-=-=-=-=-=-=-=-=-=-=-=-=-=-=-=-=-=-=-=-=-=-=-=-=-=-=-=-=-=-=-=-=-=-=-=-=-
2022-11-03 14:15:55|   0.4|  0.0|INFORM|Feature output statistics for `TABLE_CSV' writer using keyword `W_2':
2022-11-03 14:15:55|   0.4|  0.0|STATS |=-=-=-=-=-=-=-=-=-=-=-=-=-=-=-=-=-=-=-=-=-=-=-=-=-=-=-=-=-=-=-=-=-=-=-=-=-=-=-
2022-11-03 14:15:55|   0.4|  0.0|STATS |                               Features Written
2022-11-03 14:15:55|   0.4|  0.0|STATS |=-=-=-=-=-=-=-=-=-=-=-=-=-=-=-=-=-=-=-=-=-=-=-=-=-=-=-=-=-=-=-=-=-=-=-=-=-=-=-
2022-11-03 14:15:55|   0.4|  0.0|STATS |AttributeMappingTable (AttributeMappingTable)                               11
2022-11-03 14:15:55|   0.4|  0.0|STATS |==============================================================================
2022-11-03 14:15:55|   0.4|  0.0|STATS |Total Features Written                                                      11
2022-11-03 14:15:55|   0.4|  0.0|STATS |=-=-=-=-=-=-=-=-=-=-=-=-=-=-=-=-=-=-=-=-=-=-=-=-=-=-=-=-=-=-=-=-=-=-=-=-=-=-=-
2022-11-03 14:15:55|   0.4|  0.0|INFORM|=-=-=-=-=-=-=-=-=-=-=-=-=-=-=-=-=-=-=-=-=-=-=-=-=-=-=-=-=-=-=-=-=-=-=-=-=-=-=-
2022-11-03 14:15:55|   0.4|  0.0|INFORM|Feature output statistics for `TABLE_CSV' writer using keyword `W_3':
2022-11-03 14:15:55|   0.4|  0.0|STATS |=-=-=-=-=-=-=-=-=-=-=-=-=-=-=-=-=-=-=-=-=-=-=-=-=-=-=-=-=-=-=-=-=-=-=-=-=-=-=-
2022-11-03 14:15:55|   0.4|  0.0|STATS |                               Features Written
2022-11-03 14:15:55|   0.4|  0.0|STATS |=-=-=-=-=-=-=-=-=-=-=-=-=-=-=-=-=-=-=-=-=-=-=-=-=-=-=-=-=-=-=-=-=-=-=-=-=-=-=-
2022-11-03 14:15:55|   0.4|  0.0|STATS |FeatureTypeMappingTable (FeatureTypeMappingTable)                           10
2022-11-03 14:15:55|   0.4|  0.0|STATS |==============================================================================
2022-11-03 14:15:55|   0.4|  0.0|STATS |Total Features Written                                                      10
2022-11-03 14:15:55|   0.4|  0.0|STATS |=-=-=-=-=-=-=-=-=-=-=-=-=-=-=-=-=-=-=-=-=-=-=-=-=-=-=-=-=-=-=-=-=-=-=-=-=-=-=-
2022-11-03 14:15:55|   0.4|  0.0|INFORM|CSV Writer: Closing file `C:\Users\krima354\Work Folders\Documents\kicki_arbetsfiler\dap\utdata\hastboberget\AttributeMappingTable.csv'
2022-11-03 14:15:55|   0.4|  0.0|INFORM|CSV Writer: Closing file `C:\Users\krima354\Work Folders\Documents\kicki_arbetsfiler\dap\utdata\hastboberget\FeatureTypeMappingTable.csv'
2022-11-03 14:15:55|   0.4|  0.0|INFORM|=-=-=-=-=-=-=-=-=-=-=-=-=-=-=-=-=-=-=-=-=-=-=-=-=-=-=-=-=-=-=-=-=-=-=-=-=-=-=-
2022-11-03 14:15:55|   0.4|  0.0|INFORM|Feature output statistics for `CSV' writer using keyword `CSV_1':
2022-11-03 14:15:55|   0.4|  0.0|STATS |=-=-=-=-=-=-=-=-=-=-=-=-=-=-=-=-=-=-=-=-=-=-=-=-=-=-=-=-=-=-=-=-=-=-=-=-=-=-=-
2022-11-03 14:15:55|   0.4|  0.0|STATS |                               Features Written
2022-11-03 14:15:55|   0.4|  0.0|STATS |=-=-=-=-=-=-=-=-=-=-=-=-=-=-=-=-=-=-=-=-=-=-=-=-=-=-=-=-=-=-=-=-=-=-=-=-=-=-=-
2022-11-03 14:15:55|   0.4|  0.0|STATS |AttributeMappingTable                                                       11
2022-11-03 14:15:55|   0.4|  0.0|STATS |FeatureTypeMappingTable                                                     10
2022-11-03 14:15:55|   0.4|  0.0|STATS |==============================================================================
2022-11-03 14:15:55|   0.4|  0.0|STATS |Total Features Written                                                      21
2022-11-03 14:15:55|   0.4|  0.0|STATS |=-=-=-=-=-=-=-=-=-=-=-=-=-=-=-=-=-=-=-=-=-=-=-=-=-=-=-=-=-=-=-=-=-=-=-=-=-=-=-
2022-11-03 14:15:55|   0.4|  0.0|STATS |=-=-=-=-=-=-=-=-=-=-=-=-=-=-=-=-=-=-=-=-=-=-=-=-=-=-=-=-=-=-=-=-=-=-=-=-=-=-=-
2022-11-03 14:15:55|   0.4|  0.0|STATS |                            Features Read Summary
2022-11-03 14:15:55|   0.4|  0.0|STATS |=-=-=-=-=-=-=-=-=-=-=-=-=-=-=-=-=-=-=-=-=-=-=-=-=-=-=-=-=-=-=-=-=-=-=-=-=-=-=-
2022-11-03 14:15:55|   0.4|  0.0|STATS |schema                                                                      10
2022-11-03 14:15:55|   0.4|  0.0|STATS |==============================================================================
2022-11-03 14:15:55|   0.4|  0.0|STATS |Total Features Read                                                         10
2022-11-03 14:15:55|   0.4|  0.0|STATS |=-=-=-=-=-=-=-=-=-=-=-=-=-=-=-=-=-=-=-=-=-=-=-=-=-=-=-=-=-=-=-=-=-=-=-=-=-=-=-
2022-11-03 14:15:55|   0.4|  0.0|STATS |=-=-=-=-=-=-=-=-=-=-=-=-=-=-=-=-=-=-=-=-=-=-=-=-=-=-=-=-=-=-=-=-=-=-=-=-=-=-=-
2022-11-03 14:15:55|   0.4|  0.0|STATS |                           Features Written Summary
2022-11-03 14:15:55|   0.4|  0.0|STATS |=-=-=-=-=-=-=-=-=-=-=-=-=-=-=-=-=-=-=-=-=-=-=-=-=-=-=-=-=-=-=-=-=-=-=-=-=-=-=-
2022-11-03 14:15:55|   0.4|  0.0|STATS |AttributeMappingTable                                                       11
2022-11-03 14:15:55|   0.4|  0.0|STATS |FeatureTypeMappingTable                                                     10
2022-11-03 14:15:55|   0.4|  0.0|STATS |==============================================================================
2022-11-03 14:15:55|   0.4|  0.0|STATS |Total Features Written                                                      21
2022-11-03 14:15:55|   0.4|  0.0|STATS |=-=-=-=-=-=-=-=-=-=-=-=-=-=-=-=-=-=-=-=-=-=-=-=-=-=-=-=-=-=-=-=-=-=-=-=-=-=-=-
2022-11-03 14:15:55|   0.4|  0.0|WARN  |-~-~-~-~-~-~-~-~-~-~-~-~-~-~-~-~-~-~-~-~-~-~-~-~-~-~-~-~-~-~-~-~-~-~-~-~-~-~-~-~-
2022-11-03 14:15:55|   0.4|  0.0|WARN  |-~                                                                             ~-
2022-11-03 14:15:55|   0.4|  0.0|WARN  |-~    Feature caches have been recorded at every stage of the translation.     ~-
2022-11-03 14:15:55|   0.4|  0.0|WARN  |-~                      To inspect the recorded features,                      ~-
2022-11-03 14:15:55|   0.4|  0.0|WARN  |-~              click the feature cache icons next to the ports.               ~-
2022-11-03 14:15:55|   0.4|  0.0|WARN  |-~                                                                             ~-
2022-11-03 14:15:55|   0.4|  0.0|WARN  |-~-~-~-~-~-~-~-~-~-~-~-~-~-~-~-~-~-~-~-~-~-~-~-~-~-~-~-~-~-~-~-~-~-~-~-~-~-~-~-~-
2022-11-03 14:15:55|   0.4|  0.0|INFORM|Translation was SUCCESSFUL with 10 warning(s) (21 feature(s) output)
2022-11-03 14:15:55|   0.4|  0.0|INFORM|FME Session Duration: 0.8 seconds. (CPU: 0.2s user, 0.2s system)
2022-11-03 14:15:55|   0.4|  0.0|INFORM|END - ProcessID: 2428, peak process memory usage: 110712 kB, current process memory usage: 109696 kB
