2022-11-04 09:15:51|   0.0|  0.0|INFORM|Current FME version: FME 2022.1.0.0 (20220704 - Build 22618 - WIN64)
2022-11-04 09:15:51|   0.0|  0.0|INFORM|FME_HOME is 'C:\Program Files\FME\'
2022-11-04 09:15:51|   0.0|  0.0|INFORM|FME Database Edition (node locked-crc)
2022-11-04 09:15:51|   0.0|  0.0|INFORM|Serial Number: GN3A-3NG9-21YZ
2022-11-04 09:15:51|   0.0|  0.0|INFORM|Temporary License: 231 days left.
2022-11-04 09:15:51|   0.0|  0.0|INFORM|Machine host name is: EPI-4L2CTD3
2022-11-04 09:15:51|   0.0|  0.0|INFORM|OS Locale Name     : sv_SE
2022-11-04 09:15:51|   0.0|  0.0|INFORM|OS Locale Encoding : windows-1252
2022-11-04 09:15:51|   0.0|  0.0|INFORM|Process Encoding   : UTF-8
2022-11-04 09:15:51|   0.0|  0.0|INFORM|FME API version: '4.0 20220615'
2022-11-04 09:15:51|   0.0|  0.0|INFORM|FME Configuration: FME_BASE is 'no'
2022-11-04 09:15:51|   0.0|  0.0|INFORM|FME Configuration: FME_MF_DIR is 'C:\Users\krima354\Work Folders\Documents\GitHub\kix_working_dir\dap\shape2postgis2gpck_csv/'
2022-11-04 09:15:51|   0.0|  0.0|INFORM|FME Configuration: FME_MF_NAME is '2_shape2ogcgeopackage.fmw'
2022-11-04 09:15:51|   0.0|  0.0|INFORM|FME Configuration: FME_PRODUCT_NAME is 'FME(R) 2022.1.0.0'
2022-11-04 09:15:51|   0.0|  0.0|INFORM|Operating System: Microsoft Windows 10 64-bit  (Build 19044)
2022-11-04 09:15:51|   0.0|  0.0|INFORM|FME Platform: WIN64
2022-11-04 09:15:51|   0.0|  0.0|INFORM|System Status: 592.50 GB of disk space available in the FME temporary folder (C:\Users\krima354\AppData\Local\Temp\wbrun_1667549512150_17272\fmetmp_1)
2022-11-04 09:15:51|   0.0|  0.0|INFORM|System Status: 31.73 GB of physical memory available
2022-11-04 09:15:51|   0.0|  0.0|INFORM|System Status: 126.93 GB of virtual memory available
2022-11-04 09:15:51|   0.0|  0.0|INFORM|START - ProcessID: 17736, peak process memory usage: 66492 kB, current process memory usage: 66492 kB
2022-11-04 09:15:51|   0.0|  0.0|INFORM|FME Configuration: Command line arguments are `C:\Program Files\FME\fme.exe' `C:/Users/krima354/Work Folders/Documents/GitHub/kix_working_dir/dap/shape2postgis2gpck_csv\wb-xlate-1667549743171_17272' `LOG_STANDARDOUT' `YES' `LOG_TIMINGS' `YES' `LogCountServerName' `51515' `LOG_STANDARDOUT' `No' `WORKBENCH_LOG_SERVER' `51492'
2022-11-04 09:15:51|   0.0|  0.0|INFORM|FME Configuration: Connection Storage: 'C:\Users\krima354\AppData\Roaming\Safe Software\FME\'
2022-11-04 09:15:51|   0.0|  0.0|INFORM|Shared folders for formats are : C:\Program Files\FME\datasources;C:\Users\krima354\Work Folders\Documents\FME\Formats
2022-11-04 09:15:51|   0.0|  0.0|INFORM|Shared folders for transformers are : C:\Users\krima354\AppData\Roaming\Safe Software\FME\Packages\22618-win64\transformers;C:\Program Files\FME\transformers
2022-11-04 09:15:51|   0.0|  0.0|INFORM|Shared folders for coordinate systems are : C:\Users\krima354\Work Folders\Documents\FME\CoordinateSystems
2022-11-04 09:15:51|   0.0|  0.0|INFORM|Shared folders for coordinate system exceptions are : C:\Users\krima354\Work Folders\Documents\FME\CoordinateSystemExceptions
2022-11-04 09:15:51|   0.0|  0.0|INFORM|Shared folders for coordinate system grid overrides are : C:\Users\krima354\Work Folders\Documents\FME\CoordinateSystemGridOverrides
2022-11-04 09:15:51|   0.0|  0.0|INFORM|Shared folders for CS-MAP transformation exceptions are : C:\Users\krima354\Work Folders\Documents\FME\CsmapTransformationExceptions
2022-11-04 09:15:51|   0.0|  0.0|INFORM|Shared folders for transformer categories are : C:\Users\krima354\Work Folders\Documents\FME\TransformerCategories
2022-11-04 09:15:51|   0.0|  0.0|INFORM|FME Configuration: Reader Keyword is `MULTI_READER'
2022-11-04 09:15:51|   0.0|  0.0|INFORM|FME Configuration: Writer Keyword is `MULTI_WRITER'
2022-11-04 09:15:51|   0.0|  0.0|INFORM|FME Configuration: Writer Group Definition Keyword is `MULTI_WRITER_DEF'
2022-11-04 09:15:51|   0.0|  0.0|INFORM|FME Configuration: Reader type is `MULTI_READER'
2022-11-04 09:15:51|   0.0|  0.0|INFORM|FME Configuration: Writer type is `MULTI_WRITER'
2022-11-04 09:15:51|   0.0|  0.0|INFORM|FME Configuration: No destination coordinate system set
2022-11-04 09:15:51|   0.0|  0.0|INFORM|FME Configuration: Current working folder is `C:\Users\krima354\Work Folders\Documents\GitHub\kix_working_dir\dap\shape2postgis2gpck_csv'
2022-11-04 09:15:51|   0.0|  0.0|INFORM|FME Configuration: Temporary folder is `C:\Users\krima354\AppData\Local\Temp\wbrun_1667549512150_17272\fmetmp_1', set from environment variable `FME_TEMP'
2022-11-04 09:15:51|   0.0|  0.0|INFORM|FME Configuration: Cache folder is 'C:\Users\krima354\AppData\Local\Temp'
2022-11-04 09:15:51|   0.0|  0.0|INFORM|FME Configuration: FME_HOME is `C:\Program Files\FME\'
2022-11-04 09:15:51|   0.0|  0.0|INFORM|FME Configuration: Start freeing memory when the process exceeds 95.20 GB
2022-11-04 09:15:51|   0.0|  0.0|INFORM|FME Configuration: Stop freeing memory when the process is below 71.40 GB
2022-11-04 09:15:51|   0.0|  0.0|INFORM|Creating writer for format: 
2022-11-04 09:15:51|   0.0|  0.0|INFORM|Creating reader for format: 
2022-11-04 09:15:51|   0.0|  0.0|INFORM|MULTI_READER(MULTI_READER): Will fail with first member reader failure
2022-11-04 09:15:51|   0.0|  0.0|INFORM|MULTI_READER(MULTI_READER): Adding SHAPEFILE Reader with keyword SHAPEFILE_1
2022-11-04 09:15:51|   0.0|  0.0|INFORM|Using Multi Reader with keyword `MULTI_READER' to read multiple datasets
2022-11-04 09:15:51|   0.0|  0.0|INFORM|FME Configuration: Reading 8 dataset(s) with SHAPEFILE reader identified by SHAPEFILE_1
2022-11-04 09:15:51|   0.0|  0.0|INFORM|Creating reader for format: Esri Shapefile
2022-11-04 09:15:51|   0.0|  0.0|INFORM|MULTI_READER(SHAPEFILE_1): Will continue past member reader failures
2022-11-04 09:15:51|   0.0|  0.0|INFORM|MULTI_READER(SHAPEFILE_1): Adding SHAPEFILE Reader with keyword SHAPEFILE_1
2022-11-04 09:15:51|   0.0|  0.0|INFORM|Using Multi Reader with keyword `SHAPEFILE_1' to read multiple datasets
2022-11-04 09:15:51|   0.0|  0.0|INFORM|Creating reader for format: Esri Shapefile
2022-11-04 09:15:51|   0.0|  0.0|INFORM|Trying to find a DYNAMIC plugin for reader named `SHAPEFILE'
2022-11-04 09:15:51|   0.0|  0.0|INFORM|Loaded module 'SHAPEFILE' from file 'C:\Program Files\FME\plugins/shapefile_dbase.dll'
2022-11-04 09:15:51|   0.0|  0.0|INFORM|FME API version of module 'shapefile_dbase' matches current internal version (4.0 20220615)
2022-11-04 09:15:51|   0.1|  0.1|INFORM|The OGC definition of the FME coordinate system '_SWEREF-99-TM_0' is 'PROJCS["SWEREF99_TM",GEOGCS["GCS_SWEREF99",DATUM["D_SWEREF99",SPHEROID["GRS_1980",6378137.0,298.257222101]],PRIMEM["Greenwich",0.0],UNIT["Degree",0.0174532925199433]],PROJECTION["Transverse_Mercator"],PARAMETER["False_Easting",500000.0],PARAMETER["False_Northing",0.0],PARAMETER["Central_Meridian",15.0],PARAMETER["Scale_Factor",0.9996],PARAMETER["Latitude_Of_Origin",0.0],UNIT["Meter",1.0]]'
2022-11-04 09:15:51|   0.1|  0.0|INFORM|Shapefile reader: Reading file using character encoding 'iso-8859-1', this will override auto-detected encoding
2022-11-04 09:15:51|   0.1|  0.0|INFORM|Shapefile reader: Reading dataset with encoding 'ISO-8859-1' as determined by 'User Setting'
2022-11-04 09:15:51|   0.1|  0.0|INFORM|Using MultiWriter with keyword `MULTI_WRITER' to output data (ID_ATTRIBUTE is `multi_writer_id')
2022-11-04 09:15:51|   0.1|  0.0|INFORM|Writer output will be ordered by value of multi_writer_id
2022-11-04 09:15:51|   0.1|  0.0|INFORM|Loaded module 'LogCount_func' from file 'C:\Program Files\FME\plugins/LogCount_func.dll'
2022-11-04 09:15:51|   0.1|  0.0|INFORM|FME API version of module 'LogCount_func' matches current internal version (4.0 20220615)
2022-11-04 09:15:51|   0.1|  0.0|INFORM|Creating reader for format: CSV (Comma Separated Value)
2022-11-04 09:15:51|   0.2|  0.1|INFORM|Trying to find a DYNAMIC plugin for reader named `CSV2'
2022-11-04 09:15:51|   0.2|  0.0|INFORM|Loaded module 'CSV2' from file 'C:\Program Files\FME\plugins/CSV2.dll'
2022-11-04 09:15:51|   0.2|  0.0|INFORM|FME API version of module 'CSV2' matches current internal version (4.0 20220615)
2022-11-04 09:15:51|   0.2|  0.0|INFORM|CSV reader: Opening dataset 'C:\Users\krima354\Work Folders\Documents\kicki_arbetsfiler\dap\utdata\lerharen\AttributeMappingTable.csv'
2022-11-04 09:15:51|   0.2|  0.0|INFORM|CSV reader: Directive '_TRIM_FEATURE_TYPE_NAME' has the value 'Yes'
2022-11-04 09:15:51|   0.2|  0.0|INFORM|CSV reader: Directive '_SUPPORTED_READER_ARCHIVE_EXTENSIONS' has the value 'csv.gz,txt.gz'
2022-11-04 09:15:51|   0.2|  0.0|INFORM|CSV reader: Directive '_DELIMITER' has the value 'auto'
2022-11-04 09:15:51|   0.2|  0.0|INFORM|CSV reader: Directive '_FIELD_NAMES_LINE' has the value '1'
2022-11-04 09:15:51|   0.2|  0.0|INFORM|CSV reader: Directive '_DATA_START_LINE' has the value '2'
2022-11-04 09:15:51|   0.2|  0.0|INFORM|CSV reader: Directive '_SCAN_MAX_ROWS' has the value '10000'
2022-11-04 09:15:51|   0.2|  0.0|INFORM|CSV reader: Directive '_READ_SKIPPED_LINES' has the value 'No'
2022-11-04 09:15:51|   0.2|  0.0|INFORM|CSV reader: Directive '_ENCODING' has the value 'windows-1252'
2022-11-04 09:15:51|   0.2|  0.0|INFORM|CSV reader: Directive 'FME_NAMES_ENCODING' has the value 'UTF-8'
2022-11-04 09:15:51|   0.2|  0.0|INFORM|CSV reader: Directive '_SKIP_DUPLICATE_DELIMITERS' has the value 'No'
2022-11-04 09:15:51|   0.2|  0.0|INFORM|CSV reader: Directive '_FIELD_QUALIFIER_CHARACTER' has the value '"'
2022-11-04 09:15:51|   0.2|  0.0|INFORM|CSV reader: Directive '_FIELD_QUALIFIER_ESCAPE_CHARACTER' has the value '"'
2022-11-04 09:15:51|   0.2|  0.0|INFORM|CSV reader: Directive '_TRIM_FIELD_NAME_QUALIFIERS' has the value 'Yes'
2022-11-04 09:15:51|   0.2|  0.0|INFORM|CSV reader: Directive '_TRIM_FIELD_VALUE_QUALIFIERS' has the value 'Yes'
2022-11-04 09:15:51|   0.2|  0.0|INFORM|CSV reader: Directive '_PRESERVE_SOURCE_ENCODING' has the value 'No'
2022-11-04 09:15:51|   0.2|  0.0|INFORM|CSV reader: Directive '_CASE_SENSITIVE_FIELD_NAMES' has the value 'Yes'
2022-11-04 09:15:51|   0.2|  0.0|INFORM|CSV reader: Directive '_ENFORCE_STRICT_SCHEMA' has the value 'No'
2022-11-04 09:15:51|   0.2|  0.0|INFORM|CSV reader: Directive '_SCAN_TYPES' has the value 'Yes'
2022-11-04 09:15:51|   0.2|  0.0|INFORM|CSV reader: Directive '_TYPE_ATTRIBUTE_HANDLING' has the value 'STANDARD_TYPES'
2022-11-04 09:15:51|   0.2|  0.0|INFORM|CSV reader: Directive '_STRING_TYPE_ATTRIBUTE_HANDLING' has the value 'EXPLICIT_WIDTH'
2022-11-04 09:15:51|   0.2|  0.0|INFORM|CSV reader: Directive '_SCAN_ADDITIONAL_FIELDS' has the value 'No'
2022-11-04 09:15:51|   0.2|  0.0|INFORM|CSV reader: Directive '_DATE_INPUT_FORMAT' has the value 'ISO'
2022-11-04 09:15:51|   0.2|  0.0|INFORM|CSV reader: Directive '_CHUNK_SIZE' has the value '100000'
2022-11-04 09:15:51|   0.2|  0.0|INFORM|CSV reader: Directive '_TRIM_FIELD_NAME_WHITESPACE' has the value 'Yes'
2022-11-04 09:15:51|   0.2|  0.0|INFORM|CSV reader: Directive '_READ_EMPTY_VALUES_AS' has the value 'Null'
2022-11-04 09:15:51|   0.2|  0.0|INFORM|CSV reader: Directive '_REPLACE_ATTR_NAME_INVALID_CHARS' has the value 'No'
2022-11-04 09:15:51|   0.2|  0.0|INFORM|CSV2 reader: Splitting bulk features into individual features
2022-11-04 09:15:51|   0.2|  0.0|INFORM|FME Configuration: Source coordinate system for reader SHAPEFILE_1[SHAPEFILE] set to `_SWEREF-99-TM_0' as read from input data
2022-11-04 09:15:51|   0.2|  0.0|INFORM|Coordinate System `_SWEREF-99-TM_0' parameters: CS_NAME=`_SWEREF-99-TM_0' CS_ORIGINAL_NAME=`SWEREF-99-TM' DESC_NM=`SWEREF 99 TM' DT_NAME=`SWEREF99' EPSG_QD=`-1' ESRI_WKT=`PROJCS["SWEREF99_TM",GEOGCS["GCS_SWEREF99",DATUM["D_SWEREF99",SPHEROID["GRS_1980",6378137.0,298.257222101]],PRIMEM["Greenwich",0.0],UNIT["Degree",0.0174532925199433]],PROJECTION["Transverse_Mercator"],PARAMETER["False_Easting",500000.0],PARAMETER["False_Northing",0.0],PARAMETER["Central_Meridian",15.0],PARAMETER["Scale_Factor",0.9996],PARAMETER["Latitude_Of_Origin",0.0],UNIT["Meter",1.0]]' GROUP=`EUROPE' MAP_SCL=`1' MAX_LAT=`70.48333333333333' MAX_LNG=`25.883333333333333' MIN_LAT=`53.81666666666667' MIN_LNG=`8.866666666666667' PARM1=`15' PROJ=`TM' QUAD=`1' SCL_RED=`0.9996' SOURCE=`National Land Survey of Sweden' UNIT=`METER' X_OFF=`500000'
2022-11-04 09:15:51|   0.2|  0.0|INFORM|Anläggningar Feature Recorder -1 2147549207 (RecorderFactory): Splitting bulk features into individual features
2022-11-04 09:15:51|   0.3|  0.1|INFORM|Creating writer for format: OGC GeoPackage
2022-11-04 09:15:51|   0.3|  0.0|INFORM|Trying to find a DYNAMIC plugin for writer named `OGCGEOPACKAGE'
2022-11-04 09:15:51|   0.4|  0.1|INFORM|Loaded module 'OGCGEOPACKAGE' from file 'C:\Program Files\FME\plugins/gdal/GDAL.dll'
2022-11-04 09:15:51|   0.4|  0.0|INFORM|FME API version of module 'gdal/GDAL' matches current internal version (4.0 20220615)
2022-11-04 09:15:51|   0.4|  0.0|INFORM|FME Configuration: No destination coordinate system set
2022-11-04 09:15:51|   0.4|  0.0|INFORM|Writer `OGCGEOPACKAGE_1' of type `OGCGEOPACKAGE' using group definition keyword `OGCGEOPACKAGE_1_DEF'
2022-11-04 09:15:51|   0.4|  0.0|INFORM|OGCGEOPACKAGE writer: Directive '_EXPOSE_PRIMARY_KEY_ATTRIBUTE' has value 'YES'
2022-11-04 09:15:51|   0.4|  0.0|INFORM|OGCGEOPACKAGE writer: Directive '_OVERWRITE_DATASET' has value 'NO'
2022-11-04 09:15:51|   0.4|  0.0|INFORM|OGCGEOPACKAGE writer: Directive '_TRANSACTION_SIZE' has value '5000'
2022-11-04 09:15:51|   0.4|  0.0|INFORM|OGCGEOPACKAGE writer: Directive '_ENFORCE_GEOMETRY_COLUMN_CONSTRAINTS' has value 'YES'
2022-11-04 09:15:51|   0.4|  0.0|INFORM|OGCGEOPACKAGE writer: Feature Type Parameter 'geopackage_geometry_column' has value 'geom' for feature type 'dap.project_information'
2022-11-04 09:15:51|   0.4|  0.0|INFORM|OGCGEOPACKAGE writer: Feature Type Parameter 'geopackage_create_spatial_index' has value 'Yes' for feature type 'dap.project_information'
2022-11-04 09:15:51|   0.4|  0.0|INFORM|OGCGEOPACKAGE writer: Feature Type Parameter 'geopackage_z_capability' has value 'NOT_ALLOWED' for feature type 'dap.project_information'
2022-11-04 09:15:51|   0.4|  0.0|INFORM|OGCGEOPACKAGE writer: Feature Type Parameter 'geopackage_m_capability' has value 'NOT_ALLOWED' for feature type 'dap.project_information'
2022-11-04 09:15:51|   0.4|  0.0|INFORM|OGCGEOPACKAGE Writer: Feature Type Parameter 'fme_table_handling' has value 'CREATE_IF_MISSING' for feature type 'dap.project_information'
2022-11-04 09:15:51|   0.4|  0.0|INFORM|OGCGEOPACKAGE Writer: Feature Type Parameter 'fme_feature_operation' has value 'Insert' for feature type 'dap.project_information'
2022-11-04 09:15:51|   0.4|  0.0|INFORM|OGCGEOPACKAGE writer: Feature Type Parameter 'geopackage_geometry_column' has value 'geom' for feature type 'dap.features'
2022-11-04 09:15:51|   0.4|  0.0|INFORM|OGCGEOPACKAGE writer: Feature Type Parameter 'geopackage_create_spatial_index' has value 'Yes' for feature type 'dap.features'
2022-11-04 09:15:51|   0.4|  0.0|INFORM|OGCGEOPACKAGE writer: Feature Type Parameter 'geopackage_z_capability' has value 'NOT_ALLOWED' for feature type 'dap.features'
2022-11-04 09:15:51|   0.4|  0.0|INFORM|OGCGEOPACKAGE writer: Feature Type Parameter 'geopackage_m_capability' has value 'NOT_ALLOWED' for feature type 'dap.features'
2022-11-04 09:15:51|   0.4|  0.0|INFORM|OGCGEOPACKAGE Writer: Feature Type Parameter 'fme_table_handling' has value 'CREATE_IF_MISSING' for feature type 'dap.features'
2022-11-04 09:15:51|   0.4|  0.0|INFORM|OGCGEOPACKAGE Writer: Feature Type Parameter 'fme_feature_operation' has value 'Insert' for feature type 'dap.features'
2022-11-04 09:15:51|   0.4|  0.0|INFORM|OGCGEOPACKAGE writer: Opening file 'C:\Users\krima354\Work Folders\Documents\kicki_arbetsfiler\dap\utdata\lerharen\lerharen_harm101.gpkg'
2022-11-04 09:15:51|   0.4|  0.0|INFORM|OGCGEOPACKAGE writer: Creating file 'C:\Users\krima354\Work Folders\Documents\kicki_arbetsfiler\dap\utdata\lerharen\lerharen_harm101.gpkg'
2022-11-04 09:15:51|   0.4|  0.0|INFORM|OGCGEOPACKAGE writer: Creating layer 'dap.features' with geometry type 'geopackage_geometry'
2022-11-04 09:15:51|   0.4|  0.0|INFORM|The EPSG number of the FME coordinate system 'SWEREF-99-TM' is '3006'
2022-11-04 09:15:51|   0.4|  0.0|INFORM|Creating reader for format: Esri Shapefile
2022-11-04 09:15:51|   0.4|  0.0|INFORM|Trying to find a DYNAMIC plugin for reader named `SHAPEFILE'
2022-11-04 09:15:51|   0.4|  0.0|INFORM|Shapefile reader: Reading file using character encoding 'iso-8859-1', this will override auto-detected encoding
2022-11-04 09:15:51|   0.4|  0.0|INFORM|Shapefile reader: Reading dataset with encoding 'ISO-8859-1' as determined by 'User Setting'
2022-11-04 09:15:51|   0.4|  0.0|INFORM|FME Configuration: Source coordinate system for reader SHAPEFILE_1[SHAPEFILE] set to `_SWEREF-99-TM_0' as read from input data
2022-11-04 09:15:51|   0.4|  0.0|INFORM|Coordinate System `_SWEREF-99-TM_0' parameters: CS_NAME=`_SWEREF-99-TM_0' CS_ORIGINAL_NAME=`SWEREF-99-TM' DESC_NM=`SWEREF 99 TM' DT_NAME=`SWEREF99' EPSG_QD=`-1' ESRI_WKT=`PROJCS["SWEREF99_TM",GEOGCS["GCS_SWEREF99",DATUM["D_SWEREF99",SPHEROID["GRS_1980",6378137.0,298.257222101]],PRIMEM["Greenwich",0.0],UNIT["Degree",0.0174532925199433]],PROJECTION["Transverse_Mercator"],PARAMETER["False_Easting",500000.0],PARAMETER["False_Northing",0.0],PARAMETER["Central_Meridian",15.0],PARAMETER["Scale_Factor",0.9996],PARAMETER["Latitude_Of_Origin",0.0],UNIT["Meter",1.0]]' GROUP=`EUROPE' MAP_SCL=`1' MAX_LAT=`70.48333333333333' MAX_LNG=`25.883333333333333' MIN_LAT=`53.81666666666667' MIN_LNG=`8.866666666666667' PARM1=`15' PROJ=`TM' QUAD=`1' SCL_RED=`0.9996' SOURCE=`National Land Survey of Sweden' UNIT=`METER' X_OFF=`500000'
2022-11-04 09:15:51|   0.4|  0.0|INFORM|Anläggningar Feature Recorder -1 2147549207 (RecorderFactory): Splitting bulk features into individual features
2022-11-04 09:15:51|   0.4|  0.0|INFORM|Creating reader for format: Esri Shapefile
2022-11-04 09:15:51|   0.4|  0.0|INFORM|Trying to find a DYNAMIC plugin for reader named `SHAPEFILE'
2022-11-04 09:15:51|   0.4|  0.0|INFORM|Shapefile reader: Reading file using character encoding 'iso-8859-1', this will override auto-detected encoding
2022-11-04 09:15:51|   0.4|  0.0|INFORM|Shapefile reader: Reading dataset with encoding 'ISO-8859-1' as determined by 'User Setting'
2022-11-04 09:15:51|   0.4|  0.0|INFORM|FME Configuration: Source coordinate system for reader SHAPEFILE_1[SHAPEFILE] set to `_SWEREF-99-TM_0' as read from input data
2022-11-04 09:15:51|   0.4|  0.0|INFORM|Coordinate System `_SWEREF-99-TM_0' parameters: CS_NAME=`_SWEREF-99-TM_0' CS_ORIGINAL_NAME=`SWEREF-99-TM' DESC_NM=`SWEREF 99 TM' DT_NAME=`SWEREF99' EPSG_QD=`-1' ESRI_WKT=`PROJCS["SWEREF99_TM",GEOGCS["GCS_SWEREF99",DATUM["D_SWEREF99",SPHEROID["GRS_1980",6378137.0,298.257222101]],PRIMEM["Greenwich",0.0],UNIT["Degree",0.0174532925199433]],PROJECTION["Transverse_Mercator"],PARAMETER["False_Easting",500000.0],PARAMETER["False_Northing",0.0],PARAMETER["Central_Meridian",15.0],PARAMETER["Scale_Factor",0.9996],PARAMETER["Latitude_Of_Origin",0.0],UNIT["Meter",1.0]]' GROUP=`EUROPE' MAP_SCL=`1' MAX_LAT=`70.48333333333333' MAX_LNG=`25.883333333333333' MIN_LAT=`53.81666666666667' MIN_LNG=`8.866666666666667' PARM1=`15' PROJ=`TM' QUAD=`1' SCL_RED=`0.9996' SOURCE=`National Land Survey of Sweden' UNIT=`METER' X_OFF=`500000'
2022-11-04 09:15:51|   0.4|  0.0|INFORM|Anläggningar Feature Recorder -1 2147549207 (RecorderFactory): Splitting bulk features into individual features
2022-11-04 09:15:51|   0.4|  0.0|INFORM|Creating reader for format: Esri Shapefile
2022-11-04 09:15:51|   0.4|  0.0|INFORM|Trying to find a DYNAMIC plugin for reader named `SHAPEFILE'
2022-11-04 09:15:51|   0.4|  0.0|INFORM|Shapefile reader: Reading file using character encoding 'iso-8859-1', this will override auto-detected encoding
2022-11-04 09:15:51|   0.4|  0.0|INFORM|Shapefile reader: Reading dataset with encoding 'ISO-8859-1' as determined by 'User Setting'
2022-11-04 09:15:51|   0.4|  0.0|INFORM|FME Configuration: Source coordinate system for reader SHAPEFILE_1[SHAPEFILE] set to `_SWEREF-99-TM_0' as read from input data
2022-11-04 09:15:51|   0.4|  0.0|INFORM|Coordinate System `_SWEREF-99-TM_0' parameters: CS_NAME=`_SWEREF-99-TM_0' CS_ORIGINAL_NAME=`SWEREF-99-TM' DESC_NM=`SWEREF 99 TM' DT_NAME=`SWEREF99' EPSG_QD=`-1' ESRI_WKT=`PROJCS["SWEREF99_TM",GEOGCS["GCS_SWEREF99",DATUM["D_SWEREF99",SPHEROID["GRS_1980",6378137.0,298.257222101]],PRIMEM["Greenwich",0.0],UNIT["Degree",0.0174532925199433]],PROJECTION["Transverse_Mercator"],PARAMETER["False_Easting",500000.0],PARAMETER["False_Northing",0.0],PARAMETER["Central_Meridian",15.0],PARAMETER["Scale_Factor",0.9996],PARAMETER["Latitude_Of_Origin",0.0],UNIT["Meter",1.0]]' GROUP=`EUROPE' MAP_SCL=`1' MAX_LAT=`70.48333333333333' MAX_LNG=`25.883333333333333' MIN_LAT=`53.81666666666667' MIN_LNG=`8.866666666666667' PARM1=`15' PROJ=`TM' QUAD=`1' SCL_RED=`0.9996' SOURCE=`National Land Survey of Sweden' UNIT=`METER' X_OFF=`500000'
2022-11-04 09:15:51|   0.4|  0.0|INFORM|Anläggningar Feature Recorder -1 2147549207 (RecorderFactory): Splitting bulk features into individual features
2022-11-04 09:15:51|   0.4|  0.0|INFORM|Creating reader for format: Esri Shapefile
2022-11-04 09:15:51|   0.4|  0.0|INFORM|Trying to find a DYNAMIC plugin for reader named `SHAPEFILE'
2022-11-04 09:15:51|   0.4|  0.0|INFORM|Shapefile reader: Reading file using character encoding 'iso-8859-1', this will override auto-detected encoding
2022-11-04 09:15:51|   0.4|  0.0|INFORM|Shapefile reader: Reading dataset with encoding 'ISO-8859-1' as determined by 'User Setting'
2022-11-04 09:15:51|   0.4|  0.0|INFORM|FME Configuration: Source coordinate system for reader SHAPEFILE_1[SHAPEFILE] set to `_SWEREF-99-TM_0' as read from input data
2022-11-04 09:15:51|   0.4|  0.0|INFORM|Coordinate System `_SWEREF-99-TM_0' parameters: CS_NAME=`_SWEREF-99-TM_0' CS_ORIGINAL_NAME=`SWEREF-99-TM' DESC_NM=`SWEREF 99 TM' DT_NAME=`SWEREF99' EPSG_QD=`-1' ESRI_WKT=`PROJCS["SWEREF99_TM",GEOGCS["GCS_SWEREF99",DATUM["D_SWEREF99",SPHEROID["GRS_1980",6378137.0,298.257222101]],PRIMEM["Greenwich",0.0],UNIT["Degree",0.0174532925199433]],PROJECTION["Transverse_Mercator"],PARAMETER["False_Easting",500000.0],PARAMETER["False_Northing",0.0],PARAMETER["Central_Meridian",15.0],PARAMETER["Scale_Factor",0.9996],PARAMETER["Latitude_Of_Origin",0.0],UNIT["Meter",1.0]]' GROUP=`EUROPE' MAP_SCL=`1' MAX_LAT=`70.48333333333333' MAX_LNG=`25.883333333333333' MIN_LAT=`53.81666666666667' MIN_LNG=`8.866666666666667' PARM1=`15' PROJ=`TM' QUAD=`1' SCL_RED=`0.9996' SOURCE=`National Land Survey of Sweden' UNIT=`METER' X_OFF=`500000'
2022-11-04 09:15:51|   0.4|  0.0|INFORM|Anläggningar Feature Recorder -1 2147549207 (RecorderFactory): Splitting bulk features into individual features
2022-11-04 09:15:51|   0.4|  0.0|INFORM|Creating reader for format: Esri Shapefile
2022-11-04 09:15:51|   0.4|  0.0|INFORM|Trying to find a DYNAMIC plugin for reader named `SHAPEFILE'
2022-11-04 09:15:51|   0.4|  0.0|WARN  |Shapefile Reader: Input dataset 'C:\Users\krima354\Work Folders\Documents\kicki_arbetsfiler\dap\indata\Gävleborg 2_bearbetat\Länsmuseet Gävleborg_2015_12 Leharen\Kulle.shp' contains a Record Index file that is not a sufficient length to be useful and will be ignored. Features can still be read but performance may be impacted
2022-11-04 09:15:51|   0.4|  0.0|INFORM|Shapefile reader: Reading file using character encoding 'iso-8859-1', this will override auto-detected encoding
2022-11-04 09:15:51|   0.4|  0.0|INFORM|Shapefile reader: Reading dataset with encoding 'ISO-8859-1' as determined by 'User Setting'
2022-11-04 09:15:51|   0.4|  0.0|INFORM|FME Configuration: Source coordinate system for reader SHAPEFILE_1[SHAPEFILE] set to `_SWEREF-99-TM_0' as read from input data
2022-11-04 09:15:51|   0.4|  0.0|INFORM|Coordinate System `_SWEREF-99-TM_0' parameters: CS_NAME=`_SWEREF-99-TM_0' CS_ORIGINAL_NAME=`SWEREF-99-TM' DESC_NM=`SWEREF 99 TM' DT_NAME=`SWEREF99' EPSG_QD=`-1' ESRI_WKT=`PROJCS["SWEREF99_TM",GEOGCS["GCS_SWEREF99",DATUM["D_SWEREF99",SPHEROID["GRS_1980",6378137.0,298.257222101]],PRIMEM["Greenwich",0.0],UNIT["Degree",0.0174532925199433]],PROJECTION["Transverse_Mercator"],PARAMETER["False_Easting",500000.0],PARAMETER["False_Northing",0.0],PARAMETER["Central_Meridian",15.0],PARAMETER["Scale_Factor",0.9996],PARAMETER["Latitude_Of_Origin",0.0],UNIT["Meter",1.0]]' GROUP=`EUROPE' MAP_SCL=`1' MAX_LAT=`70.48333333333333' MAX_LNG=`25.883333333333333' MIN_LAT=`53.81666666666667' MIN_LNG=`8.866666666666667' PARM1=`15' PROJ=`TM' QUAD=`1' SCL_RED=`0.9996' SOURCE=`National Land Survey of Sweden' UNIT=`METER' X_OFF=`500000'
2022-11-04 09:15:51|   0.4|  0.0|INFORM|Anläggningar Feature Recorder -1 2147549207 (RecorderFactory): Splitting bulk features into individual features
2022-11-04 09:15:51|   0.4|  0.0|INFORM|Creating reader for format: Esri Shapefile
2022-11-04 09:15:51|   0.4|  0.0|INFORM|Trying to find a DYNAMIC plugin for reader named `SHAPEFILE'
2022-11-04 09:15:51|   0.4|  0.0|INFORM|Shapefile reader: Reading file using character encoding 'iso-8859-1', this will override auto-detected encoding
2022-11-04 09:15:51|   0.4|  0.0|INFORM|Shapefile reader: Reading dataset with encoding 'ISO-8859-1' as determined by 'User Setting'
2022-11-04 09:15:51|   0.4|  0.0|INFORM|FME Configuration: Source coordinate system for reader SHAPEFILE_1[SHAPEFILE] set to `_SWEREF-99-TM_0' as read from input data
2022-11-04 09:15:51|   0.4|  0.0|INFORM|Coordinate System `_SWEREF-99-TM_0' parameters: CS_NAME=`_SWEREF-99-TM_0' CS_ORIGINAL_NAME=`SWEREF-99-TM' DESC_NM=`SWEREF 99 TM' DT_NAME=`SWEREF99' EPSG_QD=`-1' ESRI_WKT=`PROJCS["SWEREF99_TM",GEOGCS["GCS_SWEREF99",DATUM["D_SWEREF99",SPHEROID["GRS_1980",6378137.0,298.257222101]],PRIMEM["Greenwich",0.0],UNIT["Degree",0.0174532925199433]],PROJECTION["Transverse_Mercator"],PARAMETER["False_Easting",500000.0],PARAMETER["False_Northing",0.0],PARAMETER["Central_Meridian",15.0],PARAMETER["Scale_Factor",0.9996],PARAMETER["Latitude_Of_Origin",0.0],UNIT["Meter",1.0]]' GROUP=`EUROPE' MAP_SCL=`1' MAX_LAT=`70.48333333333333' MAX_LNG=`25.883333333333333' MIN_LAT=`53.81666666666667' MIN_LNG=`8.866666666666667' PARM1=`15' PROJ=`TM' QUAD=`1' SCL_RED=`0.9996' SOURCE=`National Land Survey of Sweden' UNIT=`METER' X_OFF=`500000'
2022-11-04 09:15:51|   0.4|  0.0|INFORM|Anläggningar Feature Recorder -1 2147549207 (RecorderFactory): Splitting bulk features into individual features
2022-11-04 09:15:51|   0.4|  0.0|INFORM|Creating reader for format: Esri Shapefile
2022-11-04 09:15:51|   0.4|  0.0|INFORM|Trying to find a DYNAMIC plugin for reader named `SHAPEFILE'
2022-11-04 09:15:51|   0.4|  0.0|INFORM|Shapefile reader: Reading file using character encoding 'iso-8859-1', this will override auto-detected encoding
2022-11-04 09:15:51|   0.4|  0.0|INFORM|Shapefile reader: Reading dataset with encoding 'ISO-8859-1' as determined by 'User Setting'
2022-11-04 09:15:51|   0.4|  0.0|INFORM|FME Configuration: Source coordinate system for reader SHAPEFILE_1[SHAPEFILE] set to `_SWEREF-99-TM_0' as read from input data
2022-11-04 09:15:51|   0.4|  0.0|INFORM|Coordinate System `_SWEREF-99-TM_0' parameters: CS_NAME=`_SWEREF-99-TM_0' CS_ORIGINAL_NAME=`SWEREF-99-TM' DESC_NM=`SWEREF 99 TM' DT_NAME=`SWEREF99' EPSG_QD=`-1' ESRI_WKT=`PROJCS["SWEREF99_TM",GEOGCS["GCS_SWEREF99",DATUM["D_SWEREF99",SPHEROID["GRS_1980",6378137.0,298.257222101]],PRIMEM["Greenwich",0.0],UNIT["Degree",0.0174532925199433]],PROJECTION["Transverse_Mercator"],PARAMETER["False_Easting",500000.0],PARAMETER["False_Northing",0.0],PARAMETER["Central_Meridian",15.0],PARAMETER["Scale_Factor",0.9996],PARAMETER["Latitude_Of_Origin",0.0],UNIT["Meter",1.0]]' GROUP=`EUROPE' MAP_SCL=`1' MAX_LAT=`70.48333333333333' MAX_LNG=`25.883333333333333' MIN_LAT=`53.81666666666667' MIN_LNG=`8.866666666666667' PARM1=`15' PROJ=`TM' QUAD=`1' SCL_RED=`0.9996' SOURCE=`National Land Survey of Sweden' UNIT=`METER' X_OFF=`500000'
2022-11-04 09:15:51|   0.4|  0.0|INFORM|Anläggningar Feature Recorder -1 2147549207 (RecorderFactory): Splitting bulk features into individual features
2022-11-04 09:15:51|   0.4|  0.0|INFORM|MULTI_READER(SHAPEFILE_1): Done reading 82 features from 8 readers
2022-11-04 09:15:51|   0.4|  0.0|INFORM|MULTI_READER(MULTI_READER): Done reading 82 features from 1 readers
2022-11-04 09:15:51|   0.4|  0.0|INFORM|Emptying factory pipeline
2022-11-04 09:15:51|   0.4|  0.0|STATS |Router and Unexpected Input Remover (RoutingFactory): Tested 82 input feature(s), wrote 82 output feature(s): 82 matched merge filters, 82 were routed to output, 0 could not be routed.
2022-11-04 09:15:51|   0.4|  0.0|STATS |Unwanted Router Input Nuker (TeeFactory): Cloned 0 input feature(s) into 0 output feature(s)
2022-11-04 09:15:51|   0.4|  0.0|STATS |Anläggningar_SHAPEFILE_1 Splitter (TeeFactory): Cloned 82 input feature(s) into 164 output feature(s)
2022-11-04 09:15:51|   0.4|  0.0|STATS |BoundingBoxAccumulator (Disabled) Nuker (TeeFactory): Cloned 82 input feature(s) into 0 output feature(s)
2022-11-04 09:15:51|   0.4|  0.0|STATS |CenterPointReplacer (TeeFactory): Cloned 0 input feature(s) into 0 output feature(s)
2022-11-04 09:15:51|   0.4|  0.0|STATS |CenterPointReplacer_router (TestFactory): Tested 0 input feature(s) -- 0 feature(s) passed and 0 feature(s) failed
2022-11-04 09:15:51|   0.4|  0.0|STATS |CenterPointReplacer_outputter (TestFactory): Tested 0 input feature(s) -- 0 feature(s) passed and 0 feature(s) failed
2022-11-04 09:15:51|   0.4|  0.0|STATS |Destination Feature Type Routing Correlator (RoutingFactory): Tested 82 input feature(s), wrote 82 output feature(s): 0 matched merge filters, 82 were routed to output, 0 could not be routed.
2022-11-04 09:15:51|   0.4|  0.0|STATS |Final Output Nuker (TeeFactory): Cloned 0 input feature(s) into 0 output feature(s)
2022-11-04 09:15:52|   0.4|  0.0|INFORM|OGCGEOPACKAGE writer: Committing transaction of 82 features to feature types 'dap.features'...
2022-11-04 09:15:52|   0.4|  0.0|INFORM|=-=-=-=-=-=-=-=-=-=-=-=-=-=-=-=-=-=-=-=-=-=-=-=-=-=-=-=-=-=-=-=-=-=-=-=-=-=-=-
2022-11-04 09:15:52|   0.4|  0.0|INFORM|Feature output statistics for `OGCGEOPACKAGE' writer using keyword `OGCGEOPACKAGE_1':
2022-11-04 09:15:52|   0.4|  0.0|STATS |=-=-=-=-=-=-=-=-=-=-=-=-=-=-=-=-=-=-=-=-=-=-=-=-=-=-=-=-=-=-=-=-=-=-=-=-=-=-=-
2022-11-04 09:15:52|   0.4|  0.0|STATS |                               Features Written
2022-11-04 09:15:52|   0.4|  0.0|STATS |=-=-=-=-=-=-=-=-=-=-=-=-=-=-=-=-=-=-=-=-=-=-=-=-=-=-=-=-=-=-=-=-=-=-=-=-=-=-=-
2022-11-04 09:15:52|   0.4|  0.0|STATS |dap.features                                                                82
2022-11-04 09:15:52|   0.4|  0.0|STATS |==============================================================================
2022-11-04 09:15:52|   0.4|  0.0|STATS |Total Features Written                                                      82
2022-11-04 09:15:52|   0.4|  0.0|STATS |=-=-=-=-=-=-=-=-=-=-=-=-=-=-=-=-=-=-=-=-=-=-=-=-=-=-=-=-=-=-=-=-=-=-=-=-=-=-=-
2022-11-04 09:15:52|   0.4|  0.0|STATS |=-=-=-=-=-=-=-=-=-=-=-=-=-=-=-=-=-=-=-=-=-=-=-=-=-=-=-=-=-=-=-=-=-=-=-=-=-=-=-
2022-11-04 09:15:52|   0.4|  0.0|STATS |                            Features Read Summary
2022-11-04 09:15:52|   0.4|  0.0|STATS |=-=-=-=-=-=-=-=-=-=-=-=-=-=-=-=-=-=-=-=-=-=-=-=-=-=-=-=-=-=-=-=-=-=-=-=-=-=-=-
2022-11-04 09:15:52|   0.4|  0.0|STATS |Anläggningar                                                               22
2022-11-04 09:15:52|   0.4|  0.0|STATS |Anläggningar_2                                                              2
2022-11-04 09:15:52|   0.4|  0.0|STATS |Eldgivning                                                                  27
2022-11-04 09:15:52|   0.4|  0.0|STATS |Enhet                                                                        5
2022-11-04 09:15:52|   0.4|  0.0|STATS |Krypgångar                                                                 18
2022-11-04 09:15:52|   0.4|  0.0|STATS |Kulle                                                                        1
2022-11-04 09:15:52|   0.4|  0.0|STATS |Kulle_2                                                                      4
2022-11-04 09:15:52|   0.4|  0.0|STATS |övrigt                                                                      3
2022-11-04 09:15:52|   0.4|  0.0|STATS |==============================================================================
2022-11-04 09:15:52|   0.4|  0.0|STATS |Total Features Read                                                         82
2022-11-04 09:15:52|   0.4|  0.0|STATS |=-=-=-=-=-=-=-=-=-=-=-=-=-=-=-=-=-=-=-=-=-=-=-=-=-=-=-=-=-=-=-=-=-=-=-=-=-=-=-
2022-11-04 09:15:52|   0.4|  0.0|STATS |=-=-=-=-=-=-=-=-=-=-=-=-=-=-=-=-=-=-=-=-=-=-=-=-=-=-=-=-=-=-=-=-=-=-=-=-=-=-=-
2022-11-04 09:15:52|   0.4|  0.0|STATS |                           Features Written Summary
2022-11-04 09:15:52|   0.4|  0.0|STATS |=-=-=-=-=-=-=-=-=-=-=-=-=-=-=-=-=-=-=-=-=-=-=-=-=-=-=-=-=-=-=-=-=-=-=-=-=-=-=-
2022-11-04 09:15:52|   0.4|  0.0|STATS |dap.features                                                                82
2022-11-04 09:15:52|   0.4|  0.0|STATS |==============================================================================
2022-11-04 09:15:52|   0.4|  0.0|STATS |Total Features Written                                                      82
2022-11-04 09:15:52|   0.4|  0.0|STATS |=-=-=-=-=-=-=-=-=-=-=-=-=-=-=-=-=-=-=-=-=-=-=-=-=-=-=-=-=-=-=-=-=-=-=-=-=-=-=-
2022-11-04 09:15:52|   0.4|  0.0|WARN  |-~-~-~-~-~-~-~-~-~-~-~-~-~-~-~-~-~-~-~-~-~-~-~-~-~-~-~-~-~-~-~-~-~-~-~-~-~-~-~-~-
2022-11-04 09:15:52|   0.4|  0.0|WARN  |-~                                                                             ~-
2022-11-04 09:15:52|   0.4|  0.0|WARN  |-~    Feature caches have been recorded at every stage of the translation.     ~-
2022-11-04 09:15:52|   0.4|  0.0|WARN  |-~                      To inspect the recorded features,                      ~-
2022-11-04 09:15:52|   0.4|  0.0|WARN  |-~              click the feature cache icons next to the ports.               ~-
2022-11-04 09:15:52|   0.4|  0.0|WARN  |-~                                                                             ~-
2022-11-04 09:15:52|   0.4|  0.0|WARN  |-~-~-~-~-~-~-~-~-~-~-~-~-~-~-~-~-~-~-~-~-~-~-~-~-~-~-~-~-~-~-~-~-~-~-~-~-~-~-~-~-
2022-11-04 09:15:52|   0.4|  0.0|INFORM|Translation was SUCCESSFUL with 8 warning(s) (82 feature(s) output)
2022-11-04 09:15:52|   0.4|  0.0|INFORM|FME Session Duration: 0.6 seconds. (CPU: 0.2s user, 0.2s system)
2022-11-04 09:15:52|   0.4|  0.0|INFORM|END - ProcessID: 17736, peak process memory usage: 150596 kB, current process memory usage: 143844 kB
