2023-06-28 16:07:36|   0.0|  0.0|INFORM|Current FME version: FME 2022.1.3.0 (20220928 - Build 22630 - WIN64)
2023-06-28 16:07:36|   0.0|  0.0|INFORM|FME_HOME is 'C:\Program Files\FME2022_1_3\'
2023-06-28 16:07:36|   0.0|  0.0|INFORM|FME Database Edition (node locked-crc)
2023-06-28 16:07:36|   0.0|  0.0|INFORM|Serial Number: ZVY7-REY4-21GZ
2023-06-28 16:07:36|   0.0|  0.0|INFORM|Temporary License: 361 days left.
2023-06-28 16:07:36|   0.0|  0.0|INFORM|Machine host name is: EPI-4L2CTD3
2023-06-28 16:07:36|   0.0|  0.0|INFORM|OS Locale Name     : sv_SE
2023-06-28 16:07:36|   0.0|  0.0|INFORM|OS Locale Encoding : windows-1252
2023-06-28 16:07:36|   0.0|  0.0|INFORM|Process Encoding   : UTF-8
2023-06-28 16:07:36|   0.0|  0.0|INFORM|FME API version: '4.0 20220615'
2023-06-28 16:07:36|   0.0|  0.0|INFORM|FME Configuration: FME_BASE is 'no'
2023-06-28 16:07:36|   0.0|  0.0|INFORM|FME Configuration: FME_MF_DIR is 'C:\Users\krima354\Work Folders\Documents\GitHub\kix_working_dir\divFME\urdar/'
2023-06-28 16:07:36|   0.0|  0.0|INFORM|FME Configuration: FME_MF_NAME is 'checkIfInBoundingBoxOfCoordSys_urdar_new_improved.fmw'
2023-06-28 16:07:36|   0.0|  0.0|INFORM|FME Configuration: FME_PRODUCT_NAME is 'FME(R) 2022.1.3.0'
2023-06-28 16:07:36|   0.0|  0.0|INFORM|Operating System: Microsoft Windows 10 64-bit  (Build 19045)
2023-06-28 16:07:36|   0.0|  0.0|INFORM|FME Platform: WIN64
2023-06-28 16:07:36|   0.0|  0.0|INFORM|System Status: 342.44 GB of disk space available in the FME temporary folder (C:\Users\krima354\AppData\Local\Temp\wbrun_1687944420591_21576\fmetmp_1d)
2023-06-28 16:07:36|   0.0|  0.0|INFORM|System Status: 31.73 GB of physical memory available
2023-06-28 16:07:36|   0.0|  0.0|INFORM|System Status: 126.93 GB of virtual memory available
2023-06-28 16:07:36|   0.0|  0.0|INFORM|START - ProcessID: 27496, peak process memory usage: 49684 kB, current process memory usage: 49684 kB
2023-06-28 16:07:36|   0.0|  0.0|INFORM|FME Configuration: Command line arguments are `C:\Program Files\FME2022_1_3\fme.exe' `C:/Users/krima354/Work Folders/Documents/GitHub/kix_working_dir/divFME/urdar\wb-xlate-1687961248349_21576' `LOG_STANDARDOUT' `YES' `LOG_TIMINGS' `YES' `LogCountServerName' `57357' `LOG_STANDARDOUT' `No' `WORKBENCH_LOG_SERVER' `57354'
2023-06-28 16:07:36|   0.0|  0.0|INFORM|FME Configuration: Connection Storage: 'C:\Users\krima354\AppData\Roaming\Safe Software\FME\'
2023-06-28 16:07:36|   0.0|  0.0|INFORM|Shared folders for formats are : C:\Program Files\FME2022_1_3\datasources;C:\Users\krima354\Work Folders\Documents\FME\Formats
2023-06-28 16:07:36|   0.0|  0.0|INFORM|Shared folders for transformers are : C:\Users\krima354\AppData\Roaming\Safe Software\FME\Packages\22630-win64\transformers;C:\Program Files\FME2022_1_3\transformers;C:\Users\krima354\AppData\Roaming\Safe Software\FME\FME Store\Transformers
2023-06-28 16:07:36|   0.0|  0.0|INFORM|Shared folders for coordinate systems are : C:\Users\krima354\Work Folders\Documents\FME\CoordinateSystems
2023-06-28 16:07:36|   0.0|  0.0|INFORM|Shared folders for coordinate system exceptions are : C:\Users\krima354\Work Folders\Documents\FME\CoordinateSystemExceptions
2023-06-28 16:07:36|   0.0|  0.0|INFORM|Shared folders for coordinate system grid overrides are : C:\Users\krima354\Work Folders\Documents\FME\CoordinateSystemGridOverrides
2023-06-28 16:07:36|   0.0|  0.0|INFORM|Shared folders for CS-MAP transformation exceptions are : C:\Users\krima354\Work Folders\Documents\FME\CsmapTransformationExceptions
2023-06-28 16:07:36|   0.0|  0.0|INFORM|Shared folders for transformer categories are : C:\Users\krima354\Work Folders\Documents\FME\TransformerCategories
2023-06-28 16:07:36|   0.0|  0.0|INFORM|FME Configuration: Reader Keyword is `MULTI_READER'
2023-06-28 16:07:36|   0.0|  0.0|INFORM|FME Configuration: Writer Keyword is `MULTI_WRITER'
2023-06-28 16:07:36|   0.0|  0.0|INFORM|FME Configuration: Writer Group Definition Keyword is `MULTI_WRITER_DEF'
2023-06-28 16:07:36|   0.0|  0.0|INFORM|FME Configuration: Reader type is `MULTI_READER'
2023-06-28 16:07:36|   0.0|  0.0|INFORM|FME Configuration: Writer type is `MULTI_WRITER'
2023-06-28 16:07:36|   0.0|  0.0|INFORM|FME Configuration: No destination coordinate system set
2023-06-28 16:07:36|   0.0|  0.0|INFORM|FME Configuration: Current working folder is `C:\Users\krima354\Work Folders\Documents\GitHub\kix_working_dir\divFME\urdar'
2023-06-28 16:07:36|   0.0|  0.0|INFORM|FME Configuration: Temporary folder is `C:\Users\krima354\AppData\Local\Temp\wbrun_1687944420591_21576\fmetmp_1d', set from environment variable `FME_TEMP'
2023-06-28 16:07:36|   0.0|  0.0|INFORM|FME Configuration: Cache folder is 'C:\Users\krima354\AppData\Local\Temp'
2023-06-28 16:07:36|   0.0|  0.0|INFORM|FME Configuration: FME_HOME is `C:\Program Files\FME2022_1_3\'
2023-06-28 16:07:36|   0.0|  0.0|INFORM|FME Configuration: Start freeing memory when the process exceeds 95.20 GB
2023-06-28 16:07:36|   0.0|  0.0|INFORM|FME Configuration: Stop freeing memory when the process is below 71.40 GB
2023-06-28 16:07:36|   0.0|  0.0|INFORM|Creating writer for format: 
2023-06-28 16:07:36|   0.0|  0.0|INFORM|Creating reader for format: 
2023-06-28 16:07:36|   0.0|  0.0|INFORM|MULTI_READER(MULTI_READER): Will fail with first member reader failure
2023-06-28 16:07:36|   0.0|  0.0|INFORM|MULTI_READER(MULTI_READER): Adding CSV2 Reader with keyword CSV2_1
2023-06-28 16:07:36|   0.0|  0.0|INFORM|MULTI_READER(MULTI_READER): Adding OGCGEOPACKAGE Reader with keyword OGCGEOPACKAGE_3
2023-06-28 16:07:36|   0.0|  0.0|INFORM|Using Multi Reader with keyword `MULTI_READER' to read multiple datasets
2023-06-28 16:07:36|   0.0|  0.0|INFORM|Creating reader for format: CSV (Comma Separated Value)
2023-06-28 16:07:36|   0.0|  0.0|INFORM|Trying to find a DYNAMIC plugin for reader named `CSV2'
2023-06-28 16:07:36|   0.0|  0.0|INFORM|Loaded module 'CSV2' from file 'C:\Program Files\FME2022_1_3\plugins/CSV2.dll'
2023-06-28 16:07:36|   0.0|  0.0|INFORM|FME API version of module 'CSV2' matches current internal version (4.0 20220615)
2023-06-28 16:07:36|   0.0|  0.0|INFORM|CSV reader: Opening dataset 'C:\Users\krima354\Work Folders\Documents\kicki_arbetsfiler\urdar_arbetsfiler\db_withot_geom\urdar_db_without_geom.csv'
2023-06-28 16:07:36|   0.0|  0.0|INFORM|CSV reader: Directive '_TRIM_FEATURE_TYPE_NAME' has the value 'Yes'
2023-06-28 16:07:36|   0.0|  0.0|INFORM|CSV reader: Directive '_SUPPORTED_READER_ARCHIVE_EXTENSIONS' has the value 'csv.gz,txt.gz'
2023-06-28 16:07:36|   0.0|  0.0|INFORM|CSV reader: Directive '_DELIMITER' has the value 'auto'
2023-06-28 16:07:36|   0.0|  0.0|INFORM|CSV reader: Directive '_FIELD_NAMES_LINE' has the value '1'
2023-06-28 16:07:36|   0.0|  0.0|INFORM|CSV reader: Directive '_DATA_START_LINE' has the value '2'
2023-06-28 16:07:36|   0.0|  0.0|INFORM|CSV reader: Directive '_SCAN_MAX_ROWS' has the value '10000'
2023-06-28 16:07:36|   0.0|  0.0|INFORM|CSV reader: Directive '_READ_SKIPPED_LINES' has the value 'No'
2023-06-28 16:07:36|   0.0|  0.0|INFORM|CSV reader: Directive '_ENCODING' has the value 'windows-1252'
2023-06-28 16:07:36|   0.0|  0.0|INFORM|CSV reader: Directive 'FME_NAMES_ENCODING' has the value 'UTF-8'
2023-06-28 16:07:36|   0.0|  0.0|INFORM|CSV reader: Directive '_SKIP_DUPLICATE_DELIMITERS' has the value 'No'
2023-06-28 16:07:36|   0.0|  0.0|INFORM|CSV reader: Directive '_FIELD_QUALIFIER_CHARACTER' has the value '"'
2023-06-28 16:07:36|   0.0|  0.0|INFORM|CSV reader: Directive '_FIELD_QUALIFIER_ESCAPE_CHARACTER' has the value '"'
2023-06-28 16:07:36|   0.0|  0.0|INFORM|CSV reader: Directive '_TRIM_FIELD_NAME_QUALIFIERS' has the value 'Yes'
2023-06-28 16:07:36|   0.0|  0.0|INFORM|CSV reader: Directive '_TRIM_FIELD_VALUE_QUALIFIERS' has the value 'Yes'
2023-06-28 16:07:36|   0.0|  0.0|INFORM|CSV reader: Directive '_PRESERVE_SOURCE_ENCODING' has the value 'No'
2023-06-28 16:07:36|   0.0|  0.0|INFORM|CSV reader: Directive '_CASE_SENSITIVE_FIELD_NAMES' has the value 'Yes'
2023-06-28 16:07:36|   0.0|  0.0|INFORM|CSV reader: Directive '_ENFORCE_STRICT_SCHEMA' has the value 'No'
2023-06-28 16:07:36|   0.0|  0.0|INFORM|CSV reader: Directive '_SCAN_TYPES' has the value 'Yes'
2023-06-28 16:07:36|   0.0|  0.0|INFORM|CSV reader: Directive '_TYPE_ATTRIBUTE_HANDLING' has the value 'STANDARD_TYPES'
2023-06-28 16:07:36|   0.0|  0.0|INFORM|CSV reader: Directive '_STRING_TYPE_ATTRIBUTE_HANDLING' has the value 'EXPLICIT_WIDTH'
2023-06-28 16:07:36|   0.0|  0.0|INFORM|CSV reader: Directive '_SCAN_ADDITIONAL_FIELDS' has the value 'No'
2023-06-28 16:07:36|   0.0|  0.0|INFORM|CSV reader: Directive '_DATE_INPUT_FORMAT' has the value 'ISO'
2023-06-28 16:07:36|   0.0|  0.0|INFORM|CSV reader: Directive '_CHUNK_SIZE' has the value '100000'
2023-06-28 16:07:36|   0.0|  0.0|INFORM|CSV reader: Directive '_TRIM_FIELD_NAME_WHITESPACE' has the value 'Yes'
2023-06-28 16:07:36|   0.0|  0.0|INFORM|CSV reader: Directive '_READ_EMPTY_VALUES_AS' has the value 'Null'
2023-06-28 16:07:36|   0.0|  0.0|INFORM|CSV reader: Directive '_REPLACE_ATTR_NAME_INVALID_CHARS' has the value 'No'
2023-06-28 16:07:36|   0.0|  0.0|INFORM|Using MultiWriter with keyword `MULTI_WRITER' to output data (ID_ATTRIBUTE is `multi_writer_id')
2023-06-28 16:07:36|   0.0|  0.0|INFORM|Writer output will be ordered by value of multi_writer_id
2023-06-28 16:07:36|   0.0|  0.0|INFORM|Loaded module 'LogCount_func' from file 'C:\Program Files\FME2022_1_3\plugins/LogCount_func.dll'
2023-06-28 16:07:36|   0.0|  0.0|INFORM|FME API version of module 'LogCount_func' matches current internal version (4.0 20220615)
2023-06-28 16:07:36|   0.0|  0.0|INFORM|Loaded module 'Geometry_func' from file 'C:\Program Files\FME2022_1_3\plugins/Geometry_func.dll'
2023-06-28 16:07:36|   0.0|  0.0|INFORM|FME API version of module 'Geometry_func' matches current internal version (4.0 20220615)
2023-06-28 16:07:36|   0.0|  0.0|INFORM|Loaded module 'VertexCreatorFactory' from file 'C:\Program Files\FME2022_1_3\plugins/VertexCreatorFactory.dll'
2023-06-28 16:07:36|   0.0|  0.0|INFORM|FME API version of module 'VertexCreatorFactory' matches current internal version (4.0 20220615)
2023-06-28 16:07:36|   0.0|  0.0|INFORM|Loaded module 'GeometryFilterFactory' from file 'C:\Program Files\FME2022_1_3\plugins/GeometryFilterFactory.dll'
2023-06-28 16:07:36|   0.0|  0.0|INFORM|FME API version of module 'GeometryFilterFactory' matches current internal version (4.0 20220615)
2023-06-28 16:07:36|   0.0|  0.0|INFORM|CSV Feature Recorder -1 2147549199 (RecorderFactory): Splitting bulk features into individual features
2023-06-28 16:07:36|   0.1|  0.1|INFORM|Creating writer for format: OGC GeoPackage
2023-06-28 16:07:36|   0.1|  0.0|INFORM|Trying to find a DYNAMIC plugin for writer named `OGCGEOPACKAGE'
2023-06-28 16:07:36|   0.1|  0.0|INFORM|Loaded module 'OGCGEOPACKAGE' from file 'C:\Program Files\FME2022_1_3\plugins/gdal/GDAL.dll'
2023-06-28 16:07:36|   0.1|  0.0|INFORM|FME API version of module 'gdal/GDAL' matches current internal version (4.0 20220615)
2023-06-28 16:07:36|   0.1|  0.0|INFORM|FME Configuration: Destination coordinate system set to `EPSG:3006'
2023-06-28 16:07:36|   0.3|  0.2|INFORM|Coordinate System `EPSG:3006' parameters: CS_NAME=`SWEREF-99-TM' DESC_NM=`SWEREF 99 TM' DT_NAME=`SWEREF99' EPSG_QD=`-1' GROUP=`EUROPE' MAP_SCL=`1' MAX_LAT=`70.48333333333333' MAX_LNG=`25.883333333333333' MIN_LAT=`53.81666666666667' MIN_LNG=`8.866666666666667' PARM1=`15' PROJ=`TM' QUAD=`1' SCL_RED=`0.9996' SOURCE=`National Land Survey of Sweden' UNIT=`METER' X_OFF=`500000'
2023-06-28 16:07:36|   0.3|  0.0|INFORM|Writer `OGCGEOPACKAGE_1' of type `OGCGEOPACKAGE' using group definition keyword `OGCGEOPACKAGE_1_DEF'
2023-06-28 16:07:36|   0.3|  0.0|INFORM|OGCGEOPACKAGE writer: Directive '_EXPOSE_PRIMARY_KEY_ATTRIBUTE' has value 'YES'
2023-06-28 16:07:36|   0.3|  0.0|INFORM|OGCGEOPACKAGE writer: Directive '_OVERWRITE_DATASET' has value 'NO'
2023-06-28 16:07:36|   0.3|  0.0|INFORM|OGCGEOPACKAGE writer: Directive '_TRANSACTION_SIZE' has value '5000'
2023-06-28 16:07:36|   0.3|  0.0|INFORM|OGCGEOPACKAGE writer: Directive '_ENFORCE_GEOMETRY_COLUMN_CONSTRAINTS' has value 'YES'
2023-06-28 16:07:36|   0.3|  0.0|WARN  |OGCGEOPACKAGE writer: Dataset 'alla_urdar_db_infor_satta_srid_3006.gpkg' requires file extension '.gpkg'. Using dataset 'alla_urdar_db_infor_satta_srid_3006.gpkg.gpkg'
2023-06-28 16:07:36|   0.3|  0.0|INFORM|OGCGEOPACKAGE writer: Feature Type Parameter 'geopackage_geometry_column' has value 'geom' for feature type 'utanfor_3006'
2023-06-28 16:07:36|   0.3|  0.0|INFORM|OGCGEOPACKAGE writer: Feature Type Parameter 'geopackage_create_spatial_index' has value 'Yes' for feature type 'utanfor_3006'
2023-06-28 16:07:36|   0.3|  0.0|INFORM|OGCGEOPACKAGE writer: Feature Type Parameter 'geopackage_z_capability' has value 'NOT_ALLOWED' for feature type 'utanfor_3006'
2023-06-28 16:07:36|   0.3|  0.0|INFORM|OGCGEOPACKAGE writer: Feature Type Parameter 'geopackage_m_capability' has value 'NOT_ALLOWED' for feature type 'utanfor_3006'
2023-06-28 16:07:36|   0.3|  0.0|INFORM|OGCGEOPACKAGE Writer: Feature Type Parameter 'fme_table_handling' has value 'CREATE_IF_MISSING' for feature type 'utanfor_3006'
2023-06-28 16:07:36|   0.3|  0.0|INFORM|OGCGEOPACKAGE Writer: Feature Type Parameter 'fme_feature_operation' has value 'Insert' for feature type 'utanfor_3006'
2023-06-28 16:07:36|   0.3|  0.0|INFORM|OGCGEOPACKAGE writer: Feature Type Parameter 'geopackage_geometry_column' has value 'geom' for feature type 'db_utan_geom'
2023-06-28 16:07:36|   0.3|  0.0|INFORM|OGCGEOPACKAGE writer: Feature Type Parameter 'geopackage_create_spatial_index' has value 'Yes' for feature type 'db_utan_geom'
2023-06-28 16:07:36|   0.3|  0.0|INFORM|OGCGEOPACKAGE writer: Feature Type Parameter 'geopackage_z_capability' has value 'NOT_ALLOWED' for feature type 'db_utan_geom'
2023-06-28 16:07:36|   0.3|  0.0|INFORM|OGCGEOPACKAGE writer: Feature Type Parameter 'geopackage_m_capability' has value 'NOT_ALLOWED' for feature type 'db_utan_geom'
2023-06-28 16:07:36|   0.3|  0.0|INFORM|OGCGEOPACKAGE Writer: Feature Type Parameter 'fme_table_handling' has value 'CREATE_IF_MISSING' for feature type 'db_utan_geom'
2023-06-28 16:07:36|   0.3|  0.0|INFORM|OGCGEOPACKAGE Writer: Feature Type Parameter 'fme_feature_operation' has value 'Insert' for feature type 'db_utan_geom'
2023-06-28 16:07:36|   0.3|  0.0|INFORM|OGCGEOPACKAGE writer: Feature Type Parameter 'geopackage_geometry_column' has value 'geom' for feature type 'att_satta_3006'
2023-06-28 16:07:36|   0.3|  0.0|INFORM|OGCGEOPACKAGE writer: Feature Type Parameter 'geopackage_create_spatial_index' has value 'Yes' for feature type 'att_satta_3006'
2023-06-28 16:07:36|   0.3|  0.0|INFORM|OGCGEOPACKAGE writer: Feature Type Parameter 'geopackage_z_capability' has value 'NOT_ALLOWED' for feature type 'att_satta_3006'
2023-06-28 16:07:36|   0.3|  0.0|INFORM|OGCGEOPACKAGE writer: Feature Type Parameter 'geopackage_m_capability' has value 'NOT_ALLOWED' for feature type 'att_satta_3006'
2023-06-28 16:07:36|   0.3|  0.0|INFORM|OGCGEOPACKAGE Writer: Feature Type Parameter 'fme_table_handling' has value 'CREATE_IF_MISSING' for feature type 'att_satta_3006'
2023-06-28 16:07:36|   0.3|  0.0|INFORM|OGCGEOPACKAGE Writer: Feature Type Parameter 'fme_feature_operation' has value 'Insert' for feature type 'att_satta_3006'
2023-06-28 16:07:36|   0.3|  0.0|INFORM|OGCGEOPACKAGE writer: Opening file 'alla_urdar_db_infor_satta_srid_3006'
2023-06-28 16:07:36|   0.3|  0.0|INFORM|OGCGEOPACKAGE writer: Creating file 'alla_urdar_db_infor_satta_srid_3006'
2023-06-28 16:07:36|   0.3|  0.0|INFORM|OGCGEOPACKAGE writer: Creating layer 'db_utan_geom' with geometry type 'geopackage_geometry'
2023-06-28 16:07:36|   0.3|  0.0|WARN  |OGCGEOPACKAGE writer: For feature type 'db_utan_geom', attribute 'id' has the same name as the default primary key. Using 'id_0' for the primary key name instead
2023-06-28 16:07:36|   0.3|  0.0|INFORM|The EPSG number of the FME coordinate system 'SWEREF-99-TM' is '3006'
2023-06-28 16:07:36|   0.3|  0.0|INFORM|Creating reader for format: OGC GeoPackage
2023-06-28 16:07:36|   0.3|  0.0|INFORM|Trying to find a DYNAMIC plugin for reader named `OGCGEOPACKAGE'
2023-06-28 16:07:36|   0.3|  0.0|INFORM|FME Configuration: Source coordinate system for reader OGCGEOPACKAGE_3[OGCGEOPACKAGE] set to `EPSG:3006'
2023-06-28 16:07:36|   0.3|  0.0|INFORM|Coordinate System `EPSG:3006' parameters: CS_NAME=`SWEREF-99-TM' DESC_NM=`SWEREF 99 TM' DT_NAME=`SWEREF99' EPSG_QD=`-1' GROUP=`EUROPE' MAP_SCL=`1' MAX_LAT=`70.48333333333333' MAX_LNG=`25.883333333333333' MIN_LAT=`53.81666666666667' MIN_LNG=`8.866666666666667' PARM1=`15' PROJ=`TM' QUAD=`1' SCL_RED=`0.9996' SOURCE=`National Land Survey of Sweden' UNIT=`METER' X_OFF=`500000'
2023-06-28 16:07:36|   0.3|  0.0|INFORM|OGCGEOPACKAGE reader: Directive '_EXPOSE_PRIMARY_KEY_ATTRIBUTE' has value 'YES'
2023-06-28 16:07:36|   0.3|  0.0|INFORM|OGCGEOPACKAGE reader: Directive '_ENFORCE_FOREIGN_KEY_INTEGRITY' has value 'YES'
2023-06-28 16:07:36|   0.3|  0.0|INFORM|OGCGEOPACKAGE reader: Opening file 'C:\Users\krima354\Work Folders\Documents\kicki_arbetsfiler\urdar_arbetsfiler\urdar_all_geom.gpkg'
2023-06-28 16:07:36|   0.4|  0.1|WARN  |CS-MAP: Datum definition unknown does not exist.
2023-06-28 16:07:36|   0.4|  0.0|WARN  |CS-MAP: Ellipsoid definition wkt_auto_1 does not exist.
2023-06-28 16:07:36|   0.4|  0.0|INFORM|The OGC definition of the FME coordinate system '_FME_0' is 'GEOGCS["Undefined geographic SRS",DATUM["unknown",SPHEROID["unknown",6378137,298.257223563]],PRIMEM["Greenwich",0],UNIT["degree",0.0174532925199433,AUTHORITY["EPSG","9122"]]]'
2023-06-28 16:07:36|   0.6|  0.2|WARN  |NOT changing coordinate system of reader identified by keyword `OGCGEOPACKAGE_3' from `EPSG:3006' to `_FME_0' -- mapping file setting of `EPSG:3006' overrides coordinate system `_FME_0' read from file
2023-06-28 16:07:36|   0.7|  0.1|INFORM|Spatial Index: Adding 100000 features
2023-06-28 16:07:37|   0.8|  0.1|INFORM|FeatureMerger_2 (ReferenceFactory): Bulk features are not supported due to parameter configuration: Feature Merge Type
2023-06-28 16:07:37|   0.8|  0.0|INFORM|FeatureMerger_2 (ReferenceFactory): Splitting bulk features into individual features
2023-06-28 16:07:37|   1.4|  0.6|INFORM|Spatial Index: Adding 100000 features
2023-06-28 16:07:37|   1.5|  0.1|INFORM|FeatureMerger_2 (ReferenceFactory): Splitting bulk features into individual features
2023-06-28 16:07:38|   2.0|  0.5|INFORM|Spatial Index: Adding 100000 features
2023-06-28 16:07:38|   2.2|  0.2|INFORM|FeatureMerger_2 (ReferenceFactory): Splitting bulk features into individual features
2023-06-28 16:07:38|   2.8|  0.6|INFORM|Spatial Index: Adding 100000 features
2023-06-28 16:07:39|   2.9|  0.1|INFORM|FeatureMerger_2 (ReferenceFactory): Splitting bulk features into individual features
2023-06-28 16:07:39|   3.4|  0.5|INFORM|Spatial Index: Adding 100000 features
2023-06-28 16:07:39|   3.5|  0.1|INFORM|FeatureMerger_2 (ReferenceFactory): Splitting bulk features into individual features
2023-06-28 16:07:40|   4.1|  0.6|INFORM|Spatial Index: Adding 100000 features
2023-06-28 16:07:40|   4.3|  0.2|INFORM|FeatureMerger_2 (ReferenceFactory): Splitting bulk features into individual features
2023-06-28 16:07:41|   4.9|  0.6|INFORM|Spatial Index: Adding 100000 features
2023-06-28 16:07:41|   5.1|  0.2|INFORM|FeatureMerger_2 (ReferenceFactory): Splitting bulk features into individual features
2023-06-28 16:07:41|   5.6|  0.5|INFORM|Spatial Index: Adding 100000 features
2023-06-28 16:07:42|   5.8|  0.2|INFORM|FeatureMerger_2 (ReferenceFactory): Splitting bulk features into individual features
2023-06-28 16:07:42|   6.4|  0.6|INFORM|Spatial Index: Adding 100000 features
2023-06-28 16:07:42|   6.5|  0.1|INFORM|FeatureMerger_2 (ReferenceFactory): Splitting bulk features into individual features
2023-06-28 16:07:43|   7.1|  0.6|INFORM|Spatial Index: Adding 100000 features
2023-06-28 16:07:43|   7.2|  0.1|INFORM|FeatureMerger_2 (ReferenceFactory): Splitting bulk features into individual features
2023-06-28 16:07:44|   7.9|  0.7|INFORM|Spatial Index: Adding 100000 features
2023-06-28 16:07:44|   8.0|  0.1|INFORM|FeatureMerger_2 (ReferenceFactory): Splitting bulk features into individual features
2023-06-28 16:07:44|   8.5|  0.5|INFORM|Spatial Index: Adding 66870 features
2023-06-28 16:07:44|   8.6|  0.1|INFORM|FeatureMerger_2 (ReferenceFactory): Splitting bulk features into individual features
2023-06-28 16:07:45|   8.8|  0.2|INFORM|Spatial Index: Adding 3466 features
2023-06-28 16:07:45|   8.9|  0.1|INFORM|Spatial Index: Adding 3466 features
2023-06-28 16:07:45|   8.9|  0.0|INFORM|MULTI_READER(MULTI_READER): Done reading 1174042 features from 2 readers
2023-06-28 16:07:45|   8.9|  0.0|INFORM|Emptying factory pipeline
2023-06-28 16:07:45|   8.9|  0.0|STATS |Router and Unexpected Input Remover (RoutingFactory): Tested 1174042 input feature(s), wrote 1174042 output feature(s): 1174042 matched merge filters, 1174042 were routed to output, 0 could not be routed.
2023-06-28 16:07:45|   8.9|  0.0|STATS |Unwanted Router Input Nuker (TeeFactory): Cloned 0 input feature(s) into 0 output feature(s)
2023-06-28 16:07:45|   8.9|  0.0|STATS |boundingbox_OGCGEOPACKAGE_3 Splitter (TeeFactory): Cloned 3466 input feature(s) into 3466 output feature(s)
2023-06-28 16:07:45|   8.9|  0.0|STATS |geom_OGCGEOPACKAGE_3 Splitter (TeeFactory): Cloned 1166870 input feature(s) into 1166870 output feature(s)
2023-06-28 16:07:45|   8.9|  0.0|STATS |point_OGCGEOPACKAGE_3 Splitter (TeeFactory): Cloned 3466 input feature(s) into 0 output feature(s)
2023-06-28 16:07:45|   8.9|  0.0|STATS |CSV_CSV2_1 Splitter (TeeFactory): Cloned 240 input feature(s) into 480 output feature(s)
2023-06-28 16:07:45|   8.9|  0.0|STATS |Creator_XML_Creator (CreationFactory): Created 1 features
2023-06-28 16:07:45|   8.9|  0.0|STATS |Creator_Cloner (TeeFactory): Cloned 1 input feature(s) into 1 output feature(s)
2023-06-28 16:07:45|   8.9|  0.0|STATS |Creator_CREATED Brancher -1 32 (BranchingFactory): Branched 1 input feature -- 1 feature routed to the target factory, and 0 features routed to the fallback factory.
2023-06-28 16:07:45|   8.9|  0.0|STATS |_CREATOR_BRANCH_TARGET (TeeFactory): Cloned 1170817 input feature(s) into 1170817 output feature(s)
2023-06-28 16:07:45|   9.0|  0.1|INFORM|FFS writer: Writing 3466 feature(s) to file 'C:\Users\krima354\AppData\Local\Temp\wb-cache--CLCVoz\Main_FeatureMerger -1 17 fo 1 UNMERGED_REQUESTOR  0  b5b14f41c20f9b9ed01e7f0a23843ef029e7df40.fts'
2023-06-28 16:07:45|   9.0|  0.0|INFORM|Spatial Index: Adding 3466 features
2023-06-28 16:07:45|   9.0|  0.0|INFORM|FFS writer: Writing 3458 feature(s) to file 'C:\Users\krima354\AppData\Local\Temp\wb-cache--CLCVoz\Main_GeometryFilter -1 45 fo 1 _lt_UNFILTERED_gt_  0  660c63f29cab65616e858f899bb7bdf30eab4385.fts'
2023-06-28 16:07:45|   9.0|  0.0|INFORM|Spatial Index: Adding 3458 features
2023-06-28 16:07:45|   9.0|  0.0|INFORM|GeometryFilter_Null Feature Recorder -1 2147680301 (RecorderFactory): Splitting bulk features into individual features
2023-06-28 16:07:45|   9.0|  0.0|STATS |FeatureMerger (ReferenceFactory): Total Results: 0 Complete Feature(s), 3466 Incomplete Feature(s), 0 Referenced Feature(s), 240 Unreferenced Feature(s), 0 Referencer Feature(s) (NO REFERENCES), 0 Referencee Feature(s) (NO Referencee fields defined), and 0 Duplicate Referencee Feature(s)
2023-06-28 16:07:50|  14.1|  5.1|INFORM|FeatureMerger_2 (ReferenceFactory): Processing suppliers: Completed 40.1% of intermediate processing
2023-06-28 16:07:55|  19.1|  5.0|INFORM|FeatureMerger_2 (ReferenceFactory): Processing suppliers: Completed 78.47% of intermediate processing
2023-06-28 16:07:58|  22.3|  3.2|INFORM|FeatureMerger_2 (ReferenceFactory): Processing suppliers: Completed 100% of intermediate processing
2023-06-28 16:07:58|  22.3|  0.0|STATS |FeatureMerger_2 (ReferenceFactory): Total Results: 8 Complete Feature(s), 0 Incomplete Feature(s), 8 Referenced Feature(s), 1166862 Unreferenced Feature(s), 0 Referencer Feature(s) (NO REFERENCES), 0 Referencee Feature(s) (NO Referencee fields defined), and 0 Duplicate Referencee Feature(s)
2023-06-28 16:07:58|  22.3|  0.0|INFORM|Spatial Index: Adding 3380 features
2023-06-28 16:07:58|  22.3|  0.0|INFORM|FME Configuration: Using FME Reprojection Engine
2023-06-28 16:07:58|  22.3|  0.0|INFORM|OGCGEOPACKAGE writer: Splitting bulk features into individual features
2023-06-28 16:07:58|  22.3|  0.0|INFORM|OGCGEOPACKAGE writer: Creating layer 'att_satta_3006' with geometry type 'geopackage_geometry'
2023-06-28 16:07:58|  22.4|  0.1|INFORM|SpatialFilter (SpatialFilterFactory): Processed 'Candidate' 1 / 3466
2023-06-28 16:07:58|  22.4|  0.0|INFORM|SpatialFilter_FAILED Feature Recorder -1 2147680261 (RecorderFactory): Splitting bulk features into individual features
2023-06-28 16:07:58|  22.4|  0.0|INFORM|OGCGEOPACKAGE writer: Creating layer 'utanfor_3006' with geometry type 'geopackage_geometry'
2023-06-28 16:07:58|  22.4|  0.0|INFORM|SpatialFilter (SpatialFilterFactory): Processed 'Candidate' 3466 / 3466
2023-06-28 16:07:58|  22.4|  0.0|STATS |SpatialFilter (SpatialFilterFactory): Total: Processed 3467 input feature(s): 1 'Filter' feature(s) and 3466 'Candidate' feature(s). 9 feature(s) PASSED
2023-06-28 16:07:59|  23.4|  1.0|STATS |Destination Feature Type Routing Correlator (RoutingFactory): Tested 3706 input feature(s), wrote 3706 output feature(s): 0 matched merge filters, 3706 were routed to output, 0 could not be routed.
2023-06-28 16:07:59|  23.4|  0.0|STATS |Final Output Nuker (TeeFactory): Cloned 0 input feature(s) into 0 output feature(s)
2023-06-28 16:07:59|  23.4|  0.0|INFORM|OGCGEOPACKAGE writer: Committing transaction of 3706 features to feature types 'att_satta_3006', 'utanfor_3006', 'db_utan_geom'...
2023-06-28 16:07:59|  23.4|  0.0|INFORM|=-=-=-=-=-=-=-=-=-=-=-=-=-=-=-=-=-=-=-=-=-=-=-=-=-=-=-=-=-=-=-=-=-=-=-=-=-=-=-
2023-06-28 16:07:59|  23.4|  0.0|INFORM|Feature output statistics for `OGCGEOPACKAGE' writer using keyword `OGCGEOPACKAGE_1':
2023-06-28 16:07:59|  23.4|  0.0|STATS |=-=-=-=-=-=-=-=-=-=-=-=-=-=-=-=-=-=-=-=-=-=-=-=-=-=-=-=-=-=-=-=-=-=-=-=-=-=-=-
2023-06-28 16:07:59|  23.4|  0.0|STATS |                               Features Written
2023-06-28 16:07:59|  23.4|  0.0|STATS |=-=-=-=-=-=-=-=-=-=-=-=-=-=-=-=-=-=-=-=-=-=-=-=-=-=-=-=-=-=-=-=-=-=-=-=-=-=-=-
2023-06-28 16:07:59|  23.4|  0.0|STATS |att_satta_3006                                                            3388
2023-06-28 16:07:59|  23.4|  0.0|STATS |db_utan_geom                                                               240
2023-06-28 16:07:59|  23.4|  0.0|STATS |utanfor_3006                                                                78
2023-06-28 16:07:59|  23.4|  0.0|STATS |==============================================================================
2023-06-28 16:07:59|  23.4|  0.0|STATS |Total Features Written                                                    3706
2023-06-28 16:07:59|  23.4|  0.0|STATS |=-=-=-=-=-=-=-=-=-=-=-=-=-=-=-=-=-=-=-=-=-=-=-=-=-=-=-=-=-=-=-=-=-=-=-=-=-=-=-
2023-06-28 16:07:59|  23.4|  0.0|STATS |=-=-=-=-=-=-=-=-=-=-=-=-=-=-=-=-=-=-=-=-=-=-=-=-=-=-=-=-=-=-=-=-=-=-=-=-=-=-=-
2023-06-28 16:07:59|  23.4|  0.0|STATS |                            Features Read Summary
2023-06-28 16:07:59|  23.4|  0.0|STATS |=-=-=-=-=-=-=-=-=-=-=-=-=-=-=-=-=-=-=-=-=-=-=-=-=-=-=-=-=-=-=-=-=-=-=-=-=-=-=-
2023-06-28 16:07:59|  23.4|  0.0|STATS |CSV                                                                        240
2023-06-28 16:07:59|  23.4|  0.0|STATS |boundingbox                                                               3466
2023-06-28 16:07:59|  23.4|  0.0|STATS |geom                                                                   1166870
2023-06-28 16:07:59|  23.4|  0.0|STATS |point                                                                     3466
2023-06-28 16:07:59|  23.4|  0.0|STATS |==============================================================================
2023-06-28 16:07:59|  23.4|  0.0|STATS |Total Features Read                                                    1174042
2023-06-28 16:07:59|  23.4|  0.0|STATS |=-=-=-=-=-=-=-=-=-=-=-=-=-=-=-=-=-=-=-=-=-=-=-=-=-=-=-=-=-=-=-=-=-=-=-=-=-=-=-
2023-06-28 16:07:59|  23.4|  0.0|STATS |=-=-=-=-=-=-=-=-=-=-=-=-=-=-=-=-=-=-=-=-=-=-=-=-=-=-=-=-=-=-=-=-=-=-=-=-=-=-=-
2023-06-28 16:07:59|  23.4|  0.0|STATS |                           Features Written Summary
2023-06-28 16:07:59|  23.4|  0.0|STATS |=-=-=-=-=-=-=-=-=-=-=-=-=-=-=-=-=-=-=-=-=-=-=-=-=-=-=-=-=-=-=-=-=-=-=-=-=-=-=-
2023-06-28 16:07:59|  23.4|  0.0|STATS |att_satta_3006                                                            3388
2023-06-28 16:07:59|  23.4|  0.0|STATS |db_utan_geom                                                               240
2023-06-28 16:07:59|  23.4|  0.0|STATS |utanfor_3006                                                                78
2023-06-28 16:07:59|  23.4|  0.0|STATS |==============================================================================
2023-06-28 16:07:59|  23.4|  0.0|STATS |Total Features Written                                                    3706
2023-06-28 16:07:59|  23.4|  0.0|STATS |=-=-=-=-=-=-=-=-=-=-=-=-=-=-=-=-=-=-=-=-=-=-=-=-=-=-=-=-=-=-=-=-=-=-=-=-=-=-=-
2023-06-28 16:07:59|  23.4|  0.0|WARN  |-~-~-~-~-~-~-~-~-~-~-~-~-~-~-~-~-~-~-~-~-~-~-~-~-~-~-~-~-~-~-~-~-~-~-~-~-~-~-~-~-
2023-06-28 16:07:59|  23.4|  0.0|WARN  |-~                                                                             ~-
2023-06-28 16:07:59|  23.4|  0.0|WARN  |-~    Feature caches have been recorded at every stage of the translation.     ~-
2023-06-28 16:07:59|  23.4|  0.0|WARN  |-~                      To inspect the recorded features,                      ~-
2023-06-28 16:07:59|  23.4|  0.0|WARN  |-~              click the feature cache icons next to the ports.               ~-
2023-06-28 16:07:59|  23.4|  0.0|WARN  |-~                                                                             ~-
2023-06-28 16:07:59|  23.4|  0.0|WARN  |-~-~-~-~-~-~-~-~-~-~-~-~-~-~-~-~-~-~-~-~-~-~-~-~-~-~-~-~-~-~-~-~-~-~-~-~-~-~-~-~-
2023-06-28 16:07:59|  23.4|  0.0|INFORM|Translation was SUCCESSFUL with 12 warning(s) (3706 feature(s) output)
2023-06-28 16:07:59|  23.4|  0.0|INFORM|FME Session Duration: 23.8 seconds. (CPU: 20.1s user, 3.3s system)
2023-06-28 16:07:59|  23.4|  0.0|INFORM|END - ProcessID: 27496, peak process memory usage: 1745264 kB, current process memory usage: 153144 kB
