2023-06-27 13:50:14|   0.0|  0.0|INFORM|Current FME version: FME 2022.1.3.0 (20220928 - Build 22630 - WIN64)
2023-06-27 13:50:14|   0.0|  0.0|INFORM|FME_HOME is 'C:\Program Files\FME2022_1_3\'
2023-06-27 13:50:14|   0.0|  0.0|INFORM|FME Database Edition (node locked-crc)
2023-06-27 13:50:14|   0.0|  0.0|INFORM|Serial Number: ZVY7-REY4-21GZ
2023-06-27 13:50:14|   0.0|  0.0|INFORM|Temporary License: 362 days left.
2023-06-27 13:50:14|   0.0|  0.0|INFORM|Machine host name is: EPI-4L2CTD3
2023-06-27 13:50:14|   0.0|  0.0|INFORM|OS Locale Name     : sv_SE
2023-06-27 13:50:14|   0.0|  0.0|INFORM|OS Locale Encoding : windows-1252
2023-06-27 13:50:14|   0.0|  0.0|INFORM|Process Encoding   : UTF-8
2023-06-27 13:50:14|   0.0|  0.0|INFORM|FME API version: '4.0 20220615'
2023-06-27 13:50:14|   0.0|  0.0|INFORM|FME Configuration: FME_BASE is 'no'
2023-06-27 13:50:14|   0.0|  0.0|INFORM|FME Configuration: FME_MF_DIR is 'C:\Users\krima354\Work Folders\Documents\GitHub\kix_working_dir\divFME\urdar/'
2023-06-27 13:50:14|   0.0|  0.0|INFORM|FME Configuration: FME_MF_NAME is 'setSRIDinIntrasis_runner.fmw'
2023-06-27 13:50:14|   0.0|  0.0|INFORM|FME Configuration: FME_PRODUCT_NAME is 'FME(R) 2022.1.3.0'
2023-06-27 13:50:14|   0.0|  0.0|INFORM|Operating System: Microsoft Windows 10 64-bit  (Build 19045)
2023-06-27 13:50:14|   0.0|  0.0|INFORM|FME Platform: WIN64
2023-06-27 13:50:14|   0.0|  0.0|INFORM|System Status: 341.38 GB of disk space available in the FME temporary folder (C:\Users\krima354\AppData\Local\Temp\wbrun_1687852743941_19468\fmetmp_5)
2023-06-27 13:50:14|   0.0|  0.0|INFORM|System Status: 31.73 GB of physical memory available
2023-06-27 13:50:14|   0.0|  0.0|INFORM|System Status: 126.93 GB of virtual memory available
2023-06-27 13:50:14|   0.0|  0.0|INFORM|START - ProcessID: 24704, peak process memory usage: 50444 kB, current process memory usage: 50444 kB
2023-06-27 13:50:14|   0.0|  0.0|INFORM|FME Configuration: Command line arguments are `C:\Program Files\FME2022_1_3\fme.exe' `C:/Users/krima354/Work Folders/Documents/GitHub/kix_working_dir/divFME/urdar\wb-xlate-1687866609349_19468' `LOG_STANDARDOUT' `YES' `LOG_TIMINGS' `YES' `LogCountServerName' `63147' `LOG_STANDARDOUT' `No' `WORKBENCH_LOG_SERVER' `62683'
2023-06-27 13:50:14|   0.0|  0.0|INFORM|FME Configuration: Connection Storage: 'C:\Users\krima354\AppData\Roaming\Safe Software\FME\'
2023-06-27 13:50:14|   0.0|  0.0|INFORM|Shared folders for formats are : C:\Program Files\FME2022_1_3\datasources;C:\Users\krima354\Work Folders\Documents\FME\Formats
2023-06-27 13:50:14|   0.0|  0.0|INFORM|Shared folders for transformers are : C:\Users\krima354\AppData\Roaming\Safe Software\FME\Packages\22630-win64\transformers;C:\Program Files\FME2022_1_3\transformers;C:\Users\krima354\AppData\Roaming\Safe Software\FME\FME Store\Transformers
2023-06-27 13:50:14|   0.0|  0.0|INFORM|Shared folders for coordinate systems are : C:\Users\krima354\Work Folders\Documents\FME\CoordinateSystems
2023-06-27 13:50:14|   0.0|  0.0|INFORM|Shared folders for coordinate system exceptions are : C:\Users\krima354\Work Folders\Documents\FME\CoordinateSystemExceptions
2023-06-27 13:50:14|   0.0|  0.0|INFORM|Shared folders for coordinate system grid overrides are : C:\Users\krima354\Work Folders\Documents\FME\CoordinateSystemGridOverrides
2023-06-27 13:50:14|   0.0|  0.0|INFORM|Shared folders for CS-MAP transformation exceptions are : C:\Users\krima354\Work Folders\Documents\FME\CsmapTransformationExceptions
2023-06-27 13:50:14|   0.0|  0.0|INFORM|Shared folders for transformer categories are : C:\Users\krima354\Work Folders\Documents\FME\TransformerCategories
2023-06-27 13:50:14|   0.0|  0.0|INFORM|FME Configuration: Reader Keyword is `MULTI_READER'
2023-06-27 13:50:14|   0.0|  0.0|INFORM|FME Configuration: Writer Keyword is `NULL_DEST'
2023-06-27 13:50:14|   0.0|  0.0|INFORM|FME Configuration: Writer Group Definition Keyword is `NULL_DEST_DEF'
2023-06-27 13:50:14|   0.0|  0.0|INFORM|FME Configuration: Reader type is `MULTI_READER'
2023-06-27 13:50:14|   0.0|  0.0|INFORM|FME Configuration: Writer type is `NULL'
2023-06-27 13:50:14|   0.0|  0.0|INFORM|FME Configuration: No destination coordinate system set
2023-06-27 13:50:14|   0.0|  0.0|INFORM|FME Configuration: Current working folder is `C:\Users\krima354\Work Folders\Documents\GitHub\kix_working_dir\divFME\urdar'
2023-06-27 13:50:14|   0.0|  0.0|INFORM|FME Configuration: Temporary folder is `C:\Users\krima354\AppData\Local\Temp\wbrun_1687852743941_19468\fmetmp_5', set from environment variable `FME_TEMP'
2023-06-27 13:50:14|   0.0|  0.0|INFORM|FME Configuration: Cache folder is 'C:\Users\krima354\AppData\Local\Temp'
2023-06-27 13:50:14|   0.0|  0.0|INFORM|FME Configuration: FME_HOME is `C:\Program Files\FME2022_1_3\'
2023-06-27 13:50:14|   0.0|  0.0|INFORM|FME Configuration: Start freeing memory when the process exceeds 95.20 GB
2023-06-27 13:50:14|   0.0|  0.0|INFORM|FME Configuration: Stop freeing memory when the process is below 71.40 GB
2023-06-27 13:50:14|   0.0|  0.0|INFORM|Creating writer for format: NULL (Nothing)
2023-06-27 13:50:14|   0.0|  0.0|INFORM|Trying to find a DYNAMIC plugin for writer named `NULL'
2023-06-27 13:50:14|   0.0|  0.0|INFORM|Loaded module 'NULL' from file 'C:\Program Files\FME2022_1_3\plugins/NULL.dll'
2023-06-27 13:50:14|   0.0|  0.0|INFORM|FME API version of module 'NULL' matches current internal version (4.0 20220615)
2023-06-27 13:50:14|   0.0|  0.0|INFORM|Creating reader for format: 
2023-06-27 13:50:14|   0.0|  0.0|INFORM|MULTI_READER(MULTI_READER): Will fail with first member reader failure
2023-06-27 13:50:14|   0.0|  0.0|INFORM|Using Multi Reader with keyword `MULTI_READER' to read multiple datasets
2023-06-27 13:50:14|   0.0|  0.0|INFORM|Loaded module 'LogCount_func' from file 'C:\Program Files\FME2022_1_3\plugins/LogCount_func.dll'
2023-06-27 13:50:14|   0.0|  0.0|INFORM|FME API version of module 'LogCount_func' matches current internal version (4.0 20220615)
2023-06-27 13:50:14|   0.0|  0.0|INFORM|Emptying factory pipeline
2023-06-27 13:50:14|   0.0|  0.0|STATS |Router and Unexpected Input Remover (RoutingFactory): Tested 0 input feature(s), wrote 0 output feature(s): 0 matched merge filters, 0 were routed to output, 0 could not be routed.
2023-06-27 13:50:14|   0.0|  0.0|STATS |Unwanted Router Input Nuker (TeeFactory): Cloned 0 input feature(s) into 0 output feature(s)
2023-06-27 13:50:14|   0.0|  0.0|STATS |CSV_CSV2_1 Splitter (TeeFactory): Cloned 0 input feature(s) into 0 output feature(s)
2023-06-27 13:50:14|   0.0|  0.0|STATS |Restoring 104 feature(s) from FME feature store file `C:\Users\krima354\AppData\Local\Temp\wb-cache-checkSRIDfromIntrasis_runner-rKGwgk\Main_CSV -1 2 -1  0  60b82b62f0ea7ef284a7568d84e6397aaa3e67c8.ffs'
2023-06-27 13:50:14|   0.0|  0.0|INFORM|WorkspaceRunner: Command to run - `{${=C:/Users/krima354/Work Folders/Documents/GitHub/kix_working_dir/divFME/urdar/setSRIDinIntrasis.fmw=}} --SourceDataset_POSTGIS_2 intrasis_archive --HOST_POSTGISserver localhost --USER_NAME_POSTGIS postgres --PORT 5432 --POSTGRES_PASSWORD *********'
2023-06-27 13:50:14|   0.0|  0.0|INFORM|WorkspaceRunner: Running FME with command line - `{C:/Program Files/FME2022_1_3/fme} COMMAND_FILE C:/Users/krima354/AppData/Local/Temp/wbrun_1687852743941_19468/fmetmp_5/wsr_cm_1687866614163_24704 2>@1'
2023-06-27 13:50:14|   0.0|  0.0|WARN  |WorkspaceRunner: Failed to run workspace `C:/Users/krima354/Work Folders/Documents/GitHub/kix_working_dir/divFME/urdar/setSRIDinIntrasis.fmw' -- Trace was:

                FME 2022.1.3.0 (20220928 - Build 22630 - WIN64)
                     FME Database Edition (node locked-crc)
                       Temporary License: 362 days left.
                       Machine host name is: EPI-4L2CTD3
          Operating System: Microsoft Windows 10 64-bit  (Build 19045)
                 Copyright (c) 1994 - 2022, Safe Software Inc.
                               Safe Software Inc.


Reading...
Emptying factory pipeline
Translation FAILED with 5 error(s) and 0 warning(s) (0 feature(s) output)
SQLCreator_2_<Rejected>: Termination Message: 'SQLCreator_2 output a <Rejected> feature.  To continue translation when features are rejected, change 'Workspace Parameters' > Translation > 'Rejected Feature Handling' to 'Continue Translation''

An error occurred during the batch file execution of C:/Users/krima354/AppData/Local/Temp/wbrun_1687852743941_19468/fmetmp_5/wsr_cm_1687866614163_24704. 1 translation failed. The following error message was raised: 
#2 : SQLCreator_2_<Rejected>: Termination Message: 'SQLCreator_2 output a <Rejected> feature.  To continue translation when features are rejected, change 'Workspace Parameters' > Translation > 'Rejected Feature Handling' to 'Continue Translation''
Program Terminating

Translation FAILED.

2023-06-27 13:50:14|   0.1|  0.1|INFORM|WorkspaceRunner: Command to run - `{${=C:/Users/krima354/Work Folders/Documents/GitHub/kix_working_dir/divFME/urdar/setSRIDinIntrasis.fmw=}} --SourceDataset_POSTGIS_2 A2010_161_Vasa2 --HOST_POSTGISserver localhost --USER_NAME_POSTGIS postgres --PORT 5432 --POSTGRES_PASSWORD *********'
2023-06-27 13:50:14|   0.1|  0.0|INFORM|WorkspaceRunner: Running FME with command line - `{C:/Program Files/FME2022_1_3/fme} COMMAND_FILE C:/Users/krima354/AppData/Local/Temp/wbrun_1687852743941_19468/fmetmp_5/wsr_cm_1687866614987_24704 2>@1'
2023-06-27 13:50:15|   0.1|  0.0|INFORM|WorkspaceRunner: Successfully ran workspace `C:/Users/krima354/Work Folders/Documents/GitHub/kix_working_dir/divFME/urdar/setSRIDinIntrasis.fmw'
2023-06-27 13:50:15|   0.1|  0.0|INFORM|WorkspaceRunner: Command to run - `{${=C:/Users/krima354/Work Folders/Documents/GitHub/kix_working_dir/divFME/urdar/setSRIDinIntrasis.fmw=}} --SourceDataset_POSTGIS_2 A2010_172_RAA52 --HOST_POSTGISserver localhost --USER_NAME_POSTGIS postgres --PORT 5432 --POSTGRES_PASSWORD *********'
2023-06-27 13:50:15|   0.1|  0.0|INFORM|WorkspaceRunner: Running FME with command line - `{C:/Program Files/FME2022_1_3/fme} COMMAND_FILE C:/Users/krima354/AppData/Local/Temp/wbrun_1687852743941_19468/fmetmp_5/wsr_cm_1687866615877_24704 2>@1'
2023-06-27 13:50:16|   0.1|  0.0|INFORM|WorkspaceRunner: Successfully ran workspace `C:/Users/krima354/Work Folders/Documents/GitHub/kix_working_dir/divFME/urdar/setSRIDinIntrasis.fmw'
2023-06-27 13:50:16|   0.1|  0.0|INFORM|WorkspaceRunner: Command to run - `{${=C:/Users/krima354/Work Folders/Documents/GitHub/kix_working_dir/divFME/urdar/setSRIDinIntrasis.fmw=}} --SourceDataset_POSTGIS_2 a2011079Angby --HOST_POSTGISserver localhost --USER_NAME_POSTGIS postgres --PORT 5432 --POSTGRES_PASSWORD *********'
2023-06-27 13:50:16|   0.1|  0.0|INFORM|WorkspaceRunner: Running FME with command line - `{C:/Program Files/FME2022_1_3/fme} COMMAND_FILE C:/Users/krima354/AppData/Local/Temp/wbrun_1687852743941_19468/fmetmp_5/wsr_cm_1687866616742_24704 2>@1'
2023-06-27 13:50:17|   0.1|  0.0|INFORM|WorkspaceRunner: Successfully ran workspace `C:/Users/krima354/Work Folders/Documents/GitHub/kix_working_dir/divFME/urdar/setSRIDinIntrasis.fmw'
2023-06-27 13:50:17|   0.1|  0.0|INFORM|WorkspaceRunner: Command to run - `{${=C:/Users/krima354/Work Folders/Documents/GitHub/kix_working_dir/divFME/urdar/setSRIDinIntrasis.fmw=}} --SourceDataset_POSTGIS_2 A2011_043_Norslunda_SIG_AFU --HOST_POSTGISserver localhost --USER_NAME_POSTGIS postgres --PORT 5432 --POSTGRES_PASSWORD *********'
2023-06-27 13:50:17|   0.1|  0.0|INFORM|WorkspaceRunner: Running FME with command line - `{C:/Program Files/FME2022_1_3/fme} COMMAND_FILE C:/Users/krima354/AppData/Local/Temp/wbrun_1687852743941_19468/fmetmp_5/wsr_cm_1687866617569_24704 2>@1'
2023-06-27 13:50:18|   0.1|  0.0|INFORM|WorkspaceRunner: Successfully ran workspace `C:/Users/krima354/Work Folders/Documents/GitHub/kix_working_dir/divFME/urdar/setSRIDinIntrasis.fmw'
2023-06-27 13:50:18|   0.1|  0.0|INFORM|WorkspaceRunner: Command to run - `{${=C:/Users/krima354/Work Folders/Documents/GitHub/kix_working_dir/divFME/urdar/setSRIDinIntrasis.fmw=}} --SourceDataset_POSTGIS_2 A2011_076_Eriksberg_BOT_AFU --HOST_POSTGISserver localhost --USER_NAME_POSTGIS postgres --PORT 5432 --POSTGRES_PASSWORD *********'
2023-06-27 13:50:18|   0.1|  0.0|INFORM|WorkspaceRunner: Running FME with command line - `{C:/Program Files/FME2022_1_3/fme} COMMAND_FILE C:/Users/krima354/AppData/Local/Temp/wbrun_1687852743941_19468/fmetmp_5/wsr_cm_1687866618434_24704 2>@1'
2023-06-27 13:50:19|   0.1|  0.0|INFORM|WorkspaceRunner: Successfully ran workspace `C:/Users/krima354/Work Folders/Documents/GitHub/kix_working_dir/divFME/urdar/setSRIDinIntrasis.fmw'
2023-06-27 13:50:19|   0.1|  0.0|INFORM|WorkspaceRunner: Command to run - `{${=C:/Users/krima354/Work Folders/Documents/GitHub/kix_working_dir/divFME/urdar/setSRIDinIntrasis.fmw=}} --SourceDataset_POSTGIS_2 A2011_083_helgo --HOST_POSTGISserver localhost --USER_NAME_POSTGIS postgres --PORT 5432 --POSTGRES_PASSWORD *********'
2023-06-27 13:50:19|   0.1|  0.0|INFORM|WorkspaceRunner: Running FME with command line - `{C:/Program Files/FME2022_1_3/fme} COMMAND_FILE C:/Users/krima354/AppData/Local/Temp/wbrun_1687852743941_19468/fmetmp_5/wsr_cm_1687866619231_24704 2>@1'
2023-06-27 13:50:20|   0.1|  0.0|INFORM|WorkspaceRunner: Successfully ran workspace `C:/Users/krima354/Work Folders/Documents/GitHub/kix_working_dir/divFME/urdar/setSRIDinIntrasis.fmw'
2023-06-27 13:50:20|   0.1|  0.0|INFORM|WorkspaceRunner: Command to run - `{${=C:/Users/krima354/Work Folders/Documents/GitHub/kix_working_dir/divFME/urdar/setSRIDinIntrasis.fmw=}} --SourceDataset_POSTGIS_2 A2011_107_Taby459_1mf_AFU --HOST_POSTGISserver localhost --USER_NAME_POSTGIS postgres --PORT 5432 --POSTGRES_PASSWORD *********'
2023-06-27 13:50:20|   0.1|  0.0|INFORM|WorkspaceRunner: Running FME with command line - `{C:/Program Files/FME2022_1_3/fme} COMMAND_FILE C:/Users/krima354/AppData/Local/Temp/wbrun_1687852743941_19468/fmetmp_5/wsr_cm_1687866620024_24704 2>@1'
2023-06-27 13:50:20|   0.1|  0.0|INFORM|WorkspaceRunner: Successfully ran workspace `C:/Users/krima354/Work Folders/Documents/GitHub/kix_working_dir/divFME/urdar/setSRIDinIntrasis.fmw'
2023-06-27 13:50:20|   0.1|  0.0|INFORM|WorkspaceRunner: Command to run - `{${=C:/Users/krima354/Work Folders/Documents/GitHub/kix_working_dir/divFME/urdar/setSRIDinIntrasis.fmw=}} --SourceDataset_POSTGIS_2 A2011_111_Hall_STL_AUT --HOST_POSTGISserver localhost --USER_NAME_POSTGIS postgres --PORT 5432 --POSTGRES_PASSWORD *********'
2023-06-27 13:50:20|   0.1|  0.0|INFORM|WorkspaceRunner: Running FME with command line - `{C:/Program Files/FME2022_1_3/fme} COMMAND_FILE C:/Users/krima354/AppData/Local/Temp/wbrun_1687852743941_19468/fmetmp_5/wsr_cm_1687866620937_24704 2>@1'
2023-06-27 13:50:21|   0.1|  0.0|INFORM|WorkspaceRunner: Successfully ran workspace `C:/Users/krima354/Work Folders/Documents/GitHub/kix_working_dir/divFME/urdar/setSRIDinIntrasis.fmw'
2023-06-27 13:50:21|   0.1|  0.0|INFORM|WorkspaceRunner: Command to run - `{${=C:/Users/krima354/Work Folders/Documents/GitHub/kix_working_dir/divFME/urdar/setSRIDinIntrasis.fmw=}} --SourceDataset_POSTGIS_2 A2011_126_Arlandastad_et2_SIG_AFU --HOST_POSTGISserver localhost --USER_NAME_POSTGIS postgres --PORT 5432 --POSTGRES_PASSWORD *********'
2023-06-27 13:50:21|   0.1|  0.0|INFORM|WorkspaceRunner: Running FME with command line - `{C:/Program Files/FME2022_1_3/fme} COMMAND_FILE C:/Users/krima354/AppData/Local/Temp/wbrun_1687852743941_19468/fmetmp_5/wsr_cm_1687866621736_24704 2>@1'
2023-06-27 13:50:22|   0.1|  0.0|INFORM|WorkspaceRunner: Successfully ran workspace `C:/Users/krima354/Work Folders/Documents/GitHub/kix_working_dir/divFME/urdar/setSRIDinIntrasis.fmw'
2023-06-27 13:50:22|   0.1|  0.0|INFORM|WorkspaceRunner: Command to run - `{${=C:/Users/krima354/Work Folders/Documents/GitHub/kix_working_dir/divFME/urdar/setSRIDinIntrasis.fmw=}} --SourceDataset_POSTGIS_2 A2011_142_Vegaost_HAN_ASU --HOST_POSTGISserver localhost --USER_NAME_POSTGIS postgres --PORT 5432 --POSTGRES_PASSWORD *********'
2023-06-27 13:50:22|   0.1|  0.0|INFORM|WorkspaceRunner: Running FME with command line - `{C:/Program Files/FME2022_1_3/fme} COMMAND_FILE C:/Users/krima354/AppData/Local/Temp/wbrun_1687852743941_19468/fmetmp_5/wsr_cm_1687866622542_24704 2>@1'
2023-06-27 13:50:23|   0.1|  0.0|INFORM|WorkspaceRunner: Successfully ran workspace `C:/Users/krima354/Work Folders/Documents/GitHub/kix_working_dir/divFME/urdar/setSRIDinIntrasis.fmw'
2023-06-27 13:50:23|   0.1|  0.0|INFORM|WorkspaceRunner: Command to run - `{${=C:/Users/krima354/Work Folders/Documents/GitHub/kix_working_dir/divFME/urdar/setSRIDinIntrasis.fmw=}} --SourceDataset_POSTGIS_2 A2011_153_Huvudvattenledning_AUT --HOST_POSTGISserver localhost --USER_NAME_POSTGIS postgres --PORT 5432 --POSTGRES_PASSWORD *********'
2023-06-27 13:50:23|   0.1|  0.0|INFORM|WorkspaceRunner: Running FME with command line - `{C:/Program Files/FME2022_1_3/fme} COMMAND_FILE C:/Users/krima354/AppData/Local/Temp/wbrun_1687852743941_19468/fmetmp_5/wsr_cm_1687866623344_24704 2>@1'
2023-06-27 13:50:24|   0.1|  0.0|INFORM|WorkspaceRunner: Successfully ran workspace `C:/Users/krima354/Work Folders/Documents/GitHub/kix_working_dir/divFME/urdar/setSRIDinIntrasis.fmw'
2023-06-27 13:50:24|   0.1|  0.0|INFORM|WorkspaceRunner: Command to run - `{${=C:/Users/krima354/Work Folders/Documents/GitHub/kix_working_dir/divFME/urdar/setSRIDinIntrasis.fmw=}} --SourceDataset_POSTGIS_2 A2013_057_Tornskogen --HOST_POSTGISserver localhost --USER_NAME_POSTGIS postgres --PORT 5432 --POSTGRES_PASSWORD *********'
2023-06-27 13:50:24|   0.1|  0.0|INFORM|WorkspaceRunner: Running FME with command line - `{C:/Program Files/FME2022_1_3/fme} COMMAND_FILE C:/Users/krima354/AppData/Local/Temp/wbrun_1687852743941_19468/fmetmp_5/wsr_cm_1687866624162_24704 2>@1'
2023-06-27 13:50:25|   0.1|  0.0|INFORM|WorkspaceRunner: Successfully ran workspace `C:/Users/krima354/Work Folders/Documents/GitHub/kix_working_dir/divFME/urdar/setSRIDinIntrasis.fmw'
2023-06-27 13:50:25|   0.1|  0.0|INFORM|WorkspaceRunner: Command to run - `{${=C:/Users/krima354/Work Folders/Documents/GitHub/kix_working_dir/divFME/urdar/setSRIDinIntrasis.fmw=}} --SourceDataset_POSTGIS_2 A2013_105_Arninge_FU --HOST_POSTGISserver localhost --USER_NAME_POSTGIS postgres --PORT 5432 --POSTGRES_PASSWORD *********'
2023-06-27 13:50:25|   0.1|  0.0|INFORM|WorkspaceRunner: Running FME with command line - `{C:/Program Files/FME2022_1_3/fme} COMMAND_FILE C:/Users/krima354/AppData/Local/Temp/wbrun_1687852743941_19468/fmetmp_5/wsr_cm_1687866625007_24704 2>@1'
2023-06-27 13:50:25|   0.1|  0.0|INFORM|WorkspaceRunner: Successfully ran workspace `C:/Users/krima354/Work Folders/Documents/GitHub/kix_working_dir/divFME/urdar/setSRIDinIntrasis.fmw'
2023-06-27 13:50:25|   0.1|  0.0|INFORM|WorkspaceRunner: Command to run - `{${=C:/Users/krima354/Work Folders/Documents/GitHub/kix_working_dir/divFME/urdar/setSRIDinIntrasis.fmw=}} --SourceDataset_POSTGIS_2 A2013_123_Broby2013 --HOST_POSTGISserver localhost --USER_NAME_POSTGIS postgres --PORT 5432 --POSTGRES_PASSWORD *********'
2023-06-27 13:50:25|   0.1|  0.0|INFORM|WorkspaceRunner: Running FME with command line - `{C:/Program Files/FME2022_1_3/fme} COMMAND_FILE C:/Users/krima354/AppData/Local/Temp/wbrun_1687852743941_19468/fmetmp_5/wsr_cm_1687866625888_24704 2>@1'
2023-06-27 13:50:26|   0.1|  0.0|INFORM|WorkspaceRunner: Successfully ran workspace `C:/Users/krima354/Work Folders/Documents/GitHub/kix_working_dir/divFME/urdar/setSRIDinIntrasis.fmw'
2023-06-27 13:50:26|   0.1|  0.0|INFORM|WorkspaceRunner: Command to run - `{${=C:/Users/krima354/Work Folders/Documents/GitHub/kix_working_dir/divFME/urdar/setSRIDinIntrasis.fmw=}} --SourceDataset_POSTGIS_2 A2013_123_Broby2013B --HOST_POSTGISserver localhost --USER_NAME_POSTGIS postgres --PORT 5432 --POSTGRES_PASSWORD *********'
2023-06-27 13:50:26|   0.1|  0.0|INFORM|WorkspaceRunner: Running FME with command line - `{C:/Program Files/FME2022_1_3/fme} COMMAND_FILE C:/Users/krima354/AppData/Local/Temp/wbrun_1687852743941_19468/fmetmp_5/wsr_cm_1687866626748_24704 2>@1'
2023-06-27 13:50:27|   0.1|  0.0|INFORM|WorkspaceRunner: Successfully ran workspace `C:/Users/krima354/Work Folders/Documents/GitHub/kix_working_dir/divFME/urdar/setSRIDinIntrasis.fmw'
2023-06-27 13:50:27|   0.1|  0.0|INFORM|WorkspaceRunner: Command to run - `{${=C:/Users/krima354/Work Folders/Documents/GitHub/kix_working_dir/divFME/urdar/setSRIDinIntrasis.fmw=}} --SourceDataset_POSTGIS_2 ab2004001 --HOST_POSTGISserver localhost --USER_NAME_POSTGIS postgres --PORT 5432 --POSTGRES_PASSWORD *********'
2023-06-27 13:50:27|   0.1|  0.0|INFORM|WorkspaceRunner: Running FME with command line - `{C:/Program Files/FME2022_1_3/fme} COMMAND_FILE C:/Users/krima354/AppData/Local/Temp/wbrun_1687852743941_19468/fmetmp_5/wsr_cm_1687866627701_24704 2>@1'
2023-06-27 13:50:28|   0.2|  0.1|WARN  |WorkspaceRunner: Failed to run workspace `C:/Users/krima354/Work Folders/Documents/GitHub/kix_working_dir/divFME/urdar/setSRIDinIntrasis.fmw' -- Trace was:

                FME 2022.1.3.0 (20220928 - Build 22630 - WIN64)
                     FME Database Edition (node locked-crc)
                       Temporary License: 362 days left.
                       Machine host name is: EPI-4L2CTD3
          Operating System: Microsoft Windows 10 64-bit  (Build 19045)
                 Copyright (c) 1994 - 2022, Safe Software Inc.
                               Safe Software Inc.


Reading...
Emptying factory pipeline
Translation FAILED with 3 error(s) and 1 warning(s) (0 feature(s) output)
SQLCreator_2_<Rejected>: Termination Message: 'SQLCreator_2 output a <Rejected> feature.  To continue translation when features are rejected, change 'Workspace Parameters' > Translation > 'Rejected Feature Handling' to 'Continue Translation''

An error occurred during the batch file execution of C:/Users/krima354/AppData/Local/Temp/wbrun_1687852743941_19468/fmetmp_5/wsr_cm_1687866627701_24704. 1 translation failed. The following error message was raised: 
#2 : SQLCreator_2_<Rejected>: Termination Message: 'SQLCreator_2 output a <Rejected> feature.  To continue translation when features are rejected, change 'Workspace Parameters' > Translation > 'Rejected Feature Handling' to 'Continue Translation''
Program Terminating

Translation FAILED.

2023-06-27 13:50:28|   0.2|  0.0|INFORM|WorkspaceRunner: Command to run - `{${=C:/Users/krima354/Work Folders/Documents/GitHub/kix_working_dir/divFME/urdar/setSRIDinIntrasis.fmw=}} --SourceDataset_POSTGIS_2 A2010_045_Berga --HOST_POSTGISserver localhost --USER_NAME_POSTGIS postgres --PORT 5432 --POSTGRES_PASSWORD *********'
2023-06-27 13:50:28|   0.2|  0.0|INFORM|WorkspaceRunner: Running FME with command line - `{C:/Program Files/FME2022_1_3/fme} COMMAND_FILE C:/Users/krima354/AppData/Local/Temp/wbrun_1687852743941_19468/fmetmp_5/wsr_cm_1687866628502_24704 2>@1'
2023-06-27 13:50:29|   0.2|  0.0|INFORM|WorkspaceRunner: Successfully ran workspace `C:/Users/krima354/Work Folders/Documents/GitHub/kix_working_dir/divFME/urdar/setSRIDinIntrasis.fmw'
2023-06-27 13:50:29|   0.2|  0.0|INFORM|WorkspaceRunner: Command to run - `{${=C:/Users/krima354/Work Folders/Documents/GitHub/kix_working_dir/divFME/urdar/setSRIDinIntrasis.fmw=}} --SourceDataset_POSTGIS_2 A2010_124_Herresta_fu2 --HOST_POSTGISserver localhost --USER_NAME_POSTGIS postgres --PORT 5432 --POSTGRES_PASSWORD *********'
2023-06-27 13:50:29|   0.2|  0.0|INFORM|WorkspaceRunner: Running FME with command line - `{C:/Program Files/FME2022_1_3/fme} COMMAND_FILE C:/Users/krima354/AppData/Local/Temp/wbrun_1687852743941_19468/fmetmp_5/wsr_cm_1687866629348_24704 2>@1'
2023-06-27 13:50:30|   0.2|  0.0|INFORM|WorkspaceRunner: Successfully ran workspace `C:/Users/krima354/Work Folders/Documents/GitHub/kix_working_dir/divFME/urdar/setSRIDinIntrasis.fmw'
2023-06-27 13:50:30|   0.2|  0.0|INFORM|WorkspaceRunner: Command to run - `{${=C:/Users/krima354/Work Folders/Documents/GitHub/kix_working_dir/divFME/urdar/setSRIDinIntrasis.fmw=}} --SourceDataset_POSTGIS_2 A2010_124_Herresta --HOST_POSTGISserver localhost --USER_NAME_POSTGIS postgres --PORT 5432 --POSTGRES_PASSWORD *********'
2023-06-27 13:50:30|   0.2|  0.0|INFORM|WorkspaceRunner: Running FME with command line - `{C:/Program Files/FME2022_1_3/fme} COMMAND_FILE C:/Users/krima354/AppData/Local/Temp/wbrun_1687852743941_19468/fmetmp_5/wsr_cm_1687866630204_24704 2>@1'
2023-06-27 13:50:30|   0.2|  0.0|INFORM|WorkspaceRunner: Successfully ran workspace `C:/Users/krima354/Work Folders/Documents/GitHub/kix_working_dir/divFME/urdar/setSRIDinIntrasis.fmw'
2023-06-27 13:50:30|   0.2|  0.0|INFORM|WorkspaceRunner: Command to run - `{${=C:/Users/krima354/Work Folders/Documents/GitHub/kix_working_dir/divFME/urdar/setSRIDinIntrasis.fmw=}} --SourceDataset_POSTGIS_2 ANGBY --HOST_POSTGISserver localhost --USER_NAME_POSTGIS postgres --PORT 5432 --POSTGRES_PASSWORD *********'
2023-06-27 13:50:30|   0.2|  0.0|INFORM|WorkspaceRunner: Running FME with command line - `{C:/Program Files/FME2022_1_3/fme} COMMAND_FILE C:/Users/krima354/AppData/Local/Temp/wbrun_1687852743941_19468/fmetmp_5/wsr_cm_1687866630997_24704 2>@1'
2023-06-27 13:50:31|   0.2|  0.0|INFORM|WorkspaceRunner: Successfully ran workspace `C:/Users/krima354/Work Folders/Documents/GitHub/kix_working_dir/divFME/urdar/setSRIDinIntrasis.fmw'
2023-06-27 13:50:31|   0.2|  0.0|INFORM|WorkspaceRunner: Command to run - `{${=C:/Users/krima354/Work Folders/Documents/GitHub/kix_working_dir/divFME/urdar/setSRIDinIntrasis.fmw=}} --SourceDataset_POSTGIS_2 Bagareby --HOST_POSTGISserver localhost --USER_NAME_POSTGIS postgres --PORT 5432 --POSTGRES_PASSWORD *********'
2023-06-27 13:50:31|   0.2|  0.0|INFORM|WorkspaceRunner: Running FME with command line - `{C:/Program Files/FME2022_1_3/fme} COMMAND_FILE C:/Users/krima354/AppData/Local/Temp/wbrun_1687852743941_19468/fmetmp_5/wsr_cm_1687866631835_24704 2>@1'
2023-06-27 13:50:32|   0.2|  0.0|WARN  |WorkspaceRunner: Failed to run workspace `C:/Users/krima354/Work Folders/Documents/GitHub/kix_working_dir/divFME/urdar/setSRIDinIntrasis.fmw' -- Trace was:

                FME 2022.1.3.0 (20220928 - Build 22630 - WIN64)
                     FME Database Edition (node locked-crc)
                       Temporary License: 362 days left.
                       Machine host name is: EPI-4L2CTD3
          Operating System: Microsoft Windows 10 64-bit  (Build 19045)
                 Copyright (c) 1994 - 2022, Safe Software Inc.
                               Safe Software Inc.


Reading...
Emptying factory pipeline
Translation FAILED with 3 error(s) and 1 warning(s) (0 feature(s) output)
SQLCreator_2_<Rejected>: Termination Message: 'SQLCreator_2 output a <Rejected> feature.  To continue translation when features are rejected, change 'Workspace Parameters' > Translation > 'Rejected Feature Handling' to 'Continue Translation''

An error occurred during the batch file execution of C:/Users/krima354/AppData/Local/Temp/wbrun_1687852743941_19468/fmetmp_5/wsr_cm_1687866631835_24704. 1 translation failed. The following error message was raised: 
#2 : SQLCreator_2_<Rejected>: Termination Message: 'SQLCreator_2 output a <Rejected> feature.  To continue translation when features are rejected, change 'Workspace Parameters' > Translation > 'Rejected Feature Handling' to 'Continue Translation''
Program Terminating

Translation FAILED.

2023-06-27 13:50:32|   0.2|  0.0|INFORM|WorkspaceRunner: Command to run - `{${=C:/Users/krima354/Work Folders/Documents/GitHub/kix_working_dir/divFME/urdar/setSRIDinIntrasis.fmw=}} --SourceDataset_POSTGIS_2 barkarby405 --HOST_POSTGISserver localhost --USER_NAME_POSTGIS postgres --PORT 5432 --POSTGRES_PASSWORD *********'
2023-06-27 13:50:32|   0.2|  0.0|INFORM|WorkspaceRunner: Running FME with command line - `{C:/Program Files/FME2022_1_3/fme} COMMAND_FILE C:/Users/krima354/AppData/Local/Temp/wbrun_1687852743941_19468/fmetmp_5/wsr_cm_1687866632627_24704 2>@1'
2023-06-27 13:50:33|   0.2|  0.0|INFORM|WorkspaceRunner: Successfully ran workspace `C:/Users/krima354/Work Folders/Documents/GitHub/kix_working_dir/divFME/urdar/setSRIDinIntrasis.fmw'
2023-06-27 13:50:33|   0.2|  0.0|INFORM|WorkspaceRunner: Command to run - `{${=C:/Users/krima354/Work Folders/Documents/GitHub/kix_working_dir/divFME/urdar/setSRIDinIntrasis.fmw=}} --SourceDataset_POSTGIS_2 BeckombergaFU --HOST_POSTGISserver localhost --USER_NAME_POSTGIS postgres --PORT 5432 --POSTGRES_PASSWORD *********'
2023-06-27 13:50:33|   0.2|  0.0|INFORM|WorkspaceRunner: Running FME with command line - `{C:/Program Files/FME2022_1_3/fme} COMMAND_FILE C:/Users/krima354/AppData/Local/Temp/wbrun_1687852743941_19468/fmetmp_5/wsr_cm_1687866633470_24704 2>@1'
2023-06-27 13:50:34|   0.2|  0.0|INFORM|WorkspaceRunner: Successfully ran workspace `C:/Users/krima354/Work Folders/Documents/GitHub/kix_working_dir/divFME/urdar/setSRIDinIntrasis.fmw'
2023-06-27 13:50:34|   0.2|  0.0|INFORM|WorkspaceRunner: Command to run - `{${=C:/Users/krima354/Work Folders/Documents/GitHub/kix_working_dir/divFME/urdar/setSRIDinIntrasis.fmw=}} --SourceDataset_POSTGIS_2 borobybro2007 --HOST_POSTGISserver localhost --USER_NAME_POSTGIS postgres --PORT 5432 --POSTGRES_PASSWORD *********'
2023-06-27 13:50:34|   0.2|  0.0|INFORM|WorkspaceRunner: Running FME with command line - `{C:/Program Files/FME2022_1_3/fme} COMMAND_FILE C:/Users/krima354/AppData/Local/Temp/wbrun_1687852743941_19468/fmetmp_5/wsr_cm_1687866634333_24704 2>@1'
2023-06-27 13:50:35|   0.2|  0.0|INFORM|WorkspaceRunner: Successfully ran workspace `C:/Users/krima354/Work Folders/Documents/GitHub/kix_working_dir/divFME/urdar/setSRIDinIntrasis.fmw'
2023-06-27 13:50:35|   0.2|  0.0|INFORM|WorkspaceRunner: Command to run - `{${=C:/Users/krima354/Work Folders/Documents/GitHub/kix_working_dir/divFME/urdar/setSRIDinIntrasis.fmw=}} --SourceDataset_POSTGIS_2 Broby08 --HOST_POSTGISserver localhost --USER_NAME_POSTGIS postgres --PORT 5432 --POSTGRES_PASSWORD *********'
2023-06-27 13:50:35|   0.2|  0.0|INFORM|WorkspaceRunner: Running FME with command line - `{C:/Program Files/FME2022_1_3/fme} COMMAND_FILE C:/Users/krima354/AppData/Local/Temp/wbrun_1687852743941_19468/fmetmp_5/wsr_cm_1687866635177_24704 2>@1'
2023-06-27 13:50:36|   0.3|  0.1|INFORM|WorkspaceRunner: Successfully ran workspace `C:/Users/krima354/Work Folders/Documents/GitHub/kix_working_dir/divFME/urdar/setSRIDinIntrasis.fmw'
2023-06-27 13:50:36|   0.3|  0.0|INFORM|WorkspaceRunner: Command to run - `{${=C:/Users/krima354/Work Folders/Documents/GitHub/kix_working_dir/divFME/urdar/setSRIDinIntrasis.fmw=}} --SourceDataset_POSTGIS_2 broby2010 --HOST_POSTGISserver localhost --USER_NAME_POSTGIS postgres --PORT 5432 --POSTGRES_PASSWORD *********'
2023-06-27 13:50:36|   0.3|  0.0|INFORM|WorkspaceRunner: Running FME with command line - `{C:/Program Files/FME2022_1_3/fme} COMMAND_FILE C:/Users/krima354/AppData/Local/Temp/wbrun_1687852743941_19468/fmetmp_5/wsr_cm_1687866636028_24704 2>@1'
2023-06-27 13:50:36|   0.3|  0.0|INFORM|WorkspaceRunner: Successfully ran workspace `C:/Users/krima354/Work Folders/Documents/GitHub/kix_working_dir/divFME/urdar/setSRIDinIntrasis.fmw'
2023-06-27 13:50:36|   0.3|  0.0|INFORM|WorkspaceRunner: Command to run - `{${=C:/Users/krima354/Work Folders/Documents/GitHub/kix_working_dir/divFME/urdar/setSRIDinIntrasis.fmw=}} --SourceDataset_POSTGIS_2 Brobybro2009 --HOST_POSTGISserver localhost --USER_NAME_POSTGIS postgres --PORT 5432 --POSTGRES_PASSWORD *********'
2023-06-27 13:50:36|   0.3|  0.0|INFORM|WorkspaceRunner: Running FME with command line - `{C:/Program Files/FME2022_1_3/fme} COMMAND_FILE C:/Users/krima354/AppData/Local/Temp/wbrun_1687852743941_19468/fmetmp_5/wsr_cm_1687866636874_24704 2>@1'
2023-06-27 13:50:37|   0.3|  0.0|INFORM|WorkspaceRunner: Successfully ran workspace `C:/Users/krima354/Work Folders/Documents/GitHub/kix_working_dir/divFME/urdar/setSRIDinIntrasis.fmw'
2023-06-27 13:50:37|   0.3|  0.0|INFORM|WorkspaceRunner: Command to run - `{${=C:/Users/krima354/Work Folders/Documents/GitHub/kix_working_dir/divFME/urdar/setSRIDinIntrasis.fmw=}} --SourceDataset_POSTGIS_2 brobymagneto --HOST_POSTGISserver localhost --USER_NAME_POSTGIS postgres --PORT 5432 --POSTGRES_PASSWORD *********'
2023-06-27 13:50:37|   0.3|  0.0|INFORM|WorkspaceRunner: Running FME with command line - `{C:/Program Files/FME2022_1_3/fme} COMMAND_FILE C:/Users/krima354/AppData/Local/Temp/wbrun_1687852743941_19468/fmetmp_5/wsr_cm_1687866637738_24704 2>@1'
2023-06-27 13:50:38|   0.3|  0.0|INFORM|WorkspaceRunner: Successfully ran workspace `C:/Users/krima354/Work Folders/Documents/GitHub/kix_working_dir/divFME/urdar/setSRIDinIntrasis.fmw'
2023-06-27 13:50:38|   0.3|  0.0|INFORM|WorkspaceRunner: Command to run - `{${=C:/Users/krima354/Work Folders/Documents/GitHub/kix_working_dir/divFME/urdar/setSRIDinIntrasis.fmw=}} --SourceDataset_POSTGIS_2 BrobySigtuna --HOST_POSTGISserver localhost --USER_NAME_POSTGIS postgres --PORT 5432 --POSTGRES_PASSWORD *********'
2023-06-27 13:50:38|   0.3|  0.0|INFORM|WorkspaceRunner: Running FME with command line - `{C:/Program Files/FME2022_1_3/fme} COMMAND_FILE C:/Users/krima354/AppData/Local/Temp/wbrun_1687852743941_19468/fmetmp_5/wsr_cm_1687866638581_24704 2>@1'
2023-06-27 13:50:39|   0.3|  0.0|INFORM|WorkspaceRunner: Successfully ran workspace `C:/Users/krima354/Work Folders/Documents/GitHub/kix_working_dir/divFME/urdar/setSRIDinIntrasis.fmw'
2023-06-27 13:50:39|   0.3|  0.0|INFORM|WorkspaceRunner: Command to run - `{${=C:/Users/krima354/Work Folders/Documents/GitHub/kix_working_dir/divFME/urdar/setSRIDinIntrasis.fmw=}} --SourceDataset_POSTGIS_2 Eriksberg --HOST_POSTGISserver localhost --USER_NAME_POSTGIS postgres --PORT 5432 --POSTGRES_PASSWORD *********'
2023-06-27 13:50:39|   0.3|  0.0|INFORM|WorkspaceRunner: Running FME with command line - `{C:/Program Files/FME2022_1_3/fme} COMMAND_FILE C:/Users/krima354/AppData/Local/Temp/wbrun_1687852743941_19468/fmetmp_5/wsr_cm_1687866639431_24704 2>@1'
2023-06-27 13:50:40|   0.3|  0.0|INFORM|WorkspaceRunner: Successfully ran workspace `C:/Users/krima354/Work Folders/Documents/GitHub/kix_working_dir/divFME/urdar/setSRIDinIntrasis.fmw'
2023-06-27 13:50:40|   0.3|  0.0|INFORM|WorkspaceRunner: Command to run - `{${=C:/Users/krima354/Work Folders/Documents/GitHub/kix_working_dir/divFME/urdar/setSRIDinIntrasis.fmw=}} --SourceDataset_POSTGIS_2 FittjaFU --HOST_POSTGISserver localhost --USER_NAME_POSTGIS postgres --PORT 5432 --POSTGRES_PASSWORD *********'
2023-06-27 13:50:40|   0.3|  0.0|INFORM|WorkspaceRunner: Running FME with command line - `{C:/Program Files/FME2022_1_3/fme} COMMAND_FILE C:/Users/krima354/AppData/Local/Temp/wbrun_1687852743941_19468/fmetmp_5/wsr_cm_1687866640246_24704 2>@1'
2023-06-27 13:50:41|   0.3|  0.0|INFORM|WorkspaceRunner: Successfully ran workspace `C:/Users/krima354/Work Folders/Documents/GitHub/kix_working_dir/divFME/urdar/setSRIDinIntrasis.fmw'
2023-06-27 13:50:41|   0.3|  0.0|INFORM|WorkspaceRunner: Command to run - `{${=C:/Users/krima354/Work Folders/Documents/GitHub/kix_working_dir/divFME/urdar/setSRIDinIntrasis.fmw=}} --SourceDataset_POSTGIS_2 FrestaSmedby --HOST_POSTGISserver localhost --USER_NAME_POSTGIS postgres --PORT 5432 --POSTGRES_PASSWORD *********'
2023-06-27 13:50:41|   0.3|  0.0|INFORM|WorkspaceRunner: Running FME with command line - `{C:/Program Files/FME2022_1_3/fme} COMMAND_FILE C:/Users/krima354/AppData/Local/Temp/wbrun_1687852743941_19468/fmetmp_5/wsr_cm_1687866641129_24704 2>@1'
2023-06-27 13:50:41|   0.3|  0.0|INFORM|WorkspaceRunner: Successfully ran workspace `C:/Users/krima354/Work Folders/Documents/GitHub/kix_working_dir/divFME/urdar/setSRIDinIntrasis.fmw'
2023-06-27 13:50:41|   0.3|  0.0|INFORM|WorkspaceRunner: Command to run - `{${=C:/Users/krima354/Work Folders/Documents/GitHub/kix_working_dir/divFME/urdar/setSRIDinIntrasis.fmw=}} --SourceDataset_POSTGIS_2 Glasberga --HOST_POSTGISserver localhost --USER_NAME_POSTGIS postgres --PORT 5432 --POSTGRES_PASSWORD *********'
2023-06-27 13:50:41|   0.3|  0.0|INFORM|WorkspaceRunner: Running FME with command line - `{C:/Program Files/FME2022_1_3/fme} COMMAND_FILE C:/Users/krima354/AppData/Local/Temp/wbrun_1687852743941_19468/fmetmp_5/wsr_cm_1687866641978_24704 2>@1'
2023-06-27 13:50:42|   0.3|  0.0|WARN  |WorkspaceRunner: Failed to run workspace `C:/Users/krima354/Work Folders/Documents/GitHub/kix_working_dir/divFME/urdar/setSRIDinIntrasis.fmw' -- Trace was:

                FME 2022.1.3.0 (20220928 - Build 22630 - WIN64)
                     FME Database Edition (node locked-crc)
                       Temporary License: 362 days left.
                       Machine host name is: EPI-4L2CTD3
          Operating System: Microsoft Windows 10 64-bit  (Build 19045)
                 Copyright (c) 1994 - 2022, Safe Software Inc.
                               Safe Software Inc.


Reading...
Emptying factory pipeline
Translation FAILED with 3 error(s) and 1 warning(s) (0 feature(s) output)
SQLCreator_2_<Rejected>: Termination Message: 'SQLCreator_2 output a <Rejected> feature.  To continue translation when features are rejected, change 'Workspace Parameters' > Translation > 'Rejected Feature Handling' to 'Continue Translation''

An error occurred during the batch file execution of C:/Users/krima354/AppData/Local/Temp/wbrun_1687852743941_19468/fmetmp_5/wsr_cm_1687866641978_24704. 1 translation failed. The following error message was raised: 
#2 : SQLCreator_2_<Rejected>: Termination Message: 'SQLCreator_2 output a <Rejected> feature.  To continue translation when features are rejected, change 'Workspace Parameters' > Translation > 'Rejected Feature Handling' to 'Continue Translation''
Program Terminating

Translation FAILED.

2023-06-27 13:50:42|   0.3|  0.0|INFORM|WorkspaceRunner: Command to run - `{${=C:/Users/krima354/Work Folders/Documents/GitHub/kix_working_dir/divFME/urdar/setSRIDinIntrasis.fmw=}} --SourceDataset_POSTGIS_2 hedvigslund --HOST_POSTGISserver localhost --USER_NAME_POSTGIS postgres --PORT 5432 --POSTGRES_PASSWORD *********'
2023-06-27 13:50:42|   0.3|  0.0|INFORM|WorkspaceRunner: Running FME with command line - `{C:/Program Files/FME2022_1_3/fme} COMMAND_FILE C:/Users/krima354/AppData/Local/Temp/wbrun_1687852743941_19468/fmetmp_5/wsr_cm_1687866642795_24704 2>@1'
2023-06-27 13:50:43|   0.3|  0.0|INFORM|WorkspaceRunner: Successfully ran workspace `C:/Users/krima354/Work Folders/Documents/GitHub/kix_working_dir/divFME/urdar/setSRIDinIntrasis.fmw'
2023-06-27 13:50:43|   0.3|  0.0|INFORM|WorkspaceRunner: Command to run - `{${=C:/Users/krima354/Work Folders/Documents/GitHub/kix_working_dir/divFME/urdar/setSRIDinIntrasis.fmw=}} --SourceDataset_POSTGIS_2 Husbysu --HOST_POSTGISserver localhost --USER_NAME_POSTGIS postgres --PORT 5432 --POSTGRES_PASSWORD *********'
2023-06-27 13:50:43|   0.3|  0.0|INFORM|WorkspaceRunner: Running FME with command line - `{C:/Program Files/FME2022_1_3/fme} COMMAND_FILE C:/Users/krima354/AppData/Local/Temp/wbrun_1687852743941_19468/fmetmp_5/wsr_cm_1687866643657_24704 2>@1'
2023-06-27 13:50:44|   0.3|  0.0|INFORM|WorkspaceRunner: Successfully ran workspace `C:/Users/krima354/Work Folders/Documents/GitHub/kix_working_dir/divFME/urdar/setSRIDinIntrasis.fmw'
2023-06-27 13:50:44|   0.3|  0.0|INFORM|WorkspaceRunner: Command to run - `{${=C:/Users/krima354/Work Folders/Documents/GitHub/kix_working_dir/divFME/urdar/setSRIDinIntrasis.fmw=}} --SourceDataset_POSTGIS_2 igelsta2 --HOST_POSTGISserver localhost --USER_NAME_POSTGIS postgres --PORT 5432 --POSTGRES_PASSWORD *********'
2023-06-27 13:50:44|   0.4|  0.1|INFORM|WorkspaceRunner: Running FME with command line - `{C:/Program Files/FME2022_1_3/fme} COMMAND_FILE C:/Users/krima354/AppData/Local/Temp/wbrun_1687852743941_19468/fmetmp_5/wsr_cm_1687866644572_24704 2>@1'
2023-06-27 13:50:45|   0.4|  0.0|INFORM|WorkspaceRunner: Successfully ran workspace `C:/Users/krima354/Work Folders/Documents/GitHub/kix_working_dir/divFME/urdar/setSRIDinIntrasis.fmw'
2023-06-27 13:50:45|   0.4|  0.0|INFORM|WorkspaceRunner: Command to run - `{${=C:/Users/krima354/Work Folders/Documents/GitHub/kix_working_dir/divFME/urdar/setSRIDinIntrasis.fmw=}} --SourceDataset_POSTGIS_2 Jarla --HOST_POSTGISserver localhost --USER_NAME_POSTGIS postgres --PORT 5432 --POSTGRES_PASSWORD *********'
2023-06-27 13:50:45|   0.4|  0.0|INFORM|WorkspaceRunner: Running FME with command line - `{C:/Program Files/FME2022_1_3/fme} COMMAND_FILE C:/Users/krima354/AppData/Local/Temp/wbrun_1687852743941_19468/fmetmp_5/wsr_cm_1687866645438_24704 2>@1'
2023-06-27 13:50:46|   0.4|  0.0|INFORM|WorkspaceRunner: Successfully ran workspace `C:/Users/krima354/Work Folders/Documents/GitHub/kix_working_dir/divFME/urdar/setSRIDinIntrasis.fmw'
2023-06-27 13:50:46|   0.4|  0.0|INFORM|WorkspaceRunner: Command to run - `{${=C:/Users/krima354/Work Folders/Documents/GitHub/kix_working_dir/divFME/urdar/setSRIDinIntrasis.fmw=}} --SourceDataset_POSTGIS_2 jarlabankesbro --HOST_POSTGISserver localhost --USER_NAME_POSTGIS postgres --PORT 5432 --POSTGRES_PASSWORD *********'
2023-06-27 13:50:46|   0.4|  0.0|INFORM|WorkspaceRunner: Running FME with command line - `{C:/Program Files/FME2022_1_3/fme} COMMAND_FILE C:/Users/krima354/AppData/Local/Temp/wbrun_1687852743941_19468/fmetmp_5/wsr_cm_1687866646295_24704 2>@1'
2023-06-27 13:50:47|   0.4|  0.0|INFORM|WorkspaceRunner: Successfully ran workspace `C:/Users/krima354/Work Folders/Documents/GitHub/kix_working_dir/divFME/urdar/setSRIDinIntrasis.fmw'
2023-06-27 13:50:47|   0.4|  0.0|INFORM|WorkspaceRunner: Command to run - `{${=C:/Users/krima354/Work Folders/Documents/GitHub/kix_working_dir/divFME/urdar/setSRIDinIntrasis.fmw=}} --SourceDataset_POSTGIS_2 kjelles1 --HOST_POSTGISserver localhost --USER_NAME_POSTGIS postgres --PORT 5432 --POSTGRES_PASSWORD *********'
2023-06-27 13:50:47|   0.4|  0.0|INFORM|WorkspaceRunner: Running FME with command line - `{C:/Program Files/FME2022_1_3/fme} COMMAND_FILE C:/Users/krima354/AppData/Local/Temp/wbrun_1687852743941_19468/fmetmp_5/wsr_cm_1687866647153_24704 2>@1'
2023-06-27 13:50:48|   0.4|  0.0|INFORM|WorkspaceRunner: Successfully ran workspace `C:/Users/krima354/Work Folders/Documents/GitHub/kix_working_dir/divFME/urdar/setSRIDinIntrasis.fmw'
2023-06-27 13:50:48|   0.4|  0.0|INFORM|WorkspaceRunner: Command to run - `{${=C:/Users/krima354/Work Folders/Documents/GitHub/kix_working_dir/divFME/urdar/setSRIDinIntrasis.fmw=}} --SourceDataset_POSTGIS_2 LillaKarby --HOST_POSTGISserver localhost --USER_NAME_POSTGIS postgres --PORT 5432 --POSTGRES_PASSWORD *********'
2023-06-27 13:50:48|   0.4|  0.0|INFORM|WorkspaceRunner: Running FME with command line - `{C:/Program Files/FME2022_1_3/fme} COMMAND_FILE C:/Users/krima354/AppData/Local/Temp/wbrun_1687852743941_19468/fmetmp_5/wsr_cm_1687866648019_24704 2>@1'
2023-06-27 13:50:48|   0.4|  0.0|WARN  |WorkspaceRunner: Failed to run workspace `C:/Users/krima354/Work Folders/Documents/GitHub/kix_working_dir/divFME/urdar/setSRIDinIntrasis.fmw' -- Trace was:

                FME 2022.1.3.0 (20220928 - Build 22630 - WIN64)
                     FME Database Edition (node locked-crc)
                       Temporary License: 362 days left.
                       Machine host name is: EPI-4L2CTD3
          Operating System: Microsoft Windows 10 64-bit  (Build 19045)
                 Copyright (c) 1994 - 2022, Safe Software Inc.
                               Safe Software Inc.


Reading...
Emptying factory pipeline
Translation FAILED with 3 error(s) and 1 warning(s) (0 feature(s) output)
SQLCreator_2_<Rejected>: Termination Message: 'SQLCreator_2 output a <Rejected> feature.  To continue translation when features are rejected, change 'Workspace Parameters' > Translation > 'Rejected Feature Handling' to 'Continue Translation''

An error occurred during the batch file execution of C:/Users/krima354/AppData/Local/Temp/wbrun_1687852743941_19468/fmetmp_5/wsr_cm_1687866648019_24704. 1 translation failed. The following error message was raised: 
#2 : SQLCreator_2_<Rejected>: Termination Message: 'SQLCreator_2 output a <Rejected> feature.  To continue translation when features are rejected, change 'Workspace Parameters' > Translation > 'Rejected Feature Handling' to 'Continue Translation''
Program Terminating

Translation FAILED.

2023-06-27 13:50:48|   0.4|  0.0|INFORM|WorkspaceRunner: Command to run - `{${=C:/Users/krima354/Work Folders/Documents/GitHub/kix_working_dir/divFME/urdar/setSRIDinIntrasis.fmw=}} --SourceDataset_POSTGIS_2 M2005_032Stav --HOST_POSTGISserver localhost --USER_NAME_POSTGIS postgres --PORT 5432 --POSTGRES_PASSWORD *********'
2023-06-27 13:50:48|   0.4|  0.0|INFORM|WorkspaceRunner: Running FME with command line - `{C:/Program Files/FME2022_1_3/fme} COMMAND_FILE C:/Users/krima354/AppData/Local/Temp/wbrun_1687852743941_19468/fmetmp_5/wsr_cm_1687866648831_24704 2>@1'
2023-06-27 13:50:49|   0.4|  0.0|INFORM|WorkspaceRunner: Successfully ran workspace `C:/Users/krima354/Work Folders/Documents/GitHub/kix_working_dir/divFME/urdar/setSRIDinIntrasis.fmw'
2023-06-27 13:50:49|   0.4|  0.0|INFORM|WorkspaceRunner: Command to run - `{${=C:/Users/krima354/Work Folders/Documents/GitHub/kix_working_dir/divFME/urdar/setSRIDinIntrasis.fmw=}} --SourceDataset_POSTGIS_2 M2005_064Haninge --HOST_POSTGISserver localhost --USER_NAME_POSTGIS postgres --PORT 5432 --POSTGRES_PASSWORD *********'
2023-06-27 13:50:49|   0.4|  0.0|INFORM|WorkspaceRunner: Running FME with command line - `{C:/Program Files/FME2022_1_3/fme} COMMAND_FILE C:/Users/krima354/AppData/Local/Temp/wbrun_1687852743941_19468/fmetmp_5/wsr_cm_1687866649688_24704 2>@1'
2023-06-27 13:50:50|   0.5|  0.1|INFORM|WorkspaceRunner: Successfully ran workspace `C:/Users/krima354/Work Folders/Documents/GitHub/kix_working_dir/divFME/urdar/setSRIDinIntrasis.fmw'
2023-06-27 13:50:50|   0.5|  0.0|INFORM|WorkspaceRunner: Command to run - `{${=C:/Users/krima354/Work Folders/Documents/GitHub/kix_working_dir/divFME/urdar/setSRIDinIntrasis.fmw=}} --SourceDataset_POSTGIS_2 M2005_079Sickla --HOST_POSTGISserver localhost --USER_NAME_POSTGIS postgres --PORT 5432 --POSTGRES_PASSWORD *********'
2023-06-27 13:50:50|   0.5|  0.0|INFORM|WorkspaceRunner: Running FME with command line - `{C:/Program Files/FME2022_1_3/fme} COMMAND_FILE C:/Users/krima354/AppData/Local/Temp/wbrun_1687852743941_19468/fmetmp_5/wsr_cm_1687866650536_24704 2>@1'
2023-06-27 13:50:51|   0.5|  0.0|INFORM|WorkspaceRunner: Successfully ran workspace `C:/Users/krima354/Work Folders/Documents/GitHub/kix_working_dir/divFME/urdar/setSRIDinIntrasis.fmw'
2023-06-27 13:50:51|   0.5|  0.0|INFORM|WorkspaceRunner: Command to run - `{${=C:/Users/krima354/Work Folders/Documents/GitHub/kix_working_dir/divFME/urdar/setSRIDinIntrasis.fmw=}} --SourceDataset_POSTGIS_2 M2005_113Torslunda --HOST_POSTGISserver localhost --USER_NAME_POSTGIS postgres --PORT 5432 --POSTGRES_PASSWORD *********'
2023-06-27 13:50:51|   0.5|  0.0|INFORM|WorkspaceRunner: Running FME with command line - `{C:/Program Files/FME2022_1_3/fme} COMMAND_FILE C:/Users/krima354/AppData/Local/Temp/wbrun_1687852743941_19468/fmetmp_5/wsr_cm_1687866651392_24704 2>@1'
2023-06-27 13:50:52|   0.5|  0.0|INFORM|WorkspaceRunner: Successfully ran workspace `C:/Users/krima354/Work Folders/Documents/GitHub/kix_working_dir/divFME/urdar/setSRIDinIntrasis.fmw'
2023-06-27 13:50:52|   0.5|  0.0|INFORM|WorkspaceRunner: Command to run - `{${=C:/Users/krima354/Work Folders/Documents/GitHub/kix_working_dir/divFME/urdar/setSRIDinIntrasis.fmw=}} --SourceDataset_POSTGIS_2 M2005_138Bagareby --HOST_POSTGISserver localhost --USER_NAME_POSTGIS postgres --PORT 5432 --POSTGRES_PASSWORD *********'
2023-06-27 13:50:52|   0.5|  0.0|INFORM|WorkspaceRunner: Running FME with command line - `{C:/Program Files/FME2022_1_3/fme} COMMAND_FILE C:/Users/krima354/AppData/Local/Temp/wbrun_1687852743941_19468/fmetmp_5/wsr_cm_1687866652247_24704 2>@1'
2023-06-27 13:50:53|   0.5|  0.0|WARN  |WorkspaceRunner: Failed to run workspace `C:/Users/krima354/Work Folders/Documents/GitHub/kix_working_dir/divFME/urdar/setSRIDinIntrasis.fmw' -- Trace was:

                FME 2022.1.3.0 (20220928 - Build 22630 - WIN64)
                     FME Database Edition (node locked-crc)
                       Temporary License: 362 days left.
                       Machine host name is: EPI-4L2CTD3
          Operating System: Microsoft Windows 10 64-bit  (Build 19045)
                 Copyright (c) 1994 - 2022, Safe Software Inc.
                               Safe Software Inc.


Reading...
Emptying factory pipeline
Translation FAILED with 3 error(s) and 1 warning(s) (0 feature(s) output)
SQLCreator_2_<Rejected>: Termination Message: 'SQLCreator_2 output a <Rejected> feature.  To continue translation when features are rejected, change 'Workspace Parameters' > Translation > 'Rejected Feature Handling' to 'Continue Translation''

An error occurred during the batch file execution of C:/Users/krima354/AppData/Local/Temp/wbrun_1687852743941_19468/fmetmp_5/wsr_cm_1687866652247_24704. 1 translation failed. The following error message was raised: 
#2 : SQLCreator_2_<Rejected>: Termination Message: 'SQLCreator_2 output a <Rejected> feature.  To continue translation when features are rejected, change 'Workspace Parameters' > Translation > 'Rejected Feature Handling' to 'Continue Translation''
Program Terminating

Translation FAILED.

2023-06-27 13:50:53|   0.5|  0.0|INFORM|WorkspaceRunner: Command to run - `{${=C:/Users/krima354/Work Folders/Documents/GitHub/kix_working_dir/divFME/urdar/setSRIDinIntrasis.fmw=}} --SourceDataset_POSTGIS_2 M2009005 --HOST_POSTGISserver localhost --USER_NAME_POSTGIS postgres --PORT 5432 --POSTGRES_PASSWORD *********'
2023-06-27 13:50:53|   0.5|  0.0|INFORM|WorkspaceRunner: Running FME with command line - `{C:/Program Files/FME2022_1_3/fme} COMMAND_FILE C:/Users/krima354/AppData/Local/Temp/wbrun_1687852743941_19468/fmetmp_5/wsr_cm_1687866653040_24704 2>@1'
2023-06-27 13:50:53|   0.5|  0.0|INFORM|WorkspaceRunner: Successfully ran workspace `C:/Users/krima354/Work Folders/Documents/GitHub/kix_working_dir/divFME/urdar/setSRIDinIntrasis.fmw'
2023-06-27 13:50:53|   0.5|  0.0|INFORM|WorkspaceRunner: Command to run - `{${=C:/Users/krima354/Work Folders/Documents/GitHub/kix_working_dir/divFME/urdar/setSRIDinIntrasis.fmw=}} --SourceDataset_POSTGIS_2 M2010_099Polhem --HOST_POSTGISserver localhost --USER_NAME_POSTGIS postgres --PORT 5432 --POSTGRES_PASSWORD *********'
2023-06-27 13:50:53|   0.5|  0.0|INFORM|WorkspaceRunner: Running FME with command line - `{C:/Program Files/FME2022_1_3/fme} COMMAND_FILE C:/Users/krima354/AppData/Local/Temp/wbrun_1687852743941_19468/fmetmp_5/wsr_cm_1687866653862_24704 2>@1'
2023-06-27 13:50:54|   0.5|  0.0|INFORM|WorkspaceRunner: Successfully ran workspace `C:/Users/krima354/Work Folders/Documents/GitHub/kix_working_dir/divFME/urdar/setSRIDinIntrasis.fmw'
2023-06-27 13:50:54|   0.5|  0.0|INFORM|WorkspaceRunner: Command to run - `{${=C:/Users/krima354/Work Folders/Documents/GitHub/kix_working_dir/divFME/urdar/setSRIDinIntrasis.fmw=}} --SourceDataset_POSTGIS_2 M43424Karby --HOST_POSTGISserver localhost --USER_NAME_POSTGIS postgres --PORT 5432 --POSTGRES_PASSWORD *********'
2023-06-27 13:50:54|   0.5|  0.0|INFORM|WorkspaceRunner: Running FME with command line - `{C:/Program Files/FME2022_1_3/fme} COMMAND_FILE C:/Users/krima354/AppData/Local/Temp/wbrun_1687852743941_19468/fmetmp_5/wsr_cm_1687866654705_24704 2>@1'
2023-06-27 13:50:55|   0.5|  0.0|INFORM|WorkspaceRunner: Successfully ran workspace `C:/Users/krima354/Work Folders/Documents/GitHub/kix_working_dir/divFME/urdar/setSRIDinIntrasis.fmw'
2023-06-27 13:50:55|   0.5|  0.0|INFORM|WorkspaceRunner: Command to run - `{${=C:/Users/krima354/Work Folders/Documents/GitHub/kix_working_dir/divFME/urdar/setSRIDinIntrasis.fmw=}} --SourceDataset_POSTGIS_2 M53313228 --HOST_POSTGISserver localhost --USER_NAME_POSTGIS postgres --PORT 5432 --POSTGRES_PASSWORD *********'
2023-06-27 13:50:55|   0.5|  0.0|INFORM|WorkspaceRunner: Running FME with command line - `{C:/Program Files/FME2022_1_3/fme} COMMAND_FILE C:/Users/krima354/AppData/Local/Temp/wbrun_1687852743941_19468/fmetmp_5/wsr_cm_1687866655568_24704 2>@1'
2023-06-27 13:50:56|   0.5|  0.0|INFORM|WorkspaceRunner: Successfully ran workspace `C:/Users/krima354/Work Folders/Documents/GitHub/kix_working_dir/divFME/urdar/setSRIDinIntrasis.fmw'
2023-06-27 13:50:56|   0.5|  0.0|INFORM|WorkspaceRunner: Command to run - `{${=C:/Users/krima354/Work Folders/Documents/GitHub/kix_working_dir/divFME/urdar/setSRIDinIntrasis.fmw=}} --SourceDataset_POSTGIS_2 M53313Hagbykomplex --HOST_POSTGISserver localhost --USER_NAME_POSTGIS postgres --PORT 5432 --POSTGRES_PASSWORD *********'
2023-06-27 13:50:56|   0.5|  0.0|INFORM|WorkspaceRunner: Running FME with command line - `{C:/Program Files/FME2022_1_3/fme} COMMAND_FILE C:/Users/krima354/AppData/Local/Temp/wbrun_1687852743941_19468/fmetmp_5/wsr_cm_1687866656425_24704 2>@1'
2023-06-27 13:50:57|   0.5|  0.0|WARN  |WorkspaceRunner: Failed to run workspace `C:/Users/krima354/Work Folders/Documents/GitHub/kix_working_dir/divFME/urdar/setSRIDinIntrasis.fmw' -- Trace was:

                FME 2022.1.3.0 (20220928 - Build 22630 - WIN64)
                     FME Database Edition (node locked-crc)
                       Temporary License: 362 days left.
                       Machine host name is: EPI-4L2CTD3
          Operating System: Microsoft Windows 10 64-bit  (Build 19045)
                 Copyright (c) 1994 - 2022, Safe Software Inc.
                               Safe Software Inc.


Reading...
Emptying factory pipeline
Translation FAILED with 4 error(s) and 0 warning(s) (0 feature(s) output)
SQLCreator_2_<Rejected>: Termination Message: 'SQLCreator_2 output a <Rejected> feature.  To continue translation when features are rejected, change 'Workspace Parameters' > Translation > 'Rejected Feature Handling' to 'Continue Translation''

An error occurred during the batch file execution of C:/Users/krima354/AppData/Local/Temp/wbrun_1687852743941_19468/fmetmp_5/wsr_cm_1687866656425_24704. 1 translation failed. The following error message was raised: 
#2 : SQLCreator_2_<Rejected>: Termination Message: 'SQLCreator_2 output a <Rejected> feature.  To continue translation when features are rejected, change 'Workspace Parameters' > Translation > 'Rejected Feature Handling' to 'Continue Translation''
Program Terminating

Translation FAILED.

2023-06-27 13:50:57|   0.5|  0.0|INFORM|WorkspaceRunner: Command to run - `{${=C:/Users/krima354/Work Folders/Documents/GitHub/kix_working_dir/divFME/urdar/setSRIDinIntrasis.fmw=}} --SourceDataset_POSTGIS_2 M53435ForundStropsta --HOST_POSTGISserver localhost --USER_NAME_POSTGIS postgres --PORT 5432 --POSTGRES_PASSWORD *********'
2023-06-27 13:50:57|   0.5|  0.0|INFORM|WorkspaceRunner: Running FME with command line - `{C:/Program Files/FME2022_1_3/fme} COMMAND_FILE C:/Users/krima354/AppData/Local/Temp/wbrun_1687852743941_19468/fmetmp_5/wsr_cm_1687866657242_24704 2>@1'
2023-06-27 13:50:58|   0.5|  0.0|INFORM|WorkspaceRunner: Successfully ran workspace `C:/Users/krima354/Work Folders/Documents/GitHub/kix_working_dir/divFME/urdar/setSRIDinIntrasis.fmw'
2023-06-27 13:50:58|   0.5|  0.0|INFORM|WorkspaceRunner: Command to run - `{${=C:/Users/krima354/Work Folders/Documents/GitHub/kix_working_dir/divFME/urdar/setSRIDinIntrasis.fmw=}} --SourceDataset_POSTGIS_2 M53452 --HOST_POSTGISserver localhost --USER_NAME_POSTGIS postgres --PORT 5432 --POSTGRES_PASSWORD *********'
2023-06-27 13:50:58|   0.5|  0.0|INFORM|WorkspaceRunner: Running FME with command line - `{C:/Program Files/FME2022_1_3/fme} COMMAND_FILE C:/Users/krima354/AppData/Local/Temp/wbrun_1687852743941_19468/fmetmp_5/wsr_cm_1687866658113_24704 2>@1'
2023-06-27 13:50:58|   0.5|  0.0|INFORM|WorkspaceRunner: Successfully ran workspace `C:/Users/krima354/Work Folders/Documents/GitHub/kix_working_dir/divFME/urdar/setSRIDinIntrasis.fmw'
2023-06-27 13:50:58|   0.5|  0.0|INFORM|WorkspaceRunner: Command to run - `{${=C:/Users/krima354/Work Folders/Documents/GitHub/kix_working_dir/divFME/urdar/setSRIDinIntrasis.fmw=}} --SourceDataset_POSTGIS_2 M53456morby2 --HOST_POSTGISserver localhost --USER_NAME_POSTGIS postgres --PORT 5432 --POSTGRES_PASSWORD *********'
2023-06-27 13:50:58|   0.5|  0.0|INFORM|WorkspaceRunner: Running FME with command line - `{C:/Program Files/FME2022_1_3/fme} COMMAND_FILE C:/Users/krima354/AppData/Local/Temp/wbrun_1687852743941_19468/fmetmp_5/wsr_cm_1687866658971_24704 2>@1'
2023-06-27 13:50:59|   0.5|  0.0|INFORM|WorkspaceRunner: Successfully ran workspace `C:/Users/krima354/Work Folders/Documents/GitHub/kix_working_dir/divFME/urdar/setSRIDinIntrasis.fmw'
2023-06-27 13:50:59|   0.5|  0.0|INFORM|WorkspaceRunner: Command to run - `{${=C:/Users/krima354/Work Folders/Documents/GitHub/kix_working_dir/divFME/urdar/setSRIDinIntrasis.fmw=}} --SourceDataset_POSTGIS_2 M53460Igelsta --HOST_POSTGISserver localhost --USER_NAME_POSTGIS postgres --PORT 5432 --POSTGRES_PASSWORD *********'
2023-06-27 13:50:59|   0.5|  0.0|INFORM|WorkspaceRunner: Running FME with command line - `{C:/Program Files/FME2022_1_3/fme} COMMAND_FILE C:/Users/krima354/AppData/Local/Temp/wbrun_1687852743941_19468/fmetmp_5/wsr_cm_1687866659838_24704 2>@1'
2023-06-27 13:51:00|   0.5|  0.0|INFORM|WorkspaceRunner: Successfully ran workspace `C:/Users/krima354/Work Folders/Documents/GitHub/kix_working_dir/divFME/urdar/setSRIDinIntrasis.fmw'
2023-06-27 13:51:00|   0.5|  0.0|INFORM|WorkspaceRunner: Command to run - `{${=C:/Users/krima354/Work Folders/Documents/GitHub/kix_working_dir/divFME/urdar/setSRIDinIntrasis.fmw=}} --SourceDataset_POSTGIS_2 M53484Okvista --HOST_POSTGISserver localhost --USER_NAME_POSTGIS postgres --PORT 5432 --POSTGRES_PASSWORD *********'
2023-06-27 13:51:00|   0.5|  0.0|INFORM|WorkspaceRunner: Running FME with command line - `{C:/Program Files/FME2022_1_3/fme} COMMAND_FILE C:/Users/krima354/AppData/Local/Temp/wbrun_1687852743941_19468/fmetmp_5/wsr_cm_1687866660707_24704 2>@1'
2023-06-27 13:51:01|   0.5|  0.0|INFORM|WorkspaceRunner: Successfully ran workspace `C:/Users/krima354/Work Folders/Documents/GitHub/kix_working_dir/divFME/urdar/setSRIDinIntrasis.fmw'
2023-06-27 13:51:01|   0.5|  0.0|INFORM|WorkspaceRunner: Command to run - `{${=C:/Users/krima354/Work Folders/Documents/GitHub/kix_working_dir/divFME/urdar/setSRIDinIntrasis.fmw=}} --SourceDataset_POSTGIS_2 M5349_olhamra --HOST_POSTGISserver localhost --USER_NAME_POSTGIS postgres --PORT 5432 --POSTGRES_PASSWORD *********'
2023-06-27 13:51:01|   0.5|  0.0|INFORM|WorkspaceRunner: Running FME with command line - `{C:/Program Files/FME2022_1_3/fme} COMMAND_FILE C:/Users/krima354/AppData/Local/Temp/wbrun_1687852743941_19468/fmetmp_5/wsr_cm_1687866661528_24704 2>@1'
2023-06-27 13:51:02|   0.5|  0.0|INFORM|WorkspaceRunner: Successfully ran workspace `C:/Users/krima354/Work Folders/Documents/GitHub/kix_working_dir/divFME/urdar/setSRIDinIntrasis.fmw'
2023-06-27 13:51:02|   0.5|  0.0|INFORM|WorkspaceRunner: Command to run - `{${=C:/Users/krima354/Work Folders/Documents/GitHub/kix_working_dir/divFME/urdar/setSRIDinIntrasis.fmw=}} --SourceDataset_POSTGIS_2 M53536 --HOST_POSTGISserver localhost --USER_NAME_POSTGIS postgres --PORT 5432 --POSTGRES_PASSWORD *********'
2023-06-27 13:51:02|   0.5|  0.0|INFORM|WorkspaceRunner: Running FME with command line - `{C:/Program Files/FME2022_1_3/fme} COMMAND_FILE C:/Users/krima354/AppData/Local/Temp/wbrun_1687852743941_19468/fmetmp_5/wsr_cm_1687866662344_24704 2>@1'
2023-06-27 13:51:03|   0.5|  0.0|INFORM|WorkspaceRunner: Successfully ran workspace `C:/Users/krima354/Work Folders/Documents/GitHub/kix_working_dir/divFME/urdar/setSRIDinIntrasis.fmw'
2023-06-27 13:51:03|   0.5|  0.0|INFORM|WorkspaceRunner: Command to run - `{${=C:/Users/krima354/Work Folders/Documents/GitHub/kix_working_dir/divFME/urdar/setSRIDinIntrasis.fmw=}} --SourceDataset_POSTGIS_2 Moraberg --HOST_POSTGISserver localhost --USER_NAME_POSTGIS postgres --PORT 5432 --POSTGRES_PASSWORD *********'
2023-06-27 13:51:03|   0.5|  0.0|INFORM|WorkspaceRunner: Running FME with command line - `{C:/Program Files/FME2022_1_3/fme} COMMAND_FILE C:/Users/krima354/AppData/Local/Temp/wbrun_1687852743941_19468/fmetmp_5/wsr_cm_1687866663190_24704 2>@1'
2023-06-27 13:51:04|   0.5|  0.0|INFORM|WorkspaceRunner: Successfully ran workspace `C:/Users/krima354/Work Folders/Documents/GitHub/kix_working_dir/divFME/urdar/setSRIDinIntrasis.fmw'
2023-06-27 13:51:04|   0.5|  0.0|INFORM|WorkspaceRunner: Command to run - `{${=C:/Users/krima354/Work Folders/Documents/GitHub/kix_working_dir/divFME/urdar/setSRIDinIntrasis.fmw=}} --SourceDataset_POSTGIS_2 MorabergSlut --HOST_POSTGISserver localhost --USER_NAME_POSTGIS postgres --PORT 5432 --POSTGRES_PASSWORD *********'
2023-06-27 13:51:04|   0.5|  0.0|INFORM|WorkspaceRunner: Running FME with command line - `{C:/Program Files/FME2022_1_3/fme} COMMAND_FILE C:/Users/krima354/AppData/Local/Temp/wbrun_1687852743941_19468/fmetmp_5/wsr_cm_1687866664048_24704 2>@1'
2023-06-27 13:51:04|   0.5|  0.0|INFORM|WorkspaceRunner: Successfully ran workspace `C:/Users/krima354/Work Folders/Documents/GitHub/kix_working_dir/divFME/urdar/setSRIDinIntrasis.fmw'
2023-06-27 13:51:04|   0.5|  0.0|INFORM|WorkspaceRunner: Command to run - `{${=C:/Users/krima354/Work Folders/Documents/GitHub/kix_working_dir/divFME/urdar/setSRIDinIntrasis.fmw=}} --SourceDataset_POSTGIS_2 norrtalje2 --HOST_POSTGISserver localhost --USER_NAME_POSTGIS postgres --PORT 5432 --POSTGRES_PASSWORD *********'
2023-06-27 13:51:04|   0.5|  0.0|INFORM|WorkspaceRunner: Running FME with command line - `{C:/Program Files/FME2022_1_3/fme} COMMAND_FILE C:/Users/krima354/AppData/Local/Temp/wbrun_1687852743941_19468/fmetmp_5/wsr_cm_1687866664933_24704 2>@1'
2023-06-27 13:51:05|   0.5|  0.0|INFORM|WorkspaceRunner: Successfully ran workspace `C:/Users/krima354/Work Folders/Documents/GitHub/kix_working_dir/divFME/urdar/setSRIDinIntrasis.fmw'
2023-06-27 13:51:05|   0.5|  0.0|INFORM|WorkspaceRunner: Command to run - `{${=C:/Users/krima354/Work Folders/Documents/GitHub/kix_working_dir/divFME/urdar/setSRIDinIntrasis.fmw=}} --SourceDataset_POSTGIS_2 Nykvarn2007054 --HOST_POSTGISserver localhost --USER_NAME_POSTGIS postgres --PORT 5432 --POSTGRES_PASSWORD *********'
2023-06-27 13:51:05|   0.5|  0.0|INFORM|WorkspaceRunner: Running FME with command line - `{C:/Program Files/FME2022_1_3/fme} COMMAND_FILE C:/Users/krima354/AppData/Local/Temp/wbrun_1687852743941_19468/fmetmp_5/wsr_cm_1687866665817_24704 2>@1'
2023-06-27 13:51:06|   0.5|  0.0|INFORM|WorkspaceRunner: Successfully ran workspace `C:/Users/krima354/Work Folders/Documents/GitHub/kix_working_dir/divFME/urdar/setSRIDinIntrasis.fmw'
2023-06-27 13:51:06|   0.5|  0.0|INFORM|WorkspaceRunner: Command to run - `{${=C:/Users/krima354/Work Folders/Documents/GitHub/kix_working_dir/divFME/urdar/setSRIDinIntrasis.fmw=}} --SourceDataset_POSTGIS_2 Ostanvik --HOST_POSTGISserver localhost --USER_NAME_POSTGIS postgres --PORT 5432 --POSTGRES_PASSWORD *********'
2023-06-27 13:51:06|   0.5|  0.0|INFORM|WorkspaceRunner: Running FME with command line - `{C:/Program Files/FME2022_1_3/fme} COMMAND_FILE C:/Users/krima354/AppData/Local/Temp/wbrun_1687852743941_19468/fmetmp_5/wsr_cm_1687866666700_24704 2>@1'
2023-06-27 13:51:07|   0.5|  0.0|INFORM|WorkspaceRunner: Successfully ran workspace `C:/Users/krima354/Work Folders/Documents/GitHub/kix_working_dir/divFME/urdar/setSRIDinIntrasis.fmw'
2023-06-27 13:51:07|   0.5|  0.0|INFORM|WorkspaceRunner: Command to run - `{${=C:/Users/krima354/Work Folders/Documents/GitHub/kix_working_dir/divFME/urdar/setSRIDinIntrasis.fmw=}} --SourceDataset_POSTGIS_2 RAA524Vallentuna --HOST_POSTGISserver localhost --USER_NAME_POSTGIS postgres --PORT 5432 --POSTGRES_PASSWORD *********'
2023-06-27 13:51:07|   0.5|  0.0|INFORM|WorkspaceRunner: Running FME with command line - `{C:/Program Files/FME2022_1_3/fme} COMMAND_FILE C:/Users/krima354/AppData/Local/Temp/wbrun_1687852743941_19468/fmetmp_5/wsr_cm_1687866667572_24704 2>@1'
2023-06-27 13:51:08|   0.5|  0.0|INFORM|WorkspaceRunner: Successfully ran workspace `C:/Users/krima354/Work Folders/Documents/GitHub/kix_working_dir/divFME/urdar/setSRIDinIntrasis.fmw'
2023-06-27 13:51:08|   0.5|  0.0|INFORM|WorkspaceRunner: Command to run - `{${=C:/Users/krima354/Work Folders/Documents/GitHub/kix_working_dir/divFME/urdar/setSRIDinIntrasis.fmw=}} --SourceDataset_POSTGIS_2 ribby2006 --HOST_POSTGISserver localhost --USER_NAME_POSTGIS postgres --PORT 5432 --POSTGRES_PASSWORD *********'
2023-06-27 13:51:08|   0.5|  0.0|INFORM|WorkspaceRunner: Running FME with command line - `{C:/Program Files/FME2022_1_3/fme} COMMAND_FILE C:/Users/krima354/AppData/Local/Temp/wbrun_1687852743941_19468/fmetmp_5/wsr_cm_1687866668437_24704 2>@1'
2023-06-27 13:51:09|   0.5|  0.0|INFORM|WorkspaceRunner: Successfully ran workspace `C:/Users/krima354/Work Folders/Documents/GitHub/kix_working_dir/divFME/urdar/setSRIDinIntrasis.fmw'
2023-06-27 13:51:09|   0.5|  0.0|INFORM|WorkspaceRunner: Command to run - `{${=C:/Users/krima354/Work Folders/Documents/GitHub/kix_working_dir/divFME/urdar/setSRIDinIntrasis.fmw=}} --SourceDataset_POSTGIS_2 Rickeby --HOST_POSTGISserver localhost --USER_NAME_POSTGIS postgres --PORT 5432 --POSTGRES_PASSWORD *********'
2023-06-27 13:51:09|   0.6|  0.1|INFORM|WorkspaceRunner: Running FME with command line - `{C:/Program Files/FME2022_1_3/fme} COMMAND_FILE C:/Users/krima354/AppData/Local/Temp/wbrun_1687852743941_19468/fmetmp_5/wsr_cm_1687866669284_24704 2>@1'
2023-06-27 13:51:10|   0.6|  0.0|INFORM|WorkspaceRunner: Successfully ran workspace `C:/Users/krima354/Work Folders/Documents/GitHub/kix_working_dir/divFME/urdar/setSRIDinIntrasis.fmw'
2023-06-27 13:51:10|   0.6|  0.0|INFORM|WorkspaceRunner: Command to run - `{${=C:/Users/krima354/Work Folders/Documents/GitHub/kix_working_dir/divFME/urdar/setSRIDinIntrasis.fmw=}} --SourceDataset_POSTGIS_2 RickebyRT90 --HOST_POSTGISserver localhost --USER_NAME_POSTGIS postgres --PORT 5432 --POSTGRES_PASSWORD *********'
2023-06-27 13:51:10|   0.6|  0.0|INFORM|WorkspaceRunner: Running FME with command line - `{C:/Program Files/FME2022_1_3/fme} COMMAND_FILE C:/Users/krima354/AppData/Local/Temp/wbrun_1687852743941_19468/fmetmp_5/wsr_cm_1687866670150_24704 2>@1'
2023-06-27 13:51:10|   0.6|  0.0|INFORM|WorkspaceRunner: Successfully ran workspace `C:/Users/krima354/Work Folders/Documents/GitHub/kix_working_dir/divFME/urdar/setSRIDinIntrasis.fmw'
2023-06-27 13:51:10|   0.6|  0.0|INFORM|WorkspaceRunner: Command to run - `{${=C:/Users/krima354/Work Folders/Documents/GitHub/kix_working_dir/divFME/urdar/setSRIDinIntrasis.fmw=}} --SourceDataset_POSTGIS_2 risslingby --HOST_POSTGISserver localhost --USER_NAME_POSTGIS postgres --PORT 5432 --POSTGRES_PASSWORD *********'
2023-06-27 13:51:10|   0.6|  0.0|INFORM|WorkspaceRunner: Running FME with command line - `{C:/Program Files/FME2022_1_3/fme} COMMAND_FILE C:/Users/krima354/AppData/Local/Temp/wbrun_1687852743941_19468/fmetmp_5/wsr_cm_1687866670967_24704 2>@1'
2023-06-27 13:51:11|   0.6|  0.0|INFORM|WorkspaceRunner: Successfully ran workspace `C:/Users/krima354/Work Folders/Documents/GitHub/kix_working_dir/divFME/urdar/setSRIDinIntrasis.fmw'
2023-06-27 13:51:11|   0.6|  0.0|INFORM|WorkspaceRunner: Command to run - `{${=C:/Users/krima354/Work Folders/Documents/GitHub/kix_working_dir/divFME/urdar/setSRIDinIntrasis.fmw=}} --SourceDataset_POSTGIS_2 Rodbacka_171 --HOST_POSTGISserver localhost --USER_NAME_POSTGIS postgres --PORT 5432 --POSTGRES_PASSWORD *********'
2023-06-27 13:51:11|   0.6|  0.0|INFORM|WorkspaceRunner: Running FME with command line - `{C:/Program Files/FME2022_1_3/fme} COMMAND_FILE C:/Users/krima354/AppData/Local/Temp/wbrun_1687852743941_19468/fmetmp_5/wsr_cm_1687866671821_24704 2>@1'
2023-06-27 13:51:12|   0.6|  0.0|INFORM|WorkspaceRunner: Successfully ran workspace `C:/Users/krima354/Work Folders/Documents/GitHub/kix_working_dir/divFME/urdar/setSRIDinIntrasis.fmw'
2023-06-27 13:51:12|   0.6|  0.0|INFORM|WorkspaceRunner: Command to run - `{${=C:/Users/krima354/Work Folders/Documents/GitHub/kix_working_dir/divFME/urdar/setSRIDinIntrasis.fmw=}} --SourceDataset_POSTGIS_2 SkanelaAU --HOST_POSTGISserver localhost --USER_NAME_POSTGIS postgres --PORT 5432 --POSTGRES_PASSWORD *********'
2023-06-27 13:51:12|   0.6|  0.0|INFORM|WorkspaceRunner: Running FME with command line - `{C:/Program Files/FME2022_1_3/fme} COMMAND_FILE C:/Users/krima354/AppData/Local/Temp/wbrun_1687852743941_19468/fmetmp_5/wsr_cm_1687866672675_24704 2>@1'
2023-06-27 13:51:13|   0.6|  0.0|INFORM|WorkspaceRunner: Successfully ran workspace `C:/Users/krima354/Work Folders/Documents/GitHub/kix_working_dir/divFME/urdar/setSRIDinIntrasis.fmw'
2023-06-27 13:51:13|   0.6|  0.0|INFORM|WorkspaceRunner: Command to run - `{${=C:/Users/krima354/Work Folders/Documents/GitHub/kix_working_dir/divFME/urdar/setSRIDinIntrasis.fmw=}} --SourceDataset_POSTGIS_2 Smedby --HOST_POSTGISserver localhost --USER_NAME_POSTGIS postgres --PORT 5432 --POSTGRES_PASSWORD *********'
2023-06-27 13:51:13|   0.6|  0.0|INFORM|WorkspaceRunner: Running FME with command line - `{C:/Program Files/FME2022_1_3/fme} COMMAND_FILE C:/Users/krima354/AppData/Local/Temp/wbrun_1687852743941_19468/fmetmp_5/wsr_cm_1687866673536_24704 2>@1'
2023-06-27 13:51:14|   0.6|  0.0|INFORM|WorkspaceRunner: Successfully ran workspace `C:/Users/krima354/Work Folders/Documents/GitHub/kix_working_dir/divFME/urdar/setSRIDinIntrasis.fmw'
2023-06-27 13:51:14|   0.6|  0.0|INFORM|WorkspaceRunner: Command to run - `{${=C:/Users/krima354/Work Folders/Documents/GitHub/kix_working_dir/divFME/urdar/setSRIDinIntrasis.fmw=}} --SourceDataset_POSTGIS_2 smedby2 --HOST_POSTGISserver localhost --USER_NAME_POSTGIS postgres --PORT 5432 --POSTGRES_PASSWORD *********'
2023-06-27 13:51:14|   0.6|  0.0|INFORM|WorkspaceRunner: Running FME with command line - `{C:/Program Files/FME2022_1_3/fme} COMMAND_FILE C:/Users/krima354/AppData/Local/Temp/wbrun_1687852743941_19468/fmetmp_5/wsr_cm_1687866674399_24704 2>@1'
2023-06-27 13:51:15|   0.6|  0.0|INFORM|WorkspaceRunner: Successfully ran workspace `C:/Users/krima354/Work Folders/Documents/GitHub/kix_working_dir/divFME/urdar/setSRIDinIntrasis.fmw'
2023-06-27 13:51:15|   0.6|  0.0|INFORM|WorkspaceRunner: Command to run - `{${=C:/Users/krima354/Work Folders/Documents/GitHub/kix_working_dir/divFME/urdar/setSRIDinIntrasis.fmw=}} --SourceDataset_POSTGIS_2 Stav --HOST_POSTGISserver localhost --USER_NAME_POSTGIS postgres --PORT 5432 --POSTGRES_PASSWORD *********'
2023-06-27 13:51:15|   0.6|  0.0|INFORM|WorkspaceRunner: Running FME with command line - `{C:/Program Files/FME2022_1_3/fme} COMMAND_FILE C:/Users/krima354/AppData/Local/Temp/wbrun_1687852743941_19468/fmetmp_5/wsr_cm_1687866675248_24704 2>@1'
2023-06-27 13:51:16|   0.6|  0.0|INFORM|WorkspaceRunner: Successfully ran workspace `C:/Users/krima354/Work Folders/Documents/GitHub/kix_working_dir/divFME/urdar/setSRIDinIntrasis.fmw'
2023-06-27 13:51:16|   0.6|  0.0|INFORM|WorkspaceRunner: Command to run - `{${=C:/Users/krima354/Work Folders/Documents/GitHub/kix_working_dir/divFME/urdar/setSRIDinIntrasis.fmw=}} --SourceDataset_POSTGIS_2 SUEriksberg --HOST_POSTGISserver localhost --USER_NAME_POSTGIS postgres --PORT 5432 --POSTGRES_PASSWORD *********'
2023-06-27 13:51:16|   0.6|  0.0|INFORM|WorkspaceRunner: Running FME with command line - `{C:/Program Files/FME2022_1_3/fme} COMMAND_FILE C:/Users/krima354/AppData/Local/Temp/wbrun_1687852743941_19468/fmetmp_5/wsr_cm_1687866676070_24704 2>@1'
2023-06-27 13:51:16|   0.6|  0.0|INFORM|WorkspaceRunner: Successfully ran workspace `C:/Users/krima354/Work Folders/Documents/GitHub/kix_working_dir/divFME/urdar/setSRIDinIntrasis.fmw'
2023-06-27 13:51:16|   0.6|  0.0|INFORM|WorkspaceRunner: Command to run - `{${=C:/Users/krima354/Work Folders/Documents/GitHub/kix_working_dir/divFME/urdar/setSRIDinIntrasis.fmw=}} --SourceDataset_POSTGIS_2 SUMorby --HOST_POSTGISserver localhost --USER_NAME_POSTGIS postgres --PORT 5432 --POSTGRES_PASSWORD *********'
2023-06-27 13:51:16|   0.6|  0.0|INFORM|WorkspaceRunner: Running FME with command line - `{C:/Program Files/FME2022_1_3/fme} COMMAND_FILE C:/Users/krima354/AppData/Local/Temp/wbrun_1687852743941_19468/fmetmp_5/wsr_cm_1687866676916_24704 2>@1'
2023-06-27 13:51:17|   0.6|  0.0|INFORM|WorkspaceRunner: Successfully ran workspace `C:/Users/krima354/Work Folders/Documents/GitHub/kix_working_dir/divFME/urdar/setSRIDinIntrasis.fmw'
2023-06-27 13:51:17|   0.6|  0.0|INFORM|WorkspaceRunner: Command to run - `{${=C:/Users/krima354/Work Folders/Documents/GitHub/kix_working_dir/divFME/urdar/setSRIDinIntrasis.fmw=}} --SourceDataset_POSTGIS_2 Svartsjo --HOST_POSTGISserver localhost --USER_NAME_POSTGIS postgres --PORT 5432 --POSTGRES_PASSWORD *********'
2023-06-27 13:51:17|   0.6|  0.0|INFORM|WorkspaceRunner: Running FME with command line - `{C:/Program Files/FME2022_1_3/fme} COMMAND_FILE C:/Users/krima354/AppData/Local/Temp/wbrun_1687852743941_19468/fmetmp_5/wsr_cm_1687866677784_24704 2>@1'
2023-06-27 13:51:18|   0.6|  0.0|INFORM|WorkspaceRunner: Successfully ran workspace `C:/Users/krima354/Work Folders/Documents/GitHub/kix_working_dir/divFME/urdar/setSRIDinIntrasis.fmw'
2023-06-27 13:51:18|   0.6|  0.0|INFORM|WorkspaceRunner: Command to run - `{${=C:/Users/krima354/Work Folders/Documents/GitHub/kix_working_dir/divFME/urdar/setSRIDinIntrasis.fmw=}} --SourceDataset_POSTGIS_2 Taby118_280 --HOST_POSTGISserver localhost --USER_NAME_POSTGIS postgres --PORT 5432 --POSTGRES_PASSWORD *********'
2023-06-27 13:51:18|   0.6|  0.0|INFORM|WorkspaceRunner: Running FME with command line - `{C:/Program Files/FME2022_1_3/fme} COMMAND_FILE C:/Users/krima354/AppData/Local/Temp/wbrun_1687852743941_19468/fmetmp_5/wsr_cm_1687866678644_24704 2>@1'
2023-06-27 13:51:19|   0.7|  0.1|INFORM|WorkspaceRunner: Successfully ran workspace `C:/Users/krima354/Work Folders/Documents/GitHub/kix_working_dir/divFME/urdar/setSRIDinIntrasis.fmw'
2023-06-27 13:51:19|   0.7|  0.0|INFORM|WorkspaceRunner: Command to run - `{${=C:/Users/krima354/Work Folders/Documents/GitHub/kix_working_dir/divFME/urdar/setSRIDinIntrasis.fmw=}} --SourceDataset_POSTGIS_2 tabyridcenter --HOST_POSTGISserver localhost --USER_NAME_POSTGIS postgres --PORT 5432 --POSTGRES_PASSWORD *********'
2023-06-27 13:51:19|   0.7|  0.0|INFORM|WorkspaceRunner: Running FME with command line - `{C:/Program Files/FME2022_1_3/fme} COMMAND_FILE C:/Users/krima354/AppData/Local/Temp/wbrun_1687852743941_19468/fmetmp_5/wsr_cm_1687866679552_24704 2>@1'
2023-06-27 13:51:20|   0.7|  0.0|INFORM|WorkspaceRunner: Successfully ran workspace `C:/Users/krima354/Work Folders/Documents/GitHub/kix_working_dir/divFME/urdar/setSRIDinIntrasis.fmw'
2023-06-27 13:51:20|   0.7|  0.0|INFORM|WorkspaceRunner: Command to run - `{${=C:/Users/krima354/Work Folders/Documents/GitHub/kix_working_dir/divFME/urdar/setSRIDinIntrasis.fmw=}} --SourceDataset_POSTGIS_2 Telegrammet --HOST_POSTGISserver localhost --USER_NAME_POSTGIS postgres --PORT 5432 --POSTGRES_PASSWORD *********'
2023-06-27 13:51:20|   0.7|  0.0|INFORM|WorkspaceRunner: Running FME with command line - `{C:/Program Files/FME2022_1_3/fme} COMMAND_FILE C:/Users/krima354/AppData/Local/Temp/wbrun_1687852743941_19468/fmetmp_5/wsr_cm_1687866680440_24704 2>@1'
2023-06-27 13:51:21|   0.7|  0.0|INFORM|WorkspaceRunner: Successfully ran workspace `C:/Users/krima354/Work Folders/Documents/GitHub/kix_working_dir/divFME/urdar/setSRIDinIntrasis.fmw'
2023-06-27 13:51:21|   0.7|  0.0|INFORM|WorkspaceRunner: Command to run - `{${=C:/Users/krima354/Work Folders/Documents/GitHub/kix_working_dir/divFME/urdar/setSRIDinIntrasis.fmw=}} --SourceDataset_POSTGIS_2 Tullgarn --HOST_POSTGISserver localhost --USER_NAME_POSTGIS postgres --PORT 5432 --POSTGRES_PASSWORD *********'
2023-06-27 13:51:21|   0.7|  0.0|INFORM|WorkspaceRunner: Running FME with command line - `{C:/Program Files/FME2022_1_3/fme} COMMAND_FILE C:/Users/krima354/AppData/Local/Temp/wbrun_1687852743941_19468/fmetmp_5/wsr_cm_1687866681311_24704 2>@1'
2023-06-27 13:51:22|   0.7|  0.0|INFORM|WorkspaceRunner: Successfully ran workspace `C:/Users/krima354/Work Folders/Documents/GitHub/kix_working_dir/divFME/urdar/setSRIDinIntrasis.fmw'
2023-06-27 13:51:22|   0.7|  0.0|INFORM|WorkspaceRunner: Command to run - `{${=C:/Users/krima354/Work Folders/Documents/GitHub/kix_working_dir/divFME/urdar/setSRIDinIntrasis.fmw=}} --SourceDataset_POSTGIS_2 TullingeFlygf --HOST_POSTGISserver localhost --USER_NAME_POSTGIS postgres --PORT 5432 --POSTGRES_PASSWORD *********'
2023-06-27 13:51:22|   0.7|  0.0|INFORM|WorkspaceRunner: Running FME with command line - `{C:/Program Files/FME2022_1_3/fme} COMMAND_FILE C:/Users/krima354/AppData/Local/Temp/wbrun_1687852743941_19468/fmetmp_5/wsr_cm_1687866682173_24704 2>@1'
2023-06-27 13:51:23|   0.7|  0.0|INFORM|WorkspaceRunner: Successfully ran workspace `C:/Users/krima354/Work Folders/Documents/GitHub/kix_working_dir/divFME/urdar/setSRIDinIntrasis.fmw'
2023-06-27 13:51:23|   0.7|  0.0|INFORM|WorkspaceRunner: Command to run - `{${=C:/Users/krima354/Work Folders/Documents/GitHub/kix_working_dir/divFME/urdar/setSRIDinIntrasis.fmw=}} --SourceDataset_POSTGIS_2 ursvik2 --HOST_POSTGISserver localhost --USER_NAME_POSTGIS postgres --PORT 5432 --POSTGRES_PASSWORD *********'
2023-06-27 13:51:23|   0.7|  0.0|INFORM|WorkspaceRunner: Running FME with command line - `{C:/Program Files/FME2022_1_3/fme} COMMAND_FILE C:/Users/krima354/AppData/Local/Temp/wbrun_1687852743941_19468/fmetmp_5/wsr_cm_1687866683065_24704 2>@1'
2023-06-27 13:51:23|   0.7|  0.0|INFORM|WorkspaceRunner: Successfully ran workspace `C:/Users/krima354/Work Folders/Documents/GitHub/kix_working_dir/divFME/urdar/setSRIDinIntrasis.fmw'
2023-06-27 13:51:23|   0.7|  0.0|INFORM|WorkspaceRunner: Command to run - `{${=C:/Users/krima354/Work Folders/Documents/GitHub/kix_working_dir/divFME/urdar/setSRIDinIntrasis.fmw=}} --SourceDataset_POSTGIS_2 Utredningetapp2Morby --HOST_POSTGISserver localhost --USER_NAME_POSTGIS postgres --PORT 5432 --POSTGRES_PASSWORD *********'
2023-06-27 13:51:23|   0.7|  0.0|INFORM|WorkspaceRunner: Running FME with command line - `{C:/Program Files/FME2022_1_3/fme} COMMAND_FILE C:/Users/krima354/AppData/Local/Temp/wbrun_1687852743941_19468/fmetmp_5/wsr_cm_1687866683921_24704 2>@1'
2023-06-27 13:51:24|   0.7|  0.0|INFORM|WorkspaceRunner: Successfully ran workspace `C:/Users/krima354/Work Folders/Documents/GitHub/kix_working_dir/divFME/urdar/setSRIDinIntrasis.fmw'
2023-06-27 13:51:24|   0.7|  0.0|INFORM|WorkspaceRunner: Command to run - `{${=C:/Users/krima354/Work Folders/Documents/GitHub/kix_working_dir/divFME/urdar/setSRIDinIntrasis.fmw=}} --SourceDataset_POSTGIS_2 UtrSkogsEkeby --HOST_POSTGISserver localhost --USER_NAME_POSTGIS postgres --PORT 5432 --POSTGRES_PASSWORD *********'
2023-06-27 13:51:24|   0.7|  0.0|INFORM|WorkspaceRunner: Running FME with command line - `{C:/Program Files/FME2022_1_3/fme} COMMAND_FILE C:/Users/krima354/AppData/Local/Temp/wbrun_1687852743941_19468/fmetmp_5/wsr_cm_1687866684785_24704 2>@1'
2023-06-27 13:51:25|   0.7|  0.0|INFORM|WorkspaceRunner: Successfully ran workspace `C:/Users/krima354/Work Folders/Documents/GitHub/kix_working_dir/divFME/urdar/setSRIDinIntrasis.fmw'
2023-06-27 13:51:25|   0.7|  0.0|INFORM|WorkspaceRunner: Command to run - `{${=C:/Users/krima354/Work Folders/Documents/GitHub/kix_working_dir/divFME/urdar/setSRIDinIntrasis.fmw=}} --SourceDataset_POSTGIS_2 UV2010009 --HOST_POSTGISserver localhost --USER_NAME_POSTGIS postgres --PORT 5432 --POSTGRES_PASSWORD *********'
2023-06-27 13:51:25|   0.7|  0.0|INFORM|WorkspaceRunner: Running FME with command line - `{C:/Program Files/FME2022_1_3/fme} COMMAND_FILE C:/Users/krima354/AppData/Local/Temp/wbrun_1687852743941_19468/fmetmp_5/wsr_cm_1687866685680_24704 2>@1'
2023-06-27 13:51:26|   0.7|  0.0|INFORM|WorkspaceRunner: Successfully ran workspace `C:/Users/krima354/Work Folders/Documents/GitHub/kix_working_dir/divFME/urdar/setSRIDinIntrasis.fmw'
2023-06-27 13:51:26|   0.7|  0.0|INFORM|WorkspaceRunner: Command to run - `{${=C:/Users/krima354/Work Folders/Documents/GitHub/kix_working_dir/divFME/urdar/setSRIDinIntrasis.fmw=}} --SourceDataset_POSTGIS_2 Vallentuna521 --HOST_POSTGISserver localhost --USER_NAME_POSTGIS postgres --PORT 5432 --POSTGRES_PASSWORD *********'
2023-06-27 13:51:26|   0.7|  0.0|INFORM|WorkspaceRunner: Running FME with command line - `{C:/Program Files/FME2022_1_3/fme} COMMAND_FILE C:/Users/krima354/AppData/Local/Temp/wbrun_1687852743941_19468/fmetmp_5/wsr_cm_1687866686542_24704 2>@1'
2023-06-27 13:51:27|   0.8|  0.1|INFORM|WorkspaceRunner: Successfully ran workspace `C:/Users/krima354/Work Folders/Documents/GitHub/kix_working_dir/divFME/urdar/setSRIDinIntrasis.fmw'
2023-06-27 13:51:27|   0.8|  0.0|INFORM|WorkspaceRunner: Command to run - `{${=C:/Users/krima354/Work Folders/Documents/GitHub/kix_working_dir/divFME/urdar/setSRIDinIntrasis.fmw=}} --SourceDataset_POSTGIS_2 VallentunaRaa522 --HOST_POSTGISserver localhost --USER_NAME_POSTGIS postgres --PORT 5432 --POSTGRES_PASSWORD *********'
2023-06-27 13:51:27|   0.8|  0.0|INFORM|WorkspaceRunner: Running FME with command line - `{C:/Program Files/FME2022_1_3/fme} COMMAND_FILE C:/Users/krima354/AppData/Local/Temp/wbrun_1687852743941_19468/fmetmp_5/wsr_cm_1687866687360_24704 2>@1'
2023-06-27 13:51:28|   0.8|  0.0|INFORM|WorkspaceRunner: Successfully ran workspace `C:/Users/krima354/Work Folders/Documents/GitHub/kix_working_dir/divFME/urdar/setSRIDinIntrasis.fmw'
2023-06-27 13:51:28|   0.8|  0.0|INFORM|WorkspaceRunner: Command to run - `{${=C:/Users/krima354/Work Folders/Documents/GitHub/kix_working_dir/divFME/urdar/setSRIDinIntrasis.fmw=}} --SourceDataset_POSTGIS_2 VallentunaRaa523 --HOST_POSTGISserver localhost --USER_NAME_POSTGIS postgres --PORT 5432 --POSTGRES_PASSWORD *********'
2023-06-27 13:51:28|   0.8|  0.0|INFORM|WorkspaceRunner: Running FME with command line - `{C:/Program Files/FME2022_1_3/fme} COMMAND_FILE C:/Users/krima354/AppData/Local/Temp/wbrun_1687852743941_19468/fmetmp_5/wsr_cm_1687866688222_24704 2>@1'
2023-06-27 13:51:29|   0.8|  0.0|INFORM|WorkspaceRunner: Successfully ran workspace `C:/Users/krima354/Work Folders/Documents/GitHub/kix_working_dir/divFME/urdar/setSRIDinIntrasis.fmw'
2023-06-27 13:51:29|   0.8|  0.0|INFORM|WorkspaceRunner: Command to run - `{${=C:/Users/krima354/Work Folders/Documents/GitHub/kix_working_dir/divFME/urdar/setSRIDinIntrasis.fmw=}} --SourceDataset_POSTGIS_2 VallentunaRaa527 --HOST_POSTGISserver localhost --USER_NAME_POSTGIS postgres --PORT 5432 --POSTGRES_PASSWORD *********'
2023-06-27 13:51:29|   0.8|  0.0|INFORM|WorkspaceRunner: Running FME with command line - `{C:/Program Files/FME2022_1_3/fme} COMMAND_FILE C:/Users/krima354/AppData/Local/Temp/wbrun_1687852743941_19468/fmetmp_5/wsr_cm_1687866689096_24704 2>@1'
2023-06-27 13:51:29|   0.8|  0.0|INFORM|WorkspaceRunner: Successfully ran workspace `C:/Users/krima354/Work Folders/Documents/GitHub/kix_working_dir/divFME/urdar/setSRIDinIntrasis.fmw'
2023-06-27 13:51:29|   0.8|  0.0|INFORM|WorkspaceRunner: Command to run - `{${=C:/Users/krima354/Work Folders/Documents/GitHub/kix_working_dir/divFME/urdar/setSRIDinIntrasis.fmw=}} --SourceDataset_POSTGIS_2 varbackavagen --HOST_POSTGISserver localhost --USER_NAME_POSTGIS postgres --PORT 5432 --POSTGRES_PASSWORD *********'
2023-06-27 13:51:29|   0.8|  0.0|INFORM|WorkspaceRunner: Running FME with command line - `{C:/Program Files/FME2022_1_3/fme} COMMAND_FILE C:/Users/krima354/AppData/Local/Temp/wbrun_1687852743941_19468/fmetmp_5/wsr_cm_1687866689963_24704 2>@1'
2023-06-27 13:51:30|   0.8|  0.0|INFORM|WorkspaceRunner: Successfully ran workspace `C:/Users/krima354/Work Folders/Documents/GitHub/kix_working_dir/divFME/urdar/setSRIDinIntrasis.fmw'
2023-06-27 13:51:30|   0.8|  0.0|INFORM|WorkspaceRunner: Command to run - `{${=C:/Users/krima354/Work Folders/Documents/GitHub/kix_working_dir/divFME/urdar/setSRIDinIntrasis.fmw=}} --SourceDataset_POSTGIS_2 VarbyGard_150_384 --HOST_POSTGISserver localhost --USER_NAME_POSTGIS postgres --PORT 5432 --POSTGRES_PASSWORD *********'
2023-06-27 13:51:30|   0.8|  0.0|INFORM|WorkspaceRunner: Running FME with command line - `{C:/Program Files/FME2022_1_3/fme} COMMAND_FILE C:/Users/krima354/AppData/Local/Temp/wbrun_1687852743941_19468/fmetmp_5/wsr_cm_1687866690839_24704 2>@1'
2023-06-27 13:51:31|   0.8|  0.0|INFORM|WorkspaceRunner: Successfully ran workspace `C:/Users/krima354/Work Folders/Documents/GitHub/kix_working_dir/divFME/urdar/setSRIDinIntrasis.fmw'
2023-06-27 13:51:31|   0.8|  0.0|INFORM|WorkspaceRunner: Command to run - `{${=C:/Users/krima354/Work Folders/Documents/GitHub/kix_working_dir/divFME/urdar/setSRIDinIntrasis.fmw=}} --SourceDataset_POSTGIS_2 VArlandastad --HOST_POSTGISserver localhost --USER_NAME_POSTGIS postgres --PORT 5432 --POSTGRES_PASSWORD *********'
2023-06-27 13:51:31|   0.8|  0.0|INFORM|WorkspaceRunner: Running FME with command line - `{C:/Program Files/FME2022_1_3/fme} COMMAND_FILE C:/Users/krima354/AppData/Local/Temp/wbrun_1687852743941_19468/fmetmp_5/wsr_cm_1687866691727_24704 2>@1'
2023-06-27 13:51:32|   0.8|  0.0|INFORM|WorkspaceRunner: Successfully ran workspace `C:/Users/krima354/Work Folders/Documents/GitHub/kix_working_dir/divFME/urdar/setSRIDinIntrasis.fmw'
2023-06-27 13:51:32|   0.8|  0.0|INFORM|WorkspaceRunner: Command to run - `{${=C:/Users/krima354/Work Folders/Documents/GitHub/kix_working_dir/divFME/urdar/setSRIDinIntrasis.fmw=}} --SourceDataset_POSTGIS_2 varlandastadsu --HOST_POSTGISserver localhost --USER_NAME_POSTGIS postgres --PORT 5432 --POSTGRES_PASSWORD *********'
2023-06-27 13:51:32|   0.8|  0.0|INFORM|WorkspaceRunner: Running FME with command line - `{C:/Program Files/FME2022_1_3/fme} COMMAND_FILE C:/Users/krima354/AppData/Local/Temp/wbrun_1687852743941_19468/fmetmp_5/wsr_cm_1687866692590_24704 2>@1'
2023-06-27 13:51:33|   0.8|  0.0|INFORM|WorkspaceRunner: Successfully ran workspace `C:/Users/krima354/Work Folders/Documents/GitHub/kix_working_dir/divFME/urdar/setSRIDinIntrasis.fmw'
2023-06-27 13:51:33|   0.8|  0.0|INFORM|WorkspaceRunner: Command to run - `{${=C:/Users/krima354/Work Folders/Documents/GitHub/kix_working_dir/divFME/urdar/setSRIDinIntrasis.fmw=}} --SourceDataset_POSTGIS_2 Varmdokyrkogard_VRM_AUT --HOST_POSTGISserver localhost --USER_NAME_POSTGIS postgres --PORT 5432 --POSTGRES_PASSWORD *********'
2023-06-27 13:51:33|   0.8|  0.0|INFORM|WorkspaceRunner: Running FME with command line - `{C:/Program Files/FME2022_1_3/fme} COMMAND_FILE C:/Users/krima354/AppData/Local/Temp/wbrun_1687852743941_19468/fmetmp_5/wsr_cm_1687866693442_24704 2>@1'
2023-06-27 13:51:34|   0.8|  0.0|INFORM|WorkspaceRunner: Successfully ran workspace `C:/Users/krima354/Work Folders/Documents/GitHub/kix_working_dir/divFME/urdar/setSRIDinIntrasis.fmw'
2023-06-27 13:51:34|   0.8|  0.0|INFORM|WorkspaceRunner: Command to run - `{${=C:/Users/krima354/Work Folders/Documents/GitHub/kix_working_dir/divFME/urdar/setSRIDinIntrasis.fmw=}} --SourceDataset_POSTGIS_2 Viby2007 --HOST_POSTGISserver localhost --USER_NAME_POSTGIS postgres --PORT 5432 --POSTGRES_PASSWORD *********'
2023-06-27 13:51:34|   0.8|  0.0|INFORM|WorkspaceRunner: Running FME with command line - `{C:/Program Files/FME2022_1_3/fme} COMMAND_FILE C:/Users/krima354/AppData/Local/Temp/wbrun_1687852743941_19468/fmetmp_5/wsr_cm_1687866694271_24704 2>@1'
2023-06-27 13:51:35|   0.8|  0.0|INFORM|WorkspaceRunner: Successfully ran workspace `C:/Users/krima354/Work Folders/Documents/GitHub/kix_working_dir/divFME/urdar/setSRIDinIntrasis.fmw'
2023-06-27 13:51:35|   0.8|  0.0|INFORM|WorkspaceRunner: Command to run - `{${=C:/Users/krima354/Work Folders/Documents/GitHub/kix_working_dir/divFME/urdar/setSRIDinIntrasis.fmw=}} --SourceDataset_POSTGIS_2 Viggbydalen --HOST_POSTGISserver localhost --USER_NAME_POSTGIS postgres --PORT 5432 --POSTGRES_PASSWORD *********'
2023-06-27 13:51:35|   0.8|  0.0|INFORM|WorkspaceRunner: Running FME with command line - `{C:/Program Files/FME2022_1_3/fme} COMMAND_FILE C:/Users/krima354/AppData/Local/Temp/wbrun_1687852743941_19468/fmetmp_5/wsr_cm_1687866695153_24704 2>@1'
2023-06-27 13:51:36|   0.8|  0.0|INFORM|WorkspaceRunner: Successfully ran workspace `C:/Users/krima354/Work Folders/Documents/GitHub/kix_working_dir/divFME/urdar/setSRIDinIntrasis.fmw'
2023-06-27 13:51:36|   0.8|  0.0|INFORM|WorkspaceRunner: Command to run - `{${=C:/Users/krima354/Work Folders/Documents/GitHub/kix_working_dir/divFME/urdar/setSRIDinIntrasis.fmw=}} --SourceDataset_POSTGIS_2 KM14034 --HOST_POSTGISserver localhost --USER_NAME_POSTGIS postgres --PORT 5432 --POSTGRES_PASSWORD *********'
2023-06-27 13:51:36|   0.8|  0.0|INFORM|WorkspaceRunner: Running FME with command line - `{C:/Program Files/FME2022_1_3/fme} COMMAND_FILE C:/Users/krima354/AppData/Local/Temp/wbrun_1687852743941_19468/fmetmp_5/wsr_cm_1687866696008_24704 2>@1'
2023-06-27 13:51:36|   0.8|  0.0|INFORM|WorkspaceRunner: Successfully ran workspace `C:/Users/krima354/Work Folders/Documents/GitHub/kix_working_dir/divFME/urdar/setSRIDinIntrasis.fmw'
2023-06-27 13:51:36|   0.8|  0.0|INFORM|WorkspaceRunner: Command to run - `{${=C:/Users/krima354/Work Folders/Documents/GitHub/kix_working_dir/divFME/urdar/setSRIDinIntrasis.fmw=}} --SourceDataset_POSTGIS_2 b200030 --HOST_POSTGISserver localhost --USER_NAME_POSTGIS postgres --PORT 5432 --POSTGRES_PASSWORD *********'
2023-06-27 13:51:36|   0.8|  0.0|INFORM|WorkspaceRunner: Running FME with command line - `{C:/Program Files/FME2022_1_3/fme} COMMAND_FILE C:/Users/krima354/AppData/Local/Temp/wbrun_1687852743941_19468/fmetmp_5/wsr_cm_1687866696835_24704 2>@1'
2023-06-27 13:51:37|   0.8|  0.0|INFORM|WorkspaceRunner: Successfully ran workspace `C:/Users/krima354/Work Folders/Documents/GitHub/kix_working_dir/divFME/urdar/setSRIDinIntrasis.fmw'
2023-06-27 13:51:37|   0.8|  0.0|INFORM|WorkspaceRunner: Command to run - `{${=C:/Users/krima354/Work Folders/Documents/GitHub/kix_working_dir/divFME/urdar/setSRIDinIntrasis.fmw=}} --SourceDataset_POSTGIS_2 b20001 --HOST_POSTGISserver localhost --USER_NAME_POSTGIS postgres --PORT 5432 --POSTGRES_PASSWORD *********'
2023-06-27 13:51:37|   0.8|  0.0|INFORM|WorkspaceRunner: Running FME with command line - `{C:/Program Files/FME2022_1_3/fme} COMMAND_FILE C:/Users/krima354/AppData/Local/Temp/wbrun_1687852743941_19468/fmetmp_5/wsr_cm_1687866697657_24704 2>@1'
2023-06-27 13:51:38|   0.8|  0.0|INFORM|WorkspaceRunner: Successfully ran workspace `C:/Users/krima354/Work Folders/Documents/GitHub/kix_working_dir/divFME/urdar/setSRIDinIntrasis.fmw'
2023-06-27 13:51:38|   0.9|  0.1|INFORM|WorkspaceRunner: Command to run - `{${=C:/Users/krima354/Work Folders/Documents/GitHub/kix_working_dir/divFME/urdar/setSRIDinIntrasis.fmw=}} --SourceDataset_POSTGIS_2 s200256 --HOST_POSTGISserver localhost --USER_NAME_POSTGIS postgres --PORT 5432 --POSTGRES_PASSWORD *********'
2023-06-27 13:51:38|   0.9|  0.0|INFORM|WorkspaceRunner: Running FME with command line - `{C:/Program Files/FME2022_1_3/fme} COMMAND_FILE C:/Users/krima354/AppData/Local/Temp/wbrun_1687852743941_19468/fmetmp_5/wsr_cm_1687866698469_24704 2>@1'
2023-06-27 13:51:39|   0.9|  0.0|INFORM|WorkspaceRunner: Successfully ran workspace `C:/Users/krima354/Work Folders/Documents/GitHub/kix_working_dir/divFME/urdar/setSRIDinIntrasis.fmw'
2023-06-27 13:51:39|   0.9|  0.0|INFORM|WorkspaceRunner: Command to run - `{${=C:/Users/krima354/Work Folders/Documents/GitHub/kix_working_dir/divFME/urdar/setSRIDinIntrasis.fmw=}} --SourceDataset_POSTGIS_2 KM08086 --HOST_POSTGISserver localhost --USER_NAME_POSTGIS postgres --PORT 5432 --POSTGRES_PASSWORD *********'
2023-06-27 13:51:39|   0.9|  0.0|INFORM|WorkspaceRunner: Running FME with command line - `{C:/Program Files/FME2022_1_3/fme} COMMAND_FILE C:/Users/krima354/AppData/Local/Temp/wbrun_1687852743941_19468/fmetmp_5/wsr_cm_1687866699314_24704 2>@1'
2023-06-27 13:51:40|   0.9|  0.0|INFORM|WorkspaceRunner: Successfully ran workspace `C:/Users/krima354/Work Folders/Documents/GitHub/kix_working_dir/divFME/urdar/setSRIDinIntrasis.fmw'
2023-06-27 13:51:40|   0.9|  0.0|INFORM|WorkspaceRunner: Command to run - `{${=C:/Users/krima354/Work Folders/Documents/GitHub/kix_working_dir/divFME/urdar/setSRIDinIntrasis.fmw=}} --SourceDataset_POSTGIS_2 sau_2002_vax333 --HOST_POSTGISserver localhost --USER_NAME_POSTGIS postgres --PORT 5432 --POSTGRES_PASSWORD *********'
2023-06-27 13:51:40|   0.9|  0.0|INFORM|WorkspaceRunner: Running FME with command line - `{C:/Program Files/FME2022_1_3/fme} COMMAND_FILE C:/Users/krima354/AppData/Local/Temp/wbrun_1687852743941_19468/fmetmp_5/wsr_cm_1687866700177_24704 2>@1'
2023-06-27 13:51:41|   0.9|  0.0|INFORM|WorkspaceRunner: Successfully ran workspace `C:/Users/krima354/Work Folders/Documents/GitHub/kix_working_dir/divFME/urdar/setSRIDinIntrasis.fmw'
2023-06-27 13:51:41|   0.9|  0.0|INFORM|WorkspaceRunner: Command to run - `{${=C:/Users/krima354/Work Folders/Documents/GitHub/kix_working_dir/divFME/urdar/setSRIDinIntrasis.fmw=}} --SourceDataset_POSTGIS_2 sau2004stor1 --HOST_POSTGISserver localhost --USER_NAME_POSTGIS postgres --PORT 5432 --POSTGRES_PASSWORD *********'
2023-06-27 13:51:41|   0.9|  0.0|INFORM|WorkspaceRunner: Running FME with command line - `{C:/Program Files/FME2022_1_3/fme} COMMAND_FILE C:/Users/krima354/AppData/Local/Temp/wbrun_1687852743941_19468/fmetmp_5/wsr_cm_1687866701048_24704 2>@1'
2023-06-27 13:51:41|   1.0|  0.1|INFORM|WorkspaceRunner: Successfully ran workspace `C:/Users/krima354/Work Folders/Documents/GitHub/kix_working_dir/divFME/urdar/setSRIDinIntrasis.fmw'
2023-06-27 13:51:41|   1.0|  0.0|INFORM|WorkspaceRunner: Command to run - `{${=C:/Users/krima354/Work Folders/Documents/GitHub/kix_working_dir/divFME/urdar/setSRIDinIntrasis.fmw=}} --SourceDataset_POSTGIS_2 A2017_038 --HOST_POSTGISserver localhost --USER_NAME_POSTGIS postgres --PORT 5432 --POSTGRES_PASSWORD *********'
2023-06-27 13:51:41|   1.0|  0.0|INFORM|WorkspaceRunner: Running FME with command line - `{C:/Program Files/FME2022_1_3/fme} COMMAND_FILE C:/Users/krima354/AppData/Local/Temp/wbrun_1687852743941_19468/fmetmp_5/wsr_cm_1687866701885_24704 2>@1'
2023-06-27 13:51:42|   1.0|  0.0|INFORM|WorkspaceRunner: Successfully ran workspace `C:/Users/krima354/Work Folders/Documents/GitHub/kix_working_dir/divFME/urdar/setSRIDinIntrasis.fmw'
2023-06-27 13:51:42|   1.0|  0.0|STATS |WorkspaceRunner_ExecutorAndRouter (TestFactory): Tested 104 input feature(s) -- 97 feature(s) passed and 7 feature(s) failed
2023-06-27 13:51:42|   1.0|  0.0|STATS |WorkspaceRunner_CleanerUpperOfBatchesInitiator (CreationFactory): Created 1 features
2023-06-27 13:51:42|   1.0|  0.0|STATS |WorkspaceRunner_CleanerUpperOfBatchesDoWeNeedToDoIt (TestFactory): Tested 1 input feature(s) -- 0 feature(s) passed and 1 feature(s) failed
2023-06-27 13:51:42|   1.0|  0.0|STATS |WorkspaceRunner_CleanerUpperOfBatchesRunner (TestFactory): Tested 0 input feature(s) -- 0 feature(s) passed and 0 feature(s) failed
2023-06-27 13:51:42|   1.0|  0.0|STATS |WorkspaceRunner_SummaryMaker (CreationFactory): Created 1 features
2023-06-27 13:51:42|   1.0|  0.0|STATS |Destination Feature Type Routing Correlator (RoutingFactory): Tested 0 input feature(s), wrote 0 output feature(s): 0 matched merge filters, 0 were routed to output, 0 could not be routed.
2023-06-27 13:51:42|   1.0|  0.0|STATS |Final Output Nuker (TeeFactory): Cloned 0 input feature(s) into 0 output feature(s)
2023-06-27 13:51:42|   1.0|  0.0|STATS |=-=-=-=-=-=-=-=-=-=-=-=-=-=-=-=-=-=-=-=-=-=-=-=-=-=-=-=-=-=-=-=-=-=-=-=-=-=-=-
2023-06-27 13:51:42|   1.0|  0.0|STATS |                            Features Read Summary
2023-06-27 13:51:42|   1.0|  0.0|STATS |=-=-=-=-=-=-=-=-=-=-=-=-=-=-=-=-=-=-=-=-=-=-=-=-=-=-=-=-=-=-=-=-=-=-=-=-=-=-=-
2023-06-27 13:51:42|   1.0|  0.0|STATS |==============================================================================
2023-06-27 13:51:42|   1.0|  0.0|STATS |Total Features Read                                                          0
2023-06-27 13:51:42|   1.0|  0.0|STATS |=-=-=-=-=-=-=-=-=-=-=-=-=-=-=-=-=-=-=-=-=-=-=-=-=-=-=-=-=-=-=-=-=-=-=-=-=-=-=-
2023-06-27 13:51:42|   1.0|  0.0|STATS |=-=-=-=-=-=-=-=-=-=-=-=-=-=-=-=-=-=-=-=-=-=-=-=-=-=-=-=-=-=-=-=-=-=-=-=-=-=-=-
2023-06-27 13:51:42|   1.0|  0.0|STATS |                           Features Written Summary
2023-06-27 13:51:42|   1.0|  0.0|STATS |=-=-=-=-=-=-=-=-=-=-=-=-=-=-=-=-=-=-=-=-=-=-=-=-=-=-=-=-=-=-=-=-=-=-=-=-=-=-=-
2023-06-27 13:51:42|   1.0|  0.0|STATS |==============================================================================
2023-06-27 13:51:42|   1.0|  0.0|STATS |Total Features Written                                                       0
2023-06-27 13:51:42|   1.0|  0.0|STATS |=-=-=-=-=-=-=-=-=-=-=-=-=-=-=-=-=-=-=-=-=-=-=-=-=-=-=-=-=-=-=-=-=-=-=-=-=-=-=-
2023-06-27 13:51:42|   1.0|  0.0|WARN  |-~-~-~-~-~-~-~-~-~-~-~-~-~-~-~-~-~-~-~-~-~-~-~-~-~-~-~-~-~-~-~-~-~-~-~-~-~-~-~-~-
2023-06-27 13:51:42|   1.0|  0.0|WARN  |-~                                                                             ~-
2023-06-27 13:51:42|   1.0|  0.0|WARN  |-~    Feature caches have been recorded at every stage of the translation.     ~-
2023-06-27 13:51:42|   1.0|  0.0|WARN  |-~                      To inspect the recorded features,                      ~-
2023-06-27 13:51:42|   1.0|  0.0|WARN  |-~              click the feature cache icons next to the ports.               ~-
2023-06-27 13:51:42|   1.0|  0.0|WARN  |-~                                                                             ~-
2023-06-27 13:51:42|   1.0|  0.0|WARN  |-~-~-~-~-~-~-~-~-~-~-~-~-~-~-~-~-~-~-~-~-~-~-~-~-~-~-~-~-~-~-~-~-~-~-~-~-~-~-~-~-
2023-06-27 13:51:42|   1.0|  0.0|INFORM|Translation was SUCCESSFUL with 14 warning(s) (0 feature(s) output)
2023-06-27 13:51:42|   1.0|  0.0|INFORM|FME Session Duration: 1 minute 28.8 seconds. (CPU: 0.4s user, 0.6s system)
2023-06-27 13:51:42|   1.0|  0.0|INFORM|END - ProcessID: 24704, peak process memory usage: 60920 kB, current process memory usage: 60864 kB
