2023-02-21 10:31:50|   0.0|  0.0|INFORM|Current FME version: FME 2022.1.0.0 (20220704 - Build 22618 - WIN64)
2023-02-21 10:31:50|   0.0|  0.0|INFORM|FME_HOME is 'C:\Program Files\FME\'
2023-02-21 10:31:50|   0.0|  0.0|INFORM|FME Database Edition (node locked-crc)
2023-02-21 10:31:50|   0.0|  0.0|INFORM|Serial Number: GN3A-3NG9-21YZ
2023-02-21 10:31:50|   0.0|  0.0|INFORM|Temporary License: 122 days left.
2023-02-21 10:31:50|   0.0|  0.0|INFORM|Machine host name is: EPI-4L2CTD3
2023-02-21 10:31:50|   0.0|  0.0|INFORM|OS Locale Name     : sv_SE
2023-02-21 10:31:50|   0.0|  0.0|INFORM|OS Locale Encoding : windows-1252
2023-02-21 10:31:50|   0.0|  0.0|INFORM|Process Encoding   : UTF-8
2023-02-21 10:31:50|   0.0|  0.0|INFORM|FME API version: '4.0 20220615'
2023-02-21 10:31:50|   0.0|  0.0|INFORM|FME Configuration: FME_BASE is 'no'
2023-02-21 10:31:50|   0.0|  0.0|INFORM|FME Configuration: FME_MF_DIR is 'C:\Users\krima354\Work Folders\Documents\GitHub\kix_working_dir\hus/'
2023-02-21 10:31:50|   0.0|  0.0|INFORM|FME Configuration: FME_MF_NAME is 'xlsxr2ogcgeopackage.fmw'
2023-02-21 10:31:50|   0.0|  0.0|INFORM|FME Configuration: FME_PRODUCT_NAME is 'FME(R) 2022.1.0.0'
2023-02-21 10:31:50|   0.0|  0.0|INFORM|Operating System: Microsoft Windows 10 64-bit  (Build 19044)
2023-02-21 10:31:50|   0.0|  0.0|INFORM|FME Platform: WIN64
2023-02-21 10:31:50|   0.0|  0.0|INFORM|System Status: 438.14 GB of disk space available in the FME temporary folder (C:\Users\krima354\AppData\Local\Temp\wbrun_1676968655170_11804\fmetmp_f)
2023-02-21 10:31:50|   0.0|  0.0|INFORM|System Status: 31.73 GB of physical memory available
2023-02-21 10:31:50|   0.0|  0.0|INFORM|System Status: 126.93 GB of virtual memory available
2023-02-21 10:31:50|   0.0|  0.0|INFORM|START - ProcessID: 16492, peak process memory usage: 50284 kB, current process memory usage: 50284 kB
2023-02-21 10:31:50|   0.0|  0.0|INFORM|FME Configuration: Command line arguments are `C:\Program Files\FME\fme.exe' `C:/Users/krima354/Work Folders/Documents/GitHub/kix_working_dir/hus\wb-xlate-1676971902946_11804' `LOG_STANDARDOUT' `YES' `LOG_TIMINGS' `YES' `LogCountServerName' `55939' `LOG_STANDARDOUT' `No' `WORKBENCH_LOG_SERVER' `55900'
2023-02-21 10:31:50|   0.0|  0.0|INFORM|FME Configuration: Connection Storage: 'C:\Users\krima354\AppData\Roaming\Safe Software\FME\'
2023-02-21 10:31:50|   0.0|  0.0|INFORM|Shared folders for formats are : C:\Program Files\FME\datasources;C:\Users\krima354\Work Folders\Documents\FME\Formats
2023-02-21 10:31:50|   0.0|  0.0|INFORM|Shared folders for transformers are : C:\Users\krima354\AppData\Roaming\Safe Software\FME\Packages\22618-win64\transformers;C:\Program Files\FME\transformers;C:\Users\krima354\AppData\Roaming\Safe Software\FME\FME Store\Transformers
2023-02-21 10:31:50|   0.0|  0.0|INFORM|Shared folders for coordinate systems are : C:\Users\krima354\Work Folders\Documents\FME\CoordinateSystems
2023-02-21 10:31:50|   0.0|  0.0|INFORM|Shared folders for coordinate system exceptions are : C:\Users\krima354\Work Folders\Documents\FME\CoordinateSystemExceptions
2023-02-21 10:31:50|   0.0|  0.0|INFORM|Shared folders for coordinate system grid overrides are : C:\Users\krima354\Work Folders\Documents\FME\CoordinateSystemGridOverrides
2023-02-21 10:31:50|   0.0|  0.0|INFORM|Shared folders for CS-MAP transformation exceptions are : C:\Users\krima354\Work Folders\Documents\FME\CsmapTransformationExceptions
2023-02-21 10:31:50|   0.0|  0.0|INFORM|Shared folders for transformer categories are : C:\Users\krima354\Work Folders\Documents\FME\TransformerCategories
2023-02-21 10:31:50|   0.0|  0.0|INFORM|FME Configuration: Reader Keyword is `MULTI_READER'
2023-02-21 10:31:50|   0.0|  0.0|INFORM|FME Configuration: Writer Keyword is `MULTI_WRITER'
2023-02-21 10:31:50|   0.0|  0.0|INFORM|FME Configuration: Writer Group Definition Keyword is `MULTI_WRITER_DEF'
2023-02-21 10:31:50|   0.0|  0.0|INFORM|FME Configuration: Reader type is `MULTI_READER'
2023-02-21 10:31:50|   0.0|  0.0|INFORM|FME Configuration: Writer type is `MULTI_WRITER'
2023-02-21 10:31:50|   0.0|  0.0|INFORM|FME Configuration: No destination coordinate system set
2023-02-21 10:31:50|   0.0|  0.0|INFORM|FME Configuration: Current working folder is `C:\Users\krima354\Work Folders\Documents\GitHub\kix_working_dir\hus'
2023-02-21 10:31:50|   0.0|  0.0|INFORM|FME Configuration: Temporary folder is `C:\Users\krima354\AppData\Local\Temp\wbrun_1676968655170_11804\fmetmp_f', set from environment variable `FME_TEMP'
2023-02-21 10:31:50|   0.0|  0.0|INFORM|FME Configuration: Cache folder is 'C:\Users\krima354\AppData\Local\Temp'
2023-02-21 10:31:50|   0.0|  0.0|INFORM|FME Configuration: FME_HOME is `C:\Program Files\FME\'
2023-02-21 10:31:50|   0.0|  0.0|INFORM|FME Configuration: Start freeing memory when the process exceeds 95.20 GB
2023-02-21 10:31:50|   0.0|  0.0|INFORM|FME Configuration: Stop freeing memory when the process is below 71.40 GB
2023-02-21 10:31:50|   0.0|  0.0|INFORM|Creating writer for format: 
2023-02-21 10:31:50|   0.0|  0.0|INFORM|Creating reader for format: 
2023-02-21 10:31:50|   0.0|  0.0|INFORM|MULTI_READER(MULTI_READER): Will fail with first member reader failure
2023-02-21 10:31:50|   0.0|  0.0|INFORM|MULTI_READER(MULTI_READER): Adding XLSXR Reader with keyword XLSXR_1
2023-02-21 10:31:50|   0.0|  0.0|INFORM|Using Multi Reader with keyword `MULTI_READER' to read multiple datasets
2023-02-21 10:31:50|   0.0|  0.0|INFORM|Creating reader for format: Microsoft Excel
2023-02-21 10:31:50|   0.0|  0.0|INFORM|Trying to find a DYNAMIC plugin for reader named `XLSXR'
2023-02-21 10:31:50|   0.0|  0.0|INFORM|Loaded module 'XLSXR' from file 'C:\Program Files\FME\plugins/xlsx.dll'
2023-02-21 10:31:50|   0.0|  0.0|INFORM|FME API version of module 'xlsx' matches current internal version (4.0 20220615)
2023-02-21 10:31:50|   0.0|  0.0|INFORM|Excel Reader: Reader is in set constraints mode
2023-02-21 10:31:50|   0.0|  0.0|INFORM|XLSXR reader: Creating bulk features from individual features
2023-02-21 10:31:50|   0.0|  0.0|INFORM|Using MultiWriter with keyword `MULTI_WRITER' to output data (ID_ATTRIBUTE is `multi_writer_id')
2023-02-21 10:31:50|   0.0|  0.0|INFORM|Writer output will be ordered by value of multi_writer_id
2023-02-21 10:31:50|   0.0|  0.0|INFORM|Loaded module 'LogCount_func' from file 'C:\Program Files\FME\plugins/LogCount_func.dll'
2023-02-21 10:31:50|   0.0|  0.0|INFORM|FME API version of module 'LogCount_func' matches current internal version (4.0 20220615)
2023-02-21 10:31:50|   0.0|  0.0|INFORM|Loaded module 'VertexCreatorFactory' from file 'C:\Program Files\FME\plugins/VertexCreatorFactory.dll'
2023-02-21 10:31:50|   0.0|  0.0|INFORM|FME API version of module 'VertexCreatorFactory' matches current internal version (4.0 20220615)
2023-02-21 10:31:50|   0.0|  0.0|INFORM|Loaded module 'GeometryFilterFactory' from file 'C:\Program Files\FME\plugins/GeometryFilterFactory.dll'
2023-02-21 10:31:50|   0.0|  0.0|INFORM|FME API version of module 'GeometryFilterFactory' matches current internal version (4.0 20220615)
2023-02-21 10:31:50|   0.0|  0.0|INFORM|FME Configuration: Using FME Reprojection Engine
2023-02-21 10:31:50|   0.0|  0.0|INFORM|Excel Reader: Output cell formulas: 'false'
2023-02-21 10:31:50|   0.0|  0.0|INFORM|Excel Reader: Output cell formatting: 'false'
2023-02-21 10:31:50|   0.0|  0.0|INFORM|Excel Reader: Output cell comments: 'false'
2023-02-21 10:31:50|   0.0|  0.0|INFORM|Excel Reader: Force full datetime values: 'false'
2023-02-21 10:31:50|   0.0|  0.0|INFORM|Excel Reader: Opening dataset 'C:\Users\krima354\Work Folders\Documents\kicki_arbetsfiler\slask\Koord_Knivsta16.xlsx'...
2023-02-21 10:31:50|   0.0|  0.0|INFORM|Excel Reader: Blank cells will be read as 'missing'
2023-02-21 10:31:50|   0.0|  0.0|INFORM|Excel Reader: Apply filters in workbook during read: '0'
2023-02-21 10:31:50|   0.0|  0.0|INFORM|Excel Reader: Reading images embedded in workbook 'Koord_Knivsta16.xlsx' for selected sheets as 'None'
2023-02-21 10:31:50|   0.0|  0.0|INFORM|Excel Reader: Parameter _SCHEMA_HANDLING_REVISION has value 2
2023-02-21 10:31:50|   0.0|  0.0|INFORM|Excel Reader: Trimming whitespace from attribute names
2023-02-21 10:31:50|   0.0|  0.0|INFORM|Excel Reader: Reading sheet 'Sheet1'...
2023-02-21 10:31:50|   0.0|  0.0|INFORM|Excel Reader: Sheet 'Sheet1' range: Start Row '1', Start Column 'A', End Row '80', End Column 'D'
2023-02-21 10:31:50|   0.0|  0.0|INFORM|Sheet1 Feature Recorder -1 2147549186 (RecorderFactory): Splitting bulk features into individual features
2023-02-21 10:31:50|   0.0|  0.0|INFORM|FME Configuration: Using GTRANS Reprojection Engine
2023-02-21 10:31:50|   0.2|  0.2|INFORM|Creating writer for format: OGC GeoPackage
2023-02-21 10:31:50|   0.3|  0.1|INFORM|Trying to find a DYNAMIC plugin for writer named `OGCGEOPACKAGE'
2023-02-21 10:31:50|   0.3|  0.0|INFORM|Loaded module 'OGCGEOPACKAGE' from file 'C:\Program Files\FME\plugins/gdal/GDAL.dll'
2023-02-21 10:31:50|   0.3|  0.0|INFORM|FME API version of module 'gdal/GDAL' matches current internal version (4.0 20220615)
2023-02-21 10:31:50|   0.3|  0.0|INFORM|FME Configuration: No destination coordinate system set
2023-02-21 10:31:50|   0.3|  0.0|INFORM|Writer `OGCGEOPACKAGE_1' of type `OGCGEOPACKAGE' using group definition keyword `OGCGEOPACKAGE_1_DEF'
2023-02-21 10:31:50|   0.3|  0.0|INFORM|OGCGEOPACKAGE writer: Directive '_EXPOSE_PRIMARY_KEY_ATTRIBUTE' has value 'YES'
2023-02-21 10:31:50|   0.3|  0.0|INFORM|OGCGEOPACKAGE writer: Directive '_OVERWRITE_DATASET' has value 'NO'
2023-02-21 10:31:50|   0.3|  0.0|INFORM|OGCGEOPACKAGE writer: Directive '_TRANSACTION_SIZE' has value '5000'
2023-02-21 10:31:50|   0.3|  0.0|INFORM|OGCGEOPACKAGE writer: Directive '_ENFORCE_GEOMETRY_COLUMN_CONSTRAINTS' has value 'YES'
2023-02-21 10:31:50|   0.3|  0.0|INFORM|OGCGEOPACKAGE writer: Feature Type Parameter 'geopackage_geometry_column' has value 'geom' for feature type 'points'
2023-02-21 10:31:50|   0.3|  0.0|INFORM|OGCGEOPACKAGE writer: Feature Type Parameter 'geopackage_create_spatial_index' has value 'Yes' for feature type 'points'
2023-02-21 10:31:50|   0.3|  0.0|INFORM|OGCGEOPACKAGE writer: Feature Type Parameter 'geopackage_z_capability' has value 'NOT_ALLOWED' for feature type 'points'
2023-02-21 10:31:50|   0.3|  0.0|INFORM|OGCGEOPACKAGE writer: Feature Type Parameter 'geopackage_m_capability' has value 'NOT_ALLOWED' for feature type 'points'
2023-02-21 10:31:50|   0.3|  0.0|INFORM|OGCGEOPACKAGE Writer: Feature Type Parameter 'fme_table_handling' has value 'CREATE_IF_MISSING' for feature type 'points'
2023-02-21 10:31:50|   0.3|  0.0|INFORM|OGCGEOPACKAGE Writer: Feature Type Parameter 'fme_feature_operation' has value 'Insert' for feature type 'points'
2023-02-21 10:31:50|   0.3|  0.0|INFORM|OGCGEOPACKAGE writer: Opening file 'C:\Users\krima354\Work Folders\Documents\kicki_arbetsfiler\slask\Koord_Knivsta16.gpkg'
2023-02-21 10:31:50|   0.3|  0.0|INFORM|OGCGEOPACKAGE writer: Creating file 'C:\Users\krima354\Work Folders\Documents\kicki_arbetsfiler\slask\Koord_Knivsta16.gpkg'
2023-02-21 10:31:50|   0.4|  0.1|INFORM|OGCGEOPACKAGE writer: Creating layer 'points' with geometry type 'geopackage_point'
2023-02-21 10:31:50|   0.4|  0.0|INFORM|The EPSG number of the FME coordinate system 'SWEREF-99-TM' is '3006'
2023-02-21 10:31:50|   0.4|  0.0|INFORM|Excel Reader: Closing dataset 'C:\Users\krima354\Work Folders\Documents\kicki_arbetsfiler\slask\Koord_Knivsta16.xlsx'...
2023-02-21 10:31:50|   0.4|  0.0|INFORM|Excel Writer: Workbook contains 1 fonts and 2 cell formats after writing
2023-02-21 10:31:50|   0.4|  0.0|INFORM|Excel Reader: Closing dataset 'C:\Users\krima354\Work Folders\Documents\kicki_arbetsfiler\slask\Koord_Knivsta16.xlsx'...
2023-02-21 10:31:50|   0.4|  0.0|INFORM|MULTI_READER(MULTI_READER): Done reading 77 features from 1 readers
2023-02-21 10:31:50|   0.4|  0.0|INFORM|Emptying factory pipeline
2023-02-21 10:31:50|   0.4|  0.0|STATS |Router and Unexpected Input Remover (RoutingFactory): Tested 77 input feature(s), wrote 77 output feature(s): 77 matched merge filters, 77 were routed to output, 0 could not be routed.
2023-02-21 10:31:50|   0.4|  0.0|STATS |Unwanted Router Input Nuker (TeeFactory): Cloned 0 input feature(s) into 0 output feature(s)
2023-02-21 10:31:50|   0.4|  0.0|STATS |Sheet1_XLSXR_1 Splitter (TeeFactory): Cloned 77 input feature(s) into 77 output feature(s)
2023-02-21 10:31:50|   0.4|  0.0|STATS |GtransReprojector (TeeFactory): Cloned 77 input feature(s) into 77 output feature(s)
2023-02-21 10:31:50|   0.4|  0.0|STATS |Reprojector (TeeFactory): Cloned 77 input feature(s) into 77 output feature(s)
2023-02-21 10:31:50|   0.4|  0.0|STATS |Destination Feature Type Routing Correlator (RoutingFactory): Tested 77 input feature(s), wrote 77 output feature(s): 0 matched merge filters, 77 were routed to output, 0 could not be routed.
2023-02-21 10:31:50|   0.4|  0.0|STATS |Final Output Nuker (TeeFactory): Cloned 0 input feature(s) into 0 output feature(s)
2023-02-21 10:31:51|   0.4|  0.0|INFORM|OGCGEOPACKAGE writer: Committing transaction of 77 features to feature types 'points'...
2023-02-21 10:31:51|   0.4|  0.0|INFORM|=-=-=-=-=-=-=-=-=-=-=-=-=-=-=-=-=-=-=-=-=-=-=-=-=-=-=-=-=-=-=-=-=-=-=-=-=-=-=-
2023-02-21 10:31:51|   0.4|  0.0|INFORM|Feature output statistics for `OGCGEOPACKAGE' writer using keyword `OGCGEOPACKAGE_1':
2023-02-21 10:31:51|   0.4|  0.0|STATS |=-=-=-=-=-=-=-=-=-=-=-=-=-=-=-=-=-=-=-=-=-=-=-=-=-=-=-=-=-=-=-=-=-=-=-=-=-=-=-
2023-02-21 10:31:51|   0.4|  0.0|STATS |                               Features Written
2023-02-21 10:31:51|   0.4|  0.0|STATS |=-=-=-=-=-=-=-=-=-=-=-=-=-=-=-=-=-=-=-=-=-=-=-=-=-=-=-=-=-=-=-=-=-=-=-=-=-=-=-
2023-02-21 10:31:51|   0.4|  0.0|STATS |points                                                                      77
2023-02-21 10:31:51|   0.4|  0.0|STATS |==============================================================================
2023-02-21 10:31:51|   0.4|  0.0|STATS |Total Features Written                                                      77
2023-02-21 10:31:51|   0.4|  0.0|STATS |=-=-=-=-=-=-=-=-=-=-=-=-=-=-=-=-=-=-=-=-=-=-=-=-=-=-=-=-=-=-=-=-=-=-=-=-=-=-=-
2023-02-21 10:31:51|   0.4|  0.0|STATS |=-=-=-=-=-=-=-=-=-=-=-=-=-=-=-=-=-=-=-=-=-=-=-=-=-=-=-=-=-=-=-=-=-=-=-=-=-=-=-
2023-02-21 10:31:51|   0.4|  0.0|STATS |                            Features Read Summary
2023-02-21 10:31:51|   0.4|  0.0|STATS |=-=-=-=-=-=-=-=-=-=-=-=-=-=-=-=-=-=-=-=-=-=-=-=-=-=-=-=-=-=-=-=-=-=-=-=-=-=-=-
2023-02-21 10:31:51|   0.4|  0.0|STATS |Sheet1                                                                      77
2023-02-21 10:31:51|   0.4|  0.0|STATS |==============================================================================
2023-02-21 10:31:51|   0.4|  0.0|STATS |Total Features Read                                                         77
2023-02-21 10:31:51|   0.4|  0.0|STATS |=-=-=-=-=-=-=-=-=-=-=-=-=-=-=-=-=-=-=-=-=-=-=-=-=-=-=-=-=-=-=-=-=-=-=-=-=-=-=-
2023-02-21 10:31:51|   0.4|  0.0|STATS |=-=-=-=-=-=-=-=-=-=-=-=-=-=-=-=-=-=-=-=-=-=-=-=-=-=-=-=-=-=-=-=-=-=-=-=-=-=-=-
2023-02-21 10:31:51|   0.4|  0.0|STATS |                           Features Written Summary
2023-02-21 10:31:51|   0.4|  0.0|STATS |=-=-=-=-=-=-=-=-=-=-=-=-=-=-=-=-=-=-=-=-=-=-=-=-=-=-=-=-=-=-=-=-=-=-=-=-=-=-=-
2023-02-21 10:31:51|   0.4|  0.0|STATS |points                                                                      77
2023-02-21 10:31:51|   0.4|  0.0|STATS |==============================================================================
2023-02-21 10:31:51|   0.4|  0.0|STATS |Total Features Written                                                      77
2023-02-21 10:31:51|   0.4|  0.0|STATS |=-=-=-=-=-=-=-=-=-=-=-=-=-=-=-=-=-=-=-=-=-=-=-=-=-=-=-=-=-=-=-=-=-=-=-=-=-=-=-
2023-02-21 10:31:51|   0.4|  0.0|WARN  |-~-~-~-~-~-~-~-~-~-~-~-~-~-~-~-~-~-~-~-~-~-~-~-~-~-~-~-~-~-~-~-~-~-~-~-~-~-~-~-~-
2023-02-21 10:31:51|   0.4|  0.0|WARN  |-~                                                                             ~-
2023-02-21 10:31:51|   0.4|  0.0|WARN  |-~    Feature caches have been recorded at every stage of the translation.     ~-
2023-02-21 10:31:51|   0.4|  0.0|WARN  |-~                      To inspect the recorded features,                      ~-
2023-02-21 10:31:51|   0.4|  0.0|WARN  |-~              click the feature cache icons next to the ports.               ~-
2023-02-21 10:31:51|   0.4|  0.0|WARN  |-~                                                                             ~-
2023-02-21 10:31:51|   0.4|  0.0|WARN  |-~-~-~-~-~-~-~-~-~-~-~-~-~-~-~-~-~-~-~-~-~-~-~-~-~-~-~-~-~-~-~-~-~-~-~-~-~-~-~-~-
2023-02-21 10:31:51|   0.4|  0.0|INFORM|Translation was SUCCESSFUL with 7 warning(s) (77 feature(s) output)
2023-02-21 10:31:51|   0.4|  0.0|INFORM|FME Session Duration: 0.5 seconds. (CPU: 0.2s user, 0.2s system)
2023-02-21 10:31:51|   0.4|  0.0|INFORM|END - ProcessID: 16492, peak process memory usage: 133644 kB, current process memory usage: 121084 kB
