2023-03-31 09:27:56|   0.0|  0.0|INFORM|Current FME version: FME 2022.1.3.0 (20220928 - Build 22630 - WIN64)
2023-03-31 09:27:56|   0.0|  0.0|INFORM|FME_HOME is 'C:\Program Files\FME2022_1_3\'
2023-03-31 09:27:56|   0.0|  0.0|INFORM|FME Database Edition (node locked-crc)
2023-03-31 09:27:56|   0.0|  0.0|INFORM|Serial Number: GN3A-3NG9-21YZ
2023-03-31 09:27:56|   0.0|  0.0|INFORM|Temporary License: 84 days left.
2023-03-31 09:27:56|   0.0|  0.0|INFORM|Machine host name is: EPI-4L2CTD3
2023-03-31 09:27:56|   0.0|  0.0|INFORM|OS Locale Name     : sv_SE
2023-03-31 09:27:56|   0.0|  0.0|INFORM|OS Locale Encoding : windows-1252
2023-03-31 09:27:56|   0.0|  0.0|INFORM|Process Encoding   : UTF-8
2023-03-31 09:27:56|   0.0|  0.0|INFORM|FME API version: '4.0 20220615'
2023-03-31 09:27:56|   0.0|  0.0|INFORM|FME Configuration: FME_BASE is 'no'
2023-03-31 09:27:56|   0.0|  0.0|INFORM|FME Configuration: FME_MF_DIR is 'C:\Users\krima354\Work Folders\Documents\GitHub\kix_working_dir\divFME/'
2023-03-31 09:27:56|   0.0|  0.0|INFORM|FME Configuration: FME_MF_NAME is 'BackupIntrasisDB.fmw'
2023-03-31 09:27:56|   0.0|  0.0|INFORM|FME Configuration: FME_PRODUCT_NAME is 'FME(R) 2022.1.3.0'
2023-03-31 09:27:56|   0.0|  0.0|INFORM|Operating System: Microsoft Windows 10 64-bit  (Build 19045)
2023-03-31 09:27:56|   0.0|  0.0|INFORM|FME Platform: WIN64
2023-03-31 09:27:56|   0.0|  0.0|INFORM|System Status: 372.09 GB of disk space available in the FME temporary folder (C:\Users\krima354\AppData\Local\Temp\wbrun_1680168977028_8120\fmetmp_d)
2023-03-31 09:27:56|   0.0|  0.0|INFORM|System Status: 31.73 GB of physical memory available
2023-03-31 09:27:56|   0.0|  0.0|WARN  |Failed to free sufficient memory to reach the process usage limit. To improve stability and performance please increase the memory available to FME. Available memory can be increased by adding physical RAM, increasing swap space, or closing other applications
2023-03-31 09:27:56|   0.0|  0.0|INFORM|System Status: 126.93 GB of virtual memory available
2023-03-31 09:27:56|   0.0|  0.0|INFORM|START - ProcessID: 36992, peak process memory usage: 50460 kB, current process memory usage: 50460 kB
2023-03-31 09:27:56|   0.0|  0.0|INFORM|FME Configuration: Command line arguments are `C:\Program Files\FME2022_1_3\fme.exe' `C:/Users/krima354/Work Folders/Documents/GitHub/kix_working_dir/divFME\wb-xlate-1680247673347_8120' `LOG_STANDARDOUT' `YES' `LOG_TIMINGS' `YES' `LogCountServerName' `56133' `LOG_STANDARDOUT' `No' `WORKBENCH_LOG_SERVER' `56046'
2023-03-31 09:27:56|   0.0|  0.0|INFORM|FME Configuration: Connection Storage: 'C:\Users\krima354\AppData\Roaming\Safe Software\FME\'
2023-03-31 09:27:56|   0.0|  0.0|INFORM|Shared folders for formats are : C:\Program Files\FME2022_1_3\datasources;C:\Users\krima354\Work Folders\Documents\FME\Formats
2023-03-31 09:27:56|   0.0|  0.0|INFORM|Shared folders for transformers are : C:\Users\krima354\AppData\Roaming\Safe Software\FME\Packages\22630-win64\transformers;C:\Program Files\FME2022_1_3\transformers;C:\Users\krima354\AppData\Roaming\Safe Software\FME\FME Store\Transformers
2023-03-31 09:27:56|   0.0|  0.0|INFORM|Shared folders for coordinate systems are : C:\Users\krima354\Work Folders\Documents\FME\CoordinateSystems
2023-03-31 09:27:56|   0.0|  0.0|INFORM|Shared folders for coordinate system exceptions are : C:\Users\krima354\Work Folders\Documents\FME\CoordinateSystemExceptions
2023-03-31 09:27:56|   0.0|  0.0|INFORM|Shared folders for coordinate system grid overrides are : C:\Users\krima354\Work Folders\Documents\FME\CoordinateSystemGridOverrides
2023-03-31 09:27:56|   0.0|  0.0|INFORM|Shared folders for CS-MAP transformation exceptions are : C:\Users\krima354\Work Folders\Documents\FME\CsmapTransformationExceptions
2023-03-31 09:27:56|   0.0|  0.0|INFORM|Shared folders for transformer categories are : C:\Users\krima354\Work Folders\Documents\FME\TransformerCategories
2023-03-31 09:27:56|   0.0|  0.0|INFORM|Mapping File Identifier is: SAUimportIntrasis
2023-03-31 09:27:56|   0.0|  0.0|INFORM|FME Configuration: Reader Keyword is `MULTI_READER'
2023-03-31 09:27:56|   0.0|  0.0|INFORM|FME Configuration: Writer Keyword is `NULL_DEST'
2023-03-31 09:27:56|   0.0|  0.0|INFORM|FME Configuration: Writer Group Definition Keyword is `NULL_DEST_DEF'
2023-03-31 09:27:56|   0.0|  0.0|INFORM|FME Configuration: Reader type is `MULTI_READER'
2023-03-31 09:27:56|   0.0|  0.0|INFORM|FME Configuration: Writer type is `NULL'
2023-03-31 09:27:56|   0.0|  0.0|INFORM|FME Configuration: No destination coordinate system set
2023-03-31 09:27:56|   0.0|  0.0|INFORM|FME Configuration: Current working folder is `C:\Users\krima354\Work Folders\Documents\GitHub\kix_working_dir\divFME'
2023-03-31 09:27:56|   0.0|  0.0|INFORM|FME Configuration: Temporary folder is `C:\Users\krima354\AppData\Local\Temp\wbrun_1680168977028_8120\fmetmp_d', set from environment variable `FME_TEMP'
2023-03-31 09:27:56|   0.0|  0.0|INFORM|FME Configuration: Cache folder is 'C:\Users\krima354\AppData\Local\Temp'
2023-03-31 09:27:56|   0.0|  0.0|INFORM|FME Configuration: FME_HOME is `C:\Program Files\FME2022_1_3\'
2023-03-31 09:27:56|   0.0|  0.0|WARN  |FME Configuration: Extremely low initial memory conditions detected. To improve stability and performance please increase the memory available to FME. Available memory can be increased by adding physical RAM, increasing swap space, or closing other applications
2023-03-31 09:27:56|   0.0|  0.0|INFORM|Creating writer for format: NULL (Nothing)
2023-03-31 09:27:56|   0.0|  0.0|INFORM|Trying to find a DYNAMIC plugin for writer named `NULL'
2023-03-31 09:27:56|   0.0|  0.0|INFORM|Loaded module 'NULL' from file 'C:\Program Files\FME2022_1_3\plugins/NULL.dll'
2023-03-31 09:27:56|   0.0|  0.0|INFORM|FME API version of module 'NULL' matches current internal version (4.0 20220615)
2023-03-31 09:27:56|   0.0|  0.0|INFORM|Creating reader for format: 
2023-03-31 09:27:56|   0.0|  0.0|INFORM|MULTI_READER(MULTI_READER): Will fail with first member reader failure
2023-03-31 09:27:56|   0.0|  0.0|INFORM|MULTI_READER(MULTI_READER): Adding CSV2 Reader with keyword CSV2_1
2023-03-31 09:27:56|   0.0|  0.0|INFORM|Using Multi Reader with keyword `MULTI_READER' to read multiple datasets
2023-03-31 09:27:56|   0.0|  0.0|INFORM|Creating reader for format: CSV (Comma Separated Value)
2023-03-31 09:27:56|   0.0|  0.0|INFORM|Trying to find a DYNAMIC plugin for reader named `CSV2'
2023-03-31 09:27:56|   0.0|  0.0|INFORM|Loaded module 'CSV2' from file 'C:\Program Files\FME2022_1_3\plugins/CSV2.dll'
2023-03-31 09:27:56|   0.0|  0.0|INFORM|FME API version of module 'CSV2' matches current internal version (4.0 20220615)
2023-03-31 09:27:56|   0.0|  0.0|INFORM|CSV reader: Opening dataset 'C:\Users\krima354\Work Folders\Documents\GitHub\kix_working_dir\urdar\missed.csv'
2023-03-31 09:27:56|   0.0|  0.0|INFORM|CSV reader: Directive '_TRIM_FEATURE_TYPE_NAME' has the value 'Yes'
2023-03-31 09:27:56|   0.0|  0.0|INFORM|CSV reader: Directive '_SUPPORTED_READER_ARCHIVE_EXTENSIONS' has the value 'csv.gz,txt.gz'
2023-03-31 09:27:56|   0.0|  0.0|INFORM|CSV reader: Directive '_DELIMITER' has the value 'auto'
2023-03-31 09:27:56|   0.0|  0.0|INFORM|CSV reader: Directive '_FIELD_NAMES_LINE' has the value '1'
2023-03-31 09:27:56|   0.0|  0.0|INFORM|CSV reader: Directive '_DATA_START_LINE' has the value '2'
2023-03-31 09:27:56|   0.0|  0.0|INFORM|CSV reader: Directive '_SCAN_MAX_ROWS' has the value '10000'
2023-03-31 09:27:56|   0.0|  0.0|INFORM|CSV reader: Directive '_READ_SKIPPED_LINES' has the value 'No'
2023-03-31 09:27:56|   0.0|  0.0|INFORM|CSV reader: Directive '_ENCODING' has the value 'windows-1252'
2023-03-31 09:27:56|   0.0|  0.0|INFORM|CSV reader: Directive 'FME_NAMES_ENCODING' has the value 'UTF-8'
2023-03-31 09:27:56|   0.0|  0.0|INFORM|CSV reader: Directive '_SKIP_DUPLICATE_DELIMITERS' has the value 'No'
2023-03-31 09:27:56|   0.0|  0.0|INFORM|CSV reader: Directive '_FIELD_QUALIFIER_CHARACTER' has the value '"'
2023-03-31 09:27:56|   0.0|  0.0|INFORM|CSV reader: Directive '_FIELD_QUALIFIER_ESCAPE_CHARACTER' has the value '"'
2023-03-31 09:27:56|   0.0|  0.0|INFORM|CSV reader: Directive '_TRIM_FIELD_NAME_QUALIFIERS' has the value 'Yes'
2023-03-31 09:27:56|   0.0|  0.0|INFORM|CSV reader: Directive '_TRIM_FIELD_VALUE_QUALIFIERS' has the value 'Yes'
2023-03-31 09:27:56|   0.0|  0.0|INFORM|CSV reader: Directive '_PRESERVE_SOURCE_ENCODING' has the value 'No'
2023-03-31 09:27:56|   0.0|  0.0|INFORM|CSV reader: Directive '_CASE_SENSITIVE_FIELD_NAMES' has the value 'Yes'
2023-03-31 09:27:56|   0.0|  0.0|INFORM|CSV reader: Directive '_ENFORCE_STRICT_SCHEMA' has the value 'No'
2023-03-31 09:27:56|   0.0|  0.0|INFORM|CSV reader: Directive '_SCAN_TYPES' has the value 'Yes'
2023-03-31 09:27:56|   0.0|  0.0|INFORM|CSV reader: Directive '_TYPE_ATTRIBUTE_HANDLING' has the value 'STANDARD_TYPES'
2023-03-31 09:27:56|   0.0|  0.0|INFORM|CSV reader: Directive '_STRING_TYPE_ATTRIBUTE_HANDLING' has the value 'EXPLICIT_WIDTH'
2023-03-31 09:27:56|   0.0|  0.0|INFORM|CSV reader: Directive '_SCAN_ADDITIONAL_FIELDS' has the value 'No'
2023-03-31 09:27:56|   0.0|  0.0|INFORM|CSV reader: Directive '_DATE_INPUT_FORMAT' has the value 'ISO'
2023-03-31 09:27:56|   0.0|  0.0|INFORM|CSV reader: Directive '_CHUNK_SIZE' has the value '100000'
2023-03-31 09:27:56|   0.0|  0.0|INFORM|CSV reader: Directive '_TRIM_FIELD_NAME_WHITESPACE' has the value 'Yes'
2023-03-31 09:27:56|   0.0|  0.0|INFORM|CSV reader: Directive '_READ_EMPTY_VALUES_AS' has the value 'Null'
2023-03-31 09:27:56|   0.0|  0.0|INFORM|CSV reader: Directive '_REPLACE_ATTR_NAME_INVALID_CHARS' has the value 'No'
2023-03-31 09:27:56|   0.0|  0.0|WARN  |CSV reader: Auto delimiter detection failed, using ' ' as default delimiter. Delimiter can also be selected from the reader parameters
2023-03-31 09:27:56|   0.0|  0.0|INFORM|Loaded module 'LogCount_func' from file 'C:\Program Files\FME2022_1_3\plugins/LogCount_func.dll'
2023-03-31 09:27:56|   0.0|  0.0|INFORM|FME API version of module 'LogCount_func' matches current internal version (4.0 20220615)
2023-03-31 09:27:56|   0.0|  0.0|INFORM|CSV Feature Recorder -1 2147549201 (RecorderFactory): Splitting bulk features into individual features
2023-03-31 09:27:56|   0.2|  0.2|INFORM|SystemCaller_2: Executing `""c:\Program Files\PostgreSQL\12\bin\pg_dump" -U kicki -h 130.238.10.179 -p 5432 -F custom o2005010  >"C:\Users\krima354\Work Folders\Documents\kicki_arbetsfiler\slask\urdar_backup_20230330\o2005010_20230331.backup""'
2023-03-31 09:28:14|   0.2|  0.0|INFORM|CSV Feature Recorder -1 2147549201 (RecorderFactory): Processed 1 of 26 features
2023-03-31 09:28:30|   0.2|  0.0|INFORM|CSV Feature Recorder -1 2147549201 (RecorderFactory): Processed 2 of 26 features
2023-03-31 09:28:45|   0.2|  0.0|INFORM|CSV Feature Recorder -1 2147549201 (RecorderFactory): Processed 3 of 26 features
2023-03-31 09:29:01|   0.2|  0.0|INFORM|CSV Feature Recorder -1 2147549201 (RecorderFactory): Processed 4 of 26 features
2023-03-31 09:29:17|   0.2|  0.0|INFORM|CSV Feature Recorder -1 2147549201 (RecorderFactory): Processed 5 of 26 features
2023-03-31 09:29:37|   0.2|  0.0|INFORM|CSV Feature Recorder -1 2147549201 (RecorderFactory): Processed 6 of 26 features
2023-03-31 09:29:54|   0.2|  0.0|INFORM|CSV Feature Recorder -1 2147549201 (RecorderFactory): Processed 7 of 26 features
2023-03-31 09:30:12|   0.2|  0.0|INFORM|CSV Feature Recorder -1 2147549201 (RecorderFactory): Processed 8 of 26 features
2023-03-31 09:30:30|   0.3|  0.1|INFORM|CSV Feature Recorder -1 2147549201 (RecorderFactory): Processed 9 of 26 features
2023-03-31 09:30:49|   0.3|  0.0|INFORM|CSV Feature Recorder -1 2147549201 (RecorderFactory): Processed 10 of 26 features
2023-03-31 09:31:09|   0.3|  0.0|INFORM|CSV Feature Recorder -1 2147549201 (RecorderFactory): Processed 11 of 26 features
2023-03-31 09:31:27|   0.3|  0.0|INFORM|CSV Feature Recorder -1 2147549201 (RecorderFactory): Processed 12 of 26 features
2023-03-31 09:31:45|   0.3|  0.0|INFORM|CSV Feature Recorder -1 2147549201 (RecorderFactory): Processed 13 of 26 features
2023-03-31 09:32:02|   0.3|  0.0|INFORM|CSV Feature Recorder -1 2147549201 (RecorderFactory): Processed 14 of 26 features
2023-03-31 09:32:20|   0.3|  0.0|INFORM|CSV Feature Recorder -1 2147549201 (RecorderFactory): Processed 15 of 26 features
2023-03-31 09:32:38|   0.3|  0.0|INFORM|CSV Feature Recorder -1 2147549201 (RecorderFactory): Processed 16 of 26 features
2023-03-31 09:33:00|   0.3|  0.0|INFORM|CSV Feature Recorder -1 2147549201 (RecorderFactory): Processed 17 of 26 features
2023-03-31 09:33:18|   0.3|  0.0|INFORM|CSV Feature Recorder -1 2147549201 (RecorderFactory): Processed 18 of 26 features
2023-03-31 09:33:38|   0.3|  0.0|INFORM|CSV Feature Recorder -1 2147549201 (RecorderFactory): Processed 19 of 26 features
2023-03-31 09:33:55|   0.3|  0.0|INFORM|CSV Feature Recorder -1 2147549201 (RecorderFactory): Processed 20 of 26 features
2023-03-31 09:34:13|   0.3|  0.0|INFORM|CSV Feature Recorder -1 2147549201 (RecorderFactory): Processed 21 of 26 features
2023-03-31 09:34:31|   0.3|  0.0|INFORM|CSV Feature Recorder -1 2147549201 (RecorderFactory): Processed 22 of 26 features
2023-03-31 09:34:48|   0.3|  0.0|INFORM|CSV Feature Recorder -1 2147549201 (RecorderFactory): Processed 23 of 26 features
2023-03-31 09:35:07|   0.4|  0.1|INFORM|CSV Feature Recorder -1 2147549201 (RecorderFactory): Processed 24 of 26 features
2023-03-31 09:35:25|   0.4|  0.0|INFORM|CSV Feature Recorder -1 2147549201 (RecorderFactory): Processed 25 of 26 features
2023-03-31 09:35:44|   0.4|  0.0|INFORM|CSV Feature Recorder -1 2147549201 (RecorderFactory): Processed 26 of 26 features
2023-03-31 09:35:44|   0.4|  0.0|INFORM|MULTI_READER(MULTI_READER): Done reading 26 features from 1 readers
2023-03-31 09:35:44|   0.4|  0.0|INFORM|Emptying factory pipeline
2023-03-31 09:35:44|   0.4|  0.0|STATS |Router and Unexpected Input Remover (RoutingFactory): Tested 26 input feature(s), wrote 26 output feature(s): 26 matched merge filters, 26 were routed to output, 0 could not be routed.
2023-03-31 09:35:44|   0.4|  0.0|STATS |Unwanted Router Input Nuker (TeeFactory): Cloned 0 input feature(s) into 0 output feature(s)
2023-03-31 09:35:44|   0.4|  0.0|STATS |pg_catalog.pg_database_POSTGRES_1 Splitter (TeeFactory): Cloned 0 input feature(s) into 0 output feature(s)
2023-03-31 09:35:44|   0.4|  0.0|STATS |CSV_CSV2_1 Splitter (TeeFactory): Cloned 26 input feature(s) into 26 output feature(s)
2023-03-31 09:35:44|   0.4|  0.0|STATS |TestFilter_INPUT (TeeFactory): Cloned 26 input feature(s) into 26 output feature(s)
2023-03-31 09:35:44|   0.4|  0.0|STATS |TestFilter (TestFactory): Tested 26 input feature(s) -- 0 feature(s) passed and 26 feature(s) failed
2023-03-31 09:35:44|   0.4|  0.0|STATS |TestFilter <UNFILTERED> Splitter (TeeFactory): Cloned 26 input feature(s) into 52 output feature(s)
2023-03-31 09:35:44|   0.4|  0.0|STATS |TestFilter_2_INPUT (TeeFactory): Cloned 26 input feature(s) into 26 output feature(s)
2023-03-31 09:35:44|   0.4|  0.0|STATS |TestFilter_2 (TestFactory): Tested 26 input feature(s) -- 26 feature(s) passed and 0 feature(s) failed
2023-03-31 09:35:44|   0.4|  0.0|STATS |SystemCaller_2 (TeeFactory): Cloned 26 input feature(s) into 26 output feature(s)
2023-03-31 09:35:44|   0.4|  0.0|STATS |SystemCaller_3 (TeeFactory): Cloned 0 input feature(s) into 0 output feature(s)
2023-03-31 09:35:44|   0.4|  0.0|STATS |Destination Feature Type Routing Correlator (RoutingFactory): Tested 0 input feature(s), wrote 0 output feature(s): 0 matched merge filters, 0 were routed to output, 0 could not be routed.
2023-03-31 09:35:44|   0.4|  0.0|STATS |Final Output Nuker (TeeFactory): Cloned 0 input feature(s) into 0 output feature(s)
2023-03-31 09:35:45|   0.4|  0.0|STATS |=-=-=-=-=-=-=-=-=-=-=-=-=-=-=-=-=-=-=-=-=-=-=-=-=-=-=-=-=-=-=-=-=-=-=-=-=-=-=-
2023-03-31 09:35:45|   0.4|  0.0|STATS |                            Features Read Summary
2023-03-31 09:35:45|   0.4|  0.0|STATS |=-=-=-=-=-=-=-=-=-=-=-=-=-=-=-=-=-=-=-=-=-=-=-=-=-=-=-=-=-=-=-=-=-=-=-=-=-=-=-
2023-03-31 09:35:45|   0.4|  0.0|STATS |CSV                                                                         26
2023-03-31 09:35:45|   0.4|  0.0|STATS |==============================================================================
2023-03-31 09:35:45|   0.4|  0.0|STATS |Total Features Read                                                         26
2023-03-31 09:35:45|   0.4|  0.0|STATS |=-=-=-=-=-=-=-=-=-=-=-=-=-=-=-=-=-=-=-=-=-=-=-=-=-=-=-=-=-=-=-=-=-=-=-=-=-=-=-
2023-03-31 09:35:45|   0.4|  0.0|STATS |=-=-=-=-=-=-=-=-=-=-=-=-=-=-=-=-=-=-=-=-=-=-=-=-=-=-=-=-=-=-=-=-=-=-=-=-=-=-=-
2023-03-31 09:35:45|   0.4|  0.0|STATS |                           Features Written Summary
2023-03-31 09:35:45|   0.4|  0.0|STATS |=-=-=-=-=-=-=-=-=-=-=-=-=-=-=-=-=-=-=-=-=-=-=-=-=-=-=-=-=-=-=-=-=-=-=-=-=-=-=-
2023-03-31 09:35:45|   0.4|  0.0|STATS |==============================================================================
2023-03-31 09:35:45|   0.4|  0.0|STATS |Total Features Written                                                       0
2023-03-31 09:35:45|   0.4|  0.0|STATS |=-=-=-=-=-=-=-=-=-=-=-=-=-=-=-=-=-=-=-=-=-=-=-=-=-=-=-=-=-=-=-=-=-=-=-=-=-=-=-
2023-03-31 09:35:45|   0.4|  0.0|WARN  |-~-~-~-~-~-~-~-~-~-~-~-~-~-~-~-~-~-~-~-~-~-~-~-~-~-~-~-~-~-~-~-~-~-~-~-~-~-~-~-~-
2023-03-31 09:35:45|   0.4|  0.0|WARN  |-~                                                                             ~-
2023-03-31 09:35:45|   0.4|  0.0|WARN  |-~    Feature caches have been recorded at every stage of the translation.     ~-
2023-03-31 09:35:45|   0.4|  0.0|WARN  |-~                      To inspect the recorded features,                      ~-
2023-03-31 09:35:45|   0.4|  0.0|WARN  |-~              click the feature cache icons next to the ports.               ~-
2023-03-31 09:35:45|   0.4|  0.0|WARN  |-~                                                                             ~-
2023-03-31 09:35:45|   0.4|  0.0|WARN  |-~-~-~-~-~-~-~-~-~-~-~-~-~-~-~-~-~-~-~-~-~-~-~-~-~-~-~-~-~-~-~-~-~-~-~-~-~-~-~-~-
2023-03-31 09:35:45|   0.4|  0.0|INFORM|Translation was SUCCESSFUL with 10 warning(s) (0 feature(s) output)
2023-03-31 09:35:45|   0.4|  0.0|INFORM|FME Session Duration: 7 minutes 48.5 seconds. (CPU: 0.3s user, 0.1s system)
2023-03-31 09:35:45|   0.4|  0.0|INFORM|END - ProcessID: 36992, peak process memory usage: 81040 kB, current process memory usage: 68604 kB
