2023-03-16 14:19:11|   0.0|  0.0|INFORM|Current FME version: FME 2022.1.0.0 (20220704 - Build 22618 - WIN64)
2023-03-16 14:19:11|   0.0|  0.0|INFORM|FME_HOME is 'C:\Program Files\FME\'
2023-03-16 14:19:11|   0.0|  0.0|INFORM|FME Database Edition (node locked-crc)
2023-03-16 14:19:11|   0.0|  0.0|INFORM|Serial Number: GN3A-3NG9-21YZ
2023-03-16 14:19:11|   0.0|  0.0|INFORM|Temporary License: 99 days left.
2023-03-16 14:19:11|   0.0|  0.0|INFORM|Machine host name is: EPI-4L2CTD3
2023-03-16 14:19:11|   0.0|  0.0|INFORM|OS Locale Name     : sv_SE
2023-03-16 14:19:11|   0.0|  0.0|INFORM|OS Locale Encoding : windows-1252
2023-03-16 14:19:11|   0.0|  0.0|INFORM|Process Encoding   : UTF-8
2023-03-16 14:19:11|   0.0|  0.0|INFORM|FME API version: '4.0 20220615'
2023-03-16 14:19:11|   0.0|  0.0|INFORM|FME Configuration: FME_BASE is 'no'
2023-03-16 14:19:11|   0.0|  0.0|INFORM|FME Configuration: FME_MF_DIR is 'C:\Users\krima354\Work Folders\Documents\GitHub\kix_working_dir\divFME/'
2023-03-16 14:19:11|   0.0|  0.0|INFORM|FME Configuration: FME_MF_NAME is 'coordTransform.fmw'
2023-03-16 14:19:11|   0.0|  0.0|INFORM|FME Configuration: FME_PRODUCT_NAME is 'FME(R) 2022.1.0.0'
2023-03-16 14:19:11|   0.0|  0.0|INFORM|Operating System: Microsoft Windows 10 64-bit  (Build 19044)
2023-03-16 14:19:11|   0.0|  0.0|INFORM|FME Platform: WIN64
2023-03-16 14:19:11|   0.0|  0.0|INFORM|System Status: 370.64 GB of disk space available in the FME temporary folder (C:\Users\krima354\AppData\Local\Temp\wbrun_1678971070387_32412\fmetmp_4)
2023-03-16 14:19:11|   0.0|  0.0|INFORM|System Status: 31.73 GB of physical memory available
2023-03-16 14:19:11|   0.0|  0.0|INFORM|System Status: 126.93 GB of virtual memory available
2023-03-16 14:19:11|   0.0|  0.0|INFORM|START - ProcessID: 22716, peak process memory usage: 51892 kB, current process memory usage: 51892 kB
2023-03-16 14:19:11|   0.0|  0.0|INFORM|FME Configuration: Command line arguments are `C:\Program Files\FME\fme.exe' `C:/Users/krima354/Work Folders/Documents/GitHub/kix_working_dir/divFME\wb-xlate-1678972750254_32412' `LOG_STANDARDOUT' `YES' `LOG_TIMINGS' `YES' `LogCountServerName' `51454' `LOG_STANDARDOUT' `No' `WORKBENCH_LOG_SERVER' `49933'
2023-03-16 14:19:11|   0.0|  0.0|INFORM|FME Configuration: Connection Storage: 'C:\Users\krima354\AppData\Roaming\Safe Software\FME\'
2023-03-16 14:19:11|   0.0|  0.0|INFORM|Shared folders for formats are : C:\Program Files\FME\datasources;C:\Users\krima354\Work Folders\Documents\FME\Formats
2023-03-16 14:19:11|   0.0|  0.0|INFORM|Shared folders for transformers are : C:\Users\krima354\AppData\Roaming\Safe Software\FME\Packages\22618-win64\transformers;C:\Program Files\FME\transformers;C:\Users\krima354\AppData\Roaming\Safe Software\FME\FME Store\Transformers
2023-03-16 14:19:11|   0.0|  0.0|INFORM|Shared folders for coordinate systems are : C:\Users\krima354\Work Folders\Documents\FME\CoordinateSystems
2023-03-16 14:19:11|   0.0|  0.0|INFORM|Shared folders for coordinate system exceptions are : C:\Users\krima354\Work Folders\Documents\FME\CoordinateSystemExceptions
2023-03-16 14:19:11|   0.0|  0.0|INFORM|Shared folders for coordinate system grid overrides are : C:\Users\krima354\Work Folders\Documents\FME\CoordinateSystemGridOverrides
2023-03-16 14:19:11|   0.0|  0.0|INFORM|Shared folders for CS-MAP transformation exceptions are : C:\Users\krima354\Work Folders\Documents\FME\CsmapTransformationExceptions
2023-03-16 14:19:11|   0.0|  0.0|INFORM|Shared folders for transformer categories are : C:\Users\krima354\Work Folders\Documents\FME\TransformerCategories
2023-03-16 14:19:11|   0.0|  0.0|INFORM|FME Configuration: Reader Keyword is `MULTI_READER'
2023-03-16 14:19:11|   0.0|  0.0|INFORM|FME Configuration: Writer Keyword is `NULL_DEST'
2023-03-16 14:19:11|   0.0|  0.0|INFORM|FME Configuration: Writer Group Definition Keyword is `NULL_DEST_DEF'
2023-03-16 14:19:11|   0.0|  0.0|INFORM|FME Configuration: Reader type is `MULTI_READER'
2023-03-16 14:19:11|   0.0|  0.0|INFORM|FME Configuration: Writer type is `NULL'
2023-03-16 14:19:11|   0.0|  0.0|INFORM|FME Configuration: No destination coordinate system set
2023-03-16 14:19:11|   0.0|  0.0|INFORM|FME Configuration: Current working folder is `C:\Users\krima354\Work Folders\Documents\GitHub\kix_working_dir\divFME'
2023-03-16 14:19:11|   0.0|  0.0|INFORM|FME Configuration: Temporary folder is `C:\Users\krima354\AppData\Local\Temp\wbrun_1678971070387_32412\fmetmp_4', set from environment variable `FME_TEMP'
2023-03-16 14:19:11|   0.0|  0.0|INFORM|FME Configuration: Cache folder is 'C:\Users\krima354\AppData\Local\Temp'
2023-03-16 14:19:11|   0.0|  0.0|INFORM|FME Configuration: FME_HOME is `C:\Program Files\FME\'
2023-03-16 14:19:11|   0.0|  0.0|INFORM|FME Configuration: Start freeing memory when the process exceeds 95.20 GB
2023-03-16 14:19:11|   0.0|  0.0|INFORM|FME Configuration: Stop freeing memory when the process is below 71.40 GB
2023-03-16 14:19:11|   0.0|  0.0|INFORM|Creating writer for format: NULL (Nothing)
2023-03-16 14:19:11|   0.0|  0.0|INFORM|Trying to find a DYNAMIC plugin for writer named `NULL'
2023-03-16 14:19:11|   0.0|  0.0|INFORM|Loaded module 'NULL' from file 'C:\Program Files\FME\plugins/NULL.dll'
2023-03-16 14:19:11|   0.0|  0.0|INFORM|FME API version of module 'NULL' matches current internal version (4.0 20220615)
2023-03-16 14:19:11|   0.0|  0.0|INFORM|Creating reader for format: 
2023-03-16 14:19:11|   0.0|  0.0|INFORM|MULTI_READER(MULTI_READER): Will fail with first member reader failure
2023-03-16 14:19:11|   0.0|  0.0|INFORM|Using Multi Reader with keyword `MULTI_READER' to read multiple datasets
2023-03-16 14:19:11|   0.0|  0.0|INFORM|Loaded module 'LogCount_func' from file 'C:\Program Files\FME\plugins/LogCount_func.dll'
2023-03-16 14:19:11|   0.0|  0.0|INFORM|FME API version of module 'LogCount_func' matches current internal version (4.0 20220615)
2023-03-16 14:19:11|   0.0|  0.0|INFORM|FME Configuration: Using FME Reprojection Engine
2023-03-16 14:19:11|   0.0|  0.0|INFORM|Emptying factory pipeline
2023-03-16 14:19:11|   0.0|  0.0|STATS |Router and Unexpected Input Remover (RoutingFactory): Tested 0 input feature(s), wrote 0 output feature(s): 0 matched merge filters, 0 were routed to output, 0 could not be routed.
2023-03-16 14:19:11|   0.0|  0.0|STATS |Unwanted Router Input Nuker (TeeFactory): Cloned 0 input feature(s) into 0 output feature(s)
2023-03-16 14:19:11|   0.0|  0.0|STATS |public.GeoObject_POSTGIS_1 Splitter (TeeFactory): Cloned 0 input feature(s) into 0 output feature(s)
2023-03-16 14:19:11|   0.0|  0.0|STATS |Restoring 284 feature(s) from FME feature store file `C:\Users\krima354\AppData\Local\Temp\wb-cache--uCijbW\Main_public.GeoObject -1 2 -1  0  dc04ce344bfb3c45a1194c42e3843dd4a1c191f8.ffs'
2023-03-16 14:19:11|   0.0|  0.0|STATS |Restoring 1 feature(s) from FME feature store file `C:\Users\krima354\AppData\Local\Temp\wb-cache--uCijbW\Main_TestFilter -1 4 fo 2 _lt_lt_gt_UNFILTERED_lt_gt_gt_  0  27a79c858bf5a49d143c85c72d2604e0abe155a8.ffs'
2023-03-16 14:19:11|   0.3|  0.3|STATS |SweDigArch_reproject geodata Input Collector (TeeFactory): Cloned 284 input feature(s) into 284 output feature(s)
2023-03-16 14:19:11|   0.3|  0.0|STATS |SweDigArch_reproject epsg Input Collector (TeeFactory): Cloned 1 input feature(s) into 1 output feature(s)
2023-03-16 14:19:11|   0.3|  0.0|STATS |SweDigArch_reproject_geodata1678972750 Input Splitter (TeeFactory): Cloned 284 input feature(s) into 284 output feature(s)
2023-03-16 14:19:11|   0.3|  0.0|STATS |SweDigArch_reproject_epsg1678972750 Input Splitter (TeeFactory): Cloned 1 input feature(s) into 1 output feature(s)
2023-03-16 14:19:11|   0.3|  0.0|STATS |SweDigArch_reproject_Reprojector (TeeFactory): Cloned 285 input feature(s) into 285 output feature(s)
2023-03-16 14:19:11|   0.3|  0.0|STATS |SweDigArch_reproject_reprojected_geodata1678972750 Output Collector (TeeFactory): Cloned 285 input feature(s) into 285 output feature(s)
2023-03-16 14:19:11|   0.3|  0.0|STATS |SweDigArch_reproject reprojected_geodata Output Renamer/Nuker (TeeFactory): Cloned 285 input feature(s) into 285 output feature(s)
2023-03-16 14:19:11|   0.3|  0.0|STATS |Destination Feature Type Routing Correlator (RoutingFactory): Tested 0 input feature(s), wrote 0 output feature(s): 0 matched merge filters, 0 were routed to output, 0 could not be routed.
2023-03-16 14:19:11|   0.3|  0.0|STATS |Final Output Nuker (TeeFactory): Cloned 0 input feature(s) into 0 output feature(s)
2023-03-16 14:19:11|   0.3|  0.0|INFORM|=-=-=-=-=-=-=-=-=-=-=-=-=-=-=-=-=-=-=-=-=-=-=-=-=-=-=-=-=-=-=-=-=-=-=-=-=-=-=-
2023-03-16 14:19:11|   0.3|  0.0|INFORM|                     'GlobalVariable' Final State Summary
2023-03-16 14:19:11|   0.3|  0.0|INFORM|=-=-=-=-=-=-=-=-=-=-=-=-=-=-=-=-=-=-=-=-=-=-=-=-=-=-=-=-=-=-=-=-=-=-=-=-=-=-=-
2023-03-16 14:19:11|   0.3|  0.0|INFORM|                                                                         EPSG:
2023-03-16 14:19:11|   0.3|  0.0|INFORM|==============================================================================
2023-03-16 14:19:11|   0.3|  0.0|INFORM|Total Number of Global Variables:                                            1
2023-03-16 14:19:11|   0.3|  0.0|INFORM|=-=-=-=-=-=-=-=-=-=-=-=-=-=-=-=-=-=-=-=-=-=-=-=-=-=-=-=-=-=-=-=-=-=-=-=-=-=-=-
2023-03-16 14:19:11|   0.3|  0.0|STATS |=-=-=-=-=-=-=-=-=-=-=-=-=-=-=-=-=-=-=-=-=-=-=-=-=-=-=-=-=-=-=-=-=-=-=-=-=-=-=-
2023-03-16 14:19:11|   0.3|  0.0|STATS |                            Features Read Summary
2023-03-16 14:19:11|   0.3|  0.0|STATS |=-=-=-=-=-=-=-=-=-=-=-=-=-=-=-=-=-=-=-=-=-=-=-=-=-=-=-=-=-=-=-=-=-=-=-=-=-=-=-
2023-03-16 14:19:11|   0.3|  0.0|STATS |==============================================================================
2023-03-16 14:19:11|   0.3|  0.0|STATS |Total Features Read                                                          0
2023-03-16 14:19:11|   0.3|  0.0|STATS |=-=-=-=-=-=-=-=-=-=-=-=-=-=-=-=-=-=-=-=-=-=-=-=-=-=-=-=-=-=-=-=-=-=-=-=-=-=-=-
2023-03-16 14:19:11|   0.3|  0.0|STATS |=-=-=-=-=-=-=-=-=-=-=-=-=-=-=-=-=-=-=-=-=-=-=-=-=-=-=-=-=-=-=-=-=-=-=-=-=-=-=-
2023-03-16 14:19:11|   0.3|  0.0|STATS |                           Features Written Summary
2023-03-16 14:19:11|   0.3|  0.0|STATS |=-=-=-=-=-=-=-=-=-=-=-=-=-=-=-=-=-=-=-=-=-=-=-=-=-=-=-=-=-=-=-=-=-=-=-=-=-=-=-
2023-03-16 14:19:11|   0.3|  0.0|STATS |==============================================================================
2023-03-16 14:19:11|   0.3|  0.0|STATS |Total Features Written                                                       0
2023-03-16 14:19:11|   0.3|  0.0|STATS |=-=-=-=-=-=-=-=-=-=-=-=-=-=-=-=-=-=-=-=-=-=-=-=-=-=-=-=-=-=-=-=-=-=-=-=-=-=-=-
2023-03-16 14:19:11|   0.3|  0.0|WARN  |-~-~-~-~-~-~-~-~-~-~-~-~-~-~-~-~-~-~-~-~-~-~-~-~-~-~-~-~-~-~-~-~-~-~-~-~-~-~-~-~-
2023-03-16 14:19:11|   0.3|  0.0|WARN  |-~                                                                             ~-
2023-03-16 14:19:11|   0.3|  0.0|WARN  |-~    Feature caches have been recorded at every stage of the translation.     ~-
2023-03-16 14:19:11|   0.3|  0.0|WARN  |-~                      To inspect the recorded features,                      ~-
2023-03-16 14:19:11|   0.3|  0.0|WARN  |-~              click the feature cache icons next to the ports.               ~-
2023-03-16 14:19:11|   0.3|  0.0|WARN  |-~                                                                             ~-
2023-03-16 14:19:11|   0.3|  0.0|WARN  |-~-~-~-~-~-~-~-~-~-~-~-~-~-~-~-~-~-~-~-~-~-~-~-~-~-~-~-~-~-~-~-~-~-~-~-~-~-~-~-~-
2023-03-16 14:19:11|   0.3|  0.0|INFORM|Translation was SUCCESSFUL with 7 warning(s) (0 feature(s) output)
2023-03-16 14:19:11|   0.3|  0.0|INFORM|FME Session Duration: 0.4 seconds. (CPU: 0.2s user, 0.1s system)
2023-03-16 14:19:11|   0.3|  0.0|INFORM|END - ProcessID: 22716, peak process memory usage: 100120 kB, current process memory usage: 100068 kB
