2023-03-16 15:51:31|   0.0|  0.0|INFORM|Current FME version: FME 2022.1.0.0 (20220704 - Build 22618 - WIN64)
2023-03-16 15:51:31|   0.0|  0.0|INFORM|FME_HOME is 'C:\Program Files\FME\'
2023-03-16 15:51:31|   0.0|  0.0|INFORM|FME Database Edition (node locked-crc)
2023-03-16 15:51:31|   0.0|  0.0|INFORM|Serial Number: GN3A-3NG9-21YZ
2023-03-16 15:51:31|   0.0|  0.0|INFORM|Temporary License: 99 days left.
2023-03-16 15:51:31|   0.0|  0.0|INFORM|Machine host name is: EPI-4L2CTD3
2023-03-16 15:51:31|   0.0|  0.0|INFORM|OS Locale Name     : sv_SE
2023-03-16 15:51:31|   0.0|  0.0|INFORM|OS Locale Encoding : windows-1252
2023-03-16 15:51:31|   0.0|  0.0|INFORM|Process Encoding   : UTF-8
2023-03-16 15:51:31|   0.0|  0.0|INFORM|FME API version: '4.0 20220615'
2023-03-16 15:51:31|   0.0|  0.0|INFORM|FME Configuration: FME_BASE is 'no'
2023-03-16 15:51:31|   0.0|  0.0|INFORM|FME Configuration: FME_MF_DIR is 'C:\Users\krima354\Work Folders\Documents\GitHub\kix_working_dir\divFME/'
2023-03-16 15:51:31|   0.0|  0.0|INFORM|FME Configuration: FME_MF_NAME is 'createBatForDropAllDB.fmw'
2023-03-16 15:51:31|   0.0|  0.0|INFORM|FME Configuration: FME_PRODUCT_NAME is 'FME(R) 2022.1.0.0'
2023-03-16 15:51:31|   0.0|  0.0|INFORM|Operating System: Microsoft Windows 10 64-bit  (Build 19044)
2023-03-16 15:51:31|   0.0|  0.0|INFORM|FME Platform: WIN64
2023-03-16 15:51:31|   0.0|  0.0|INFORM|System Status: 370.42 GB of disk space available in the FME temporary folder (C:\Users\krima354\AppData\Local\Temp\wbrun_1678974616003_24948\fmetmp_0)
2023-03-16 15:51:31|   0.0|  0.0|INFORM|System Status: 31.73 GB of physical memory available
2023-03-16 15:51:31|   0.0|  0.0|INFORM|System Status: 126.93 GB of virtual memory available
2023-03-16 15:51:31|   0.0|  0.0|INFORM|START - ProcessID: 25924, peak process memory usage: 50352 kB, current process memory usage: 50352 kB
2023-03-16 15:51:31|   0.0|  0.0|INFORM|FME Configuration: Command line arguments are `C:\Program Files\FME\fme.exe' `C:/Users/krima354/Work Folders/Documents/GitHub/kix_working_dir/divFME\wb-xlate-1678978285979_24948' `LOG_STANDARDOUT' `YES' `LOG_TIMINGS' `YES' `LogCountServerName' `64111' `LOG_STANDARDOUT' `No' `WORKBENCH_LOG_SERVER' `52691'
2023-03-16 15:51:31|   0.0|  0.0|INFORM|FME Configuration: Connection Storage: 'C:\Users\krima354\AppData\Roaming\Safe Software\FME\'
2023-03-16 15:51:31|   0.0|  0.0|INFORM|Shared folders for formats are : C:\Program Files\FME\datasources;C:\Users\krima354\Work Folders\Documents\FME\Formats
2023-03-16 15:51:31|   0.0|  0.0|INFORM|Shared folders for transformers are : C:\Users\krima354\AppData\Roaming\Safe Software\FME\Packages\22618-win64\transformers;C:\Program Files\FME\transformers;C:\Users\krima354\AppData\Roaming\Safe Software\FME\FME Store\Transformers
2023-03-16 15:51:31|   0.0|  0.0|INFORM|Shared folders for coordinate systems are : C:\Users\krima354\Work Folders\Documents\FME\CoordinateSystems
2023-03-16 15:51:31|   0.0|  0.0|INFORM|Shared folders for coordinate system exceptions are : C:\Users\krima354\Work Folders\Documents\FME\CoordinateSystemExceptions
2023-03-16 15:51:31|   0.0|  0.0|INFORM|Shared folders for coordinate system grid overrides are : C:\Users\krima354\Work Folders\Documents\FME\CoordinateSystemGridOverrides
2023-03-16 15:51:31|   0.0|  0.0|INFORM|Shared folders for CS-MAP transformation exceptions are : C:\Users\krima354\Work Folders\Documents\FME\CsmapTransformationExceptions
2023-03-16 15:51:31|   0.0|  0.0|INFORM|Shared folders for transformer categories are : C:\Users\krima354\Work Folders\Documents\FME\TransformerCategories
2023-03-16 15:51:31|   0.0|  0.0|INFORM|Mapping File Identifier is: CreatBatForDroppAllDB
2023-03-16 15:51:31|   0.0|  0.0|INFORM|FME Configuration: Reader Keyword is `MULTI_READER'
2023-03-16 15:51:31|   0.0|  0.0|INFORM|FME Configuration: Writer Keyword is `MULTI_WRITER'
2023-03-16 15:51:31|   0.0|  0.0|INFORM|FME Configuration: Writer Group Definition Keyword is `MULTI_WRITER_DEF'
2023-03-16 15:51:31|   0.0|  0.0|INFORM|FME Configuration: Reader type is `MULTI_READER'
2023-03-16 15:51:31|   0.0|  0.0|INFORM|FME Configuration: Writer type is `MULTI_WRITER'
2023-03-16 15:51:31|   0.0|  0.0|INFORM|FME Configuration: No destination coordinate system set
2023-03-16 15:51:31|   0.0|  0.0|INFORM|FME Configuration: Current working folder is `C:\Users\krima354\Work Folders\Documents\GitHub\kix_working_dir\divFME'
2023-03-16 15:51:31|   0.0|  0.0|INFORM|FME Configuration: Temporary folder is `C:\Users\krima354\AppData\Local\Temp\wbrun_1678974616003_24948\fmetmp_0', set from environment variable `FME_TEMP'
2023-03-16 15:51:31|   0.0|  0.0|INFORM|FME Configuration: Cache folder is 'C:\Users\krima354\AppData\Local\Temp'
2023-03-16 15:51:31|   0.0|  0.0|INFORM|FME Configuration: FME_HOME is `C:\Program Files\FME\'
2023-03-16 15:51:31|   0.0|  0.0|INFORM|FME Configuration: Start freeing memory when the process exceeds 95.20 GB
2023-03-16 15:51:31|   0.0|  0.0|INFORM|FME Configuration: Stop freeing memory when the process is below 71.40 GB
2023-03-16 15:51:31|   0.0|  0.0|INFORM|Creating writer for format: 
2023-03-16 15:51:31|   0.0|  0.0|INFORM|Creating reader for format: 
2023-03-16 15:51:31|   0.0|  0.0|INFORM|MULTI_READER(MULTI_READER): Will fail with first member reader failure
2023-03-16 15:51:31|   0.0|  0.0|INFORM|MULTI_READER(MULTI_READER): Adding POSTGRES Reader with keyword POSTGRES_1
2023-03-16 15:51:31|   0.0|  0.0|INFORM|Using Multi Reader with keyword `MULTI_READER' to read multiple datasets
2023-03-16 15:51:31|   0.0|  0.0|INFORM|Creating reader for format: PostgreSQL
2023-03-16 15:51:31|   0.0|  0.0|INFORM|Trying to find a DYNAMIC plugin for reader named `POSTGRES'
2023-03-16 15:51:31|   0.0|  0.0|INFORM|Loaded module 'POSTGRES' from file 'C:\Program Files\FME\plugins/POSTGIS.dll'
2023-03-16 15:51:31|   0.0|  0.0|INFORM|FME API version of module 'POSTGIS' matches current internal version (4.0 20220615)
2023-03-16 15:51:31|   0.0|  0.0|INFORM|Opening POSTGRES reader for dataset 'postgres'
2023-03-16 15:51:31|   0.0|  0.0|INFORM|PostGIS client encoding: 'UTF8'
2023-03-16 15:51:31|   0.0|  0.0|INFORM|PostgreSQL 12.12, compiled by Visual C++ build 1914, 64-bit
2023-03-16 15:51:31|   0.0|  0.0|INFORM|POSTGRES reader: Creating bulk features from individual features
2023-03-16 15:51:31|   0.0|  0.0|INFORM|Using MultiWriter with keyword `MULTI_WRITER' to output data (ID_ATTRIBUTE is `multi_writer_id')
2023-03-16 15:51:31|   0.0|  0.0|INFORM|Writer output will be ordered by value of multi_writer_id
2023-03-16 15:51:31|   0.0|  0.0|INFORM|Loaded module 'LogCount_func' from file 'C:\Program Files\FME\plugins/LogCount_func.dll'
2023-03-16 15:51:31|   0.0|  0.0|INFORM|FME API version of module 'LogCount_func' matches current internal version (4.0 20220615)
2023-03-16 15:51:31|   0.0|  0.0|INFORM|Loaded module 'Geometry_func' from file 'C:\Program Files\FME\plugins/Geometry_func.dll'
2023-03-16 15:51:31|   0.0|  0.0|INFORM|FME API version of module 'Geometry_func' matches current internal version (4.0 20220615)
2023-03-16 15:51:31|   0.0|  0.0|INFORM|Executing data query: 'declare "pg_catalog_pg_database_crsr" cursor for select "oid","datname","datdba","encoding","datcollate","datctype","datistemplate","datallowconn","datconnlimit","datlastsysoid","datfrozenxid","datminmxid","dattablespace","datacl" from "pg_catalog"."pg_database"'
2023-03-16 15:51:31|   0.0|  0.0|INFORM|Reading POSTGRES table: 'pg_catalog.pg_database'...
2023-03-16 15:51:31|   0.0|  0.0|INFORM|pg_catalog.pg_database Feature Recorder -1 2147549186 (RecorderFactory): Splitting bulk features into individual features
2023-03-16 15:51:31|   0.2|  0.2|INFORM|Creating writer for format: Text File
2023-03-16 15:51:31|   0.3|  0.1|INFORM|Trying to find a DYNAMIC plugin for writer named `TEXTLINE'
2023-03-16 15:51:31|   0.3|  0.0|INFORM|Loaded module 'TEXTLINE' from file 'C:\Program Files\FME\plugins/TEXTLINE.dll'
2023-03-16 15:51:31|   0.3|  0.0|INFORM|FME API version of module 'TEXTLINE' matches current internal version (4.0 20220615)
2023-03-16 15:51:31|   0.3|  0.0|INFORM|FME Configuration: No destination coordinate system set
2023-03-16 15:51:31|   0.3|  0.0|INFORM|Writer `TEXTLINE_1' of type `TEXTLINE' using group definition keyword `TEXTLINE_DEF'
2023-03-16 15:51:31|   0.3|  0.0|INFORM|Text File Writer: Opening the file 'C:\Users\krima354\Work Folders\Documents\kicki_arbetsfiler\slask\remove_on_loclahost5433.bat\'
2023-03-16 15:51:31|   0.3|  0.0|INFORM|Text File Writer: Line Termination: Windows
2023-03-16 15:51:31|   0.3|  0.0|INFORM|Text File Writer: Write the final line termination character: yes
2023-03-16 15:51:31|   0.3|  0.0|INFORM|Text File Writer: Character Encoding: 'UTF-8'
2023-03-16 15:51:31|   0.3|  0.0|INFORM|Text File Writer: Write UTF-8 Byte Order Mark: yes
2023-03-16 15:51:31|   0.3|  0.0|INFORM|Successfully closed POSTGRES database reader
2023-03-16 15:51:31|   0.3|  0.0|INFORM|Successfully closed POSTGRES database reader
2023-03-16 15:51:31|   0.3|  0.0|INFORM|MULTI_READER(MULTI_READER): Done reading 108 features from 1 readers
2023-03-16 15:51:31|   0.3|  0.0|INFORM|Emptying factory pipeline
2023-03-16 15:51:31|   0.3|  0.0|STATS |Router and Unexpected Input Remover (RoutingFactory): Tested 108 input feature(s), wrote 108 output feature(s): 108 matched merge filters, 108 were routed to output, 0 could not be routed.
2023-03-16 15:51:31|   0.3|  0.0|STATS |Unwanted Router Input Nuker (TeeFactory): Cloned 0 input feature(s) into 0 output feature(s)
2023-03-16 15:51:31|   0.3|  0.0|STATS |pg_catalog.pg_database_POSTGRES_1 Splitter (TeeFactory): Cloned 108 input feature(s) into 108 output feature(s)
2023-03-16 15:51:31|   0.3|  0.0|STATS |Creator_XML_Creator (CreationFactory): Created 1 features
2023-03-16 15:51:31|   0.3|  0.0|STATS |Creator_Cloner (TeeFactory): Cloned 1 input feature(s) into 1 output feature(s)
2023-03-16 15:51:31|   0.3|  0.0|STATS |Creator_CREATED Brancher -1 18 (BranchingFactory): Branched 1 input feature -- 1 feature routed to the target factory, and 0 features routed to the fallback factory.
2023-03-16 15:51:31|   0.3|  0.0|STATS |_CREATOR_BRANCH_TARGET (TeeFactory): Cloned 109 input feature(s) into 109 output feature(s)
2023-03-16 15:51:31|   0.3|  0.0|INFORM|FeatureHolder (SortFactory): Starting sorting 1 feature(s)
2023-03-16 15:51:31|   0.3|  0.0|INFORM|FeatureHolder (SortFactory): Done sorting 1 feature(s)
2023-03-16 15:51:31|   0.3|  0.0|STATS |FeatureHolder (SortFactory): Output 1 feature(s) without doing any sorting
2023-03-16 15:51:31|   0.3|  0.0|STATS |TestFilter_INPUT (TeeFactory): Cloned 108 input feature(s) into 108 output feature(s)
2023-03-16 15:51:31|   0.3|  0.0|STATS |TestFilter (TestFactory): Tested 108 input feature(s) -- 2 feature(s) passed and 106 feature(s) failed
2023-03-16 15:51:32|   0.3|  0.0|STATS |Destination Feature Type Routing Correlator (RoutingFactory): Tested 107 input feature(s), wrote 107 output feature(s): 0 matched merge filters, 107 were routed to output, 0 could not be routed.
2023-03-16 15:51:32|   0.3|  0.0|STATS |Final Output Nuker (TeeFactory): Cloned 0 input feature(s) into 0 output feature(s)
2023-03-16 15:51:32|   0.3|  0.0|INFORM|Text File Writer: Closing the file 'C:\Users\krima354\Work Folders\Documents\kicki_arbetsfiler\slask\remove_on_loclahost5433.bat'
2023-03-16 15:51:32|   0.3|  0.0|INFORM|=-=-=-=-=-=-=-=-=-=-=-=-=-=-=-=-=-=-=-=-=-=-=-=-=-=-=-=-=-=-=-=-=-=-=-=-=-=-=-
2023-03-16 15:51:32|   0.3|  0.0|INFORM|Feature output statistics for `TEXTLINE' writer using keyword `TEXTLINE_1':
2023-03-16 15:51:32|   0.3|  0.0|STATS |=-=-=-=-=-=-=-=-=-=-=-=-=-=-=-=-=-=-=-=-=-=-=-=-=-=-=-=-=-=-=-=-=-=-=-=-=-=-=-
2023-03-16 15:51:32|   0.3|  0.0|STATS |                               Features Written
2023-03-16 15:51:32|   0.3|  0.0|STATS |=-=-=-=-=-=-=-=-=-=-=-=-=-=-=-=-=-=-=-=-=-=-=-=-=-=-=-=-=-=-=-=-=-=-=-=-=-=-=-
2023-03-16 15:51:32|   0.3|  0.0|STATS |text_line                                                                  107
2023-03-16 15:51:32|   0.3|  0.0|STATS |==============================================================================
2023-03-16 15:51:32|   0.3|  0.0|STATS |Total Features Written                                                     107
2023-03-16 15:51:32|   0.3|  0.0|STATS |=-=-=-=-=-=-=-=-=-=-=-=-=-=-=-=-=-=-=-=-=-=-=-=-=-=-=-=-=-=-=-=-=-=-=-=-=-=-=-
2023-03-16 15:51:32|   0.3|  0.0|STATS |=-=-=-=-=-=-=-=-=-=-=-=-=-=-=-=-=-=-=-=-=-=-=-=-=-=-=-=-=-=-=-=-=-=-=-=-=-=-=-
2023-03-16 15:51:32|   0.3|  0.0|STATS |                            Features Read Summary
2023-03-16 15:51:32|   0.3|  0.0|STATS |=-=-=-=-=-=-=-=-=-=-=-=-=-=-=-=-=-=-=-=-=-=-=-=-=-=-=-=-=-=-=-=-=-=-=-=-=-=-=-
2023-03-16 15:51:32|   0.3|  0.0|STATS |pg_catalog.pg_database                                                     108
2023-03-16 15:51:32|   0.3|  0.0|STATS |==============================================================================
2023-03-16 15:51:32|   0.3|  0.0|STATS |Total Features Read                                                        108
2023-03-16 15:51:32|   0.3|  0.0|STATS |=-=-=-=-=-=-=-=-=-=-=-=-=-=-=-=-=-=-=-=-=-=-=-=-=-=-=-=-=-=-=-=-=-=-=-=-=-=-=-
2023-03-16 15:51:32|   0.3|  0.0|STATS |=-=-=-=-=-=-=-=-=-=-=-=-=-=-=-=-=-=-=-=-=-=-=-=-=-=-=-=-=-=-=-=-=-=-=-=-=-=-=-
2023-03-16 15:51:32|   0.3|  0.0|STATS |                           Features Written Summary
2023-03-16 15:51:32|   0.3|  0.0|STATS |=-=-=-=-=-=-=-=-=-=-=-=-=-=-=-=-=-=-=-=-=-=-=-=-=-=-=-=-=-=-=-=-=-=-=-=-=-=-=-
2023-03-16 15:51:32|   0.3|  0.0|STATS |text_line                                                                  107
2023-03-16 15:51:32|   0.3|  0.0|STATS |==============================================================================
2023-03-16 15:51:32|   0.3|  0.0|STATS |Total Features Written                                                     107
2023-03-16 15:51:32|   0.3|  0.0|STATS |=-=-=-=-=-=-=-=-=-=-=-=-=-=-=-=-=-=-=-=-=-=-=-=-=-=-=-=-=-=-=-=-=-=-=-=-=-=-=-
2023-03-16 15:51:32|   0.3|  0.0|WARN  |-~-~-~-~-~-~-~-~-~-~-~-~-~-~-~-~-~-~-~-~-~-~-~-~-~-~-~-~-~-~-~-~-~-~-~-~-~-~-~-~-
2023-03-16 15:51:32|   0.3|  0.0|WARN  |-~                                                                             ~-
2023-03-16 15:51:32|   0.3|  0.0|WARN  |-~    Feature caches have been recorded at every stage of the translation.     ~-
2023-03-16 15:51:32|   0.3|  0.0|WARN  |-~                      To inspect the recorded features,                      ~-
2023-03-16 15:51:32|   0.3|  0.0|WARN  |-~              click the feature cache icons next to the ports.               ~-
2023-03-16 15:51:32|   0.3|  0.0|WARN  |-~                                                                             ~-
2023-03-16 15:51:32|   0.3|  0.0|WARN  |-~-~-~-~-~-~-~-~-~-~-~-~-~-~-~-~-~-~-~-~-~-~-~-~-~-~-~-~-~-~-~-~-~-~-~-~-~-~-~-~-
2023-03-16 15:51:32|   0.3|  0.0|INFORM|Translation was SUCCESSFUL with 7 warning(s) (107 feature(s) output)
2023-03-16 15:51:32|   0.3|  0.0|INFORM|FME Session Duration: 0.6 seconds. (CPU: 0.2s user, 0.1s system)
2023-03-16 15:51:32|   0.3|  0.0|INFORM|END - ProcessID: 25924, peak process memory usage: 83452 kB, current process memory usage: 63620 kB
