2023-03-16 10:39:50|   0.0|  0.0|INFORM|Current FME version: FME 2022.1.3.0 (20220928 - Build 22630 - WIN64)
2023-03-16 10:39:50|   0.0|  0.0|INFORM|FME_HOME is 'C:\Program Files\FME2022_1_3\'
2023-03-16 10:39:50|   0.0|  0.0|INFORM|FME Database Edition (node locked-crc)
2023-03-16 10:39:50|   0.0|  0.0|INFORM|Serial Number: GN3A-3NG9-21YZ
2023-03-16 10:39:50|   0.0|  0.0|INFORM|Temporary License: 99 days left.
2023-03-16 10:39:50|   0.0|  0.0|INFORM|Machine host name is: EPI-4L2CTD3
2023-03-16 10:39:50|   0.0|  0.0|INFORM|OS Locale Name     : sv_SE
2023-03-16 10:39:50|   0.0|  0.0|INFORM|OS Locale Encoding : windows-1252
2023-03-16 10:39:50|   0.0|  0.0|INFORM|Process Encoding   : UTF-8
2023-03-16 10:39:50|   0.0|  0.0|INFORM|FME API version: '4.0 20220615'
2023-03-16 10:39:50|   0.0|  0.0|INFORM|FME Configuration: FME_BASE is 'no'
2023-03-16 10:39:50|   0.0|  0.0|INFORM|FME Configuration: FME_MF_DIR is 'C:\Users\krima354\Work Folders\Documents\GitHub\kix_working_dir\divFME/'
2023-03-16 10:39:50|   0.0|  0.0|INFORM|FME Configuration: FME_MF_NAME is 'restoreDBfromBackupFile.fmw'
2023-03-16 10:39:50|   0.0|  0.0|INFORM|FME Configuration: FME_PRODUCT_NAME is 'FME(R) 2022.1.3.0'
2023-03-16 10:39:50|   0.0|  0.0|INFORM|Operating System: Microsoft Windows 10 64-bit  (Build 19044)
2023-03-16 10:39:50|   0.0|  0.0|INFORM|FME Platform: WIN64
2023-03-16 10:39:50|   0.0|  0.0|INFORM|System Status: 376.55 GB of disk space available in the FME temporary folder (C:\Users\krima354\AppData\Local\Temp\wbrun_1678800275931_27948\fmetmp_1f)
2023-03-16 10:39:50|   0.0|  0.0|INFORM|System Status: 31.73 GB of physical memory available
2023-03-16 10:39:50|   0.0|  0.0|INFORM|System Status: 126.93 GB of virtual memory available
2023-03-16 10:39:50|   0.0|  0.0|INFORM|START - ProcessID: 780, peak process memory usage: 49288 kB, current process memory usage: 49288 kB
2023-03-16 10:39:50|   0.0|  0.0|INFORM|FME Configuration: Command line arguments are `C:\Program Files\FME2022_1_3\fme.exe' `C:/Users/krima354/Work Folders/Documents/GitHub/kix_working_dir/divFME\wb-xlate-1678959583200_27948' `LOG_STANDARDOUT' `YES' `LOG_TIMINGS' `YES' `LogCountServerName' `54747' `LOG_STANDARDOUT' `No' `WORKBENCH_LOG_SERVER' `54653'
2023-03-16 10:39:50|   0.0|  0.0|INFORM|FME Configuration: Connection Storage: 'C:\Users\krima354\AppData\Roaming\Safe Software\FME\'
2023-03-16 10:39:50|   0.0|  0.0|INFORM|Shared folders for formats are : C:\Program Files\FME2022_1_3\datasources;C:\Users\krima354\Work Folders\Documents\FME\Formats
2023-03-16 10:39:50|   0.0|  0.0|INFORM|Shared folders for transformers are : C:\Users\krima354\AppData\Roaming\Safe Software\FME\Packages\22630-win64\transformers;C:\Program Files\FME2022_1_3\transformers;C:\Users\krima354\AppData\Roaming\Safe Software\FME\FME Store\Transformers
2023-03-16 10:39:50|   0.0|  0.0|INFORM|Shared folders for coordinate systems are : C:\Users\krima354\Work Folders\Documents\FME\CoordinateSystems
2023-03-16 10:39:50|   0.0|  0.0|INFORM|Shared folders for coordinate system exceptions are : C:\Users\krima354\Work Folders\Documents\FME\CoordinateSystemExceptions
2023-03-16 10:39:50|   0.0|  0.0|INFORM|Shared folders for coordinate system grid overrides are : C:\Users\krima354\Work Folders\Documents\FME\CoordinateSystemGridOverrides
2023-03-16 10:39:50|   0.0|  0.0|INFORM|Shared folders for CS-MAP transformation exceptions are : C:\Users\krima354\Work Folders\Documents\FME\CsmapTransformationExceptions
2023-03-16 10:39:50|   0.0|  0.0|INFORM|Shared folders for transformer categories are : C:\Users\krima354\Work Folders\Documents\FME\TransformerCategories
2023-03-16 10:39:50|   0.0|  0.0|INFORM|Mapping File Identifier is: SAUimportIntrasis
2023-03-16 10:39:50|   0.0|  0.0|INFORM|FME Configuration: Reader Keyword is `MULTI_READER'
2023-03-16 10:39:50|   0.0|  0.0|INFORM|FME Configuration: Writer Keyword is `NULL_DEST'
2023-03-16 10:39:50|   0.0|  0.0|INFORM|FME Configuration: Writer Group Definition Keyword is `NULL_DEST_DEF'
2023-03-16 10:39:50|   0.0|  0.0|INFORM|FME Configuration: Reader type is `MULTI_READER'
2023-03-16 10:39:50|   0.0|  0.0|INFORM|FME Configuration: Writer type is `NULL'
2023-03-16 10:39:50|   0.0|  0.0|INFORM|FME Configuration: No destination coordinate system set
2023-03-16 10:39:50|   0.0|  0.0|INFORM|FME Configuration: Current working folder is `C:\Users\krima354\Work Folders\Documents\GitHub\kix_working_dir\divFME'
2023-03-16 10:39:50|   0.0|  0.0|INFORM|FME Configuration: Temporary folder is `C:\Users\krima354\AppData\Local\Temp\wbrun_1678800275931_27948\fmetmp_1f', set from environment variable `FME_TEMP'
2023-03-16 10:39:50|   0.0|  0.0|INFORM|FME Configuration: Cache folder is 'C:\Users\krima354\AppData\Local\Temp'
2023-03-16 10:39:50|   0.0|  0.0|INFORM|FME Configuration: FME_HOME is `C:\Program Files\FME2022_1_3\'
2023-03-16 10:39:50|   0.0|  0.0|INFORM|FME Configuration: Start freeing memory when the process exceeds 95.20 GB
2023-03-16 10:39:50|   0.0|  0.0|INFORM|FME Configuration: Stop freeing memory when the process is below 71.40 GB
2023-03-16 10:39:50|   0.0|  0.0|INFORM|Creating writer for format: NULL (Nothing)
2023-03-16 10:39:50|   0.0|  0.0|INFORM|Trying to find a DYNAMIC plugin for writer named `NULL'
2023-03-16 10:39:50|   0.0|  0.0|INFORM|Loaded module 'NULL' from file 'C:\Program Files\FME2022_1_3\plugins/NULL.dll'
2023-03-16 10:39:50|   0.0|  0.0|INFORM|FME API version of module 'NULL' matches current internal version (4.0 20220615)
2023-03-16 10:39:50|   0.0|  0.0|INFORM|Creating reader for format: 
2023-03-16 10:39:50|   0.0|  0.0|INFORM|MULTI_READER(MULTI_READER): Will fail with first member reader failure
2023-03-16 10:39:50|   0.0|  0.0|INFORM|MULTI_READER(MULTI_READER): Adding PATH Reader with keyword PATH_1
2023-03-16 10:39:50|   0.0|  0.0|INFORM|Using Multi Reader with keyword `MULTI_READER' to read multiple datasets
2023-03-16 10:39:50|   0.0|  0.0|INFORM|Creating reader for format: Directory and File Pathnames
2023-03-16 10:39:50|   0.0|  0.0|INFORM|Trying to find a DYNAMIC plugin for reader named `PATH'
2023-03-16 10:39:50|   0.0|  0.0|INFORM|Loaded module 'PATH' from file 'C:\Program Files\FME2022_1_3\plugins/PATH.dll'
2023-03-16 10:39:50|   0.0|  0.0|INFORM|FME API version of module 'PATH' matches current internal version (4.0 20220615)
2023-03-16 10:39:50|   0.0|  0.0|INFORM|Path Reader: Opening the PATH Reader on folder 'C:\Users\krima354\Work Folders\Documents\kicki_arbetsfiler\dap\intrasis_leveranser\intrasis_postgres_backup\SAU'
2023-03-16 10:39:50|   0.0|  0.0|INFORM|Path Reader: Using Glob Pattern '*.backup'
2023-03-16 10:39:50|   0.0|  0.0|INFORM|Path Reader: Allowed Path Type set to 'ANY'
2023-03-16 10:39:50|   0.0|  0.0|INFORM|Path Reader: Recurse into subdirectories 'false'
2023-03-16 10:39:50|   0.0|  0.0|INFORM|Path Reader: Retrieve file properties 'false'
2023-03-16 10:39:50|   0.0|  0.0|INFORM|Loaded module 'LogCount_func' from file 'C:\Program Files\FME2022_1_3\plugins/LogCount_func.dll'
2023-03-16 10:39:50|   0.0|  0.0|INFORM|FME API version of module 'LogCount_func' matches current internal version (4.0 20220615)
2023-03-16 10:39:50|   0.1|  0.1|INFORM|SystemCaller_3: Executing `""C:/Program Files/PostgreSQL/12/bin/psql.exe" -h localhost  -p 5433 -U postgres -c "CREATE DATABASE  sau2003bolmyren2013  WITH TEMPLATE = urdar_template ENCODING = 'UTF8'"'
2023-03-16 10:39:50|   0.1|  0.0|INFORM|SystemCaller: Executing `""C:/Program Files/PostgreSQL/12/bin/pg_restore.exe" -h localhost  -p 5433 -U postgres  -w -d sau2003bolmyren2013 -O -x -c --no-security-labels "C:\Users\krima354\Work Folders\Documents\kicki_arbetsfiler\dap\intrasis_leveranser\intrasis_postgres_backup\SAU\SAU2003Bolmyren2013_2016-03-31.zip.backup""
'
2023-03-16 10:39:51|   0.1|  0.0|WARN  |SystemCaller: Failed to Execute `""C:/Program Files/PostgreSQL/12/bin/pg_restore.exe" -h localhost  -p 5433 -U postgres  -w -d sau2003bolmyren2013 -O -x -c --no-security-labels "C:\Users\krima354\Work Folders\Documents\kicki_arbetsfiler\dap\intrasis_leveranser\intrasis_postgres_backup\SAU\SAU2003Bolmyren2013_2016-03-31.zip.backup""
'
2023-03-16 10:39:52|   0.1|  0.0|WARN  |SystemCaller: Failed to Execute `""C:/Program Files/PostgreSQL/12/bin/pg_restore.exe" -h localhost  -p 5433 -U postgres  -w -d sau2003lytt2021 -O -x -c --no-security-labels "C:\Users\krima354\Work Folders\Documents\kicki_arbetsfiler\dap\intrasis_leveranser\intrasis_postgres_backup\SAU\SAU2003Lytt2021_2014-03-05.zip.backup""
'
2023-03-16 10:39:53|   0.1|  0.0|WARN  |SystemCaller: Failed to Execute `""C:/Program Files/PostgreSQL/12/bin/pg_restore.exe" -h localhost  -p 5433 -U postgres  -w -d sau2003pos3 -O -x -c --no-security-labels "C:\Users\krima354\Work Folders\Documents\kicki_arbetsfiler\dap\intrasis_leveranser\intrasis_postgres_backup\SAU\SAU2003POS3_2014-03-05.zip.backup""
'
2023-03-16 10:39:54|   0.1|  0.0|WARN  |SystemCaller: Failed to Execute `""C:/Program Files/PostgreSQL/12/bin/pg_restore.exe" -h localhost  -p 5433 -U postgres  -w -d sau2003stormossen1 -O -x -c --no-security-labels "C:\Users\krima354\Work Folders\Documents\kicki_arbetsfiler\dap\intrasis_leveranser\intrasis_postgres_backup\SAU\SAU2003Stormossen1_2014-03-04.zip.backup""
'
2023-03-16 10:39:56|   0.1|  0.0|WARN  |SystemCaller: Failed to Execute `""C:/Program Files/PostgreSQL/12/bin/pg_restore.exe" -h localhost  -p 5433 -U postgres  -w -d sau2003stormossen3 -O -x -c --no-security-labels "C:\Users\krima354\Work Folders\Documents\kicki_arbetsfiler\dap\intrasis_leveranser\intrasis_postgres_backup\SAU\SAU2003Stormossen3_2014-03-04.zip.backup""
'
2023-03-16 10:39:57|   0.1|  0.0|WARN  |SystemCaller: Failed to Execute `""C:/Program Files/PostgreSQL/12/bin/pg_restore.exe" -h localhost  -p 5433 -U postgres  -w -d sau2003stormossen4 -O -x -c --no-security-labels "C:\Users\krima354\Work Folders\Documents\kicki_arbetsfiler\dap\intrasis_leveranser\intrasis_postgres_backup\SAU\SAU2003Stormossen4_2014-03-04.zip.backup""
'
2023-03-16 10:39:58|   0.1|  0.0|WARN  |SystemCaller: Failed to Execute `""C:/Program Files/PostgreSQL/12/bin/pg_restore.exe" -h localhost  -p 5433 -U postgres  -w -d sau2003stormossen6 -O -x -c --no-security-labels "C:\Users\krima354\Work Folders\Documents\kicki_arbetsfiler\dap\intrasis_leveranser\intrasis_postgres_backup\SAU\SAU2003Stormossen6_2014-03-04.zip.backup""
'
2023-03-16 10:40:00|   0.1|  0.0|WARN  |SystemCaller: Failed to Execute `""C:/Program Files/PostgreSQL/12/bin/pg_restore.exe" -h localhost  -p 5433 -U postgres  -w -d sau2003trekanten3043 -O -x -c --no-security-labels "C:\Users\krima354\Work Folders\Documents\kicki_arbetsfiler\dap\intrasis_leveranser\intrasis_postgres_backup\SAU\SAU2003TREKANTEN3043_2014-03-04.zip.backup""
'
2023-03-16 10:40:01|   0.2|  0.1|WARN  |SystemCaller: Failed to Execute `""C:/Program Files/PostgreSQL/12/bin/pg_restore.exe" -h localhost  -p 5433 -U postgres  -w -d sau2004nol87 -O -x -c --no-security-labels "C:\Users\krima354\Work Folders\Documents\kicki_arbetsfiler\dap\intrasis_leveranser\intrasis_postgres_backup\SAU\SAU2004NOL87_2014-03-04.zip.backup""
'
2023-03-16 10:40:02|   0.2|  0.0|WARN  |SystemCaller: Failed to Execute `""C:/Program Files/PostgreSQL/12/bin/pg_restore.exe" -h localhost  -p 5433 -U postgres  -w -d sau2004pos1 -O -x -c --no-security-labels "C:\Users\krima354\Work Folders\Documents\kicki_arbetsfiler\dap\intrasis_leveranser\intrasis_postgres_backup\SAU\SAU2004POS1_2014-03-05.zip.backup""
'
2023-03-16 10:40:03|   0.2|  0.0|WARN  |SystemCaller: Failed to Execute `""C:/Program Files/PostgreSQL/12/bin/pg_restore.exe" -h localhost  -p 5433 -U postgres  -w -d sau2004san2091 -O -x -c --no-security-labels "C:\Users\krima354\Work Folders\Documents\kicki_arbetsfiler\dap\intrasis_leveranser\intrasis_postgres_backup\SAU\SAU2004SAN2091_2014-03-04.zip.backup""
'
2023-03-16 10:40:05|   0.2|  0.0|WARN  |SystemCaller: Failed to Execute `""C:/Program Files/PostgreSQL/12/bin/pg_restore.exe" -h localhost  -p 5433 -U postgres  -w -d sau2004stor1 -O -x -c --no-security-labels "C:\Users\krima354\Work Folders\Documents\kicki_arbetsfiler\dap\intrasis_leveranser\intrasis_postgres_backup\SAU\SAU2004STOR1_2014-03-04.zip.backup""
'
2023-03-16 10:40:06|   0.2|  0.0|WARN  |SystemCaller: Failed to Execute `""C:/Program Files/PostgreSQL/12/bin/pg_restore.exe" -h localhost  -p 5433 -U postgres  -w -d sau2004via2077 -O -x -c --no-security-labels "C:\Users\krima354\Work Folders\Documents\kicki_arbetsfiler\dap\intrasis_leveranser\intrasis_postgres_backup\SAU\SAU2004VIA2077_2014-03-04.zip.backup""
'
2023-03-16 10:40:07|   0.2|  0.0|WARN  |SystemCaller: Failed to Execute `""C:/Program Files/PostgreSQL/12/bin/pg_restore.exe" -h localhost  -p 5433 -U postgres  -w -d sau2004via2078 -O -x -c --no-security-labels "C:\Users\krima354\Work Folders\Documents\kicki_arbetsfiler\dap\intrasis_leveranser\intrasis_postgres_backup\SAU\SAU2004VIA2078_2014-03-04.zip.backup""
'
2023-03-16 10:40:08|   0.2|  0.0|WARN  |SystemCaller: Failed to Execute `""C:/Program Files/PostgreSQL/12/bin/pg_restore.exe" -h localhost  -p 5433 -U postgres  -w -d sau2004via2079 -O -x -c --no-security-labels "C:\Users\krima354\Work Folders\Documents\kicki_arbetsfiler\dap\intrasis_leveranser\intrasis_postgres_backup\SAU\SAU2004VIA2079_2014-03-04.zip.backup""
'
2023-03-16 10:40:09|   0.2|  0.0|WARN  |SystemCaller: Failed to Execute `""C:/Program Files/PostgreSQL/12/bin/pg_restore.exe" -h localhost  -p 5433 -U postgres  -w -d sau2004via2080 -O -x -c --no-security-labels "C:\Users\krima354\Work Folders\Documents\kicki_arbetsfiler\dap\intrasis_leveranser\intrasis_postgres_backup\SAU\SAU2004VIA2080_2014-03-04.zip.backup""
'
2023-03-16 10:40:10|   0.2|  0.0|WARN  |SystemCaller: Failed to Execute `""C:/Program Files/PostgreSQL/12/bin/pg_restore.exe" -h localhost  -p 5433 -U postgres  -w -d sau2004via2085 -O -x -c --no-security-labels "C:\Users\krima354\Work Folders\Documents\kicki_arbetsfiler\dap\intrasis_leveranser\intrasis_postgres_backup\SAU\SAU2004VIA2085_2014-03-04.zip.backup""
'
2023-03-16 10:40:11|   0.2|  0.0|WARN  |SystemCaller: Failed to Execute `""C:/Program Files/PostgreSQL/12/bin/pg_restore.exe" -h localhost  -p 5433 -U postgres  -w -d sau2005saga19_41 -O -x -c --no-security-labels "C:\Users\krima354\Work Folders\Documents\kicki_arbetsfiler\dap\intrasis_leveranser\intrasis_postgres_backup\SAU\SAU2005SAGA19_41_2014-03-05.zip.backup""
'
2023-03-16 10:40:12|   0.2|  0.0|WARN  |SystemCaller: Failed to Execute `""C:/Program Files/PostgreSQL/12/bin/pg_restore.exe" -h localhost  -p 5433 -U postgres  -w -d sau2005saga36a -O -x -c --no-security-labels "C:\Users\krima354\Work Folders\Documents\kicki_arbetsfiler\dap\intrasis_leveranser\intrasis_postgres_backup\SAU\SAU2005SAGA36A_2014-03-05.zip.backup""
'
2023-03-16 10:40:13|   0.2|  0.0|WARN  |SystemCaller: Failed to Execute `""C:/Program Files/PostgreSQL/12/bin/pg_restore.exe" -h localhost  -p 5433 -U postgres  -w -d sau2005saga36 -O -x -c --no-security-labels "C:\Users\krima354\Work Folders\Documents\kicki_arbetsfiler\dap\intrasis_leveranser\intrasis_postgres_backup\SAU\SAU2005SAGA36_2014-03-05.zip.backup""
'
2023-03-16 10:40:15|   0.2|  0.0|WARN  |SystemCaller: Failed to Execute `""C:/Program Files/PostgreSQL/12/bin/pg_restore.exe" -h localhost  -p 5433 -U postgres  -w -d sau2005saga37 -O -x -c --no-security-labels "C:\Users\krima354\Work Folders\Documents\kicki_arbetsfiler\dap\intrasis_leveranser\intrasis_postgres_backup\SAU\SAU2005SAGA37_2014-03-05.zip.backup""
'
2023-03-16 10:40:16|   0.2|  0.0|WARN  |SystemCaller: Failed to Execute `""C:/Program Files/PostgreSQL/12/bin/pg_restore.exe" -h localhost  -p 5433 -U postgres  -w -d sau2005sanbo3024 -O -x -c --no-security-labels "C:\Users\krima354\Work Folders\Documents\kicki_arbetsfiler\dap\intrasis_leveranser\intrasis_postgres_backup\SAU\SAU2005SANBO3024_2014-03-05.zip.backup""
'
2023-03-16 10:40:18|   0.3|  0.1|WARN  |SystemCaller: Failed to Execute `""C:/Program Files/PostgreSQL/12/bin/pg_restore.exe" -h localhost  -p 5433 -U postgres  -w -d sau2005vvbo3025 -O -x -c --no-security-labels "C:\Users\krima354\Work Folders\Documents\kicki_arbetsfiler\dap\intrasis_leveranser\intrasis_postgres_backup\SAU\SAU2005VVBO3025_2014-03-05.zip.backup""
'
2023-03-16 10:40:20|   0.3|  0.0|WARN  |SystemCaller: Failed to Execute `""C:/Program Files/PostgreSQL/12/bin/pg_restore.exe" -h localhost  -p 5433 -U postgres  -w -d sau2005vvme1 -O -x -c --no-security-labels "C:\Users\krima354\Work Folders\Documents\kicki_arbetsfiler\dap\intrasis_leveranser\intrasis_postgres_backup\SAU\SAU2005VVME1_2014-03-05.zip.backup""
'
2023-03-16 10:40:21|   0.4|  0.1|WARN  |SystemCaller: Failed to Execute `""C:/Program Files/PostgreSQL/12/bin/pg_restore.exe" -h localhost  -p 5433 -U postgres  -w -d sau2005vvme2 -O -x -c --no-security-labels "C:\Users\krima354\Work Folders\Documents\kicki_arbetsfiler\dap\intrasis_leveranser\intrasis_postgres_backup\SAU\SAU2005VVME2_2014-03-05.zip.backup""
'
2023-03-16 10:40:22|   0.4|  0.0|WARN  |SystemCaller: Failed to Execute `""C:/Program Files/PostgreSQL/12/bin/pg_restore.exe" -h localhost  -p 5433 -U postgres  -w -d sau2005vvme3 -O -x -c --no-security-labels "C:\Users\krima354\Work Folders\Documents\kicki_arbetsfiler\dap\intrasis_leveranser\intrasis_postgres_backup\SAU\SAU2005VVME3_2014-03-05.zip.backup""
'
2023-03-16 10:40:23|   0.4|  0.0|WARN  |SystemCaller: Failed to Execute `""C:/Program Files/PostgreSQL/12/bin/pg_restore.exe" -h localhost  -p 5433 -U postgres  -w -d sau2006rim1071 -O -x -c --no-security-labels "C:\Users\krima354\Work Folders\Documents\kicki_arbetsfiler\dap\intrasis_leveranser\intrasis_postgres_backup\SAU\SAU2006RIM1071_2014-03-06.zip.backup""
'
2023-03-16 10:40:24|   0.4|  0.0|WARN  |SystemCaller: Failed to Execute `""C:/Program Files/PostgreSQL/12/bin/pg_restore.exe" -h localhost  -p 5433 -U postgres  -w -d sau2006saga103_104 -O -x -c --no-security-labels "C:\Users\krima354\Work Folders\Documents\kicki_arbetsfiler\dap\intrasis_leveranser\intrasis_postgres_backup\SAU\SAU2006SAGA103_104_2014-03-04.zip.backup""
'
2023-03-16 10:40:25|   0.4|  0.0|WARN  |SystemCaller: Failed to Execute `""C:/Program Files/PostgreSQL/12/bin/pg_restore.exe" -h localhost  -p 5433 -U postgres  -w -d sau2006saga328 -O -x -c --no-security-labels "C:\Users\krima354\Work Folders\Documents\kicki_arbetsfiler\dap\intrasis_leveranser\intrasis_postgres_backup\SAU\SAU2006SAGA328_2014-03-04.zip.backup""
'
2023-03-16 10:40:26|   0.4|  0.0|WARN  |SystemCaller: Failed to Execute `""C:/Program Files/PostgreSQL/12/bin/pg_restore.exe" -h localhost  -p 5433 -U postgres  -w -d sau2006saga329 -O -x -c --no-security-labels "C:\Users\krima354\Work Folders\Documents\kicki_arbetsfiler\dap\intrasis_leveranser\intrasis_postgres_backup\SAU\SAU2006SAGA329_2014-03-04.zip.backup""
'
2023-03-16 10:40:27|   0.4|  0.0|WARN  |SystemCaller: Failed to Execute `""C:/Program Files/PostgreSQL/12/bin/pg_restore.exe" -h localhost  -p 5433 -U postgres  -w -d sau2006ult2074 -O -x -c --no-security-labels "C:\Users\krima354\Work Folders\Documents\kicki_arbetsfiler\dap\intrasis_leveranser\intrasis_postgres_backup\SAU\SAU2006ULT2074_2014-03-21.zip.backup""
'
2023-03-16 10:40:28|   0.4|  0.0|WARN  |SystemCaller: Failed to Execute `""C:/Program Files/PostgreSQL/12/bin/pg_restore.exe" -h localhost  -p 5433 -U postgres  -w -d sau2006ult2075 -O -x -c --no-security-labels "C:\Users\krima354\Work Folders\Documents\kicki_arbetsfiler\dap\intrasis_leveranser\intrasis_postgres_backup\SAU\SAU2006ULT2075_2014-03-21.zip.backup""
'
2023-03-16 10:40:30|   0.4|  0.0|WARN  |SystemCaller: Failed to Execute `""C:/Program Files/PostgreSQL/12/bin/pg_restore.exe" -h localhost  -p 5433 -U postgres  -w -d sau2006vsk3069 -O -x -c --no-security-labels "C:\Users\krima354\Work Folders\Documents\kicki_arbetsfiler\dap\intrasis_leveranser\intrasis_postgres_backup\SAU\SAU2006VSK3069_2014-03-03.zip.backup""
'
2023-03-16 10:40:31|   0.4|  0.0|WARN  |SystemCaller: Failed to Execute `""C:/Program Files/PostgreSQL/12/bin/pg_restore.exe" -h localhost  -p 5433 -U postgres  -w -d sau2007arl2021 -O -x -c --no-security-labels "C:\Users\krima354\Work Folders\Documents\kicki_arbetsfiler\dap\intrasis_leveranser\intrasis_postgres_backup\SAU\SAU2007ARL2021_2014-03-04.zip.backup""
'
2023-03-16 10:40:32|   0.4|  0.0|WARN  |SystemCaller: Failed to Execute `""C:/Program Files/PostgreSQL/12/bin/pg_restore.exe" -h localhost  -p 5433 -U postgres  -w -d sau2007mor2098 -O -x -c --no-security-labels "C:\Users\krima354\Work Folders\Documents\kicki_arbetsfiler\dap\intrasis_leveranser\intrasis_postgres_backup\SAU\SAU2007MOR2098_2014-03-04.zip.backup""
'
2023-03-16 10:40:33|   0.4|  0.0|WARN  |SystemCaller: Failed to Execute `""C:/Program Files/PostgreSQL/12/bin/pg_restore.exe" -h localhost  -p 5433 -U postgres  -w -d sau2007mor3088 -O -x -c --no-security-labels "C:\Users\krima354\Work Folders\Documents\kicki_arbetsfiler\dap\intrasis_leveranser\intrasis_postgres_backup\SAU\SAU2007MOR3088_2014-03-03.zip.backup""
'
2023-03-16 10:40:34|   0.4|  0.0|WARN  |SystemCaller: Failed to Execute `""C:/Program Files/PostgreSQL/12/bin/pg_restore.exe" -h localhost  -p 5433 -U postgres  -w -d sau2007pal2053 -O -x -c --no-security-labels "C:\Users\krima354\Work Folders\Documents\kicki_arbetsfiler\dap\intrasis_leveranser\intrasis_postgres_backup\SAU\SAU2007PAL2053_2014-04-03.zip.backup""
'
2023-03-16 10:40:36|   0.4|  0.0|WARN  |SystemCaller: Failed to Execute `""C:/Program Files/PostgreSQL/12/bin/pg_restore.exe" -h localhost  -p 5433 -U postgres  -w -d sau2007pal3091 -O -x -c --no-security-labels "C:\Users\krima354\Work Folders\Documents\kicki_arbetsfiler\dap\intrasis_leveranser\intrasis_postgres_backup\SAU\SAU2007PAL3091_2016-03-30.zip.backup""
'
2023-03-16 10:40:37|   0.4|  0.0|WARN  |SystemCaller: Failed to Execute `""C:/Program Files/PostgreSQL/12/bin/pg_restore.exe" -h localhost  -p 5433 -U postgres  -w -d sau2007ram2028 -O -x -c --no-security-labels "C:\Users\krima354\Work Folders\Documents\kicki_arbetsfiler\dap\intrasis_leveranser\intrasis_postgres_backup\SAU\SAU2007RAM2028_2014-03-05.zip.backup""
'
2023-03-16 10:40:38|   0.4|  0.0|WARN  |SystemCaller: Failed to Execute `""C:/Program Files/PostgreSQL/12/bin/pg_restore.exe" -h localhost  -p 5433 -U postgres  -w -d sau2007sof3028 -O -x -c --no-security-labels "C:\Users\krima354\Work Folders\Documents\kicki_arbetsfiler\dap\intrasis_leveranser\intrasis_postgres_backup\SAU\SAU2007SOF3028_2016-03-31.zip.backup""
'
2023-03-16 10:40:39|   0.4|  0.0|WARN  |SystemCaller: Failed to Execute `""C:/Program Files/PostgreSQL/12/bin/pg_restore.exe" -h localhost  -p 5433 -U postgres  -w -d sau2007ulr2010 -O -x -c --no-security-labels "C:\Users\krima354\Work Folders\Documents\kicki_arbetsfiler\dap\intrasis_leveranser\intrasis_postgres_backup\SAU\SAU2007ULR2010_2014-03-04.zip.backup""
'
2023-03-16 10:40:40|   0.4|  0.0|WARN  |SystemCaller: Failed to Execute `""C:/Program Files/PostgreSQL/12/bin/pg_restore.exe" -h localhost  -p 5433 -U postgres  -w -d sau2007ult1080 -O -x -c --no-security-labels "C:\Users\krima354\Work Folders\Documents\kicki_arbetsfiler\dap\intrasis_leveranser\intrasis_postgres_backup\SAU\SAU2007ULT1080_2014-03-21.zip.backup""
'
2023-03-16 10:40:41|   0.4|  0.0|WARN  |SystemCaller: Failed to Execute `""C:/Program Files/PostgreSQL/12/bin/pg_restore.exe" -h localhost  -p 5433 -U postgres  -w -d sau2008arn2112 -O -x -c --no-security-labels "C:\Users\krima354\Work Folders\Documents\kicki_arbetsfiler\dap\intrasis_leveranser\intrasis_postgres_backup\SAU\SAU2008ARN2112_2014-03-04.zip.backup""
'
2023-03-16 10:40:43|   0.4|  0.0|WARN  |SystemCaller: Failed to Execute `""C:/Program Files/PostgreSQL/12/bin/pg_restore.exe" -h localhost  -p 5433 -U postgres  -w -d sau2008arn3107 -O -x -c --no-security-labels "C:\Users\krima354\Work Folders\Documents\kicki_arbetsfiler\dap\intrasis_leveranser\intrasis_postgres_backup\SAU\SAU2008ARN3107_2014-03-03.zip.backup""
'
2023-03-16 10:40:44|   0.4|  0.0|WARN  |SystemCaller: Failed to Execute `""C:/Program Files/PostgreSQL/12/bin/pg_restore.exe" -h localhost  -p 5433 -U postgres  -w -d sau2008rim2106 -O -x -c --no-security-labels "C:\Users\krima354\Work Folders\Documents\kicki_arbetsfiler\dap\intrasis_leveranser\intrasis_postgres_backup\SAU\SAU2008RIM2106_2014-03-04.zip.backup""
'
2023-03-16 10:40:45|   0.4|  0.0|WARN  |SystemCaller: Failed to Execute `""C:/Program Files/PostgreSQL/12/bin/pg_restore.exe" -h localhost  -p 5433 -U postgres  -w -d sau2008ulr3108 -O -x -c --no-security-labels "C:\Users\krima354\Work Folders\Documents\kicki_arbetsfiler\dap\intrasis_leveranser\intrasis_postgres_backup\SAU\SAU2008ULR3108_2014-03-03.zip.backup""
'
2023-03-16 10:40:46|   0.4|  0.0|WARN  |SystemCaller: Failed to Execute `""C:/Program Files/PostgreSQL/12/bin/pg_restore.exe" -h localhost  -p 5433 -U postgres  -w -d sau2008ult2110 -O -x -c --no-security-labels "C:\Users\krima354\Work Folders\Documents\kicki_arbetsfiler\dap\intrasis_leveranser\intrasis_postgres_backup\SAU\SAU2008ULT2110_2014-03-21.zip.backup""
'
2023-03-16 10:40:47|   0.4|  0.0|WARN  |SystemCaller: Failed to Execute `""C:/Program Files/PostgreSQL/12/bin/pg_restore.exe" -h localhost  -p 5433 -U postgres  -w -d sau2008ult3105 -O -x -c --no-security-labels "C:\Users\krima354\Work Folders\Documents\kicki_arbetsfiler\dap\intrasis_leveranser\intrasis_postgres_backup\SAU\SAU2008ULT3105_2014-03-21.zip.backup""
'
2023-03-16 10:40:48|   0.4|  0.0|WARN  |SystemCaller: Failed to Execute `""C:/Program Files/PostgreSQL/12/bin/pg_restore.exe" -h localhost  -p 5433 -U postgres  -w -d sau2008vsk2051 -O -x -c --no-security-labels "C:\Users\krima354\Work Folders\Documents\kicki_arbetsfiler\dap\intrasis_leveranser\intrasis_postgres_backup\SAU\SAU2008VSK2051_2014-03-04.zip.backup""
'
2023-03-16 10:40:49|   0.4|  0.0|WARN  |SystemCaller: Failed to Execute `""C:/Program Files/PostgreSQL/12/bin/pg_restore.exe" -h localhost  -p 5433 -U postgres  -w -d sau2009ful1102 -O -x -c --no-security-labels "C:\Users\krima354\Work Folders\Documents\kicki_arbetsfiler\dap\intrasis_leveranser\intrasis_postgres_backup\SAU\SAU2009FUL1102_2014-03-06.zip.backup""
'
2023-03-16 10:40:50|   0.4|  0.0|WARN  |SystemCaller: Failed to Execute `""C:/Program Files/PostgreSQL/12/bin/pg_restore.exe" -h localhost  -p 5433 -U postgres  -w -d sau2009got2115 -O -x -c --no-security-labels "C:\Users\krima354\Work Folders\Documents\kicki_arbetsfiler\dap\intrasis_leveranser\intrasis_postgres_backup\SAU\SAU2009GOT2115_2014-03-04.zip.backup""
'
2023-03-16 10:40:52|   0.4|  0.0|WARN  |SystemCaller: Failed to Execute `""C:/Program Files/PostgreSQL/12/bin/pg_restore.exe" -h localhost  -p 5433 -U postgres  -w -d sau2009hog2119 -O -x -c --no-security-labels "C:\Users\krima354\Work Folders\Documents\kicki_arbetsfiler\dap\intrasis_leveranser\intrasis_postgres_backup\SAU\SAU2009HOG2119_2014-03-03.zip.backup""
'
2023-03-16 10:40:53|   0.4|  0.0|WARN  |SystemCaller: Failed to Execute `""C:/Program Files/PostgreSQL/12/bin/pg_restore.exe" -h localhost  -p 5433 -U postgres  -w -d sau2009hul2118 -O -x -c --no-security-labels "C:\Users\krima354\Work Folders\Documents\kicki_arbetsfiler\dap\intrasis_leveranser\intrasis_postgres_backup\SAU\SAU2009HUL2118_2014-03-03.zip.backup""
'
2023-03-16 10:40:54|   0.4|  0.0|WARN  |SystemCaller: Failed to Execute `""C:/Program Files/PostgreSQL/12/bin/pg_restore.exe" -h localhost  -p 5433 -U postgres  -w -d sau2009kva2117 -O -x -c --no-security-labels "C:\Users\krima354\Work Folders\Documents\kicki_arbetsfiler\dap\intrasis_leveranser\intrasis_postgres_backup\SAU\SAU2009KVA2117_2014-03-04.zip.backup""
'
2023-03-16 10:40:56|   0.4|  0.0|WARN  |SystemCaller: Failed to Execute `""C:/Program Files/PostgreSQL/12/bin/pg_restore.exe" -h localhost  -p 5433 -U postgres  -w -d sau2009nor2127 -O -x -c --no-security-labels "C:\Users\krima354\Work Folders\Documents\kicki_arbetsfiler\dap\intrasis_leveranser\intrasis_postgres_backup\SAU\SAU2009NOR2127_2014-03-05.zip.backup""
'
2023-03-16 10:40:57|   0.5|  0.1|WARN  |SystemCaller: Failed to Execute `""C:/Program Files/PostgreSQL/12/bin/pg_restore.exe" -h localhost  -p 5433 -U postgres  -w -d sau2009ovi2123 -O -x -c --no-security-labels "C:\Users\krima354\Work Folders\Documents\kicki_arbetsfiler\dap\intrasis_leveranser\intrasis_postgres_backup\SAU\SAU2009OVI2123_2014-03-04.zip.backup""
'
2023-03-16 10:40:58|   0.5|  0.0|WARN  |SystemCaller: Failed to Execute `""C:/Program Files/PostgreSQL/12/bin/pg_restore.exe" -h localhost  -p 5433 -U postgres  -w -d sau2009sgu3114 -O -x -c --no-security-labels "C:\Users\krima354\Work Folders\Documents\kicki_arbetsfiler\dap\intrasis_leveranser\intrasis_postgres_backup\SAU\SAU2009SGU3114_2014-03-21.zip.backup""
'
2023-03-16 10:40:59|   0.5|  0.0|WARN  |SystemCaller: Failed to Execute `""C:/Program Files/PostgreSQL/12/bin/pg_restore.exe" -h localhost  -p 5433 -U postgres  -w -d sau2009ult2125 -O -x -c --no-security-labels "C:\Users\krima354\Work Folders\Documents\kicki_arbetsfiler\dap\intrasis_leveranser\intrasis_postgres_backup\SAU\SAU2009ULT2125_2014-03-21.zip.backup""
'
2023-03-16 10:41:00|   0.5|  0.0|WARN  |SystemCaller: Failed to Execute `""C:/Program Files/PostgreSQL/12/bin/pg_restore.exe" -h localhost  -p 5433 -U postgres  -w -d sau2009ult2131 -O -x -c --no-security-labels "C:\Users\krima354\Work Folders\Documents\kicki_arbetsfiler\dap\intrasis_leveranser\intrasis_postgres_backup\SAU\SAU2009ULT2131_2016-02-01.zip.backup""
'
2023-03-16 10:41:01|   0.5|  0.0|WARN  |SystemCaller: Failed to Execute `""C:/Program Files/PostgreSQL/12/bin/pg_restore.exe" -h localhost  -p 5433 -U postgres  -w -d sau2009ult3118 -O -x -c --no-security-labels "C:\Users\krima354\Work Folders\Documents\kicki_arbetsfiler\dap\intrasis_leveranser\intrasis_postgres_backup\SAU\SAU2009ULT3118_2014-03-21.zip.backup""
'
2023-03-16 10:41:02|   0.5|  0.0|WARN  |SystemCaller: Failed to Execute `""C:/Program Files/PostgreSQL/12/bin/pg_restore.exe" -h localhost  -p 5433 -U postgres  -w -d sau2009vsk3113 -O -x -c --no-security-labels "C:\Users\krima354\Work Folders\Documents\kicki_arbetsfiler\dap\intrasis_leveranser\intrasis_postgres_backup\SAU\SAU2009VSK3113_2014-03-03.zip.backup""
'
2023-03-16 10:41:04|   0.5|  0.0|WARN  |SystemCaller: Failed to Execute `""C:/Program Files/PostgreSQL/12/bin/pg_restore.exe" -h localhost  -p 5433 -U postgres  -w -d sau2010gil3128 -O -x -c --no-security-labels "C:\Users\krima354\Work Folders\Documents\kicki_arbetsfiler\dap\intrasis_leveranser\intrasis_postgres_backup\SAU\SAU2010GIL3128_2016-03-31.zip.backup""
'
2023-03-16 10:41:05|   0.5|  0.0|WARN  |SystemCaller: Failed to Execute `""C:/Program Files/PostgreSQL/12/bin/pg_restore.exe" -h localhost  -p 5433 -U postgres  -w -d sau2010got3120 -O -x -c --no-security-labels "C:\Users\krima354\Work Folders\Documents\kicki_arbetsfiler\dap\intrasis_leveranser\intrasis_postgres_backup\SAU\SAU2010GOT3120_2014-03-14.zip.backup""
'
2023-03-16 10:41:06|   0.5|  0.0|WARN  |SystemCaller: Failed to Execute `""C:/Program Files/PostgreSQL/12/bin/pg_restore.exe" -h localhost  -p 5433 -U postgres  -w -d sau2010hog3119 -O -x -c --no-security-labels "C:\Users\krima354\Work Folders\Documents\kicki_arbetsfiler\dap\intrasis_leveranser\intrasis_postgres_backup\SAU\SAU2010HOG3119_2014-03-03.zip.backup""
'
2023-03-16 10:41:07|   0.5|  0.0|WARN  |SystemCaller: Failed to Execute `""C:/Program Files/PostgreSQL/12/bin/pg_restore.exe" -h localhost  -p 5433 -U postgres  -w -d sau2010ras635 -O -x -c --no-security-labels "C:\Users\krima354\Work Folders\Documents\kicki_arbetsfiler\dap\intrasis_leveranser\intrasis_postgres_backup\SAU\SAU2010RAS635_2014-03-03.zip.backup""
'
2023-03-16 10:41:09|   0.5|  0.0|WARN  |SystemCaller: Failed to Execute `""C:/Program Files/PostgreSQL/12/bin/pg_restore.exe" -h localhost  -p 5433 -U postgres  -w -d sau2010ras659 -O -x -c --no-security-labels "C:\Users\krima354\Work Folders\Documents\kicki_arbetsfiler\dap\intrasis_leveranser\intrasis_postgres_backup\SAU\SAU2010RAS659_2014-03-03.zip.backup""
'
2023-03-16 10:41:10|   0.5|  0.0|WARN  |SystemCaller: Failed to Execute `""C:/Program Files/PostgreSQL/12/bin/pg_restore.exe" -h localhost  -p 5433 -U postgres  -w -d sau2010sta2116 -O -x -c --no-security-labels "C:\Users\krima354\Work Folders\Documents\kicki_arbetsfiler\dap\intrasis_leveranser\intrasis_postgres_backup\SAU\SAU2010STA2116_2014-03-05.zip.backup""
'
2023-03-16 10:41:11|   0.5|  0.0|WARN  |SystemCaller: Failed to Execute `""C:/Program Files/PostgreSQL/12/bin/pg_restore.exe" -h localhost  -p 5433 -U postgres  -w -d sau2010una4089 -O -x -c --no-security-labels "C:\Users\krima354\Work Folders\Documents\kicki_arbetsfiler\dap\intrasis_leveranser\intrasis_postgres_backup\SAU\SAU2010UNA4089_2014-03-21.zip.backup""
'
2023-03-16 10:41:12|   0.5|  0.0|WARN  |SystemCaller: Failed to Execute `""C:/Program Files/PostgreSQL/12/bin/pg_restore.exe" -h localhost  -p 5433 -U postgres  -w -d sau2011backlosa1123 -O -x -c --no-security-labels "C:\Users\krima354\Work Folders\Documents\kicki_arbetsfiler\dap\intrasis_leveranser\intrasis_postgres_backup\SAU\SAU2011BACKLOSA1123_2014-03-06.zip.backup""
'
2023-03-16 10:41:13|   0.5|  0.0|WARN  |SystemCaller: Failed to Execute `""C:/Program Files/PostgreSQL/12/bin/pg_restore.exe" -h localhost  -p 5433 -U postgres  -w -d sau2011hok1112 -O -x -c --no-security-labels "C:\Users\krima354\Work Folders\Documents\kicki_arbetsfiler\dap\intrasis_leveranser\intrasis_postgres_backup\SAU\SAU2011HOK1112_2014-03-03.zip.backup""
'
2023-03-16 10:41:14|   0.5|  0.0|WARN  |SystemCaller: Failed to Execute `""C:/Program Files/PostgreSQL/12/bin/pg_restore.exe" -h localhost  -p 5433 -U postgres  -w -d sau2011kaf2148 -O -x -c --no-security-labels "C:\Users\krima354\Work Folders\Documents\kicki_arbetsfiler\dap\intrasis_leveranser\intrasis_postgres_backup\SAU\SAU2011KAF2148_2014-03-03.zip.backup""
'
2023-03-16 10:41:15|   0.5|  0.0|WARN  |SystemCaller: Failed to Execute `""C:/Program Files/PostgreSQL/12/bin/pg_restore.exe" -h localhost  -p 5433 -U postgres  -w -d sau2011lager4096 -O -x -c --no-security-labels "C:\Users\krima354\Work Folders\Documents\kicki_arbetsfiler\dap\intrasis_leveranser\intrasis_postgres_backup\SAU\SAU2011LAGER4096_2014-02-28.zip.backup""
'
2023-03-16 10:41:16|   0.5|  0.0|WARN  |SystemCaller: Failed to Execute `""C:/Program Files/PostgreSQL/12/bin/pg_restore.exe" -h localhost  -p 5433 -U postgres  -w -d sau2011navertorp2148 -O -x -c --no-security-labels "C:\Users\krima354\Work Folders\Documents\kicki_arbetsfiler\dap\intrasis_leveranser\intrasis_postgres_backup\SAU\SAU2011Navertorp2148_2014-03-04.zip.backup""
'
2023-03-16 10:41:17|   0.5|  0.0|WARN  |SystemCaller: Failed to Execute `""C:/Program Files/PostgreSQL/12/bin/pg_restore.exe" -h localhost  -p 5433 -U postgres  -w -d sau2011rosendal2140 -O -x -c --no-security-labels "C:\Users\krima354\Work Folders\Documents\kicki_arbetsfiler\dap\intrasis_leveranser\intrasis_postgres_backup\SAU\SAU2011Rosendal2140_2014-03-03.zip.backup""
'
2023-03-16 10:41:18|   0.5|  0.0|WARN  |SystemCaller: Failed to Execute `""C:/Program Files/PostgreSQL/12/bin/pg_restore.exe" -h localhost  -p 5433 -U postgres  -w -d sau2011stenkvista4099 -O -x -c --no-security-labels "C:\Users\krima354\Work Folders\Documents\kicki_arbetsfiler\dap\intrasis_leveranser\intrasis_postgres_backup\SAU\SAU2011STENKVISTA4099_2014-02-28.zip.backup""
'
2023-03-16 10:41:19|   0.5|  0.0|WARN  |SystemCaller: Failed to Execute `""C:/Program Files/PostgreSQL/12/bin/pg_restore.exe" -h localhost  -p 5433 -U postgres  -w -d sau2011thaikiosk4100 -O -x -c --no-security-labels "C:\Users\krima354\Work Folders\Documents\kicki_arbetsfiler\dap\intrasis_leveranser\intrasis_postgres_backup\SAU\SAU2011Thaikiosk4100_2014-02-28.zip.backup""
'
2023-03-16 10:41:21|   0.5|  0.0|WARN  |SystemCaller: Failed to Execute `""C:/Program Files/PostgreSQL/12/bin/pg_restore.exe" -h localhost  -p 5433 -U postgres  -w -d sau2011ult2144 -O -x -c --no-security-labels "C:\Users\krima354\Work Folders\Documents\kicki_arbetsfiler\dap\intrasis_leveranser\intrasis_postgres_backup\SAU\SAU2011ULT2144_2014-03-21.zip.backup""
'
2023-03-16 10:41:22|   0.5|  0.0|WARN  |SystemCaller: Failed to Execute `""C:/Program Files/PostgreSQL/12/bin/pg_restore.exe" -h localhost  -p 5433 -U postgres  -w -d sau2012erb_1125 -O -x -c --no-security-labels "C:\Users\krima354\Work Folders\Documents\kicki_arbetsfiler\dap\intrasis_leveranser\intrasis_postgres_backup\SAU\SAU2012ERB_1125_2014-03-03.zip.backup""
'
2023-03-16 10:41:23|   0.6|  0.1|WARN  |SystemCaller: Failed to Execute `""C:/Program Files/PostgreSQL/12/bin/pg_restore.exe" -h localhost  -p 5433 -U postgres  -w -d sau2012kall2152 -O -x -c --no-security-labels "C:\Users\krima354\Work Folders\Documents\kicki_arbetsfiler\dap\intrasis_leveranser\intrasis_postgres_backup\SAU\SAU2012KALL2152_2015-08-27.zip.backup""
'
2023-03-16 10:41:24|   0.6|  0.0|WARN  |SystemCaller: Failed to Execute `""C:/Program Files/PostgreSQL/12/bin/pg_restore.exe" -h localhost  -p 5433 -U postgres  -w -d sau2012prast4103 -O -x -c --no-security-labels "C:\Users\krima354\Work Folders\Documents\kicki_arbetsfiler\dap\intrasis_leveranser\intrasis_postgres_backup\SAU\SAU2012PRAST4103_2014-02-28.zip.backup""
'
2023-03-16 10:41:25|   0.6|  0.0|WARN  |SystemCaller: Failed to Execute `""C:/Program Files/PostgreSQL/12/bin/pg_restore.exe" -h localhost  -p 5433 -U postgres  -w -d sau2012slum2160 -O -x -c --no-security-labels "C:\Users\krima354\Work Folders\Documents\kicki_arbetsfiler\dap\intrasis_leveranser\intrasis_postgres_backup\SAU\SAU2012SLUM2160_2014-03-03.zip.backup""
'
2023-03-16 10:41:26|   0.6|  0.0|WARN  |SystemCaller: Failed to Execute `""C:/Program Files/PostgreSQL/12/bin/pg_restore.exe" -h localhost  -p 5433 -U postgres  -w -d sau2012ult4106husc4115 -O -x -c --no-security-labels "C:\Users\krima354\Work Folders\Documents\kicki_arbetsfiler\dap\intrasis_leveranser\intrasis_postgres_backup\SAU\SAU2012ULT4106husC4115_2016-03-31.zip.backup""
'
2023-03-16 10:41:27|   0.6|  0.0|WARN  |SystemCaller: Failed to Execute `""C:/Program Files/PostgreSQL/12/bin/pg_restore.exe" -h localhost  -p 5433 -U postgres  -w -d sau2012vangsta2153 -O -x -c --no-security-labels "C:\Users\krima354\Work Folders\Documents\kicki_arbetsfiler\dap\intrasis_leveranser\intrasis_postgres_backup\SAU\SAU2012VANGSTA2153_2014-03-05.zip.backup""
'
2023-03-16 10:41:29|   0.6|  0.0|WARN  |SystemCaller: Failed to Execute `""C:/Program Files/PostgreSQL/12/bin/pg_restore.exe" -h localhost  -p 5433 -U postgres  -w -d sau2012_ostra_viggeby_1124 -O -x -c --no-security-labels "C:\Users\krima354\Work Folders\Documents\kicki_arbetsfiler\dap\intrasis_leveranser\intrasis_postgres_backup\SAU\SAU2012_Ostra_Viggeby_1124_2014-03-03.zip.backup""
'
2023-03-16 10:41:30|   0.6|  0.0|WARN  |SystemCaller: Failed to Execute `""C:/Program Files/PostgreSQL/12/bin/pg_restore.exe" -h localhost  -p 5433 -U postgres  -w -d sau2013brott2167 -O -x -c --no-security-labels "C:\Users\krima354\Work Folders\Documents\kicki_arbetsfiler\dap\intrasis_leveranser\intrasis_postgres_backup\SAU\SAU2013BROTT2167_2014-03-03.zip.backup""
'
2023-03-16 10:41:31|   0.6|  0.0|WARN  |SystemCaller: Failed to Execute `""C:/Program Files/PostgreSQL/12/bin/pg_restore.exe" -h localhost  -p 5433 -U postgres  -w -d sau2013hedens1129 -O -x -c --no-security-labels "C:\Users\krima354\Work Folders\Documents\kicki_arbetsfiler\dap\intrasis_leveranser\intrasis_postgres_backup\SAU\SAU2013HEDENS1129_2014-02-28.zip.backup""
'
2023-03-16 10:41:32|   0.6|  0.0|WARN  |SystemCaller: Failed to Execute `""C:/Program Files/PostgreSQL/12/bin/pg_restore.exe" -h localhost  -p 5433 -U postgres  -w -d sau2013libro1137 -O -x -c --no-security-labels "C:\Users\krima354\Work Folders\Documents\kicki_arbetsfiler\dap\intrasis_leveranser\intrasis_postgres_backup\SAU\SAU2013LIBRO1137_2016-03-31.zip.backup""
'
2023-03-16 10:41:33|   0.6|  0.0|WARN  |SystemCaller: Failed to Execute `""C:/Program Files/PostgreSQL/12/bin/pg_restore.exe" -h localhost  -p 5433 -U postgres  -w -d sau2013tann1134 -O -x -c --no-security-labels "C:\Users\krima354\Work Folders\Documents\kicki_arbetsfiler\dap\intrasis_leveranser\intrasis_postgres_backup\SAU\SAU2013TANN1134_2014-03-03.zip.backup""
'
2023-03-16 10:41:34|   0.6|  0.0|WARN  |SystemCaller: Failed to Execute `""C:/Program Files/PostgreSQL/12/bin/pg_restore.exe" -h localhost  -p 5433 -U postgres  -w -d sau2013_hoekaasen_1128 -O -x -c --no-security-labels "C:\Users\krima354\Work Folders\Documents\kicki_arbetsfiler\dap\intrasis_leveranser\intrasis_postgres_backup\SAU\SAU2013_Hoekaasen_1128_2014-03-03.zip.backup""
'
2023-03-16 10:41:35|   0.6|  0.0|WARN  |SystemCaller: Failed to Execute `""C:/Program Files/PostgreSQL/12/bin/pg_restore.exe" -h localhost  -p 5433 -U postgres  -w -d sau2013_skepparen_2 -O -x -c --no-security-labels "C:\Users\krima354\Work Folders\Documents\kicki_arbetsfiler\dap\intrasis_leveranser\intrasis_postgres_backup\SAU\SAU2013_SKEPPAREN_2_2014-03-03.zip.backup""
'
2023-03-16 10:41:37|   0.6|  0.0|WARN  |SystemCaller: Failed to Execute `""C:/Program Files/PostgreSQL/12/bin/pg_restore.exe" -h localhost  -p 5433 -U postgres  -w -d sau2014almby2173 -O -x -c --no-security-labels "C:\Users\krima354\Work Folders\Documents\kicki_arbetsfiler\dap\intrasis_leveranser\intrasis_postgres_backup\SAU\SAU2014Almby2173_2016-03-31.zip.backup""
'
2023-03-16 10:41:38|   0.6|  0.0|WARN  |SystemCaller: Failed to Execute `""C:/Program Files/PostgreSQL/12/bin/pg_restore.exe" -h localhost  -p 5433 -U postgres  -w -d sau2014bettorp1144 -O -x -c --no-security-labels "C:\Users\krima354\Work Folders\Documents\kicki_arbetsfiler\dap\intrasis_leveranser\intrasis_postgres_backup\SAU\SAU2014Bettorp1144_2016-03-31.zip.backup""
'
2023-03-16 10:41:39|   0.6|  0.0|WARN  |SystemCaller: Failed to Execute `""C:/Program Files/PostgreSQL/12/bin/pg_restore.exe" -h localhost  -p 5433 -U postgres  -w -d sau2014bettorp1153 -O -x -c --no-security-labels "C:\Users\krima354\Work Folders\Documents\kicki_arbetsfiler\dap\intrasis_leveranser\intrasis_postgres_backup\SAU\SAU2014Bettorp1153_2016-03-31.zip.backup""
'
2023-03-16 10:41:40|   0.6|  0.0|WARN  |SystemCaller: Failed to Execute `""C:/Program Files/PostgreSQL/12/bin/pg_restore.exe" -h localhost  -p 5433 -U postgres  -w -d sau2014bettorp2175 -O -x -c --no-security-labels "C:\Users\krima354\Work Folders\Documents\kicki_arbetsfiler\dap\intrasis_leveranser\intrasis_postgres_backup\SAU\SAU2014Bettorp2175_2016-03-31.zip.backup""
'
2023-03-16 10:41:41|   0.7|  0.1|WARN  |SystemCaller: Failed to Execute `""C:/Program Files/PostgreSQL/12/bin/pg_restore.exe" -h localhost  -p 5433 -U postgres  -w -d sau2014eklu1139 -O -x -c --no-security-labels "C:\Users\krima354\Work Folders\Documents\kicki_arbetsfiler\dap\intrasis_leveranser\intrasis_postgres_backup\SAU\SAU2014EKLU1139_2016-03-31.zip.backup""
'
2023-03-16 10:41:42|   0.7|  0.0|WARN  |SystemCaller: Failed to Execute `""C:/Program Files/PostgreSQL/12/bin/pg_restore.exe" -h localhost  -p 5433 -U postgres  -w -d sau2014krono1159 -O -x -c --no-security-labels "C:\Users\krima354\Work Folders\Documents\kicki_arbetsfiler\dap\intrasis_leveranser\intrasis_postgres_backup\SAU\SAU2014Krono1159_2016-03-31.zip.backup""
'
2023-03-16 10:41:43|   0.7|  0.0|WARN  |SystemCaller: Failed to Execute `""C:/Program Files/PostgreSQL/12/bin/pg_restore.exe" -h localhost  -p 5433 -U postgres  -w -d sau2014kvarntorp1147 -O -x -c --no-security-labels "C:\Users\krima354\Work Folders\Documents\kicki_arbetsfiler\dap\intrasis_leveranser\intrasis_postgres_backup\SAU\SAU2014Kvarntorp1147_2014-09-01.zip.backup""
'
2023-03-16 10:41:44|   0.7|  0.0|WARN  |SystemCaller: Failed to Execute `""C:/Program Files/PostgreSQL/12/bin/pg_restore.exe" -h localhost  -p 5433 -U postgres  -w -d sau2014ofyr2172 -O -x -c --no-security-labels "C:\Users\krima354\Work Folders\Documents\kicki_arbetsfiler\dap\intrasis_leveranser\intrasis_postgres_backup\SAU\SAU2014OFYR2172_2016-03-31.zip.backup""
'
2023-03-16 10:41:45|   0.7|  0.0|WARN  |SystemCaller: Failed to Execute `""C:/Program Files/PostgreSQL/12/bin/pg_restore.exe" -h localhost  -p 5433 -U postgres  -w -d sau2014rallsta4115 -O -x -c --no-security-labels "C:\Users\krima354\Work Folders\Documents\kicki_arbetsfiler\dap\intrasis_leveranser\intrasis_postgres_backup\SAU\SAU2014RALLSTA4115_2016-03-31.zip.backup""
'
2023-03-16 10:41:46|   0.7|  0.0|WARN  |SystemCaller: Failed to Execute `""C:/Program Files/PostgreSQL/12/bin/pg_restore.exe" -h localhost  -p 5433 -U postgres  -w -d sau2014runnaby1151 -O -x -c --no-security-labels "C:\Users\krima354\Work Folders\Documents\kicki_arbetsfiler\dap\intrasis_leveranser\intrasis_postgres_backup\SAU\SAU2014Runnaby1151_2016-03-31.zip.backup""
'
2023-03-16 10:41:48|   0.7|  0.0|WARN  |SystemCaller: Failed to Execute `""C:/Program Files/PostgreSQL/12/bin/pg_restore.exe" -h localhost  -p 5433 -U postgres  -w -d sau2014skaelby -O -x -c --no-security-labels "C:\Users\krima354\Work Folders\Documents\kicki_arbetsfiler\dap\intrasis_leveranser\intrasis_postgres_backup\SAU\SAU2014Skaelby_2014-07-15.zip.backup""
'
2023-03-16 10:41:49|   0.7|  0.0|WARN  |SystemCaller: Failed to Execute `""C:/Program Files/PostgreSQL/12/bin/pg_restore.exe" -h localhost  -p 5433 -U postgres  -w -d sau2014till1141 -O -x -c --no-security-labels "C:\Users\krima354\Work Folders\Documents\kicki_arbetsfiler\dap\intrasis_leveranser\intrasis_postgres_backup\SAU\SAU2014TILL1141_2016-03-31.zip.backup""
'
2023-03-16 10:41:50|   0.7|  0.0|WARN  |SystemCaller: Failed to Execute `""C:/Program Files/PostgreSQL/12/bin/pg_restore.exe" -h localhost  -p 5433 -U postgres  -w -d sau2014uthamrafu2169 -O -x -c --no-security-labels "C:\Users\krima354\Work Folders\Documents\kicki_arbetsfiler\dap\intrasis_leveranser\intrasis_postgres_backup\SAU\SAU2014UthamraFU2169_2015-11-23.zip.backup""
'
2023-03-16 10:41:52|   0.7|  0.0|WARN  |SystemCaller: Failed to Execute `""C:/Program Files/PostgreSQL/12/bin/pg_restore.exe" -h localhost  -p 5433 -U postgres  -w -d sau_2002_vax333 -O -x -c --no-security-labels "C:\Users\krima354\Work Folders\Documents\kicki_arbetsfiler\dap\intrasis_leveranser\intrasis_postgres_backup\SAU\SAU_2002_VAX333_2014-03-06.zip.backup""
'
2023-03-16 10:41:52|   0.7|  0.0|INFORM|Path Reader: Closing the PATH Reader
2023-03-16 10:41:52|   0.7|  0.0|INFORM|MULTI_READER(MULTI_READER): Done reading 104 features from 1 readers
2023-03-16 10:41:52|   0.7|  0.0|INFORM|Emptying factory pipeline
2023-03-16 10:41:52|   0.7|  0.0|STATS |Router and Unexpected Input Remover (RoutingFactory): Tested 104 input feature(s), wrote 104 output feature(s): 104 matched merge filters, 104 were routed to output, 0 could not be routed.
2023-03-16 10:41:52|   0.7|  0.0|STATS |Unwanted Router Input Nuker (TeeFactory): Cloned 0 input feature(s) into 0 output feature(s)
2023-03-16 10:41:52|   0.7|  0.0|STATS |PATH_PATH_1 Splitter (TeeFactory): Cloned 104 input feature(s) into 104 output feature(s)
2023-03-16 10:41:52|   0.7|  0.0|STATS |SystemCaller_3 (TeeFactory): Cloned 104 input feature(s) into 104 output feature(s)
2023-03-16 10:41:52|   0.7|  0.0|STATS |SystemCaller (TeeFactory): Cloned 104 input feature(s) into 104 output feature(s)
2023-03-16 10:41:52|   0.7|  0.0|STATS |Destination Feature Type Routing Correlator (RoutingFactory): Tested 0 input feature(s), wrote 0 output feature(s): 0 matched merge filters, 0 were routed to output, 0 could not be routed.
2023-03-16 10:41:52|   0.7|  0.0|STATS |Final Output Nuker (TeeFactory): Cloned 0 input feature(s) into 0 output feature(s)
2023-03-16 10:41:52|   0.7|  0.0|STATS |=-=-=-=-=-=-=-=-=-=-=-=-=-=-=-=-=-=-=-=-=-=-=-=-=-=-=-=-=-=-=-=-=-=-=-=-=-=-=-
2023-03-16 10:41:52|   0.7|  0.0|STATS |                            Features Read Summary
2023-03-16 10:41:52|   0.7|  0.0|STATS |=-=-=-=-=-=-=-=-=-=-=-=-=-=-=-=-=-=-=-=-=-=-=-=-=-=-=-=-=-=-=-=-=-=-=-=-=-=-=-
2023-03-16 10:41:52|   0.7|  0.0|STATS |PATH                                                                       104
2023-03-16 10:41:52|   0.7|  0.0|STATS |==============================================================================
2023-03-16 10:41:52|   0.7|  0.0|STATS |Total Features Read                                                        104
2023-03-16 10:41:52|   0.7|  0.0|STATS |=-=-=-=-=-=-=-=-=-=-=-=-=-=-=-=-=-=-=-=-=-=-=-=-=-=-=-=-=-=-=-=-=-=-=-=-=-=-=-
2023-03-16 10:41:52|   0.7|  0.0|STATS |=-=-=-=-=-=-=-=-=-=-=-=-=-=-=-=-=-=-=-=-=-=-=-=-=-=-=-=-=-=-=-=-=-=-=-=-=-=-=-
2023-03-16 10:41:52|   0.7|  0.0|STATS |                           Features Written Summary
2023-03-16 10:41:52|   0.7|  0.0|STATS |=-=-=-=-=-=-=-=-=-=-=-=-=-=-=-=-=-=-=-=-=-=-=-=-=-=-=-=-=-=-=-=-=-=-=-=-=-=-=-
2023-03-16 10:41:52|   0.7|  0.0|STATS |==============================================================================
2023-03-16 10:41:52|   0.7|  0.0|STATS |Total Features Written                                                       0
2023-03-16 10:41:52|   0.7|  0.0|STATS |=-=-=-=-=-=-=-=-=-=-=-=-=-=-=-=-=-=-=-=-=-=-=-=-=-=-=-=-=-=-=-=-=-=-=-=-=-=-=-
2023-03-16 10:41:52|   0.8|  0.1|WARN  |-~-~-~-~-~-~-~-~-~-~-~-~-~-~-~-~-~-~-~-~-~-~-~-~-~-~-~-~-~-~-~-~-~-~-~-~-~-~-~-~-
2023-03-16 10:41:52|   0.8|  0.0|WARN  |-~                                                                             ~-
2023-03-16 10:41:52|   0.8|  0.0|WARN  |-~    Feature caches have been recorded at every stage of the translation.     ~-
2023-03-16 10:41:52|   0.8|  0.0|WARN  |-~                      To inspect the recorded features,                      ~-
2023-03-16 10:41:52|   0.8|  0.0|WARN  |-~              click the feature cache icons next to the ports.               ~-
2023-03-16 10:41:52|   0.8|  0.0|WARN  |-~                                                                             ~-
2023-03-16 10:41:52|   0.8|  0.0|WARN  |-~-~-~-~-~-~-~-~-~-~-~-~-~-~-~-~-~-~-~-~-~-~-~-~-~-~-~-~-~-~-~-~-~-~-~-~-~-~-~-~-
2023-03-16 10:41:52|   0.8|  0.0|INFORM|Translation was SUCCESSFUL with 111 warning(s) (0 feature(s) output)
2023-03-16 10:41:52|   0.8|  0.0|INFORM|FME Session Duration: 2 minutes 1.9 seconds. (CPU: 0.1s user, 0.7s system)
2023-03-16 10:41:52|   0.8|  0.0|INFORM|END - ProcessID: 780, peak process memory usage: 60624 kB, current process memory usage: 60516 kB
