2023-05-30 09:06:17|   0.0|  0.0|INFORM|Current FME version: FME 2022.1.3.0 (20220928 - Build 22630 - WIN64)
2023-05-30 09:06:17|   0.0|  0.0|INFORM|FME_HOME is 'C:\Program Files\FME2022_1_3\'
2023-05-30 09:06:17|   0.0|  0.0|INFORM|FME Database Edition (node locked-crc)
2023-05-30 09:06:17|   0.0|  0.0|INFORM|Serial Number: GN3A-3NG9-21YZ
2023-05-30 09:06:17|   0.0|  0.0|INFORM|Temporary License: 24 days left.
2023-05-30 09:06:17|   0.0|  0.0|INFORM|Machine host name is: EPI-4L2CTD3
2023-05-30 09:06:17|   0.0|  0.0|INFORM|OS Locale Name     : sv_SE
2023-05-30 09:06:17|   0.0|  0.0|INFORM|OS Locale Encoding : windows-1252
2023-05-30 09:06:17|   0.0|  0.0|INFORM|Process Encoding   : UTF-8
2023-05-30 09:06:17|   0.0|  0.0|INFORM|FME API version: '4.0 20220615'
2023-05-30 09:06:17|   0.0|  0.0|INFORM|FME Configuration: FME_BASE is 'no'
2023-05-30 09:06:17|   0.0|  0.0|INFORM|FME Configuration: FME_MF_DIR is 'C:\Users\krima354\Work Folders\Documents\GitHub\kix_working_dir\divFME\SAU\slask/'
2023-05-30 09:06:17|   0.0|  0.0|INFORM|FME Configuration: FME_MF_NAME is 'sau_write_bb.fmw'
2023-05-30 09:06:17|   0.0|  0.0|INFORM|FME Configuration: FME_PRODUCT_NAME is 'FME(R) 2022.1.3.0'
2023-05-30 09:06:17|   0.0|  0.0|INFORM|Operating System: Microsoft Windows 10 64-bit  (Build 19045)
2023-05-30 09:06:17|   0.0|  0.0|INFORM|FME Platform: WIN64
2023-05-30 09:06:17|   0.0|  0.0|INFORM|System Status: 353.69 GB of disk space available in the FME temporary folder (C:\Users\krima354\AppData\Local\Temp\wbrun_1685429878095_26544\fmetmp_1)
2023-05-30 09:06:17|   0.0|  0.0|INFORM|System Status: 31.73 GB of physical memory available
2023-05-30 09:06:17|   0.0|  0.0|INFORM|System Status: 126.93 GB of virtual memory available
2023-05-30 09:06:17|   0.0|  0.0|INFORM|START - ProcessID: 23304, peak process memory usage: 50516 kB, current process memory usage: 50516 kB
2023-05-30 09:06:17|   0.0|  0.0|INFORM|FME Configuration: Command line arguments are `C:\Program Files\FME2022_1_3\fme.exe' `C:/Users/krima354/Work Folders/Documents/GitHub/kix_working_dir/divFME/SAU/slask\wb-xlate-1685430372637_26544' `LOG_STANDARDOUT' `YES' `LOG_TIMINGS' `YES' `LogCountServerName' `54192' `LOG_STANDARDOUT' `No' `WORKBENCH_LOG_SERVER' `54112'
2023-05-30 09:06:17|   0.0|  0.0|INFORM|FME Configuration: Connection Storage: 'C:\Users\krima354\AppData\Roaming\Safe Software\FME\'
2023-05-30 09:06:17|   0.0|  0.0|INFORM|Shared folders for formats are : C:\Program Files\FME2022_1_3\datasources;C:\Users\krima354\Work Folders\Documents\FME\Formats
2023-05-30 09:06:17|   0.0|  0.0|INFORM|Shared folders for transformers are : C:\Users\krima354\AppData\Roaming\Safe Software\FME\Packages\22630-win64\transformers;C:\Program Files\FME2022_1_3\transformers;C:\Users\krima354\AppData\Roaming\Safe Software\FME\FME Store\Transformers
2023-05-30 09:06:17|   0.0|  0.0|INFORM|Shared folders for coordinate systems are : C:\Users\krima354\Work Folders\Documents\FME\CoordinateSystems
2023-05-30 09:06:17|   0.0|  0.0|INFORM|Shared folders for coordinate system exceptions are : C:\Users\krima354\Work Folders\Documents\FME\CoordinateSystemExceptions
2023-05-30 09:06:17|   0.0|  0.0|INFORM|Shared folders for coordinate system grid overrides are : C:\Users\krima354\Work Folders\Documents\FME\CoordinateSystemGridOverrides
2023-05-30 09:06:17|   0.0|  0.0|INFORM|Shared folders for CS-MAP transformation exceptions are : C:\Users\krima354\Work Folders\Documents\FME\CsmapTransformationExceptions
2023-05-30 09:06:17|   0.0|  0.0|INFORM|Shared folders for transformer categories are : C:\Users\krima354\Work Folders\Documents\FME\TransformerCategories
2023-05-30 09:06:17|   0.0|  0.0|INFORM|FME Configuration: Reader Keyword is `MULTI_READER'
2023-05-30 09:06:17|   0.0|  0.0|INFORM|FME Configuration: Writer Keyword is `MULTI_WRITER'
2023-05-30 09:06:17|   0.0|  0.0|INFORM|FME Configuration: Writer Group Definition Keyword is `MULTI_WRITER_DEF'
2023-05-30 09:06:17|   0.0|  0.0|INFORM|FME Configuration: Reader type is `MULTI_READER'
2023-05-30 09:06:17|   0.0|  0.0|INFORM|FME Configuration: Writer type is `MULTI_WRITER'
2023-05-30 09:06:17|   0.0|  0.0|INFORM|FME Configuration: No destination coordinate system set
2023-05-30 09:06:17|   0.0|  0.0|INFORM|FME Configuration: Current working folder is `C:\Users\krima354\Work Folders\Documents\GitHub\kix_working_dir\divFME\SAU\slask'
2023-05-30 09:06:17|   0.0|  0.0|INFORM|FME Configuration: Temporary folder is `C:\Users\krima354\AppData\Local\Temp\wbrun_1685429878095_26544\fmetmp_1', set from environment variable `FME_TEMP'
2023-05-30 09:06:17|   0.0|  0.0|INFORM|FME Configuration: Cache folder is 'C:\Users\krima354\AppData\Local\Temp'
2023-05-30 09:06:17|   0.0|  0.0|INFORM|FME Configuration: FME_HOME is `C:\Program Files\FME2022_1_3\'
2023-05-30 09:06:17|   0.0|  0.0|INFORM|FME Configuration: Start freeing memory when the process exceeds 95.20 GB
2023-05-30 09:06:17|   0.0|  0.0|INFORM|FME Configuration: Stop freeing memory when the process is below 71.40 GB
2023-05-30 09:06:17|   0.0|  0.0|INFORM|Creating writer for format: 
2023-05-30 09:06:17|   0.0|  0.0|INFORM|Creating reader for format: 
2023-05-30 09:06:17|   0.0|  0.0|INFORM|MULTI_READER(MULTI_READER): Will fail with first member reader failure
2023-05-30 09:06:17|   0.0|  0.0|INFORM|MULTI_READER(MULTI_READER): Adding POSTGIS Reader with keyword POSTGIS_1
2023-05-30 09:06:17|   0.0|  0.0|INFORM|MULTI_READER(MULTI_READER): Adding OGCGEOPACKAGE Reader with keyword OGCGEOPACKAGE_2
2023-05-30 09:06:17|   0.0|  0.0|INFORM|Using Multi Reader with keyword `MULTI_READER' to read multiple datasets
2023-05-30 09:06:17|   0.0|  0.0|INFORM|Creating reader for format: PostGIS
2023-05-30 09:06:17|   0.1|  0.1|INFORM|Trying to find a DYNAMIC plugin for reader named `POSTGIS'
2023-05-30 09:06:17|   0.1|  0.0|INFORM|Loaded module 'POSTGIS' from file 'C:\Program Files\FME2022_1_3\plugins/POSTGIS.dll'
2023-05-30 09:06:17|   0.1|  0.0|INFORM|FME API version of module 'POSTGIS' matches current internal version (4.0 20220615)
2023-05-30 09:06:17|   0.1|  0.0|INFORM|Opening POSTGIS reader for dataset 'sau2003stormossen1'
2023-05-30 09:06:17|   0.1|  0.0|INFORM|PostGIS client encoding: 'UTF8'
2023-05-30 09:06:17|   0.1|  0.0|INFORM|PostgreSQL 11.2, compiled by Visual C++ build 1914, 64-bit
2023-05-30 09:06:17|   0.1|  0.0|INFORM|3.0 USE_GEOS=1 USE_PROJ=1 USE_STATS=1
2023-05-30 09:06:17|   0.1|  0.0|INFORM|POSTGIS reader: Creating bulk features from individual features
2023-05-30 09:06:17|   0.1|  0.0|INFORM|Using MultiWriter with keyword `MULTI_WRITER' to output data (ID_ATTRIBUTE is `multi_writer_id')
2023-05-30 09:06:17|   0.1|  0.0|INFORM|Writer output will be ordered by value of multi_writer_id
2023-05-30 09:06:17|   0.1|  0.0|INFORM|Loaded module 'LogCount_func' from file 'C:\Program Files\FME2022_1_3\plugins/LogCount_func.dll'
2023-05-30 09:06:17|   0.1|  0.0|INFORM|FME API version of module 'LogCount_func' matches current internal version (4.0 20220615)
2023-05-30 09:06:17|   0.1|  0.0|INFORM|Loaded module 'Geometry_func' from file 'C:\Program Files\FME2022_1_3\plugins/Geometry_func.dll'
2023-05-30 09:06:17|   0.1|  0.0|INFORM|FME API version of module 'Geometry_func' matches current internal version (4.0 20220615)
2023-05-30 09:06:17|   0.1|  0.0|INFORM|Loaded module 'VertexCreatorFactory' from file 'C:\Program Files\FME2022_1_3\plugins/VertexCreatorFactory.dll'
2023-05-30 09:06:17|   0.1|  0.0|INFORM|FME API version of module 'VertexCreatorFactory' matches current internal version (4.0 20220615)
2023-05-30 09:06:17|   0.1|  0.0|INFORM|Executing data query: 'declare "public_GeoObject_crsr" cursor for select "ObjectId","MetaId","SymbolId","the_raster", ST_AsEWKB("the_geom") as "the_geom" from "public"."GeoObject"'
2023-05-30 09:06:17|   0.1|  0.0|INFORM|Reading POSTGIS table: 'public.GeoObject'...
2023-05-30 09:06:18|   0.1|  0.0|INFORM|public.GeoObject Feature Recorder -1 2147549186 (RecorderFactory): Splitting bulk features into individual features
2023-05-30 09:06:18|   0.1|  0.0|INFORM|Successfully closed POSTGIS database reader
2023-05-30 09:06:18|   0.2|  0.1|INFORM|Successfully closed POSTGIS database reader
2023-05-30 09:06:18|   0.2|  0.0|INFORM|Creating reader for format: OGC GeoPackage
2023-05-30 09:06:18|   0.2|  0.0|INFORM|Trying to find a DYNAMIC plugin for reader named `OGCGEOPACKAGE'
2023-05-30 09:06:18|   0.2|  0.0|INFORM|FME Configuration: Source coordinate system for reader OGCGEOPACKAGE_2[OGCGEOPACKAGE] set to `EPSG:3006'
2023-05-30 09:06:18|   0.4|  0.2|INFORM|Coordinate System `EPSG:3006' parameters: CS_NAME=`SWEREF-99-TM' DESC_NM=`SWEREF 99 TM' DT_NAME=`SWEREF99' EPSG_QD=`-1' GROUP=`EUROPE' MAP_SCL=`1' MAX_LAT=`70.48333333333333' MAX_LNG=`25.883333333333333' MIN_LAT=`53.81666666666667' MIN_LNG=`8.866666666666667' PARM1=`15' PROJ=`TM' QUAD=`1' SCL_RED=`0.9996' SOURCE=`National Land Survey of Sweden' UNIT=`METER' X_OFF=`500000'
2023-05-30 09:06:18|   0.4|  0.0|INFORM|Loaded module 'OGCGEOPACKAGE' from file 'C:\Program Files\FME2022_1_3\plugins/gdal/GDAL.dll'
2023-05-30 09:06:18|   0.4|  0.0|INFORM|FME API version of module 'gdal/GDAL' matches current internal version (4.0 20220615)
2023-05-30 09:06:18|   0.4|  0.0|INFORM|OGCGEOPACKAGE reader: Directive '_EXPOSE_PRIMARY_KEY_ATTRIBUTE' has value 'YES'
2023-05-30 09:06:18|   0.4|  0.0|INFORM|OGCGEOPACKAGE reader: Directive '_ENFORCE_FOREIGN_KEY_INTEGRITY' has value 'YES'
2023-05-30 09:06:18|   0.4|  0.0|INFORM|OGCGEOPACKAGE reader: Opening file 'C:\Users\krima354\Work Folders\Documents\kicki_arbetsfiler\GETdata\arkeologiska_uppdrag_grävda_ytor_sverige.gpkg'
2023-05-30 09:06:18|   0.4|  0.0|WARN  |CS-MAP: Datum definition unknown does not exist.
2023-05-30 09:06:18|   0.4|  0.0|WARN  |CS-MAP: Ellipsoid definition wkt_auto_1 does not exist.
2023-05-30 09:06:18|   0.5|  0.1|INFORM|The OGC definition of the FME coordinate system '_FME_0' is 'GEOGCS["Undefined geographic SRS",DATUM["unknown",SPHEROID["unknown",6378137,298.257223563]],PRIMEM["Greenwich",0],UNIT["degree",0.0174532925199433,AUTHORITY["EPSG","9122"]]]'
2023-05-30 09:06:18|   0.5|  0.0|INFORM|The EPSG number of the FME coordinate system 'SWEREF-99-TM' is '3006'
2023-05-30 09:06:19|   1.0|  0.5|WARN  |NOT changing coordinate system of reader identified by keyword `OGCGEOPACKAGE_2' from `EPSG:3006' to `SWEREF-99-TM' -- mapping file setting of `EPSG:3006' overrides coordinate system `SWEREF-99-TM' read from file
2023-05-30 09:06:19|   1.3|  0.3|INFORM|Spatial Index: Adding 100000 features
2023-05-30 09:06:19|   1.5|  0.2|INFORM|Spatial Index: Adding 17856 features
2023-05-30 09:06:19|   1.5|  0.0|INFORM|MULTI_READER(MULTI_READER): Done reading 118823 features from 2 readers
2023-05-30 09:06:19|   1.5|  0.0|INFORM|Emptying factory pipeline
2023-05-30 09:06:19|   1.5|  0.0|STATS |Router and Unexpected Input Remover (RoutingFactory): Tested 118823 input feature(s), wrote 118823 output feature(s): 118823 matched merge filters, 118823 were routed to output, 0 could not be routed.
2023-05-30 09:06:19|   1.5|  0.0|STATS |Unwanted Router Input Nuker (TeeFactory): Cloned 0 input feature(s) into 0 output feature(s)
2023-05-30 09:06:19|   1.5|  0.0|STATS |public.GeoObject_POSTGIS_1 Splitter (TeeFactory): Cloned 967 input feature(s) into 967 output feature(s)
2023-05-30 09:06:19|   1.5|  0.0|STATS |arkeologiska_uppdrag_grävda_ytor_sverige_point_OGCGEOPACKAGE_2 Splitter (TeeFactory): Cloned 0 input feature(s) into 0 output feature(s)
2023-05-30 09:06:19|   1.5|  0.0|STATS |arkeologiska_uppdrag_grävda_ytor_sverige_linestring_OGCGEOPACKAGE_2 Splitter (TeeFactory): Cloned 0 input feature(s) into 0 output feature(s)
2023-05-30 09:06:19|   1.5|  0.0|STATS |arkeologiska_uppdrag_grävda_ytor_sverige_polygon_OGCGEOPACKAGE_2 Splitter (TeeFactory): Cloned 117856 input feature(s) into 117856 output feature(s)
2023-05-30 09:06:19|   1.5|  0.0|STATS |Creator_XML_Creator (CreationFactory): Created 1 features
2023-05-30 09:06:19|   1.5|  0.0|STATS |Creator_Cloner (TeeFactory): Cloned 1 input feature(s) into 1 output feature(s)
2023-05-30 09:06:19|   1.5|  0.0|STATS |Creator_CREATED Brancher -1 12 (BranchingFactory): Branched 1 input feature -- 1 feature routed to the target factory, and 0 features routed to the fallback factory.
2023-05-30 09:06:19|   1.5|  0.0|STATS |_CREATOR_BRANCH_TARGET (TeeFactory): Cloned 118824 input feature(s) into 118824 output feature(s)
2023-05-30 09:06:19|   1.6|  0.1|INFORM|Creating writer for format: OGC GeoPackage
2023-05-30 09:06:19|   1.6|  0.0|INFORM|Trying to find a DYNAMIC plugin for writer named `OGCGEOPACKAGE'
2023-05-30 09:06:19|   1.6|  0.0|INFORM|FME Configuration: No destination coordinate system set
2023-05-30 09:06:19|   1.6|  0.0|INFORM|Writer `OGCGEOPACKAGE_1' of type `OGCGEOPACKAGE' using group definition keyword `OGCGEOPACKAGE_1_DEF'
2023-05-30 09:06:19|   1.6|  0.0|INFORM|OGCGEOPACKAGE writer: Directive '_EXPOSE_PRIMARY_KEY_ATTRIBUTE' has value 'YES'
2023-05-30 09:06:19|   1.6|  0.0|INFORM|OGCGEOPACKAGE writer: Directive '_OVERWRITE_DATASET' has value 'NO'
2023-05-30 09:06:19|   1.6|  0.0|INFORM|OGCGEOPACKAGE writer: Directive '_TRANSACTION_SIZE' has value '5000'
2023-05-30 09:06:19|   1.6|  0.0|INFORM|OGCGEOPACKAGE writer: Directive '_ENFORCE_GEOMETRY_COLUMN_CONSTRAINTS' has value 'YES'
2023-05-30 09:06:19|   1.6|  0.0|INFORM|OGCGEOPACKAGE writer: Feature Type Parameter 'geopackage_geometry_column' has value 'geom' for feature type 'bb_lamning'
2023-05-30 09:06:19|   1.6|  0.0|INFORM|OGCGEOPACKAGE writer: Feature Type Parameter 'geopackage_create_spatial_index' has value 'Yes' for feature type 'bb_lamning'
2023-05-30 09:06:19|   1.6|  0.0|INFORM|OGCGEOPACKAGE writer: Feature Type Parameter 'geopackage_z_capability' has value 'NOT_ALLOWED' for feature type 'bb_lamning'
2023-05-30 09:06:19|   1.6|  0.0|INFORM|OGCGEOPACKAGE writer: Feature Type Parameter 'geopackage_m_capability' has value 'NOT_ALLOWED' for feature type 'bb_lamning'
2023-05-30 09:06:19|   1.6|  0.0|INFORM|OGCGEOPACKAGE Writer: Feature Type Parameter 'fme_table_handling' has value 'CREATE_IF_MISSING' for feature type 'bb_lamning'
2023-05-30 09:06:19|   1.6|  0.0|INFORM|OGCGEOPACKAGE Writer: Feature Type Parameter 'fme_feature_operation' has value 'Insert' for feature type 'bb_lamning'
2023-05-30 09:06:19|   1.6|  0.0|INFORM|OGCGEOPACKAGE writer: Feature Type Parameter 'geopackage_geometry_column' has value 'geom' for feature type 'intrasis_bb'
2023-05-30 09:06:19|   1.6|  0.0|INFORM|OGCGEOPACKAGE writer: Feature Type Parameter 'geopackage_create_spatial_index' has value 'Yes' for feature type 'intrasis_bb'
2023-05-30 09:06:19|   1.6|  0.0|INFORM|OGCGEOPACKAGE writer: Feature Type Parameter 'geopackage_z_capability' has value 'NOT_ALLOWED' for feature type 'intrasis_bb'
2023-05-30 09:06:19|   1.6|  0.0|INFORM|OGCGEOPACKAGE writer: Feature Type Parameter 'geopackage_m_capability' has value 'NOT_ALLOWED' for feature type 'intrasis_bb'
2023-05-30 09:06:19|   1.6|  0.0|INFORM|OGCGEOPACKAGE Writer: Feature Type Parameter 'fme_table_handling' has value 'CREATE_IF_MISSING' for feature type 'intrasis_bb'
2023-05-30 09:06:19|   1.6|  0.0|INFORM|OGCGEOPACKAGE Writer: Feature Type Parameter 'fme_feature_operation' has value 'Insert' for feature type 'intrasis_bb'
2023-05-30 09:06:19|   1.6|  0.0|INFORM|OGCGEOPACKAGE writer: Opening file 'C:\Users\krima354\Work Folders\Documents\kicki_arbetsfiler\slask\sau2003stormossen1_bb .gpkg'
2023-05-30 09:06:19|   1.6|  0.0|INFORM|OGCGEOPACKAGE writer: Creating file 'C:\Users\krima354\Work Folders\Documents\kicki_arbetsfiler\slask\sau2003stormossen1_bb .gpkg'
2023-05-30 09:06:19|   1.6|  0.0|INFORM|OGCGEOPACKAGE writer: Creating layer 'intrasis_bb' with geometry type 'geopackage_geometry'
2023-05-30 09:06:19|   1.6|  0.0|STATS |SpatialFilter (SpatialFilterFactory): Total: Processed 2 input feature(s): 1 'Filter' feature(s) and 1 'Candidate' feature(s). 1 feature(s) PASSED
2023-05-30 09:06:19|   1.6|  0.0|STATS |SpatialFilter PASSED Splitter (TeeFactory): Cloned 1 input feature(s) into 2 output feature(s)
2023-05-30 09:06:20|   2.1|  0.5|INFORM|Spatial Index: Adding 100000 features
2023-05-30 09:06:20|   2.3|  0.2|INFORM|Spatial Index: Adding 13639 features
2023-05-30 09:06:20|   2.3|  0.0|INFORM|Spatial Index: Adding 4028 features
2023-05-30 09:06:20|   2.3|  0.0|INFORM|SpatialFilter_2_PASSED Feature Recorder -1 2147614755 (RecorderFactory): Splitting bulk features into individual features
2023-05-30 09:06:20|   2.4|  0.1|INFORM|OGCGEOPACKAGE writer: Creating layer 'bb_lamning' with geometry type 'geopackage_geometry'
2023-05-30 09:06:20|   2.4|  0.0|WARN  |OGCGEOPACKAGE writer: For feature type 'bb_lamning', attribute 'id' has the same name as the default primary key. Using 'id_0' for the primary key name instead
2023-05-30 09:06:20|   2.4|  0.0|STATS |SpatialFilter_2 (SpatialFilterFactory): Total: Processed 117857 input feature(s): 1 'Filter' feature(s) and 117856 'Candidate' feature(s). 1 feature(s) PASSED
2023-05-30 09:06:20|   2.4|  0.0|STATS |Destination Feature Type Routing Correlator (RoutingFactory): Tested 190 input feature(s), wrote 190 output feature(s): 0 matched merge filters, 190 were routed to output, 0 could not be routed.
2023-05-30 09:06:20|   2.4|  0.0|STATS |Final Output Nuker (TeeFactory): Cloned 0 input feature(s) into 0 output feature(s)
2023-05-30 09:06:20|   2.4|  0.0|INFORM|OGCGEOPACKAGE writer: Committing transaction of 190 features to feature types 'intrasis_bb', 'bb_lamning'...
2023-05-30 09:06:20|   2.4|  0.0|INFORM|=-=-=-=-=-=-=-=-=-=-=-=-=-=-=-=-=-=-=-=-=-=-=-=-=-=-=-=-=-=-=-=-=-=-=-=-=-=-=-
2023-05-30 09:06:20|   2.4|  0.0|INFORM|Feature output statistics for `OGCGEOPACKAGE' writer using keyword `OGCGEOPACKAGE_1':
2023-05-30 09:06:20|   2.4|  0.0|STATS |=-=-=-=-=-=-=-=-=-=-=-=-=-=-=-=-=-=-=-=-=-=-=-=-=-=-=-=-=-=-=-=-=-=-=-=-=-=-=-
2023-05-30 09:06:20|   2.4|  0.0|STATS |                               Features Written
2023-05-30 09:06:20|   2.4|  0.0|STATS |=-=-=-=-=-=-=-=-=-=-=-=-=-=-=-=-=-=-=-=-=-=-=-=-=-=-=-=-=-=-=-=-=-=-=-=-=-=-=-
2023-05-30 09:06:20|   2.4|  0.0|STATS |bb_lamning                                                                 189
2023-05-30 09:06:20|   2.4|  0.0|STATS |intrasis_bb                                                                  1
2023-05-30 09:06:20|   2.4|  0.0|STATS |==============================================================================
2023-05-30 09:06:20|   2.4|  0.0|STATS |Total Features Written                                                     190
2023-05-30 09:06:20|   2.4|  0.0|STATS |=-=-=-=-=-=-=-=-=-=-=-=-=-=-=-=-=-=-=-=-=-=-=-=-=-=-=-=-=-=-=-=-=-=-=-=-=-=-=-
2023-05-30 09:06:20|   2.4|  0.0|STATS |=-=-=-=-=-=-=-=-=-=-=-=-=-=-=-=-=-=-=-=-=-=-=-=-=-=-=-=-=-=-=-=-=-=-=-=-=-=-=-
2023-05-30 09:06:20|   2.4|  0.0|STATS |                            Features Read Summary
2023-05-30 09:06:20|   2.4|  0.0|STATS |=-=-=-=-=-=-=-=-=-=-=-=-=-=-=-=-=-=-=-=-=-=-=-=-=-=-=-=-=-=-=-=-=-=-=-=-=-=-=-
2023-05-30 09:06:20|   2.4|  0.0|STATS |arkeologiska_uppdrag_grävda_ytor_sverige_polygon                       117856
2023-05-30 09:06:20|   2.4|  0.0|STATS |public.GeoObject                                                           967
2023-05-30 09:06:20|   2.4|  0.0|STATS |==============================================================================
2023-05-30 09:06:20|   2.4|  0.0|STATS |Total Features Read                                                     118823
2023-05-30 09:06:20|   2.4|  0.0|STATS |=-=-=-=-=-=-=-=-=-=-=-=-=-=-=-=-=-=-=-=-=-=-=-=-=-=-=-=-=-=-=-=-=-=-=-=-=-=-=-
2023-05-30 09:06:20|   2.4|  0.0|STATS |=-=-=-=-=-=-=-=-=-=-=-=-=-=-=-=-=-=-=-=-=-=-=-=-=-=-=-=-=-=-=-=-=-=-=-=-=-=-=-
2023-05-30 09:06:20|   2.4|  0.0|STATS |                           Features Written Summary
2023-05-30 09:06:20|   2.4|  0.0|STATS |=-=-=-=-=-=-=-=-=-=-=-=-=-=-=-=-=-=-=-=-=-=-=-=-=-=-=-=-=-=-=-=-=-=-=-=-=-=-=-
2023-05-30 09:06:20|   2.4|  0.0|STATS |bb_lamning                                                                 189
2023-05-30 09:06:20|   2.4|  0.0|STATS |intrasis_bb                                                                  1
2023-05-30 09:06:20|   2.4|  0.0|STATS |==============================================================================
2023-05-30 09:06:20|   2.4|  0.0|STATS |Total Features Written                                                     190
2023-05-30 09:06:20|   2.4|  0.0|STATS |=-=-=-=-=-=-=-=-=-=-=-=-=-=-=-=-=-=-=-=-=-=-=-=-=-=-=-=-=-=-=-=-=-=-=-=-=-=-=-
2023-05-30 09:06:20|   2.4|  0.0|WARN  |-~-~-~-~-~-~-~-~-~-~-~-~-~-~-~-~-~-~-~-~-~-~-~-~-~-~-~-~-~-~-~-~-~-~-~-~-~-~-~-~-
2023-05-30 09:06:20|   2.4|  0.0|WARN  |-~                                                                             ~-
2023-05-30 09:06:20|   2.4|  0.0|WARN  |-~    Feature caches have been recorded at every stage of the translation.     ~-
2023-05-30 09:06:20|   2.4|  0.0|WARN  |-~                      To inspect the recorded features,                      ~-
2023-05-30 09:06:20|   2.4|  0.0|WARN  |-~              click the feature cache icons next to the ports.               ~-
2023-05-30 09:06:20|   2.4|  0.0|WARN  |-~                                                                             ~-
2023-05-30 09:06:20|   2.4|  0.0|WARN  |-~-~-~-~-~-~-~-~-~-~-~-~-~-~-~-~-~-~-~-~-~-~-~-~-~-~-~-~-~-~-~-~-~-~-~-~-~-~-~-~-
2023-05-30 09:06:20|   2.4|  0.0|INFORM|Translation was SUCCESSFUL with 11 warning(s) (190 feature(s) output)
2023-05-30 09:06:20|   2.5|  0.1|INFORM|FME Session Duration: 3.5 seconds. (CPU: 2.0s user, 0.5s system)
2023-05-30 09:06:20|   2.5|  0.0|INFORM|END - ProcessID: 23304, peak process memory usage: 303492 kB, current process memory usage: 145276 kB
