2023-02-15 10:13:08|   0.0|  0.0|INFORM|Current FME version: FME 2022.1.0.0 (20220704 - Build 22618 - WIN64)
2023-02-15 10:13:08|   0.0|  0.0|INFORM|FME_HOME is 'C:\Program Files\FME\'
2023-02-15 10:13:08|   0.0|  0.0|INFORM|FME Database Edition (node locked-crc)
2023-02-15 10:13:08|   0.0|  0.0|INFORM|Serial Number: GN3A-3NG9-21YZ
2023-02-15 10:13:08|   0.0|  0.0|INFORM|Temporary License: 128 days left.
2023-02-15 10:13:08|   0.0|  0.0|INFORM|Machine host name is: EPI-4L2CTD3
2023-02-15 10:13:08|   0.0|  0.0|INFORM|OS Locale Name     : sv_SE
2023-02-15 10:13:08|   0.0|  0.0|INFORM|OS Locale Encoding : windows-1252
2023-02-15 10:13:08|   0.0|  0.0|INFORM|Process Encoding   : UTF-8
2023-02-15 10:13:08|   0.0|  0.0|INFORM|FME API version: '4.0 20220615'
2023-02-15 10:13:08|   0.0|  0.0|INFORM|FME Configuration: FME_BASE is 'no'
2023-02-15 10:13:08|   0.0|  0.0|INFORM|FME Configuration: FME_MF_DIR is 'C:\Users\krima354\Work Folders\Documents\GitHub\kix_working_dir\SAU/'
2023-02-15 10:13:08|   0.0|  0.0|INFORM|FME Configuration: FME_MF_NAME is 'SAU.fmw'
2023-02-15 10:13:08|   0.0|  0.0|INFORM|FME Configuration: FME_PRODUCT_NAME is 'FME(R) 2022.1.0.0'
2023-02-15 10:13:08|   0.0|  0.0|INFORM|Operating System: Microsoft Windows 10 64-bit  (Build 19044)
2023-02-15 10:13:08|   0.0|  0.0|INFORM|FME Platform: WIN64
2023-02-15 10:13:08|   0.0|  0.0|INFORM|System Status: 459.79 GB of disk space available in the FME temporary folder (C:\Users\krima354\AppData\Local\Temp\wbrun_1676452302984_14396\fmetmp_1)
2023-02-15 10:13:08|   0.0|  0.0|INFORM|System Status: 31.73 GB of physical memory available
2023-02-15 10:13:08|   0.0|  0.0|INFORM|System Status: 126.93 GB of virtual memory available
2023-02-15 10:13:08|   0.0|  0.0|INFORM|START - ProcessID: 20612, peak process memory usage: 50392 kB, current process memory usage: 50392 kB
2023-02-15 10:13:08|   0.0|  0.0|INFORM|FME Configuration: Command line arguments are `C:\Program Files\FME\fme.exe' `C:/Users/krima354/Work Folders/Documents/GitHub/kix_working_dir/SAU\wb-xlate-1676452384982_14396' `LOG_STANDARDOUT' `YES' `LOG_TIMINGS' `YES' `LogCountServerName' `55135' `LOG_STANDARDOUT' `No' `WORKBENCH_LOG_SERVER' `55115'
2023-02-15 10:13:08|   0.0|  0.0|INFORM|FME Configuration: Connection Storage: 'C:\Users\krima354\AppData\Roaming\Safe Software\FME\'
2023-02-15 10:13:08|   0.0|  0.0|INFORM|Shared folders for formats are : C:\Program Files\FME\datasources;C:\Users\krima354\Work Folders\Documents\FME\Formats
2023-02-15 10:13:08|   0.0|  0.0|INFORM|Shared folders for transformers are : C:\Users\krima354\AppData\Roaming\Safe Software\FME\Packages\22618-win64\transformers;C:\Program Files\FME\transformers;C:\Users\krima354\AppData\Roaming\Safe Software\FME\FME Store\Transformers
2023-02-15 10:13:08|   0.0|  0.0|INFORM|Shared folders for coordinate systems are : C:\Users\krima354\Work Folders\Documents\FME\CoordinateSystems
2023-02-15 10:13:08|   0.0|  0.0|INFORM|Shared folders for coordinate system exceptions are : C:\Users\krima354\Work Folders\Documents\FME\CoordinateSystemExceptions
2023-02-15 10:13:08|   0.0|  0.0|INFORM|Shared folders for coordinate system grid overrides are : C:\Users\krima354\Work Folders\Documents\FME\CoordinateSystemGridOverrides
2023-02-15 10:13:08|   0.0|  0.0|INFORM|Shared folders for CS-MAP transformation exceptions are : C:\Users\krima354\Work Folders\Documents\FME\CsmapTransformationExceptions
2023-02-15 10:13:08|   0.0|  0.0|INFORM|Shared folders for transformer categories are : C:\Users\krima354\Work Folders\Documents\FME\TransformerCategories
2023-02-15 10:13:08|   0.0|  0.0|INFORM|Mapping File Identifier is: SAUimportIntrasis
2023-02-15 10:13:08|   0.0|  0.0|INFORM|FME Configuration: Reader Keyword is `MULTI_READER'
2023-02-15 10:13:08|   0.0|  0.0|INFORM|FME Configuration: Writer Keyword is `NULL_DEST'
2023-02-15 10:13:08|   0.0|  0.0|INFORM|FME Configuration: Writer Group Definition Keyword is `NULL_DEST_DEF'
2023-02-15 10:13:08|   0.0|  0.0|INFORM|FME Configuration: Reader type is `MULTI_READER'
2023-02-15 10:13:08|   0.0|  0.0|INFORM|FME Configuration: Writer type is `NULL'
2023-02-15 10:13:08|   0.0|  0.0|INFORM|FME Configuration: No destination coordinate system set
2023-02-15 10:13:08|   0.0|  0.0|INFORM|FME Configuration: Current working folder is `C:\Users\krima354\Work Folders\Documents\GitHub\kix_working_dir\SAU'
2023-02-15 10:13:08|   0.0|  0.0|INFORM|FME Configuration: Temporary folder is `C:\Users\krima354\AppData\Local\Temp\wbrun_1676452302984_14396\fmetmp_1', set from environment variable `FME_TEMP'
2023-02-15 10:13:08|   0.0|  0.0|INFORM|FME Configuration: Cache folder is 'C:\Users\krima354\AppData\Local\Temp'
2023-02-15 10:13:08|   0.0|  0.0|INFORM|FME Configuration: FME_HOME is `C:\Program Files\FME\'
2023-02-15 10:13:08|   0.0|  0.0|INFORM|FME Configuration: Start freeing memory when the process exceeds 95.20 GB
2023-02-15 10:13:08|   0.0|  0.0|INFORM|FME Configuration: Stop freeing memory when the process is below 71.40 GB
2023-02-15 10:13:08|   0.0|  0.0|INFORM|Creating writer for format: NULL (Nothing)
2023-02-15 10:13:08|   0.0|  0.0|INFORM|Trying to find a DYNAMIC plugin for writer named `NULL'
2023-02-15 10:13:08|   0.0|  0.0|INFORM|Loaded module 'NULL' from file 'C:\Program Files\FME\plugins/NULL.dll'
2023-02-15 10:13:08|   0.0|  0.0|INFORM|FME API version of module 'NULL' matches current internal version (4.0 20220615)
2023-02-15 10:13:08|   0.0|  0.0|INFORM|Creating reader for format: 
2023-02-15 10:13:08|   0.0|  0.0|INFORM|MULTI_READER(MULTI_READER): Will fail with first member reader failure
2023-02-15 10:13:08|   0.0|  0.0|INFORM|MULTI_READER(MULTI_READER): Adding PATH Reader with keyword PATH_1
2023-02-15 10:13:08|   0.0|  0.0|INFORM|Using Multi Reader with keyword `MULTI_READER' to read multiple datasets
2023-02-15 10:13:08|   0.0|  0.0|INFORM|Creating reader for format: Directory and File Pathnames
2023-02-15 10:13:08|   0.0|  0.0|INFORM|Trying to find a DYNAMIC plugin for reader named `PATH'
2023-02-15 10:13:08|   0.0|  0.0|INFORM|Loaded module 'PATH' from file 'C:\Program Files\FME\plugins/PATH.dll'
2023-02-15 10:13:08|   0.0|  0.0|INFORM|FME API version of module 'PATH' matches current internal version (4.0 20220615)
2023-02-15 10:13:08|   0.0|  0.0|INFORM|Path Reader: Opening the PATH Reader on folder 'C:\Intrasis\backup_files'
2023-02-15 10:13:08|   0.0|  0.0|INFORM|Path Reader: Using Glob Pattern '*.zip.backup'
2023-02-15 10:13:08|   0.0|  0.0|INFORM|Path Reader: Allowed Path Type set to 'ANY'
2023-02-15 10:13:08|   0.0|  0.0|INFORM|Path Reader: Recurse into subdirectories 'false'
2023-02-15 10:13:08|   0.0|  0.0|INFORM|Path Reader: Retrieve file properties 'false'
2023-02-15 10:13:08|   0.0|  0.0|INFORM|Loaded module 'LogCount_func' from file 'C:\Program Files\FME\plugins/LogCount_func.dll'
2023-02-15 10:13:08|   0.0|  0.0|INFORM|FME API version of module 'LogCount_func' matches current internal version (4.0 20220615)
2023-02-15 10:13:08|   0.0|  0.0|INFORM|Loaded module 'PythonFactory' from file 'C:\Program Files\FME\plugins/PythonFactory.dll'
2023-02-15 10:13:08|   0.0|  0.0|INFORM|FME API version of module 'PythonFactory' matches current internal version (4.0 20220615)
2023-02-15 10:13:08|   0.0|  0.0|INFORM|Using Python interpreter from `C:\Program Files\FME\fmepython39\python39.dll' with PYTHONHOME `C:\Program Files\FME\fmepython39'
2023-02-15 10:13:08|   0.0|  0.0|INFORM|Python version 3.9 loaded successfully
2023-02-15 10:13:08|   0.0|  0.0|INFORM|Adding folder `C:\Users\krima354\Work Folders\Documents\GitHub\kix_working_dir\SAU\' to the python path
2023-02-15 10:13:09|   0.2|  0.2|INFORM|SystemCaller: Executing `"C:/Program Files/PostgreSQL/12/bin/pg_restore.exe" -h localhost  -p 5433 -U postgres  -w -d sau2005saga1941 -O -x -c --no-security-labels C:\Intrasis\backup_files\SAU2005SAGA1941_2014-03-05.zip.backup
'
2023-02-15 10:13:10|   0.3|  0.1|WARN  |SystemCaller: Failed to Execute `"C:/Program Files/PostgreSQL/12/bin/pg_restore.exe" -h localhost  -p 5433 -U postgres  -w -d sau2005saga1941 -O -x -c --no-security-labels C:\Intrasis\backup_files\SAU2005SAGA1941_2014-03-05.zip.backup
'
2023-02-15 10:13:10|   0.3|  0.0|WARN  |SystemCaller: Failed to Execute `"C:/Program Files/PostgreSQL/12/bin/pg_restore.exe" -h localhost  -p 5433 -U postgres  -w -d sau2012erb1125 -O -x -c --no-security-labels C:\Intrasis\backup_files\SAU2012ERB1125_2014-03-03.zip.backup
'
2023-02-15 10:13:11|   0.3|  0.0|WARN  |SystemCaller: Failed to Execute `"C:/Program Files/PostgreSQL/12/bin/pg_restore.exe" -h localhost  -p 5433 -U postgres  -w -d sau2013hoekaasen1128 -O -x -c --no-security-labels C:\Intrasis\backup_files\SAU2013Hoekaasen1128_2014-03-03.zip.backup
'
2023-02-15 10:13:12|   0.3|  0.0|WARN  |SystemCaller: Failed to Execute `"C:/Program Files/PostgreSQL/12/bin/pg_restore.exe" -h localhost  -p 5433 -U postgres  -w -d sau2013skepparen2 -O -x -c --no-security-labels C:\Intrasis\backup_files\SAU2013SKEPPAREN2_2014-03-03.zip.backup
'
2023-02-15 10:13:12|   0.3|  0.0|INFORM|Path Reader: Closing the PATH Reader
2023-02-15 10:13:12|   0.3|  0.0|INFORM|MULTI_READER(MULTI_READER): Done reading 4 features from 1 readers
2023-02-15 10:13:12|   0.3|  0.0|INFORM|Emptying factory pipeline
2023-02-15 10:13:12|   0.3|  0.0|STATS |Router and Unexpected Input Remover (RoutingFactory): Tested 4 input feature(s), wrote 4 output feature(s): 4 matched merge filters, 4 were routed to output, 0 could not be routed.
2023-02-15 10:13:12|   0.3|  0.0|STATS |Unwanted Router Input Nuker (TeeFactory): Cloned 0 input feature(s) into 0 output feature(s)
2023-02-15 10:13:12|   0.3|  0.0|STATS |PATH_PATH_1 Splitter (TeeFactory): Cloned 4 input feature(s) into 4 output feature(s)
2023-02-15 10:13:12|   0.3|  0.0|STATS |AttributeSplitter (TeeFactory): Cloned 4 input feature(s) into 4 output feature(s)
2023-02-15 10:13:12|   0.3|  0.0|STATS |SystemCaller (TeeFactory): Cloned 4 input feature(s) into 4 output feature(s)
2023-02-15 10:13:12|   0.3|  0.0|STATS |Destination Feature Type Routing Correlator (RoutingFactory): Tested 0 input feature(s), wrote 0 output feature(s): 0 matched merge filters, 0 were routed to output, 0 could not be routed.
2023-02-15 10:13:12|   0.3|  0.0|STATS |Final Output Nuker (TeeFactory): Cloned 0 input feature(s) into 0 output feature(s)
2023-02-15 10:13:12|   0.3|  0.0|STATS |=-=-=-=-=-=-=-=-=-=-=-=-=-=-=-=-=-=-=-=-=-=-=-=-=-=-=-=-=-=-=-=-=-=-=-=-=-=-=-
2023-02-15 10:13:12|   0.3|  0.0|STATS |                            Features Read Summary
2023-02-15 10:13:12|   0.3|  0.0|STATS |=-=-=-=-=-=-=-=-=-=-=-=-=-=-=-=-=-=-=-=-=-=-=-=-=-=-=-=-=-=-=-=-=-=-=-=-=-=-=-
2023-02-15 10:13:12|   0.3|  0.0|STATS |PATH                                                                         4
2023-02-15 10:13:12|   0.3|  0.0|STATS |==============================================================================
2023-02-15 10:13:12|   0.3|  0.0|STATS |Total Features Read                                                          4
2023-02-15 10:13:12|   0.3|  0.0|STATS |=-=-=-=-=-=-=-=-=-=-=-=-=-=-=-=-=-=-=-=-=-=-=-=-=-=-=-=-=-=-=-=-=-=-=-=-=-=-=-
2023-02-15 10:13:12|   0.3|  0.0|STATS |=-=-=-=-=-=-=-=-=-=-=-=-=-=-=-=-=-=-=-=-=-=-=-=-=-=-=-=-=-=-=-=-=-=-=-=-=-=-=-
2023-02-15 10:13:12|   0.3|  0.0|STATS |                           Features Written Summary
2023-02-15 10:13:12|   0.3|  0.0|STATS |=-=-=-=-=-=-=-=-=-=-=-=-=-=-=-=-=-=-=-=-=-=-=-=-=-=-=-=-=-=-=-=-=-=-=-=-=-=-=-
2023-02-15 10:13:12|   0.3|  0.0|STATS |==============================================================================
2023-02-15 10:13:12|   0.3|  0.0|STATS |Total Features Written                                                       0
2023-02-15 10:13:12|   0.3|  0.0|STATS |=-=-=-=-=-=-=-=-=-=-=-=-=-=-=-=-=-=-=-=-=-=-=-=-=-=-=-=-=-=-=-=-=-=-=-=-=-=-=-
2023-02-15 10:13:12|   0.3|  0.0|WARN  |-~-~-~-~-~-~-~-~-~-~-~-~-~-~-~-~-~-~-~-~-~-~-~-~-~-~-~-~-~-~-~-~-~-~-~-~-~-~-~-~-
2023-02-15 10:13:12|   0.3|  0.0|WARN  |-~                                                                             ~-
2023-02-15 10:13:12|   0.3|  0.0|WARN  |-~    Feature caches have been recorded at every stage of the translation.     ~-
2023-02-15 10:13:12|   0.3|  0.0|WARN  |-~                      To inspect the recorded features,                      ~-
2023-02-15 10:13:12|   0.3|  0.0|WARN  |-~              click the feature cache icons next to the ports.               ~-
2023-02-15 10:13:12|   0.3|  0.0|WARN  |-~                                                                             ~-
2023-02-15 10:13:12|   0.3|  0.0|WARN  |-~-~-~-~-~-~-~-~-~-~-~-~-~-~-~-~-~-~-~-~-~-~-~-~-~-~-~-~-~-~-~-~-~-~-~-~-~-~-~-~-
2023-02-15 10:13:12|   0.3|  0.0|INFORM|Translation was SUCCESSFUL with 11 warning(s) (0 feature(s) output)
2023-02-15 10:13:12|   0.3|  0.0|INFORM|FME Session Duration: 4.3 seconds. (CPU: 0.2s user, 0.1s system)
2023-02-15 10:13:12|   0.3|  0.0|INFORM|END - ProcessID: 20612, peak process memory usage: 88560 kB, current process memory usage: 88504 kB
