2022-11-04 12:00:35|   0.0|  0.0|INFORM|Current FME version: FME 2022.1.3.0 (20220928 - Build 22630 - WIN64)
2022-11-04 12:00:35|   0.0|  0.0|INFORM|FME_HOME is 'C:\Program Files\FME2022_1_3\'
2022-11-04 12:00:35|   0.0|  0.0|INFORM|FME Database Edition (node locked-crc)
2022-11-04 12:00:35|   0.0|  0.0|INFORM|Serial Number: GN3A-3NG9-21YZ
2022-11-04 12:00:35|   0.0|  0.0|INFORM|Temporary License: 231 days left.
2022-11-04 12:00:35|   0.0|  0.0|INFORM|Machine host name is: EPI-4L2CTD3
2022-11-04 12:00:35|   0.0|  0.0|INFORM|OS Locale Name     : sv_SE
2022-11-04 12:00:35|   0.0|  0.0|INFORM|OS Locale Encoding : windows-1252
2022-11-04 12:00:35|   0.0|  0.0|INFORM|Process Encoding   : UTF-8
2022-11-04 12:00:35|   0.0|  0.0|INFORM|FME API version: '4.0 20220615'
2022-11-04 12:00:35|   0.0|  0.0|INFORM|FME Configuration: FME_BASE is 'no'
2022-11-04 12:00:35|   0.0|  0.0|INFORM|FME Configuration: FME_MF_DIR is 'C:\Users\krima354\Work Folders\Documents\GitHub\kix_working_dir\dap\shape2csv_gpkg/'
2022-11-04 12:00:35|   0.0|  0.0|INFORM|FME Configuration: FME_MF_NAME is '2_csv_multi2csv_one.fmw'
2022-11-04 12:00:35|   0.0|  0.0|INFORM|FME Configuration: FME_PRODUCT_NAME is 'FME(R) 2022.1.3.0'
2022-11-04 12:00:35|   0.0|  0.0|INFORM|Operating System: Microsoft Windows 10 64-bit  (Build 19044)
2022-11-04 12:00:35|   0.0|  0.0|INFORM|FME Platform: WIN64
2022-11-04 12:00:35|   0.0|  0.0|INFORM|System Status: 592.50 GB of disk space available in the FME temporary folder (C:\Users\krima354\AppData\Local\Temp\wbrun_1667559562800_7144\fmetmp_0)
2022-11-04 12:00:35|   0.0|  0.0|INFORM|System Status: 31.73 GB of physical memory available
2022-11-04 12:00:35|   0.0|  0.0|INFORM|System Status: 126.93 GB of virtual memory available
2022-11-04 12:00:35|   0.0|  0.0|INFORM|START - ProcessID: 15896, peak process memory usage: 49744 kB, current process memory usage: 49744 kB
2022-11-04 12:00:35|   0.0|  0.0|INFORM|FME Configuration: Command line arguments are `C:\Program Files\FME2022_1_3\fme.exe' `C:/Users/krima354/Work Folders/Documents/GitHub/kix_working_dir/dap/shape2csv_gpkg\wb-xlate-1667559568237_7144' `LOG_STANDARDOUT' `YES' `LOG_TIMINGS' `YES' `LogCountServerName' `56070' `LOG_STANDARDOUT' `No' `WORKBENCH_LOG_SERVER' `56052'
2022-11-04 12:00:35|   0.0|  0.0|INFORM|FME Configuration: Connection Storage: 'C:\Users\krima354\AppData\Roaming\Safe Software\FME\'
2022-11-04 12:00:35|   0.0|  0.0|INFORM|Shared folders for formats are : C:\Program Files\FME2022_1_3\datasources;C:\Users\krima354\Work Folders\Documents\FME\Formats
2022-11-04 12:00:35|   0.0|  0.0|INFORM|Shared folders for transformers are : C:\Users\krima354\AppData\Roaming\Safe Software\FME\Packages\22630-win64\transformers;C:\Program Files\FME2022_1_3\transformers
2022-11-04 12:00:35|   0.0|  0.0|INFORM|Shared folders for coordinate systems are : C:\Users\krima354\Work Folders\Documents\FME\CoordinateSystems
2022-11-04 12:00:35|   0.0|  0.0|INFORM|Shared folders for coordinate system exceptions are : C:\Users\krima354\Work Folders\Documents\FME\CoordinateSystemExceptions
2022-11-04 12:00:35|   0.0|  0.0|INFORM|Shared folders for coordinate system grid overrides are : C:\Users\krima354\Work Folders\Documents\FME\CoordinateSystemGridOverrides
2022-11-04 12:00:35|   0.0|  0.0|INFORM|Shared folders for CS-MAP transformation exceptions are : C:\Users\krima354\Work Folders\Documents\FME\CsmapTransformationExceptions
2022-11-04 12:00:35|   0.0|  0.0|INFORM|Shared folders for transformer categories are : C:\Users\krima354\Work Folders\Documents\FME\TransformerCategories
2022-11-04 12:00:35|   0.0|  0.0|INFORM|FME Configuration: Reader Keyword is `MULTI_READER'
2022-11-04 12:00:35|   0.0|  0.0|INFORM|FME Configuration: Writer Keyword is `MULTI_WRITER'
2022-11-04 12:00:35|   0.0|  0.0|INFORM|FME Configuration: Writer Group Definition Keyword is `MULTI_WRITER_DEF'
2022-11-04 12:00:35|   0.0|  0.0|INFORM|FME Configuration: Reader type is `MULTI_READER'
2022-11-04 12:00:35|   0.0|  0.0|INFORM|FME Configuration: Writer type is `MULTI_WRITER'
2022-11-04 12:00:35|   0.0|  0.0|INFORM|FME Configuration: No destination coordinate system set
2022-11-04 12:00:35|   0.0|  0.0|INFORM|FME Configuration: Current working folder is `C:\Users\krima354\Work Folders\Documents\GitHub\kix_working_dir\dap\shape2csv_gpkg'
2022-11-04 12:00:35|   0.0|  0.0|INFORM|FME Configuration: Temporary folder is `C:\Users\krima354\AppData\Local\Temp\wbrun_1667559562800_7144\fmetmp_0', set from environment variable `FME_TEMP'
2022-11-04 12:00:35|   0.0|  0.0|INFORM|FME Configuration: Cache folder is 'C:\Users\krima354\AppData\Local\Temp'
2022-11-04 12:00:35|   0.0|  0.0|INFORM|FME Configuration: FME_HOME is `C:\Program Files\FME2022_1_3\'
2022-11-04 12:00:35|   0.0|  0.0|INFORM|FME Configuration: Start freeing memory when the process exceeds 95.20 GB
2022-11-04 12:00:35|   0.0|  0.0|INFORM|FME Configuration: Stop freeing memory when the process is below 71.40 GB
2022-11-04 12:00:35|   0.0|  0.0|INFORM|Creating writer for format: 
2022-11-04 12:00:35|   0.0|  0.0|INFORM|Creating reader for format: 
2022-11-04 12:00:35|   0.0|  0.0|INFORM|MULTI_READER(MULTI_READER): Will fail with first member reader failure
2022-11-04 12:00:35|   0.0|  0.0|INFORM|MULTI_READER(MULTI_READER): Adding CSV2 Reader with keyword CSV2_1
2022-11-04 12:00:35|   0.0|  0.0|INFORM|Using Multi Reader with keyword `MULTI_READER' to read multiple datasets
2022-11-04 12:00:35|   0.0|  0.0|INFORM|FME Configuration: Reading 9 dataset(s) with CSV2 reader identified by CSV2_1
2022-11-04 12:00:35|   0.0|  0.0|INFORM|Creating reader for format: CSV (Comma Separated Value)
2022-11-04 12:00:35|   0.0|  0.0|INFORM|MULTI_READER(CSV2_1): Will continue past member reader failures
2022-11-04 12:00:35|   0.0|  0.0|INFORM|MULTI_READER(CSV2_1): Adding CSV2 Reader with keyword CSV2_1
2022-11-04 12:00:35|   0.0|  0.0|INFORM|Using Multi Reader with keyword `CSV2_1' to read multiple datasets
2022-11-04 12:00:35|   0.0|  0.0|INFORM|Creating reader for format: CSV (Comma Separated Value)
2022-11-04 12:00:35|   0.0|  0.0|INFORM|Trying to find a DYNAMIC plugin for reader named `CSV2'
2022-11-04 12:00:35|   0.0|  0.0|INFORM|Loaded module 'CSV2' from file 'C:\Program Files\FME2022_1_3\plugins/CSV2.dll'
2022-11-04 12:00:35|   0.0|  0.0|INFORM|FME API version of module 'CSV2' matches current internal version (4.0 20220615)
2022-11-04 12:00:35|   0.0|  0.0|INFORM|CSV reader: Opening dataset 'C:\Users\krima354\Work Folders\Documents\kicki_arbetsfiler\dap\utdata\lerharen\ohar_generic8\lerharen_oharm_generic_csv\Anläggningar.csv'
2022-11-04 12:00:35|   0.0|  0.0|INFORM|CSV reader: Directive '_TRIM_FEATURE_TYPE_NAME' has the value 'Yes'
2022-11-04 12:00:35|   0.0|  0.0|INFORM|CSV reader: Directive '_SUPPORTED_READER_ARCHIVE_EXTENSIONS' has the value 'csv.gz,txt.gz'
2022-11-04 12:00:35|   0.0|  0.0|INFORM|CSV reader: Directive '_DELIMITER' has the value 'auto'
2022-11-04 12:00:35|   0.0|  0.0|INFORM|CSV reader: Directive '_FIELD_NAMES_LINE' has the value '1'
2022-11-04 12:00:35|   0.0|  0.0|INFORM|CSV reader: Directive '_DATA_START_LINE' has the value '2'
2022-11-04 12:00:35|   0.0|  0.0|INFORM|CSV reader: Directive '_SCAN_MAX_ROWS' has the value '10000'
2022-11-04 12:00:35|   0.0|  0.0|INFORM|CSV reader: Directive '_READ_SKIPPED_LINES' has the value 'No'
2022-11-04 12:00:35|   0.0|  0.0|INFORM|CSV reader: Directive '_ENCODING' has the value 'utf-8'
2022-11-04 12:00:35|   0.0|  0.0|INFORM|CSV reader: Directive 'FME_NAMES_ENCODING' has the value 'UTF-8'
2022-11-04 12:00:35|   0.0|  0.0|INFORM|CSV reader: Directive '_SKIP_DUPLICATE_DELIMITERS' has the value 'No'
2022-11-04 12:00:35|   0.0|  0.0|INFORM|CSV reader: Directive '_FIELD_QUALIFIER_CHARACTER' has the value '"'
2022-11-04 12:00:35|   0.0|  0.0|INFORM|CSV reader: Directive '_FIELD_QUALIFIER_ESCAPE_CHARACTER' has the value '"'
2022-11-04 12:00:35|   0.0|  0.0|INFORM|CSV reader: Directive '_TRIM_FIELD_NAME_QUALIFIERS' has the value 'Yes'
2022-11-04 12:00:35|   0.0|  0.0|INFORM|CSV reader: Directive '_TRIM_FIELD_VALUE_QUALIFIERS' has the value 'Yes'
2022-11-04 12:00:35|   0.0|  0.0|INFORM|CSV reader: Directive '_PRESERVE_SOURCE_ENCODING' has the value 'No'
2022-11-04 12:00:35|   0.0|  0.0|INFORM|CSV reader: Directive '_CASE_SENSITIVE_FIELD_NAMES' has the value 'Yes'
2022-11-04 12:00:35|   0.0|  0.0|INFORM|CSV reader: Directive '_ENFORCE_STRICT_SCHEMA' has the value 'No'
2022-11-04 12:00:35|   0.0|  0.0|INFORM|CSV reader: Directive '_SCAN_TYPES' has the value 'Yes'
2022-11-04 12:00:35|   0.0|  0.0|INFORM|CSV reader: Directive '_TYPE_ATTRIBUTE_HANDLING' has the value 'STANDARD_TYPES'
2022-11-04 12:00:35|   0.0|  0.0|INFORM|CSV reader: Directive '_STRING_TYPE_ATTRIBUTE_HANDLING' has the value 'EXPLICIT_WIDTH'
2022-11-04 12:00:35|   0.0|  0.0|INFORM|CSV reader: Directive '_SCAN_ADDITIONAL_FIELDS' has the value 'No'
2022-11-04 12:00:35|   0.0|  0.0|INFORM|CSV reader: Directive '_DATE_INPUT_FORMAT' has the value 'ISO'
2022-11-04 12:00:35|   0.0|  0.0|INFORM|CSV reader: Directive '_CHUNK_SIZE' has the value '100000'
2022-11-04 12:00:35|   0.0|  0.0|INFORM|CSV reader: Directive '_TRIM_FIELD_NAME_WHITESPACE' has the value 'Yes'
2022-11-04 12:00:35|   0.0|  0.0|INFORM|CSV reader: Directive '_READ_EMPTY_VALUES_AS' has the value 'Null'
2022-11-04 12:00:35|   0.0|  0.0|INFORM|CSV reader: Directive '_REPLACE_ATTR_NAME_INVALID_CHARS' has the value 'No'
2022-11-04 12:00:35|   0.0|  0.0|INFORM|Using MultiWriter with keyword `MULTI_WRITER' to output data (ID_ATTRIBUTE is `multi_writer_id')
2022-11-04 12:00:35|   0.0|  0.0|INFORM|Writer output will be ordered by value of multi_writer_id
2022-11-04 12:00:35|   0.0|  0.0|INFORM|Loaded module 'LogCount_func' from file 'C:\Program Files\FME2022_1_3\plugins/LogCount_func.dll'
2022-11-04 12:00:35|   0.0|  0.0|INFORM|FME API version of module 'LogCount_func' matches current internal version (4.0 20220615)
2022-11-04 12:00:35|   0.0|  0.0|INFORM|Anläggningar Feature Recorder -1 2147549186 (RecorderFactory): Splitting bulk features into individual features
2022-11-04 12:00:35|   0.0|  0.0|INFORM|Creating writer for format: CSV (Comma Separated Value)
2022-11-04 12:00:35|   0.0|  0.0|INFORM|Trying to find a DYNAMIC plugin for writer named `CSV2'
2022-11-04 12:00:35|   0.0|  0.0|INFORM|FME Configuration: No destination coordinate system set
2022-11-04 12:00:35|   0.0|  0.0|INFORM|Writer `CSV2_2' of type `CSV2' using group definition keyword `CSV2_2_DEF'
2022-11-04 12:00:35|   0.0|  0.0|INFORM|CSV writer: Directive '_EXTENSION' has the value 'csv'
2022-11-04 12:00:35|   0.0|  0.0|INFORM|CSV writer: Directive '_DELIMITER' has the value ','
2022-11-04 12:00:35|   0.0|  0.0|INFORM|CSV writer: Directive '_ENCODING' has the value 'UTF-8'
2022-11-04 12:00:35|   0.0|  0.0|INFORM|CSV writer: Directive '_WRITE_BOM_FOR_UNICODE' has the value 'Yes'
2022-11-04 12:00:35|   0.0|  0.0|INFORM|CSV writer: Directive '_QUALIFY_FIELD_NAMES' has the value 'if_needed'
2022-11-04 12:00:35|   0.0|  0.0|INFORM|CSV writer: Directive '_QUALIFY_FIELD_VALUES' has the value 'if_needed'
2022-11-04 12:00:35|   0.0|  0.0|INFORM|CSV writer: Directive '_TREAT_EMBEDDED_FIELD_QUALIFIERS_AS_UNSAFE' has the value 'Yes'
2022-11-04 12:00:35|   0.0|  0.0|INFORM|CSV writer: Directive '_FIELD_QUALIFIER_CHARACTER' has the value '"'
2022-11-04 12:00:35|   0.0|  0.0|INFORM|CSV writer: Directive '_FIELD_QUALIFIER_ESCAPE_CHARACTER' has the value '"'
2022-11-04 12:00:35|   0.0|  0.0|INFORM|CSV writer: Directive '_ROW_TERMINATION' has the value 'System'
2022-11-04 12:00:35|   0.0|  0.0|INFORM|CSV writer: Directive '_WRITE_SCHEMA_FILE' has the value 'NO'
2022-11-04 12:00:35|   0.0|  0.0|INFORM|CSV writer: Opening dataset 'C:\Users\krima354\Work Folders\Documents\kicki_arbetsfiler\dap\utdata\lerharen\ohar_generic8\File1.csv'
2022-11-04 12:00:35|   0.0|  0.0|INFORM|Creating reader for format: CSV (Comma Separated Value)
2022-11-04 12:00:35|   0.0|  0.0|INFORM|Trying to find a DYNAMIC plugin for reader named `CSV2'
2022-11-04 12:00:35|   0.0|  0.0|INFORM|CSV reader: Opening dataset 'C:\Users\krima354\Work Folders\Documents\kicki_arbetsfiler\dap\utdata\lerharen\ohar_generic8\lerharen_oharm_generic_csv\Anläggningar_2.csv'
2022-11-04 12:00:35|   0.0|  0.0|INFORM|CSV reader: Directive '_TRIM_FEATURE_TYPE_NAME' has the value 'Yes'
2022-11-04 12:00:35|   0.0|  0.0|INFORM|CSV reader: Directive '_SUPPORTED_READER_ARCHIVE_EXTENSIONS' has the value 'csv.gz,txt.gz'
2022-11-04 12:00:35|   0.0|  0.0|INFORM|CSV reader: Directive '_DELIMITER' has the value 'auto'
2022-11-04 12:00:35|   0.0|  0.0|INFORM|CSV reader: Directive '_FIELD_NAMES_LINE' has the value '1'
2022-11-04 12:00:35|   0.0|  0.0|INFORM|CSV reader: Directive '_DATA_START_LINE' has the value '2'
2022-11-04 12:00:35|   0.0|  0.0|INFORM|CSV reader: Directive '_SCAN_MAX_ROWS' has the value '10000'
2022-11-04 12:00:35|   0.0|  0.0|INFORM|CSV reader: Directive '_READ_SKIPPED_LINES' has the value 'No'
2022-11-04 12:00:35|   0.0|  0.0|INFORM|CSV reader: Directive '_ENCODING' has the value 'utf-8'
2022-11-04 12:00:35|   0.0|  0.0|INFORM|CSV reader: Directive 'FME_NAMES_ENCODING' has the value 'UTF-8'
2022-11-04 12:00:35|   0.0|  0.0|INFORM|CSV reader: Directive '_SKIP_DUPLICATE_DELIMITERS' has the value 'No'
2022-11-04 12:00:35|   0.0|  0.0|INFORM|CSV reader: Directive '_FIELD_QUALIFIER_CHARACTER' has the value '"'
2022-11-04 12:00:35|   0.0|  0.0|INFORM|CSV reader: Directive '_FIELD_QUALIFIER_ESCAPE_CHARACTER' has the value '"'
2022-11-04 12:00:35|   0.0|  0.0|INFORM|CSV reader: Directive '_TRIM_FIELD_NAME_QUALIFIERS' has the value 'Yes'
2022-11-04 12:00:35|   0.0|  0.0|INFORM|CSV reader: Directive '_TRIM_FIELD_VALUE_QUALIFIERS' has the value 'Yes'
2022-11-04 12:00:35|   0.0|  0.0|INFORM|CSV reader: Directive '_PRESERVE_SOURCE_ENCODING' has the value 'No'
2022-11-04 12:00:35|   0.0|  0.0|INFORM|CSV reader: Directive '_CASE_SENSITIVE_FIELD_NAMES' has the value 'Yes'
2022-11-04 12:00:35|   0.0|  0.0|INFORM|CSV reader: Directive '_ENFORCE_STRICT_SCHEMA' has the value 'No'
2022-11-04 12:00:35|   0.0|  0.0|INFORM|CSV reader: Directive '_SCAN_TYPES' has the value 'Yes'
2022-11-04 12:00:35|   0.0|  0.0|INFORM|CSV reader: Directive '_TYPE_ATTRIBUTE_HANDLING' has the value 'STANDARD_TYPES'
2022-11-04 12:00:35|   0.0|  0.0|INFORM|CSV reader: Directive '_STRING_TYPE_ATTRIBUTE_HANDLING' has the value 'EXPLICIT_WIDTH'
2022-11-04 12:00:35|   0.0|  0.0|INFORM|CSV reader: Directive '_SCAN_ADDITIONAL_FIELDS' has the value 'No'
2022-11-04 12:00:35|   0.0|  0.0|INFORM|CSV reader: Directive '_DATE_INPUT_FORMAT' has the value 'ISO'
2022-11-04 12:00:35|   0.0|  0.0|INFORM|CSV reader: Directive '_CHUNK_SIZE' has the value '100000'
2022-11-04 12:00:35|   0.0|  0.0|INFORM|CSV reader: Directive '_TRIM_FIELD_NAME_WHITESPACE' has the value 'Yes'
2022-11-04 12:00:35|   0.0|  0.0|INFORM|CSV reader: Directive '_READ_EMPTY_VALUES_AS' has the value 'Null'
2022-11-04 12:00:35|   0.0|  0.0|INFORM|CSV reader: Directive '_REPLACE_ATTR_NAME_INVALID_CHARS' has the value 'No'
2022-11-04 12:00:35|   0.1|  0.1|INFORM|Anläggningar Feature Recorder -1 2147549186 (RecorderFactory): Splitting bulk features into individual features
2022-11-04 12:00:35|   0.1|  0.0|INFORM|Creating reader for format: CSV (Comma Separated Value)
2022-11-04 12:00:35|   0.1|  0.0|INFORM|Trying to find a DYNAMIC plugin for reader named `CSV2'
2022-11-04 12:00:35|   0.2|  0.1|INFORM|CSV reader: Opening dataset 'C:\Users\krima354\Work Folders\Documents\kicki_arbetsfiler\dap\utdata\lerharen\ohar_generic8\lerharen_oharm_generic_csv\Eldgivning.csv'
2022-11-04 12:00:35|   0.2|  0.0|INFORM|CSV reader: Directive '_TRIM_FEATURE_TYPE_NAME' has the value 'Yes'
2022-11-04 12:00:35|   0.2|  0.0|INFORM|CSV reader: Directive '_SUPPORTED_READER_ARCHIVE_EXTENSIONS' has the value 'csv.gz,txt.gz'
2022-11-04 12:00:35|   0.2|  0.0|INFORM|CSV reader: Directive '_DELIMITER' has the value 'auto'
2022-11-04 12:00:35|   0.2|  0.0|INFORM|CSV reader: Directive '_FIELD_NAMES_LINE' has the value '1'
2022-11-04 12:00:35|   0.2|  0.0|INFORM|CSV reader: Directive '_DATA_START_LINE' has the value '2'
2022-11-04 12:00:35|   0.2|  0.0|INFORM|CSV reader: Directive '_SCAN_MAX_ROWS' has the value '10000'
2022-11-04 12:00:35|   0.2|  0.0|INFORM|CSV reader: Directive '_READ_SKIPPED_LINES' has the value 'No'
2022-11-04 12:00:35|   0.2|  0.0|INFORM|CSV reader: Directive '_ENCODING' has the value 'utf-8'
2022-11-04 12:00:35|   0.2|  0.0|INFORM|CSV reader: Directive 'FME_NAMES_ENCODING' has the value 'UTF-8'
2022-11-04 12:00:35|   0.2|  0.0|INFORM|CSV reader: Directive '_SKIP_DUPLICATE_DELIMITERS' has the value 'No'
2022-11-04 12:00:35|   0.2|  0.0|INFORM|CSV reader: Directive '_FIELD_QUALIFIER_CHARACTER' has the value '"'
2022-11-04 12:00:35|   0.2|  0.0|INFORM|CSV reader: Directive '_FIELD_QUALIFIER_ESCAPE_CHARACTER' has the value '"'
2022-11-04 12:00:35|   0.2|  0.0|INFORM|CSV reader: Directive '_TRIM_FIELD_NAME_QUALIFIERS' has the value 'Yes'
2022-11-04 12:00:35|   0.2|  0.0|INFORM|CSV reader: Directive '_TRIM_FIELD_VALUE_QUALIFIERS' has the value 'Yes'
2022-11-04 12:00:35|   0.2|  0.0|INFORM|CSV reader: Directive '_PRESERVE_SOURCE_ENCODING' has the value 'No'
2022-11-04 12:00:35|   0.2|  0.0|INFORM|CSV reader: Directive '_CASE_SENSITIVE_FIELD_NAMES' has the value 'Yes'
2022-11-04 12:00:35|   0.2|  0.0|INFORM|CSV reader: Directive '_ENFORCE_STRICT_SCHEMA' has the value 'No'
2022-11-04 12:00:35|   0.2|  0.0|INFORM|CSV reader: Directive '_SCAN_TYPES' has the value 'Yes'
2022-11-04 12:00:35|   0.2|  0.0|INFORM|CSV reader: Directive '_TYPE_ATTRIBUTE_HANDLING' has the value 'STANDARD_TYPES'
2022-11-04 12:00:35|   0.2|  0.0|INFORM|CSV reader: Directive '_STRING_TYPE_ATTRIBUTE_HANDLING' has the value 'EXPLICIT_WIDTH'
2022-11-04 12:00:35|   0.2|  0.0|INFORM|CSV reader: Directive '_SCAN_ADDITIONAL_FIELDS' has the value 'No'
2022-11-04 12:00:35|   0.2|  0.0|INFORM|CSV reader: Directive '_DATE_INPUT_FORMAT' has the value 'ISO'
2022-11-04 12:00:35|   0.2|  0.0|INFORM|CSV reader: Directive '_CHUNK_SIZE' has the value '100000'
2022-11-04 12:00:35|   0.2|  0.0|INFORM|CSV reader: Directive '_TRIM_FIELD_NAME_WHITESPACE' has the value 'Yes'
2022-11-04 12:00:35|   0.2|  0.0|INFORM|CSV reader: Directive '_READ_EMPTY_VALUES_AS' has the value 'Null'
2022-11-04 12:00:35|   0.2|  0.0|INFORM|CSV reader: Directive '_REPLACE_ATTR_NAME_INVALID_CHARS' has the value 'No'
2022-11-04 12:00:35|   0.2|  0.0|INFORM|Anläggningar Feature Recorder -1 2147549186 (RecorderFactory): Splitting bulk features into individual features
2022-11-04 12:00:35|   0.2|  0.0|INFORM|Creating reader for format: CSV (Comma Separated Value)
2022-11-04 12:00:35|   0.2|  0.0|INFORM|Trying to find a DYNAMIC plugin for reader named `CSV2'
2022-11-04 12:00:35|   0.2|  0.0|INFORM|CSV reader: Opening dataset 'C:\Users\krima354\Work Folders\Documents\kicki_arbetsfiler\dap\utdata\lerharen\ohar_generic8\lerharen_oharm_generic_csv\Enhet.csv'
2022-11-04 12:00:35|   0.2|  0.0|INFORM|CSV reader: Directive '_TRIM_FEATURE_TYPE_NAME' has the value 'Yes'
2022-11-04 12:00:35|   0.2|  0.0|INFORM|CSV reader: Directive '_SUPPORTED_READER_ARCHIVE_EXTENSIONS' has the value 'csv.gz,txt.gz'
2022-11-04 12:00:35|   0.2|  0.0|INFORM|CSV reader: Directive '_DELIMITER' has the value 'auto'
2022-11-04 12:00:35|   0.2|  0.0|INFORM|CSV reader: Directive '_FIELD_NAMES_LINE' has the value '1'
2022-11-04 12:00:35|   0.2|  0.0|INFORM|CSV reader: Directive '_DATA_START_LINE' has the value '2'
2022-11-04 12:00:35|   0.2|  0.0|INFORM|CSV reader: Directive '_SCAN_MAX_ROWS' has the value '10000'
2022-11-04 12:00:35|   0.2|  0.0|INFORM|CSV reader: Directive '_READ_SKIPPED_LINES' has the value 'No'
2022-11-04 12:00:35|   0.2|  0.0|INFORM|CSV reader: Directive '_ENCODING' has the value 'utf-8'
2022-11-04 12:00:35|   0.2|  0.0|INFORM|CSV reader: Directive 'FME_NAMES_ENCODING' has the value 'UTF-8'
2022-11-04 12:00:35|   0.2|  0.0|INFORM|CSV reader: Directive '_SKIP_DUPLICATE_DELIMITERS' has the value 'No'
2022-11-04 12:00:35|   0.2|  0.0|INFORM|CSV reader: Directive '_FIELD_QUALIFIER_CHARACTER' has the value '"'
2022-11-04 12:00:35|   0.2|  0.0|INFORM|CSV reader: Directive '_FIELD_QUALIFIER_ESCAPE_CHARACTER' has the value '"'
2022-11-04 12:00:35|   0.2|  0.0|INFORM|CSV reader: Directive '_TRIM_FIELD_NAME_QUALIFIERS' has the value 'Yes'
2022-11-04 12:00:35|   0.2|  0.0|INFORM|CSV reader: Directive '_TRIM_FIELD_VALUE_QUALIFIERS' has the value 'Yes'
2022-11-04 12:00:35|   0.2|  0.0|INFORM|CSV reader: Directive '_PRESERVE_SOURCE_ENCODING' has the value 'No'
2022-11-04 12:00:35|   0.2|  0.0|INFORM|CSV reader: Directive '_CASE_SENSITIVE_FIELD_NAMES' has the value 'Yes'
2022-11-04 12:00:35|   0.2|  0.0|INFORM|CSV reader: Directive '_ENFORCE_STRICT_SCHEMA' has the value 'No'
2022-11-04 12:00:35|   0.2|  0.0|INFORM|CSV reader: Directive '_SCAN_TYPES' has the value 'Yes'
2022-11-04 12:00:35|   0.2|  0.0|INFORM|CSV reader: Directive '_TYPE_ATTRIBUTE_HANDLING' has the value 'STANDARD_TYPES'
2022-11-04 12:00:35|   0.2|  0.0|INFORM|CSV reader: Directive '_STRING_TYPE_ATTRIBUTE_HANDLING' has the value 'EXPLICIT_WIDTH'
2022-11-04 12:00:35|   0.2|  0.0|INFORM|CSV reader: Directive '_SCAN_ADDITIONAL_FIELDS' has the value 'No'
2022-11-04 12:00:35|   0.2|  0.0|INFORM|CSV reader: Directive '_DATE_INPUT_FORMAT' has the value 'ISO'
2022-11-04 12:00:35|   0.2|  0.0|INFORM|CSV reader: Directive '_CHUNK_SIZE' has the value '100000'
2022-11-04 12:00:35|   0.2|  0.0|INFORM|CSV reader: Directive '_TRIM_FIELD_NAME_WHITESPACE' has the value 'Yes'
2022-11-04 12:00:35|   0.2|  0.0|INFORM|CSV reader: Directive '_READ_EMPTY_VALUES_AS' has the value 'Null'
2022-11-04 12:00:35|   0.2|  0.0|INFORM|CSV reader: Directive '_REPLACE_ATTR_NAME_INVALID_CHARS' has the value 'No'
2022-11-04 12:00:35|   0.2|  0.0|INFORM|Anläggningar Feature Recorder -1 2147549186 (RecorderFactory): Splitting bulk features into individual features
2022-11-04 12:00:35|   0.2|  0.0|INFORM|Creating reader for format: CSV (Comma Separated Value)
2022-11-04 12:00:35|   0.2|  0.0|INFORM|Trying to find a DYNAMIC plugin for reader named `CSV2'
2022-11-04 12:00:35|   0.2|  0.0|INFORM|CSV reader: Opening dataset 'C:\Users\krima354\Work Folders\Documents\kicki_arbetsfiler\dap\utdata\lerharen\ohar_generic8\lerharen_oharm_generic_csv\Krypgångar.csv'
2022-11-04 12:00:35|   0.2|  0.0|INFORM|CSV reader: Directive '_TRIM_FEATURE_TYPE_NAME' has the value 'Yes'
2022-11-04 12:00:35|   0.2|  0.0|INFORM|CSV reader: Directive '_SUPPORTED_READER_ARCHIVE_EXTENSIONS' has the value 'csv.gz,txt.gz'
2022-11-04 12:00:35|   0.2|  0.0|INFORM|CSV reader: Directive '_DELIMITER' has the value 'auto'
2022-11-04 12:00:35|   0.2|  0.0|INFORM|CSV reader: Directive '_FIELD_NAMES_LINE' has the value '1'
2022-11-04 12:00:35|   0.2|  0.0|INFORM|CSV reader: Directive '_DATA_START_LINE' has the value '2'
2022-11-04 12:00:35|   0.2|  0.0|INFORM|CSV reader: Directive '_SCAN_MAX_ROWS' has the value '10000'
2022-11-04 12:00:35|   0.2|  0.0|INFORM|CSV reader: Directive '_READ_SKIPPED_LINES' has the value 'No'
2022-11-04 12:00:35|   0.2|  0.0|INFORM|CSV reader: Directive '_ENCODING' has the value 'utf-8'
2022-11-04 12:00:35|   0.2|  0.0|INFORM|CSV reader: Directive 'FME_NAMES_ENCODING' has the value 'UTF-8'
2022-11-04 12:00:35|   0.2|  0.0|INFORM|CSV reader: Directive '_SKIP_DUPLICATE_DELIMITERS' has the value 'No'
2022-11-04 12:00:35|   0.2|  0.0|INFORM|CSV reader: Directive '_FIELD_QUALIFIER_CHARACTER' has the value '"'
2022-11-04 12:00:35|   0.2|  0.0|INFORM|CSV reader: Directive '_FIELD_QUALIFIER_ESCAPE_CHARACTER' has the value '"'
2022-11-04 12:00:35|   0.2|  0.0|INFORM|CSV reader: Directive '_TRIM_FIELD_NAME_QUALIFIERS' has the value 'Yes'
2022-11-04 12:00:35|   0.2|  0.0|INFORM|CSV reader: Directive '_TRIM_FIELD_VALUE_QUALIFIERS' has the value 'Yes'
2022-11-04 12:00:35|   0.2|  0.0|INFORM|CSV reader: Directive '_PRESERVE_SOURCE_ENCODING' has the value 'No'
2022-11-04 12:00:35|   0.2|  0.0|INFORM|CSV reader: Directive '_CASE_SENSITIVE_FIELD_NAMES' has the value 'Yes'
2022-11-04 12:00:35|   0.2|  0.0|INFORM|CSV reader: Directive '_ENFORCE_STRICT_SCHEMA' has the value 'No'
2022-11-04 12:00:35|   0.2|  0.0|INFORM|CSV reader: Directive '_SCAN_TYPES' has the value 'Yes'
2022-11-04 12:00:35|   0.2|  0.0|INFORM|CSV reader: Directive '_TYPE_ATTRIBUTE_HANDLING' has the value 'STANDARD_TYPES'
2022-11-04 12:00:35|   0.2|  0.0|INFORM|CSV reader: Directive '_STRING_TYPE_ATTRIBUTE_HANDLING' has the value 'EXPLICIT_WIDTH'
2022-11-04 12:00:35|   0.2|  0.0|INFORM|CSV reader: Directive '_SCAN_ADDITIONAL_FIELDS' has the value 'No'
2022-11-04 12:00:35|   0.2|  0.0|INFORM|CSV reader: Directive '_DATE_INPUT_FORMAT' has the value 'ISO'
2022-11-04 12:00:35|   0.2|  0.0|INFORM|CSV reader: Directive '_CHUNK_SIZE' has the value '100000'
2022-11-04 12:00:35|   0.2|  0.0|INFORM|CSV reader: Directive '_TRIM_FIELD_NAME_WHITESPACE' has the value 'Yes'
2022-11-04 12:00:35|   0.2|  0.0|INFORM|CSV reader: Directive '_READ_EMPTY_VALUES_AS' has the value 'Null'
2022-11-04 12:00:35|   0.2|  0.0|INFORM|CSV reader: Directive '_REPLACE_ATTR_NAME_INVALID_CHARS' has the value 'No'
2022-11-04 12:00:35|   0.2|  0.0|INFORM|Anläggningar Feature Recorder -1 2147549186 (RecorderFactory): Splitting bulk features into individual features
2022-11-04 12:00:35|   0.2|  0.0|INFORM|Creating reader for format: CSV (Comma Separated Value)
2022-11-04 12:00:35|   0.2|  0.0|INFORM|Trying to find a DYNAMIC plugin for reader named `CSV2'
2022-11-04 12:00:35|   0.2|  0.0|INFORM|CSV reader: Opening dataset 'C:\Users\krima354\Work Folders\Documents\kicki_arbetsfiler\dap\utdata\lerharen\ohar_generic8\lerharen_oharm_generic_csv\Kulle.csv'
2022-11-04 12:00:35|   0.2|  0.0|INFORM|CSV reader: Directive '_TRIM_FEATURE_TYPE_NAME' has the value 'Yes'
2022-11-04 12:00:35|   0.2|  0.0|INFORM|CSV reader: Directive '_SUPPORTED_READER_ARCHIVE_EXTENSIONS' has the value 'csv.gz,txt.gz'
2022-11-04 12:00:35|   0.2|  0.0|INFORM|CSV reader: Directive '_DELIMITER' has the value 'auto'
2022-11-04 12:00:35|   0.2|  0.0|INFORM|CSV reader: Directive '_FIELD_NAMES_LINE' has the value '1'
2022-11-04 12:00:35|   0.2|  0.0|INFORM|CSV reader: Directive '_DATA_START_LINE' has the value '2'
2022-11-04 12:00:35|   0.2|  0.0|INFORM|CSV reader: Directive '_SCAN_MAX_ROWS' has the value '10000'
2022-11-04 12:00:35|   0.2|  0.0|INFORM|CSV reader: Directive '_READ_SKIPPED_LINES' has the value 'No'
2022-11-04 12:00:35|   0.2|  0.0|INFORM|CSV reader: Directive '_ENCODING' has the value 'utf-8'
2022-11-04 12:00:35|   0.2|  0.0|INFORM|CSV reader: Directive 'FME_NAMES_ENCODING' has the value 'UTF-8'
2022-11-04 12:00:35|   0.2|  0.0|INFORM|CSV reader: Directive '_SKIP_DUPLICATE_DELIMITERS' has the value 'No'
2022-11-04 12:00:35|   0.2|  0.0|INFORM|CSV reader: Directive '_FIELD_QUALIFIER_CHARACTER' has the value '"'
2022-11-04 12:00:35|   0.2|  0.0|INFORM|CSV reader: Directive '_FIELD_QUALIFIER_ESCAPE_CHARACTER' has the value '"'
2022-11-04 12:00:35|   0.2|  0.0|INFORM|CSV reader: Directive '_TRIM_FIELD_NAME_QUALIFIERS' has the value 'Yes'
2022-11-04 12:00:35|   0.2|  0.0|INFORM|CSV reader: Directive '_TRIM_FIELD_VALUE_QUALIFIERS' has the value 'Yes'
2022-11-04 12:00:35|   0.2|  0.0|INFORM|CSV reader: Directive '_PRESERVE_SOURCE_ENCODING' has the value 'No'
2022-11-04 12:00:35|   0.2|  0.0|INFORM|CSV reader: Directive '_CASE_SENSITIVE_FIELD_NAMES' has the value 'Yes'
2022-11-04 12:00:35|   0.2|  0.0|INFORM|CSV reader: Directive '_ENFORCE_STRICT_SCHEMA' has the value 'No'
2022-11-04 12:00:35|   0.2|  0.0|INFORM|CSV reader: Directive '_SCAN_TYPES' has the value 'Yes'
2022-11-04 12:00:35|   0.2|  0.0|INFORM|CSV reader: Directive '_TYPE_ATTRIBUTE_HANDLING' has the value 'STANDARD_TYPES'
2022-11-04 12:00:35|   0.2|  0.0|INFORM|CSV reader: Directive '_STRING_TYPE_ATTRIBUTE_HANDLING' has the value 'EXPLICIT_WIDTH'
2022-11-04 12:00:35|   0.2|  0.0|INFORM|CSV reader: Directive '_SCAN_ADDITIONAL_FIELDS' has the value 'No'
2022-11-04 12:00:35|   0.2|  0.0|INFORM|CSV reader: Directive '_DATE_INPUT_FORMAT' has the value 'ISO'
2022-11-04 12:00:35|   0.2|  0.0|INFORM|CSV reader: Directive '_CHUNK_SIZE' has the value '100000'
2022-11-04 12:00:35|   0.2|  0.0|INFORM|CSV reader: Directive '_TRIM_FIELD_NAME_WHITESPACE' has the value 'Yes'
2022-11-04 12:00:35|   0.2|  0.0|INFORM|CSV reader: Directive '_READ_EMPTY_VALUES_AS' has the value 'Null'
2022-11-04 12:00:35|   0.2|  0.0|INFORM|CSV reader: Directive '_REPLACE_ATTR_NAME_INVALID_CHARS' has the value 'No'
2022-11-04 12:00:35|   0.2|  0.0|INFORM|Anläggningar Feature Recorder -1 2147549186 (RecorderFactory): Splitting bulk features into individual features
2022-11-04 12:00:35|   0.2|  0.0|INFORM|Creating reader for format: CSV (Comma Separated Value)
2022-11-04 12:00:35|   0.2|  0.0|INFORM|Trying to find a DYNAMIC plugin for reader named `CSV2'
2022-11-04 12:00:35|   0.2|  0.0|INFORM|CSV reader: Opening dataset 'C:\Users\krima354\Work Folders\Documents\kicki_arbetsfiler\dap\utdata\lerharen\ohar_generic8\lerharen_oharm_generic_csv\Kulle_2.csv'
2022-11-04 12:00:35|   0.2|  0.0|INFORM|CSV reader: Directive '_TRIM_FEATURE_TYPE_NAME' has the value 'Yes'
2022-11-04 12:00:35|   0.2|  0.0|INFORM|CSV reader: Directive '_SUPPORTED_READER_ARCHIVE_EXTENSIONS' has the value 'csv.gz,txt.gz'
2022-11-04 12:00:35|   0.2|  0.0|INFORM|CSV reader: Directive '_DELIMITER' has the value 'auto'
2022-11-04 12:00:35|   0.2|  0.0|INFORM|CSV reader: Directive '_FIELD_NAMES_LINE' has the value '1'
2022-11-04 12:00:35|   0.2|  0.0|INFORM|CSV reader: Directive '_DATA_START_LINE' has the value '2'
2022-11-04 12:00:35|   0.2|  0.0|INFORM|CSV reader: Directive '_SCAN_MAX_ROWS' has the value '10000'
2022-11-04 12:00:35|   0.2|  0.0|INFORM|CSV reader: Directive '_READ_SKIPPED_LINES' has the value 'No'
2022-11-04 12:00:35|   0.2|  0.0|INFORM|CSV reader: Directive '_ENCODING' has the value 'utf-8'
2022-11-04 12:00:35|   0.2|  0.0|INFORM|CSV reader: Directive 'FME_NAMES_ENCODING' has the value 'UTF-8'
2022-11-04 12:00:35|   0.2|  0.0|INFORM|CSV reader: Directive '_SKIP_DUPLICATE_DELIMITERS' has the value 'No'
2022-11-04 12:00:35|   0.2|  0.0|INFORM|CSV reader: Directive '_FIELD_QUALIFIER_CHARACTER' has the value '"'
2022-11-04 12:00:35|   0.2|  0.0|INFORM|CSV reader: Directive '_FIELD_QUALIFIER_ESCAPE_CHARACTER' has the value '"'
2022-11-04 12:00:35|   0.2|  0.0|INFORM|CSV reader: Directive '_TRIM_FIELD_NAME_QUALIFIERS' has the value 'Yes'
2022-11-04 12:00:35|   0.2|  0.0|INFORM|CSV reader: Directive '_TRIM_FIELD_VALUE_QUALIFIERS' has the value 'Yes'
2022-11-04 12:00:35|   0.2|  0.0|INFORM|CSV reader: Directive '_PRESERVE_SOURCE_ENCODING' has the value 'No'
2022-11-04 12:00:35|   0.2|  0.0|INFORM|CSV reader: Directive '_CASE_SENSITIVE_FIELD_NAMES' has the value 'Yes'
2022-11-04 12:00:35|   0.2|  0.0|INFORM|CSV reader: Directive '_ENFORCE_STRICT_SCHEMA' has the value 'No'
2022-11-04 12:00:35|   0.2|  0.0|INFORM|CSV reader: Directive '_SCAN_TYPES' has the value 'Yes'
2022-11-04 12:00:35|   0.2|  0.0|INFORM|CSV reader: Directive '_TYPE_ATTRIBUTE_HANDLING' has the value 'STANDARD_TYPES'
2022-11-04 12:00:35|   0.2|  0.0|INFORM|CSV reader: Directive '_STRING_TYPE_ATTRIBUTE_HANDLING' has the value 'EXPLICIT_WIDTH'
2022-11-04 12:00:35|   0.2|  0.0|INFORM|CSV reader: Directive '_SCAN_ADDITIONAL_FIELDS' has the value 'No'
2022-11-04 12:00:35|   0.2|  0.0|INFORM|CSV reader: Directive '_DATE_INPUT_FORMAT' has the value 'ISO'
2022-11-04 12:00:35|   0.2|  0.0|INFORM|CSV reader: Directive '_CHUNK_SIZE' has the value '100000'
2022-11-04 12:00:35|   0.2|  0.0|INFORM|CSV reader: Directive '_TRIM_FIELD_NAME_WHITESPACE' has the value 'Yes'
2022-11-04 12:00:35|   0.2|  0.0|INFORM|CSV reader: Directive '_READ_EMPTY_VALUES_AS' has the value 'Null'
2022-11-04 12:00:35|   0.2|  0.0|INFORM|CSV reader: Directive '_REPLACE_ATTR_NAME_INVALID_CHARS' has the value 'No'
2022-11-04 12:00:35|   0.3|  0.1|INFORM|Anläggningar Feature Recorder -1 2147549186 (RecorderFactory): Splitting bulk features into individual features
2022-11-04 12:00:35|   0.3|  0.0|INFORM|Creating reader for format: CSV (Comma Separated Value)
2022-11-04 12:00:35|   0.3|  0.0|INFORM|Trying to find a DYNAMIC plugin for reader named `CSV2'
2022-11-04 12:00:35|   0.3|  0.0|INFORM|CSV reader: Opening dataset 'C:\Users\krima354\Work Folders\Documents\kicki_arbetsfiler\dap\utdata\lerharen\ohar_generic8\lerharen_oharm_generic_csv\siteinfo.csv'
2022-11-04 12:00:35|   0.3|  0.0|INFORM|CSV reader: Directive '_TRIM_FEATURE_TYPE_NAME' has the value 'Yes'
2022-11-04 12:00:35|   0.3|  0.0|INFORM|CSV reader: Directive '_SUPPORTED_READER_ARCHIVE_EXTENSIONS' has the value 'csv.gz,txt.gz'
2022-11-04 12:00:35|   0.3|  0.0|INFORM|CSV reader: Directive '_DELIMITER' has the value 'auto'
2022-11-04 12:00:35|   0.3|  0.0|INFORM|CSV reader: Directive '_FIELD_NAMES_LINE' has the value '1'
2022-11-04 12:00:35|   0.3|  0.0|INFORM|CSV reader: Directive '_DATA_START_LINE' has the value '2'
2022-11-04 12:00:35|   0.3|  0.0|INFORM|CSV reader: Directive '_SCAN_MAX_ROWS' has the value '10000'
2022-11-04 12:00:35|   0.3|  0.0|INFORM|CSV reader: Directive '_READ_SKIPPED_LINES' has the value 'No'
2022-11-04 12:00:35|   0.3|  0.0|INFORM|CSV reader: Directive '_ENCODING' has the value 'utf-8'
2022-11-04 12:00:35|   0.3|  0.0|INFORM|CSV reader: Directive 'FME_NAMES_ENCODING' has the value 'UTF-8'
2022-11-04 12:00:35|   0.3|  0.0|INFORM|CSV reader: Directive '_SKIP_DUPLICATE_DELIMITERS' has the value 'No'
2022-11-04 12:00:35|   0.3|  0.0|INFORM|CSV reader: Directive '_FIELD_QUALIFIER_CHARACTER' has the value '"'
2022-11-04 12:00:35|   0.3|  0.0|INFORM|CSV reader: Directive '_FIELD_QUALIFIER_ESCAPE_CHARACTER' has the value '"'
2022-11-04 12:00:35|   0.3|  0.0|INFORM|CSV reader: Directive '_TRIM_FIELD_NAME_QUALIFIERS' has the value 'Yes'
2022-11-04 12:00:35|   0.3|  0.0|INFORM|CSV reader: Directive '_TRIM_FIELD_VALUE_QUALIFIERS' has the value 'Yes'
2022-11-04 12:00:35|   0.3|  0.0|INFORM|CSV reader: Directive '_PRESERVE_SOURCE_ENCODING' has the value 'No'
2022-11-04 12:00:35|   0.3|  0.0|INFORM|CSV reader: Directive '_CASE_SENSITIVE_FIELD_NAMES' has the value 'Yes'
2022-11-04 12:00:35|   0.3|  0.0|INFORM|CSV reader: Directive '_ENFORCE_STRICT_SCHEMA' has the value 'No'
2022-11-04 12:00:35|   0.3|  0.0|INFORM|CSV reader: Directive '_SCAN_TYPES' has the value 'Yes'
2022-11-04 12:00:35|   0.3|  0.0|INFORM|CSV reader: Directive '_TYPE_ATTRIBUTE_HANDLING' has the value 'STANDARD_TYPES'
2022-11-04 12:00:35|   0.3|  0.0|INFORM|CSV reader: Directive '_STRING_TYPE_ATTRIBUTE_HANDLING' has the value 'EXPLICIT_WIDTH'
2022-11-04 12:00:35|   0.3|  0.0|INFORM|CSV reader: Directive '_SCAN_ADDITIONAL_FIELDS' has the value 'No'
2022-11-04 12:00:35|   0.3|  0.0|INFORM|CSV reader: Directive '_DATE_INPUT_FORMAT' has the value 'ISO'
2022-11-04 12:00:35|   0.3|  0.0|INFORM|CSV reader: Directive '_CHUNK_SIZE' has the value '100000'
2022-11-04 12:00:35|   0.3|  0.0|INFORM|CSV reader: Directive '_TRIM_FIELD_NAME_WHITESPACE' has the value 'Yes'
2022-11-04 12:00:35|   0.3|  0.0|INFORM|CSV reader: Directive '_READ_EMPTY_VALUES_AS' has the value 'Null'
2022-11-04 12:00:35|   0.3|  0.0|INFORM|CSV reader: Directive '_REPLACE_ATTR_NAME_INVALID_CHARS' has the value 'No'
2022-11-04 12:00:36|   0.4|  0.1|INFORM|Creating reader for format: CSV (Comma Separated Value)
2022-11-04 12:00:36|   0.4|  0.0|INFORM|Trying to find a DYNAMIC plugin for reader named `CSV2'
2022-11-04 12:00:36|   0.4|  0.0|INFORM|CSV reader: Opening dataset 'C:\Users\krima354\Work Folders\Documents\kicki_arbetsfiler\dap\utdata\lerharen\ohar_generic8\lerharen_oharm_generic_csv\övrigt.csv'
2022-11-04 12:00:36|   0.4|  0.0|INFORM|CSV reader: Directive '_TRIM_FEATURE_TYPE_NAME' has the value 'Yes'
2022-11-04 12:00:36|   0.4|  0.0|INFORM|CSV reader: Directive '_SUPPORTED_READER_ARCHIVE_EXTENSIONS' has the value 'csv.gz,txt.gz'
2022-11-04 12:00:36|   0.4|  0.0|INFORM|CSV reader: Directive '_DELIMITER' has the value 'auto'
2022-11-04 12:00:36|   0.4|  0.0|INFORM|CSV reader: Directive '_FIELD_NAMES_LINE' has the value '1'
2022-11-04 12:00:36|   0.4|  0.0|INFORM|CSV reader: Directive '_DATA_START_LINE' has the value '2'
2022-11-04 12:00:36|   0.4|  0.0|INFORM|CSV reader: Directive '_SCAN_MAX_ROWS' has the value '10000'
2022-11-04 12:00:36|   0.4|  0.0|INFORM|CSV reader: Directive '_READ_SKIPPED_LINES' has the value 'No'
2022-11-04 12:00:36|   0.4|  0.0|INFORM|CSV reader: Directive '_ENCODING' has the value 'utf-8'
2022-11-04 12:00:36|   0.4|  0.0|INFORM|CSV reader: Directive 'FME_NAMES_ENCODING' has the value 'UTF-8'
2022-11-04 12:00:36|   0.4|  0.0|INFORM|CSV reader: Directive '_SKIP_DUPLICATE_DELIMITERS' has the value 'No'
2022-11-04 12:00:36|   0.4|  0.0|INFORM|CSV reader: Directive '_FIELD_QUALIFIER_CHARACTER' has the value '"'
2022-11-04 12:00:36|   0.4|  0.0|INFORM|CSV reader: Directive '_FIELD_QUALIFIER_ESCAPE_CHARACTER' has the value '"'
2022-11-04 12:00:36|   0.4|  0.0|INFORM|CSV reader: Directive '_TRIM_FIELD_NAME_QUALIFIERS' has the value 'Yes'
2022-11-04 12:00:36|   0.4|  0.0|INFORM|CSV reader: Directive '_TRIM_FIELD_VALUE_QUALIFIERS' has the value 'Yes'
2022-11-04 12:00:36|   0.4|  0.0|INFORM|CSV reader: Directive '_PRESERVE_SOURCE_ENCODING' has the value 'No'
2022-11-04 12:00:36|   0.4|  0.0|INFORM|CSV reader: Directive '_CASE_SENSITIVE_FIELD_NAMES' has the value 'Yes'
2022-11-04 12:00:36|   0.4|  0.0|INFORM|CSV reader: Directive '_ENFORCE_STRICT_SCHEMA' has the value 'No'
2022-11-04 12:00:36|   0.4|  0.0|INFORM|CSV reader: Directive '_SCAN_TYPES' has the value 'Yes'
2022-11-04 12:00:36|   0.4|  0.0|INFORM|CSV reader: Directive '_TYPE_ATTRIBUTE_HANDLING' has the value 'STANDARD_TYPES'
2022-11-04 12:00:36|   0.4|  0.0|INFORM|CSV reader: Directive '_STRING_TYPE_ATTRIBUTE_HANDLING' has the value 'EXPLICIT_WIDTH'
2022-11-04 12:00:36|   0.4|  0.0|INFORM|CSV reader: Directive '_SCAN_ADDITIONAL_FIELDS' has the value 'No'
2022-11-04 12:00:36|   0.4|  0.0|INFORM|CSV reader: Directive '_DATE_INPUT_FORMAT' has the value 'ISO'
2022-11-04 12:00:36|   0.4|  0.0|INFORM|CSV reader: Directive '_CHUNK_SIZE' has the value '100000'
2022-11-04 12:00:36|   0.4|  0.0|INFORM|CSV reader: Directive '_TRIM_FIELD_NAME_WHITESPACE' has the value 'Yes'
2022-11-04 12:00:36|   0.4|  0.0|INFORM|CSV reader: Directive '_READ_EMPTY_VALUES_AS' has the value 'Null'
2022-11-04 12:00:36|   0.4|  0.0|INFORM|CSV reader: Directive '_REPLACE_ATTR_NAME_INVALID_CHARS' has the value 'No'
2022-11-04 12:00:36|   0.4|  0.0|INFORM|Anläggningar Feature Recorder -1 2147549186 (RecorderFactory): Splitting bulk features into individual features
2022-11-04 12:00:36|   0.4|  0.0|INFORM|MULTI_READER(CSV2_1): Done reading 82 features from 9 readers
2022-11-04 12:00:36|   0.4|  0.0|INFORM|MULTI_READER(MULTI_READER): Done reading 82 features from 1 readers
2022-11-04 12:00:36|   0.4|  0.0|INFORM|Emptying factory pipeline
2022-11-04 12:00:36|   0.4|  0.0|STATS |Router and Unexpected Input Remover (RoutingFactory): Tested 82 input feature(s), wrote 82 output feature(s): 82 matched merge filters, 82 were routed to output, 0 could not be routed.
2022-11-04 12:00:36|   0.4|  0.0|STATS |Unwanted Router Input Nuker (TeeFactory): Cloned 0 input feature(s) into 0 output feature(s)
2022-11-04 12:00:36|   0.4|  0.0|STATS |Anläggningar_CSV2_1 Splitter (TeeFactory): Cloned 82 input feature(s) into 82 output feature(s)
2022-11-04 12:00:36|   0.4|  0.0|STATS |Destination Feature Type Routing Correlator (RoutingFactory): Tested 82 input feature(s), wrote 82 output feature(s): 0 matched merge filters, 82 were routed to output, 0 could not be routed.
2022-11-04 12:00:36|   0.4|  0.0|STATS |Final Output Nuker (TeeFactory): Cloned 0 input feature(s) into 0 output feature(s)
2022-11-04 12:00:36|   0.4|  0.0|INFORM|=-=-=-=-=-=-=-=-=-=-=-=-=-=-=-=-=-=-=-=-=-=-=-=-=-=-=-=-=-=-=-=-=-=-=-=-=-=-=-
2022-11-04 12:00:36|   0.4|  0.0|INFORM|Feature output statistics for `CSV2' writer using keyword `CSV2_2':
2022-11-04 12:00:36|   0.4|  0.0|STATS |=-=-=-=-=-=-=-=-=-=-=-=-=-=-=-=-=-=-=-=-=-=-=-=-=-=-=-=-=-=-=-=-=-=-=-=-=-=-=-
2022-11-04 12:00:36|   0.4|  0.0|STATS |                               Features Written
2022-11-04 12:00:36|   0.4|  0.0|STATS |=-=-=-=-=-=-=-=-=-=-=-=-=-=-=-=-=-=-=-=-=-=-=-=-=-=-=-=-=-=-=-=-=-=-=-=-=-=-=-
2022-11-04 12:00:36|   0.4|  0.0|STATS |File1                                                                       82
2022-11-04 12:00:36|   0.4|  0.0|STATS |==============================================================================
2022-11-04 12:00:36|   0.4|  0.0|STATS |Total Features Written                                                      82
2022-11-04 12:00:36|   0.4|  0.0|STATS |=-=-=-=-=-=-=-=-=-=-=-=-=-=-=-=-=-=-=-=-=-=-=-=-=-=-=-=-=-=-=-=-=-=-=-=-=-=-=-
2022-11-04 12:00:36|   0.4|  0.0|STATS |=-=-=-=-=-=-=-=-=-=-=-=-=-=-=-=-=-=-=-=-=-=-=-=-=-=-=-=-=-=-=-=-=-=-=-=-=-=-=-
2022-11-04 12:00:36|   0.4|  0.0|STATS |                            Features Read Summary
2022-11-04 12:00:36|   0.4|  0.0|STATS |=-=-=-=-=-=-=-=-=-=-=-=-=-=-=-=-=-=-=-=-=-=-=-=-=-=-=-=-=-=-=-=-=-=-=-=-=-=-=-
2022-11-04 12:00:36|   0.4|  0.0|STATS |Anläggningar                                                               22
2022-11-04 12:00:36|   0.4|  0.0|STATS |Anläggningar_2                                                              2
2022-11-04 12:00:36|   0.4|  0.0|STATS |Eldgivning                                                                  27
2022-11-04 12:00:36|   0.4|  0.0|STATS |Enhet                                                                        5
2022-11-04 12:00:36|   0.4|  0.0|STATS |Krypgångar                                                                 18
2022-11-04 12:00:36|   0.4|  0.0|STATS |Kulle                                                                        1
2022-11-04 12:00:36|   0.4|  0.0|STATS |Kulle_2                                                                      4
2022-11-04 12:00:36|   0.4|  0.0|STATS |övrigt                                                                      3
2022-11-04 12:00:36|   0.4|  0.0|STATS |==============================================================================
2022-11-04 12:00:36|   0.4|  0.0|STATS |Total Features Read                                                         82
2022-11-04 12:00:36|   0.4|  0.0|STATS |=-=-=-=-=-=-=-=-=-=-=-=-=-=-=-=-=-=-=-=-=-=-=-=-=-=-=-=-=-=-=-=-=-=-=-=-=-=-=-
2022-11-04 12:00:36|   0.4|  0.0|STATS |=-=-=-=-=-=-=-=-=-=-=-=-=-=-=-=-=-=-=-=-=-=-=-=-=-=-=-=-=-=-=-=-=-=-=-=-=-=-=-
2022-11-04 12:00:36|   0.4|  0.0|STATS |                           Features Skipped Summary
2022-11-04 12:00:36|   0.4|  0.0|STATS |=-=-=-=-=-=-=-=-=-=-=-=-=-=-=-=-=-=-=-=-=-=-=-=-=-=-=-=-=-=-=-=-=-=-=-=-=-=-=-
2022-11-04 12:00:36|   0.4|  0.0|STATS |siteinfo (CSV2_1)                                                            1
2022-11-04 12:00:36|   0.4|  0.0|STATS |==============================================================================
2022-11-04 12:00:36|   0.4|  0.0|STATS |Total Features Skipped                                                       1
2022-11-04 12:00:36|   0.4|  0.0|STATS |=-=-=-=-=-=-=-=-=-=-=-=-=-=-=-=-=-=-=-=-=-=-=-=-=-=-=-=-=-=-=-=-=-=-=-=-=-=-=-
2022-11-04 12:00:36|   0.4|  0.0|STATS |=-=-=-=-=-=-=-=-=-=-=-=-=-=-=-=-=-=-=-=-=-=-=-=-=-=-=-=-=-=-=-=-=-=-=-=-=-=-=-
2022-11-04 12:00:36|   0.4|  0.0|STATS |                           Features Written Summary
2022-11-04 12:00:36|   0.4|  0.0|STATS |=-=-=-=-=-=-=-=-=-=-=-=-=-=-=-=-=-=-=-=-=-=-=-=-=-=-=-=-=-=-=-=-=-=-=-=-=-=-=-
2022-11-04 12:00:36|   0.4|  0.0|STATS |File1                                                                       82
2022-11-04 12:00:36|   0.4|  0.0|STATS |==============================================================================
2022-11-04 12:00:36|   0.4|  0.0|STATS |Total Features Written                                                      82
2022-11-04 12:00:36|   0.4|  0.0|STATS |=-=-=-=-=-=-=-=-=-=-=-=-=-=-=-=-=-=-=-=-=-=-=-=-=-=-=-=-=-=-=-=-=-=-=-=-=-=-=-
2022-11-04 12:00:36|   0.4|  0.0|WARN  |-~-~-~-~-~-~-~-~-~-~-~-~-~-~-~-~-~-~-~-~-~-~-~-~-~-~-~-~-~-~-~-~-~-~-~-~-~-~-~-~-
2022-11-04 12:00:36|   0.4|  0.0|WARN  |-~                                                                             ~-
2022-11-04 12:00:36|   0.4|  0.0|WARN  |-~    Feature caches have been recorded at every stage of the translation.     ~-
2022-11-04 12:00:36|   0.4|  0.0|WARN  |-~                      To inspect the recorded features,                      ~-
2022-11-04 12:00:36|   0.4|  0.0|WARN  |-~              click the feature cache icons next to the ports.               ~-
2022-11-04 12:00:36|   0.4|  0.0|WARN  |-~                                                                             ~-
2022-11-04 12:00:36|   0.4|  0.0|WARN  |-~-~-~-~-~-~-~-~-~-~-~-~-~-~-~-~-~-~-~-~-~-~-~-~-~-~-~-~-~-~-~-~-~-~-~-~-~-~-~-~-
2022-11-04 12:00:36|   0.4|  0.0|INFORM|Translation was SUCCESSFUL with 7 warning(s) (82 feature(s) output)
2022-11-04 12:00:36|   0.4|  0.0|INFORM|FME Session Duration: 0.5 seconds. (CPU: 0.2s user, 0.2s system)
2022-11-04 12:00:36|   0.4|  0.0|INFORM|END - ProcessID: 15896, peak process memory usage: 82596 kB, current process memory usage: 68812 kB
