2022-11-04 11:20:01|   0.0|  0.0|INFORM|Current FME version: FME 2022.1.3.0 (20220928 - Build 22630 - WIN64)
2022-11-04 11:20:01|   0.0|  0.0|INFORM|FME_HOME is 'C:\Program Files\FME2022_1_3\'
2022-11-04 11:20:01|   0.0|  0.0|INFORM|FME Database Edition (node locked-crc)
2022-11-04 11:20:01|   0.0|  0.0|INFORM|Serial Number: GN3A-3NG9-21YZ
2022-11-04 11:20:01|   0.0|  0.0|INFORM|Temporary License: 231 days left.
2022-11-04 11:20:01|   0.0|  0.0|INFORM|Machine host name is: EPI-4L2CTD3
2022-11-04 11:20:01|   0.0|  0.0|INFORM|OS Locale Name     : sv_SE
2022-11-04 11:20:01|   0.0|  0.0|INFORM|OS Locale Encoding : windows-1252
2022-11-04 11:20:01|   0.0|  0.0|INFORM|Process Encoding   : UTF-8
2022-11-04 11:20:01|   0.0|  0.0|INFORM|FME API version: '4.0 20220615'
2022-11-04 11:20:01|   0.0|  0.0|INFORM|FME Configuration: FME_BASE is 'no'
2022-11-04 11:20:01|   0.0|  0.0|INFORM|FME Configuration: FME_MF_DIR is 'C:\Users\krima354\Work Folders\Documents\GitHub\kix_working_dir\dap\shape2csv_gpkg/'
2022-11-04 11:20:01|   0.0|  0.0|INFORM|FME Configuration: FME_MF_NAME is 'generic2gpkg_csv.fmw'
2022-11-04 11:20:01|   0.0|  0.0|INFORM|FME Configuration: FME_PRODUCT_NAME is 'FME(R) 2022.1.3.0'
2022-11-04 11:20:01|   0.0|  0.0|INFORM|Operating System: Microsoft Windows 10 64-bit  (Build 19044)
2022-11-04 11:20:01|   0.0|  0.0|INFORM|FME Platform: WIN64
2022-11-04 11:20:01|   0.0|  0.0|INFORM|System Status: 592.51 GB of disk space available in the FME temporary folder (C:\Users\krima354\AppData\Local\Temp\wbrun_1667549980456_3744\fmetmp_10)
2022-11-04 11:20:01|   0.0|  0.0|INFORM|System Status: 31.73 GB of physical memory available
2022-11-04 11:20:01|   0.0|  0.0|INFORM|System Status: 126.93 GB of virtual memory available
2022-11-04 11:20:01|   0.0|  0.0|INFORM|START - ProcessID: 21444, peak process memory usage: 49956 kB, current process memory usage: 49956 kB
2022-11-04 11:20:01|   0.0|  0.0|INFORM|FME Configuration: Command line arguments are `C:\Program Files\FME2022_1_3\fme.exe' `C:/Users/krima354/Work Folders/Documents/GitHub/kix_working_dir/dap/shape2csv_gpkg\wb-xlate-1667557186908_3744' `LOG_STANDARDOUT' `YES' `LOG_TIMINGS' `YES' `LogCountServerName' `51833' `LOG_STANDARDOUT' `No' `WORKBENCH_LOG_SERVER' `51624'
2022-11-04 11:20:01|   0.0|  0.0|INFORM|FME Configuration: Connection Storage: 'C:\Users\krima354\AppData\Roaming\Safe Software\FME\'
2022-11-04 11:20:02|   0.0|  0.0|INFORM|Shared folders for formats are : C:\Program Files\FME2022_1_3\datasources;C:\Users\krima354\Work Folders\Documents\FME\Formats
2022-11-04 11:20:02|   0.0|  0.0|INFORM|Shared folders for transformers are : C:\Users\krima354\AppData\Roaming\Safe Software\FME\Packages\22630-win64\transformers;C:\Program Files\FME2022_1_3\transformers
2022-11-04 11:20:02|   0.0|  0.0|INFORM|Shared folders for coordinate systems are : C:\Users\krima354\Work Folders\Documents\FME\CoordinateSystems
2022-11-04 11:20:02|   0.0|  0.0|INFORM|Shared folders for coordinate system exceptions are : C:\Users\krima354\Work Folders\Documents\FME\CoordinateSystemExceptions
2022-11-04 11:20:02|   0.0|  0.0|INFORM|Shared folders for coordinate system grid overrides are : C:\Users\krima354\Work Folders\Documents\FME\CoordinateSystemGridOverrides
2022-11-04 11:20:02|   0.0|  0.0|INFORM|Shared folders for CS-MAP transformation exceptions are : C:\Users\krima354\Work Folders\Documents\FME\CsmapTransformationExceptions
2022-11-04 11:20:02|   0.0|  0.0|INFORM|Shared folders for transformer categories are : C:\Users\krima354\Work Folders\Documents\FME\TransformerCategories
2022-11-04 11:20:02|   0.0|  0.0|INFORM|FME Configuration: Reader Keyword is `MULTI_READER'
2022-11-04 11:20:02|   0.0|  0.0|INFORM|FME Configuration: Writer Keyword is `MULTI_WRITER'
2022-11-04 11:20:02|   0.0|  0.0|INFORM|FME Configuration: Writer Group Definition Keyword is `MULTI_WRITER_DEF'
2022-11-04 11:20:02|   0.0|  0.0|INFORM|FME Configuration: Reader type is `MULTI_READER'
2022-11-04 11:20:02|   0.0|  0.0|INFORM|FME Configuration: Writer type is `MULTI_WRITER'
2022-11-04 11:20:02|   0.0|  0.0|INFORM|FME Configuration: No destination coordinate system set
2022-11-04 11:20:02|   0.0|  0.0|INFORM|FME Configuration: Current working folder is `C:\Users\krima354\Work Folders\Documents\GitHub\kix_working_dir\dap\shape2csv_gpkg'
2022-11-04 11:20:02|   0.0|  0.0|INFORM|FME Configuration: Temporary folder is `C:\Users\krima354\AppData\Local\Temp\wbrun_1667549980456_3744\fmetmp_10', set from environment variable `FME_TEMP'
2022-11-04 11:20:02|   0.0|  0.0|INFORM|FME Configuration: Cache folder is 'C:\Users\krima354\AppData\Local\Temp'
2022-11-04 11:20:02|   0.0|  0.0|INFORM|FME Configuration: FME_HOME is `C:\Program Files\FME2022_1_3\'
2022-11-04 11:20:02|   0.0|  0.0|INFORM|FME Configuration: Start freeing memory when the process exceeds 95.20 GB
2022-11-04 11:20:02|   0.0|  0.0|INFORM|FME Configuration: Stop freeing memory when the process is below 71.40 GB
2022-11-04 11:20:02|   0.0|  0.0|INFORM|Creating writer for format: 
2022-11-04 11:20:02|   0.0|  0.0|INFORM|Creating reader for format: 
2022-11-04 11:20:02|   0.0|  0.0|INFORM|MULTI_READER(MULTI_READER): Will fail with first member reader failure
2022-11-04 11:20:02|   0.0|  0.0|INFORM|MULTI_READER(MULTI_READER): Adding GENERIC Reader with keyword GENERIC_1
2022-11-04 11:20:02|   0.0|  0.0|INFORM|Using Multi Reader with keyword `MULTI_READER' to read multiple datasets
2022-11-04 11:20:02|   0.0|  0.0|INFORM|FME Configuration: Reading 8 dataset(s) with GENERIC reader identified by GENERIC_1
2022-11-04 11:20:02|   0.0|  0.0|INFORM|Creating reader for format: Generic (Any Format)
2022-11-04 11:20:02|   0.0|  0.0|INFORM|FME Configuration: Source coordinate system for reader GENERIC_1[MULTI_READER] set to `EPSG:3006'
2022-11-04 11:20:02|   0.1|  0.1|INFORM|Coordinate System `EPSG:3006' parameters: CS_NAME=`SWEREF-99-TM' DESC_NM=`SWEREF 99 TM' DT_NAME=`SWEREF99' EPSG_QD=`-1' GROUP=`EUROPE' MAP_SCL=`1' MAX_LAT=`70.48333333333333' MAX_LNG=`25.883333333333333' MIN_LAT=`53.81666666666667' MIN_LNG=`8.866666666666667' PARM1=`15' PROJ=`TM' QUAD=`1' SCL_RED=`0.9996' SOURCE=`National Land Survey of Sweden' UNIT=`METER' X_OFF=`500000'
2022-11-04 11:20:02|   0.1|  0.0|INFORM|MULTI_READER(GENERIC_1): Will continue past member reader failures
2022-11-04 11:20:02|   0.1|  0.0|INFORM|MULTI_READER(GENERIC_1): Adding GENERIC Reader with keyword GENERIC_1
2022-11-04 11:20:02|   0.1|  0.0|INFORM|Using Multi Reader with keyword `GENERIC_1' to read multiple datasets
2022-11-04 11:20:02|   0.1|  0.0|INFORM|Creating reader for format: Generic (Any Format)
2022-11-04 11:20:02|   0.1|  0.0|INFORM|Trying to find a DYNAMIC plugin for reader named `GENERIC'
2022-11-04 11:20:02|   0.1|  0.0|INFORM|FME Configuration: Source coordinate system for reader GENERIC_1[GENERIC] set to `EPSG:3006'
2022-11-04 11:20:02|   0.1|  0.0|INFORM|Coordinate System `EPSG:3006' parameters: CS_NAME=`SWEREF-99-TM' DESC_NM=`SWEREF 99 TM' DT_NAME=`SWEREF99' EPSG_QD=`-1' GROUP=`EUROPE' MAP_SCL=`1' MAX_LAT=`70.48333333333333' MAX_LNG=`25.883333333333333' MIN_LAT=`53.81666666666667' MIN_LNG=`8.866666666666667' PARM1=`15' PROJ=`TM' QUAD=`1' SCL_RED=`0.9996' SOURCE=`National Land Survey of Sweden' UNIT=`METER' X_OFF=`500000'
2022-11-04 11:20:02|   0.1|  0.0|INFORM|Loaded module 'GENERIC' from file 'C:\Program Files\FME2022_1_3\plugins/GENERIC.dll'
2022-11-04 11:20:02|   0.1|  0.0|INFORM|FME API version of module 'GENERIC' matches current internal version (4.0 20220615)
2022-11-04 11:20:02|   0.1|  0.0|INFORM|Generic Reader: No valid reader name specified, guessing reader name from dataset 'C:\Users\krima354\Work Folders\Documents\kicki_arbetsfiler\dap\indata\Gävleborg 2_bearbetat\Länsmuseet Gävleborg_2015_12 Leharen\Anläggningar.shp'
2022-11-04 11:20:02|   0.1|  0.0|INFORM|Generic Reader: Reader name 'SHAPEFILE' guessed from dataset 'C:\Users\krima354\Work Folders\Documents\kicki_arbetsfiler\dap\indata\Gävleborg 2_bearbetat\Länsmuseet Gävleborg_2015_12 Leharen\Anläggningar.shp'
2022-11-04 11:20:02|   0.1|  0.0|INFORM|Generic Reader: No format specific settings have been found for the SHAPEFILE Reader -- default values as documented in the Reader/Writer manual will be used
2022-11-04 11:20:02|   0.1|  0.0|INFORM|Creating reader for format: Esri Shapefile
2022-11-04 11:20:02|   0.1|  0.0|INFORM|Trying to find a DYNAMIC plugin for reader named `SHAPEFILE'
2022-11-04 11:20:02|   0.1|  0.0|INFORM|FME Configuration: Source coordinate system for reader R_1[SHAPEFILE] set to `EPSG:3006'
2022-11-04 11:20:02|   0.1|  0.0|INFORM|Coordinate System `EPSG:3006' parameters: CS_NAME=`SWEREF-99-TM' DESC_NM=`SWEREF 99 TM' DT_NAME=`SWEREF99' EPSG_QD=`-1' GROUP=`EUROPE' MAP_SCL=`1' MAX_LAT=`70.48333333333333' MAX_LNG=`25.883333333333333' MIN_LAT=`53.81666666666667' MIN_LNG=`8.866666666666667' PARM1=`15' PROJ=`TM' QUAD=`1' SCL_RED=`0.9996' SOURCE=`National Land Survey of Sweden' UNIT=`METER' X_OFF=`500000'
2022-11-04 11:20:02|   0.2|  0.1|INFORM|Loaded module 'SHAPEFILE' from file 'C:\Program Files\FME2022_1_3\plugins/shapefile_dbase.dll'
2022-11-04 11:20:02|   0.2|  0.0|INFORM|FME API version of module 'shapefile_dbase' matches current internal version (4.0 20220615)
2022-11-04 11:20:02|   0.2|  0.0|INFORM|Opening the GENERIC Reader on dataset `C:\Users\krima354\Work Folders\Documents\kicki_arbetsfiler\dap\indata\Gävleborg 2_bearbetat\Länsmuseet Gävleborg_2015_12 Leharen\Anläggningar.shp'
2022-11-04 11:20:02|   0.2|  0.0|INFORM|Using MultiWriter with keyword `MULTI_WRITER' to output data (ID_ATTRIBUTE is `multi_writer_id')
2022-11-04 11:20:02|   0.2|  0.0|INFORM|Writer output will be ordered by value of multi_writer_id
2022-11-04 11:20:02|   0.2|  0.0|INFORM|Loaded module 'LogCount_func' from file 'C:\Program Files\FME2022_1_3\plugins/LogCount_func.dll'
2022-11-04 11:20:02|   0.2|  0.0|INFORM|FME API version of module 'LogCount_func' matches current internal version (4.0 20220615)
2022-11-04 11:20:02|   0.2|  0.0|INFORM|The OGC definition of the FME coordinate system '_SWEREF-99-TM_0' is 'PROJCS["SWEREF99_TM",GEOGCS["GCS_SWEREF99",DATUM["D_SWEREF99",SPHEROID["GRS_1980",6378137.0,298.257222101]],PRIMEM["Greenwich",0.0],UNIT["Degree",0.0174532925199433]],PROJECTION["Transverse_Mercator"],PARAMETER["False_Easting",500000.0],PARAMETER["False_Northing",0.0],PARAMETER["Central_Meridian",15.0],PARAMETER["Scale_Factor",0.9996],PARAMETER["Latitude_Of_Origin",0.0],UNIT["Meter",1.0]]'
2022-11-04 11:20:02|   0.2|  0.0|INFORM|Shapefile reader: Reading dataset with encoding 'windows-1252' as determined by 'System Encoding as Fallback'
2022-11-04 11:20:02|   0.2|  0.0|WARN  |NOT changing coordinate system of reader identified by keyword `R_1' from `EPSG:3006' to `_SWEREF-99-TM_0' -- mapping file setting of `EPSG:3006' overrides coordinate system `_SWEREF-99-TM_0' read from file
2022-11-04 11:20:02|   0.2|  0.0|INFORM|NewFeatureType Feature Recorder -1 2147549186 (RecorderFactory): Splitting bulk features into individual features
2022-11-04 11:20:02|   0.2|  0.0|INFORM|FME Configuration: Using FME Reprojection Engine
2022-11-04 11:20:02|   0.3|  0.1|INFORM|Creating reader for format: Generic (Any Format)
2022-11-04 11:20:02|   0.3|  0.0|INFORM|Trying to find a DYNAMIC plugin for reader named `GENERIC'
2022-11-04 11:20:02|   0.3|  0.0|INFORM|FME Configuration: Source coordinate system for reader R_2[GENERIC] set to `EPSG:3006'
2022-11-04 11:20:02|   0.3|  0.0|INFORM|Coordinate System `EPSG:3006' parameters: CS_NAME=`SWEREF-99-TM' DESC_NM=`SWEREF 99 TM' DT_NAME=`SWEREF99' EPSG_QD=`-1' GROUP=`EUROPE' MAP_SCL=`1' MAX_LAT=`70.48333333333333' MAX_LNG=`25.883333333333333' MIN_LAT=`53.81666666666667' MIN_LNG=`8.866666666666667' PARM1=`15' PROJ=`TM' QUAD=`1' SCL_RED=`0.9996' SOURCE=`National Land Survey of Sweden' UNIT=`METER' X_OFF=`500000'
2022-11-04 11:20:02|   0.3|  0.0|INFORM|Creating reader for format: Generic (Any Format)
2022-11-04 11:20:02|   0.3|  0.0|INFORM|Trying to find a DYNAMIC plugin for reader named `GENERIC'
2022-11-04 11:20:02|   0.3|  0.0|INFORM|FME Configuration: Source coordinate system for reader R_2[GENERIC] set to `EPSG:3006'
2022-11-04 11:20:02|   0.3|  0.0|INFORM|Coordinate System `EPSG:3006' parameters: CS_NAME=`SWEREF-99-TM' DESC_NM=`SWEREF 99 TM' DT_NAME=`SWEREF99' EPSG_QD=`-1' GROUP=`EUROPE' MAP_SCL=`1' MAX_LAT=`70.48333333333333' MAX_LNG=`25.883333333333333' MIN_LAT=`53.81666666666667' MIN_LNG=`8.866666666666667' PARM1=`15' PROJ=`TM' QUAD=`1' SCL_RED=`0.9996' SOURCE=`National Land Survey of Sweden' UNIT=`METER' X_OFF=`500000'
2022-11-04 11:20:02|   0.3|  0.0|INFORM|Generic Reader: No valid reader name specified, guessing reader name from dataset 'C:\Users\krima354\Work Folders\Documents\kicki_arbetsfiler\dap\indata\Gävleborg 2_bearbetat\Länsmuseet Gävleborg_2015_12 Leharen\Anläggningar.shp'
2022-11-04 11:20:02|   0.4|  0.1|INFORM|Generic Reader: Reader name 'SHAPEFILE' guessed from dataset 'C:\Users\krima354\Work Folders\Documents\kicki_arbetsfiler\dap\indata\Gävleborg 2_bearbetat\Länsmuseet Gävleborg_2015_12 Leharen\Anläggningar.shp'
2022-11-04 11:20:02|   0.4|  0.0|INFORM|Generic Reader: No format specific settings have been found for the SHAPEFILE Reader -- default values as documented in the Reader/Writer manual will be used
2022-11-04 11:20:02|   0.4|  0.0|INFORM|Creating reader for format: Esri Shapefile
2022-11-04 11:20:02|   0.4|  0.0|INFORM|Trying to find a DYNAMIC plugin for reader named `SHAPEFILE'
2022-11-04 11:20:02|   0.4|  0.0|INFORM|FME Configuration: Source coordinate system for reader R_3[SHAPEFILE] set to `EPSG:3006'
2022-11-04 11:20:02|   0.4|  0.0|INFORM|Coordinate System `EPSG:3006' parameters: CS_NAME=`SWEREF-99-TM' DESC_NM=`SWEREF 99 TM' DT_NAME=`SWEREF99' EPSG_QD=`-1' GROUP=`EUROPE' MAP_SCL=`1' MAX_LAT=`70.48333333333333' MAX_LNG=`25.883333333333333' MIN_LAT=`53.81666666666667' MIN_LNG=`8.866666666666667' PARM1=`15' PROJ=`TM' QUAD=`1' SCL_RED=`0.9996' SOURCE=`National Land Survey of Sweden' UNIT=`METER' X_OFF=`500000'
2022-11-04 11:20:02|   0.4|  0.0|INFORM|Opening the GENERIC Reader on dataset `C:\Users\krima354\Work Folders\Documents\kicki_arbetsfiler\dap\indata\Gävleborg 2_bearbetat\Länsmuseet Gävleborg_2015_12 Leharen\Anläggningar.shp'
2022-11-04 11:20:02|   0.4|  0.0|INFORM|Creating reader for format: Esri Shapefile
2022-11-04 11:20:02|   0.4|  0.0|INFORM|Trying to find a DYNAMIC plugin for reader named `SHAPEFILE'
2022-11-04 11:20:02|   0.4|  0.0|INFORM|FME Configuration: Source coordinate system for reader R_3[SHAPEFILE] set to `EPSG:3006'
2022-11-04 11:20:02|   0.4|  0.0|INFORM|Coordinate System `EPSG:3006' parameters: CS_NAME=`SWEREF-99-TM' DESC_NM=`SWEREF 99 TM' DT_NAME=`SWEREF99' EPSG_QD=`-1' GROUP=`EUROPE' MAP_SCL=`1' MAX_LAT=`70.48333333333333' MAX_LNG=`25.883333333333333' MIN_LAT=`53.81666666666667' MIN_LNG=`8.866666666666667' PARM1=`15' PROJ=`TM' QUAD=`1' SCL_RED=`0.9996' SOURCE=`National Land Survey of Sweden' UNIT=`METER' X_OFF=`500000'
2022-11-04 11:20:02|   0.4|  0.0|INFORM|Shapefile reader: Reading dataset with encoding 'windows-1252' as determined by 'System Encoding as Fallback'
2022-11-04 11:20:02|   0.4|  0.0|INFORM|Closing the GENERIC Reader
2022-11-04 11:20:02|   0.4|  0.0|INFORM|Creating reader for format: Generic (Any Format)
2022-11-04 11:20:02|   0.4|  0.0|INFORM|Trying to find a DYNAMIC plugin for reader named `GENERIC'
2022-11-04 11:20:02|   0.4|  0.0|INFORM|FME Configuration: Source coordinate system for reader R_4[GENERIC] set to `EPSG:3006'
2022-11-04 11:20:02|   0.4|  0.0|INFORM|Coordinate System `EPSG:3006' parameters: CS_NAME=`SWEREF-99-TM' DESC_NM=`SWEREF 99 TM' DT_NAME=`SWEREF99' EPSG_QD=`-1' GROUP=`EUROPE' MAP_SCL=`1' MAX_LAT=`70.48333333333333' MAX_LNG=`25.883333333333333' MIN_LAT=`53.81666666666667' MIN_LNG=`8.866666666666667' PARM1=`15' PROJ=`TM' QUAD=`1' SCL_RED=`0.9996' SOURCE=`National Land Survey of Sweden' UNIT=`METER' X_OFF=`500000'
2022-11-04 11:20:02|   0.4|  0.0|INFORM|Creating reader for format: Generic (Any Format)
2022-11-04 11:20:02|   0.4|  0.0|INFORM|Trying to find a DYNAMIC plugin for reader named `GENERIC'
2022-11-04 11:20:02|   0.4|  0.0|INFORM|FME Configuration: Source coordinate system for reader R_4[GENERIC] set to `EPSG:3006'
2022-11-04 11:20:02|   0.4|  0.0|INFORM|Coordinate System `EPSG:3006' parameters: CS_NAME=`SWEREF-99-TM' DESC_NM=`SWEREF 99 TM' DT_NAME=`SWEREF99' EPSG_QD=`-1' GROUP=`EUROPE' MAP_SCL=`1' MAX_LAT=`70.48333333333333' MAX_LNG=`25.883333333333333' MIN_LAT=`53.81666666666667' MIN_LNG=`8.866666666666667' PARM1=`15' PROJ=`TM' QUAD=`1' SCL_RED=`0.9996' SOURCE=`National Land Survey of Sweden' UNIT=`METER' X_OFF=`500000'
2022-11-04 11:20:02|   0.4|  0.0|INFORM|Generic Reader: No valid reader name specified, guessing reader name from dataset 'C:\Users\krima354\Work Folders\Documents\kicki_arbetsfiler\dap\indata\Gävleborg 2_bearbetat\Länsmuseet Gävleborg_2015_12 Leharen\Anläggningar_2.shp'
2022-11-04 11:20:02|   0.4|  0.0|INFORM|Generic Reader: Reader name 'SHAPEFILE' guessed from dataset 'C:\Users\krima354\Work Folders\Documents\kicki_arbetsfiler\dap\indata\Gävleborg 2_bearbetat\Länsmuseet Gävleborg_2015_12 Leharen\Anläggningar_2.shp'
2022-11-04 11:20:02|   0.4|  0.0|INFORM|Generic Reader: No format specific settings have been found for the SHAPEFILE Reader -- default values as documented in the Reader/Writer manual will be used
2022-11-04 11:20:02|   0.4|  0.0|INFORM|Creating reader for format: Esri Shapefile
2022-11-04 11:20:02|   0.4|  0.0|INFORM|Trying to find a DYNAMIC plugin for reader named `SHAPEFILE'
2022-11-04 11:20:02|   0.4|  0.0|INFORM|FME Configuration: Source coordinate system for reader R_5[SHAPEFILE] set to `EPSG:3006'
2022-11-04 11:20:02|   0.4|  0.0|INFORM|Coordinate System `EPSG:3006' parameters: CS_NAME=`SWEREF-99-TM' DESC_NM=`SWEREF 99 TM' DT_NAME=`SWEREF99' EPSG_QD=`-1' GROUP=`EUROPE' MAP_SCL=`1' MAX_LAT=`70.48333333333333' MAX_LNG=`25.883333333333333' MIN_LAT=`53.81666666666667' MIN_LNG=`8.866666666666667' PARM1=`15' PROJ=`TM' QUAD=`1' SCL_RED=`0.9996' SOURCE=`National Land Survey of Sweden' UNIT=`METER' X_OFF=`500000'
2022-11-04 11:20:02|   0.4|  0.0|INFORM|Opening the GENERIC Reader on dataset `C:\Users\krima354\Work Folders\Documents\kicki_arbetsfiler\dap\indata\Gävleborg 2_bearbetat\Länsmuseet Gävleborg_2015_12 Leharen\Anläggningar_2.shp'
2022-11-04 11:20:02|   0.4|  0.0|INFORM|Creating reader for format: Esri Shapefile
2022-11-04 11:20:02|   0.4|  0.0|INFORM|Trying to find a DYNAMIC plugin for reader named `SHAPEFILE'
2022-11-04 11:20:02|   0.4|  0.0|INFORM|FME Configuration: Source coordinate system for reader R_5[SHAPEFILE] set to `EPSG:3006'
2022-11-04 11:20:02|   0.4|  0.0|INFORM|Coordinate System `EPSG:3006' parameters: CS_NAME=`SWEREF-99-TM' DESC_NM=`SWEREF 99 TM' DT_NAME=`SWEREF99' EPSG_QD=`-1' GROUP=`EUROPE' MAP_SCL=`1' MAX_LAT=`70.48333333333333' MAX_LNG=`25.883333333333333' MIN_LAT=`53.81666666666667' MIN_LNG=`8.866666666666667' PARM1=`15' PROJ=`TM' QUAD=`1' SCL_RED=`0.9996' SOURCE=`National Land Survey of Sweden' UNIT=`METER' X_OFF=`500000'
2022-11-04 11:20:02|   0.4|  0.0|INFORM|Shapefile reader: Reading dataset with encoding 'windows-1252' as determined by 'System Encoding as Fallback'
2022-11-04 11:20:02|   0.4|  0.0|INFORM|Closing the GENERIC Reader
2022-11-04 11:20:02|   0.4|  0.0|INFORM|Creating reader for format: Generic (Any Format)
2022-11-04 11:20:02|   0.4|  0.0|INFORM|Trying to find a DYNAMIC plugin for reader named `GENERIC'
2022-11-04 11:20:02|   0.4|  0.0|INFORM|FME Configuration: Source coordinate system for reader R_6[GENERIC] set to `EPSG:3006'
2022-11-04 11:20:02|   0.4|  0.0|INFORM|Coordinate System `EPSG:3006' parameters: CS_NAME=`SWEREF-99-TM' DESC_NM=`SWEREF 99 TM' DT_NAME=`SWEREF99' EPSG_QD=`-1' GROUP=`EUROPE' MAP_SCL=`1' MAX_LAT=`70.48333333333333' MAX_LNG=`25.883333333333333' MIN_LAT=`53.81666666666667' MIN_LNG=`8.866666666666667' PARM1=`15' PROJ=`TM' QUAD=`1' SCL_RED=`0.9996' SOURCE=`National Land Survey of Sweden' UNIT=`METER' X_OFF=`500000'
2022-11-04 11:20:02|   0.4|  0.0|INFORM|Creating reader for format: Generic (Any Format)
2022-11-04 11:20:02|   0.4|  0.0|INFORM|Trying to find a DYNAMIC plugin for reader named `GENERIC'
2022-11-04 11:20:02|   0.4|  0.0|INFORM|FME Configuration: Source coordinate system for reader R_6[GENERIC] set to `EPSG:3006'
2022-11-04 11:20:02|   0.4|  0.0|INFORM|Coordinate System `EPSG:3006' parameters: CS_NAME=`SWEREF-99-TM' DESC_NM=`SWEREF 99 TM' DT_NAME=`SWEREF99' EPSG_QD=`-1' GROUP=`EUROPE' MAP_SCL=`1' MAX_LAT=`70.48333333333333' MAX_LNG=`25.883333333333333' MIN_LAT=`53.81666666666667' MIN_LNG=`8.866666666666667' PARM1=`15' PROJ=`TM' QUAD=`1' SCL_RED=`0.9996' SOURCE=`National Land Survey of Sweden' UNIT=`METER' X_OFF=`500000'
2022-11-04 11:20:02|   0.4|  0.0|INFORM|Generic Reader: No valid reader name specified, guessing reader name from dataset 'C:\Users\krima354\Work Folders\Documents\kicki_arbetsfiler\dap\indata\Gävleborg 2_bearbetat\Länsmuseet Gävleborg_2015_12 Leharen\Eldgivning.shp'
2022-11-04 11:20:02|   0.4|  0.0|INFORM|Generic Reader: Reader name 'SHAPEFILE' guessed from dataset 'C:\Users\krima354\Work Folders\Documents\kicki_arbetsfiler\dap\indata\Gävleborg 2_bearbetat\Länsmuseet Gävleborg_2015_12 Leharen\Eldgivning.shp'
2022-11-04 11:20:02|   0.4|  0.0|INFORM|Generic Reader: No format specific settings have been found for the SHAPEFILE Reader -- default values as documented in the Reader/Writer manual will be used
2022-11-04 11:20:02|   0.4|  0.0|INFORM|Creating reader for format: Esri Shapefile
2022-11-04 11:20:02|   0.4|  0.0|INFORM|Trying to find a DYNAMIC plugin for reader named `SHAPEFILE'
2022-11-04 11:20:02|   0.4|  0.0|INFORM|FME Configuration: Source coordinate system for reader R_7[SHAPEFILE] set to `EPSG:3006'
2022-11-04 11:20:02|   0.4|  0.0|INFORM|Coordinate System `EPSG:3006' parameters: CS_NAME=`SWEREF-99-TM' DESC_NM=`SWEREF 99 TM' DT_NAME=`SWEREF99' EPSG_QD=`-1' GROUP=`EUROPE' MAP_SCL=`1' MAX_LAT=`70.48333333333333' MAX_LNG=`25.883333333333333' MIN_LAT=`53.81666666666667' MIN_LNG=`8.866666666666667' PARM1=`15' PROJ=`TM' QUAD=`1' SCL_RED=`0.9996' SOURCE=`National Land Survey of Sweden' UNIT=`METER' X_OFF=`500000'
2022-11-04 11:20:02|   0.4|  0.0|INFORM|Opening the GENERIC Reader on dataset `C:\Users\krima354\Work Folders\Documents\kicki_arbetsfiler\dap\indata\Gävleborg 2_bearbetat\Länsmuseet Gävleborg_2015_12 Leharen\Eldgivning.shp'
2022-11-04 11:20:02|   0.4|  0.0|INFORM|Creating reader for format: Esri Shapefile
2022-11-04 11:20:02|   0.4|  0.0|INFORM|Trying to find a DYNAMIC plugin for reader named `SHAPEFILE'
2022-11-04 11:20:02|   0.4|  0.0|INFORM|FME Configuration: Source coordinate system for reader R_7[SHAPEFILE] set to `EPSG:3006'
2022-11-04 11:20:02|   0.4|  0.0|INFORM|Coordinate System `EPSG:3006' parameters: CS_NAME=`SWEREF-99-TM' DESC_NM=`SWEREF 99 TM' DT_NAME=`SWEREF99' EPSG_QD=`-1' GROUP=`EUROPE' MAP_SCL=`1' MAX_LAT=`70.48333333333333' MAX_LNG=`25.883333333333333' MIN_LAT=`53.81666666666667' MIN_LNG=`8.866666666666667' PARM1=`15' PROJ=`TM' QUAD=`1' SCL_RED=`0.9996' SOURCE=`National Land Survey of Sweden' UNIT=`METER' X_OFF=`500000'
2022-11-04 11:20:02|   0.4|  0.0|INFORM|Shapefile reader: Reading dataset with encoding 'windows-1252' as determined by 'System Encoding as Fallback'
2022-11-04 11:20:02|   0.4|  0.0|INFORM|Closing the GENERIC Reader
2022-11-04 11:20:02|   0.4|  0.0|INFORM|Creating reader for format: Generic (Any Format)
2022-11-04 11:20:02|   0.4|  0.0|INFORM|Trying to find a DYNAMIC plugin for reader named `GENERIC'
2022-11-04 11:20:02|   0.4|  0.0|INFORM|FME Configuration: Source coordinate system for reader R_8[GENERIC] set to `EPSG:3006'
2022-11-04 11:20:02|   0.4|  0.0|INFORM|Coordinate System `EPSG:3006' parameters: CS_NAME=`SWEREF-99-TM' DESC_NM=`SWEREF 99 TM' DT_NAME=`SWEREF99' EPSG_QD=`-1' GROUP=`EUROPE' MAP_SCL=`1' MAX_LAT=`70.48333333333333' MAX_LNG=`25.883333333333333' MIN_LAT=`53.81666666666667' MIN_LNG=`8.866666666666667' PARM1=`15' PROJ=`TM' QUAD=`1' SCL_RED=`0.9996' SOURCE=`National Land Survey of Sweden' UNIT=`METER' X_OFF=`500000'
2022-11-04 11:20:02|   0.4|  0.0|INFORM|Creating reader for format: Generic (Any Format)
2022-11-04 11:20:02|   0.4|  0.0|INFORM|Trying to find a DYNAMIC plugin for reader named `GENERIC'
2022-11-04 11:20:02|   0.4|  0.0|INFORM|FME Configuration: Source coordinate system for reader R_8[GENERIC] set to `EPSG:3006'
2022-11-04 11:20:02|   0.4|  0.0|INFORM|Coordinate System `EPSG:3006' parameters: CS_NAME=`SWEREF-99-TM' DESC_NM=`SWEREF 99 TM' DT_NAME=`SWEREF99' EPSG_QD=`-1' GROUP=`EUROPE' MAP_SCL=`1' MAX_LAT=`70.48333333333333' MAX_LNG=`25.883333333333333' MIN_LAT=`53.81666666666667' MIN_LNG=`8.866666666666667' PARM1=`15' PROJ=`TM' QUAD=`1' SCL_RED=`0.9996' SOURCE=`National Land Survey of Sweden' UNIT=`METER' X_OFF=`500000'
2022-11-04 11:20:02|   0.4|  0.0|INFORM|Generic Reader: No valid reader name specified, guessing reader name from dataset 'C:\Users\krima354\Work Folders\Documents\kicki_arbetsfiler\dap\indata\Gävleborg 2_bearbetat\Länsmuseet Gävleborg_2015_12 Leharen\Enhet.shp'
2022-11-04 11:20:02|   0.4|  0.0|INFORM|Generic Reader: Reader name 'SHAPEFILE' guessed from dataset 'C:\Users\krima354\Work Folders\Documents\kicki_arbetsfiler\dap\indata\Gävleborg 2_bearbetat\Länsmuseet Gävleborg_2015_12 Leharen\Enhet.shp'
2022-11-04 11:20:02|   0.4|  0.0|INFORM|Generic Reader: No format specific settings have been found for the SHAPEFILE Reader -- default values as documented in the Reader/Writer manual will be used
2022-11-04 11:20:02|   0.4|  0.0|INFORM|Creating reader for format: Esri Shapefile
2022-11-04 11:20:02|   0.4|  0.0|INFORM|Trying to find a DYNAMIC plugin for reader named `SHAPEFILE'
2022-11-04 11:20:02|   0.4|  0.0|INFORM|FME Configuration: Source coordinate system for reader R_9[SHAPEFILE] set to `EPSG:3006'
2022-11-04 11:20:02|   0.4|  0.0|INFORM|Coordinate System `EPSG:3006' parameters: CS_NAME=`SWEREF-99-TM' DESC_NM=`SWEREF 99 TM' DT_NAME=`SWEREF99' EPSG_QD=`-1' GROUP=`EUROPE' MAP_SCL=`1' MAX_LAT=`70.48333333333333' MAX_LNG=`25.883333333333333' MIN_LAT=`53.81666666666667' MIN_LNG=`8.866666666666667' PARM1=`15' PROJ=`TM' QUAD=`1' SCL_RED=`0.9996' SOURCE=`National Land Survey of Sweden' UNIT=`METER' X_OFF=`500000'
2022-11-04 11:20:02|   0.4|  0.0|INFORM|Opening the GENERIC Reader on dataset `C:\Users\krima354\Work Folders\Documents\kicki_arbetsfiler\dap\indata\Gävleborg 2_bearbetat\Länsmuseet Gävleborg_2015_12 Leharen\Enhet.shp'
2022-11-04 11:20:02|   0.4|  0.0|INFORM|Creating reader for format: Esri Shapefile
2022-11-04 11:20:02|   0.4|  0.0|INFORM|Trying to find a DYNAMIC plugin for reader named `SHAPEFILE'
2022-11-04 11:20:02|   0.4|  0.0|INFORM|FME Configuration: Source coordinate system for reader R_9[SHAPEFILE] set to `EPSG:3006'
2022-11-04 11:20:02|   0.4|  0.0|INFORM|Coordinate System `EPSG:3006' parameters: CS_NAME=`SWEREF-99-TM' DESC_NM=`SWEREF 99 TM' DT_NAME=`SWEREF99' EPSG_QD=`-1' GROUP=`EUROPE' MAP_SCL=`1' MAX_LAT=`70.48333333333333' MAX_LNG=`25.883333333333333' MIN_LAT=`53.81666666666667' MIN_LNG=`8.866666666666667' PARM1=`15' PROJ=`TM' QUAD=`1' SCL_RED=`0.9996' SOURCE=`National Land Survey of Sweden' UNIT=`METER' X_OFF=`500000'
2022-11-04 11:20:02|   0.4|  0.0|INFORM|Shapefile reader: Reading dataset with encoding 'windows-1252' as determined by 'System Encoding as Fallback'
2022-11-04 11:20:02|   0.4|  0.0|INFORM|Closing the GENERIC Reader
2022-11-04 11:20:02|   0.4|  0.0|INFORM|Creating reader for format: Generic (Any Format)
2022-11-04 11:20:02|   0.4|  0.0|INFORM|Trying to find a DYNAMIC plugin for reader named `GENERIC'
2022-11-04 11:20:02|   0.4|  0.0|INFORM|FME Configuration: Source coordinate system for reader R_10[GENERIC] set to `EPSG:3006'
2022-11-04 11:20:02|   0.4|  0.0|INFORM|Coordinate System `EPSG:3006' parameters: CS_NAME=`SWEREF-99-TM' DESC_NM=`SWEREF 99 TM' DT_NAME=`SWEREF99' EPSG_QD=`-1' GROUP=`EUROPE' MAP_SCL=`1' MAX_LAT=`70.48333333333333' MAX_LNG=`25.883333333333333' MIN_LAT=`53.81666666666667' MIN_LNG=`8.866666666666667' PARM1=`15' PROJ=`TM' QUAD=`1' SCL_RED=`0.9996' SOURCE=`National Land Survey of Sweden' UNIT=`METER' X_OFF=`500000'
2022-11-04 11:20:02|   0.4|  0.0|INFORM|Creating reader for format: Generic (Any Format)
2022-11-04 11:20:02|   0.4|  0.0|INFORM|Trying to find a DYNAMIC plugin for reader named `GENERIC'
2022-11-04 11:20:02|   0.4|  0.0|INFORM|FME Configuration: Source coordinate system for reader R_10[GENERIC] set to `EPSG:3006'
2022-11-04 11:20:02|   0.4|  0.0|INFORM|Coordinate System `EPSG:3006' parameters: CS_NAME=`SWEREF-99-TM' DESC_NM=`SWEREF 99 TM' DT_NAME=`SWEREF99' EPSG_QD=`-1' GROUP=`EUROPE' MAP_SCL=`1' MAX_LAT=`70.48333333333333' MAX_LNG=`25.883333333333333' MIN_LAT=`53.81666666666667' MIN_LNG=`8.866666666666667' PARM1=`15' PROJ=`TM' QUAD=`1' SCL_RED=`0.9996' SOURCE=`National Land Survey of Sweden' UNIT=`METER' X_OFF=`500000'
2022-11-04 11:20:02|   0.4|  0.0|INFORM|Generic Reader: No valid reader name specified, guessing reader name from dataset 'C:\Users\krima354\Work Folders\Documents\kicki_arbetsfiler\dap\indata\Gävleborg 2_bearbetat\Länsmuseet Gävleborg_2015_12 Leharen\Krypgångar.shp'
2022-11-04 11:20:02|   0.4|  0.0|INFORM|Generic Reader: Reader name 'SHAPEFILE' guessed from dataset 'C:\Users\krima354\Work Folders\Documents\kicki_arbetsfiler\dap\indata\Gävleborg 2_bearbetat\Länsmuseet Gävleborg_2015_12 Leharen\Krypgångar.shp'
2022-11-04 11:20:02|   0.4|  0.0|INFORM|Generic Reader: No format specific settings have been found for the SHAPEFILE Reader -- default values as documented in the Reader/Writer manual will be used
2022-11-04 11:20:02|   0.4|  0.0|INFORM|Creating reader for format: Esri Shapefile
2022-11-04 11:20:02|   0.4|  0.0|INFORM|Trying to find a DYNAMIC plugin for reader named `SHAPEFILE'
2022-11-04 11:20:02|   0.4|  0.0|INFORM|FME Configuration: Source coordinate system for reader R_11[SHAPEFILE] set to `EPSG:3006'
2022-11-04 11:20:02|   0.4|  0.0|INFORM|Coordinate System `EPSG:3006' parameters: CS_NAME=`SWEREF-99-TM' DESC_NM=`SWEREF 99 TM' DT_NAME=`SWEREF99' EPSG_QD=`-1' GROUP=`EUROPE' MAP_SCL=`1' MAX_LAT=`70.48333333333333' MAX_LNG=`25.883333333333333' MIN_LAT=`53.81666666666667' MIN_LNG=`8.866666666666667' PARM1=`15' PROJ=`TM' QUAD=`1' SCL_RED=`0.9996' SOURCE=`National Land Survey of Sweden' UNIT=`METER' X_OFF=`500000'
2022-11-04 11:20:02|   0.4|  0.0|INFORM|Opening the GENERIC Reader on dataset `C:\Users\krima354\Work Folders\Documents\kicki_arbetsfiler\dap\indata\Gävleborg 2_bearbetat\Länsmuseet Gävleborg_2015_12 Leharen\Krypgångar.shp'
2022-11-04 11:20:02|   0.4|  0.0|INFORM|Creating reader for format: Esri Shapefile
2022-11-04 11:20:02|   0.4|  0.0|INFORM|Trying to find a DYNAMIC plugin for reader named `SHAPEFILE'
2022-11-04 11:20:02|   0.4|  0.0|INFORM|FME Configuration: Source coordinate system for reader R_11[SHAPEFILE] set to `EPSG:3006'
2022-11-04 11:20:02|   0.4|  0.0|INFORM|Coordinate System `EPSG:3006' parameters: CS_NAME=`SWEREF-99-TM' DESC_NM=`SWEREF 99 TM' DT_NAME=`SWEREF99' EPSG_QD=`-1' GROUP=`EUROPE' MAP_SCL=`1' MAX_LAT=`70.48333333333333' MAX_LNG=`25.883333333333333' MIN_LAT=`53.81666666666667' MIN_LNG=`8.866666666666667' PARM1=`15' PROJ=`TM' QUAD=`1' SCL_RED=`0.9996' SOURCE=`National Land Survey of Sweden' UNIT=`METER' X_OFF=`500000'
2022-11-04 11:20:02|   0.4|  0.0|INFORM|Shapefile reader: Reading dataset with encoding 'windows-1252' as determined by 'System Encoding as Fallback'
2022-11-04 11:20:02|   0.4|  0.0|INFORM|Closing the GENERIC Reader
2022-11-04 11:20:02|   0.4|  0.0|INFORM|Creating reader for format: Generic (Any Format)
2022-11-04 11:20:02|   0.4|  0.0|INFORM|Trying to find a DYNAMIC plugin for reader named `GENERIC'
2022-11-04 11:20:02|   0.4|  0.0|INFORM|FME Configuration: Source coordinate system for reader R_12[GENERIC] set to `EPSG:3006'
2022-11-04 11:20:02|   0.4|  0.0|INFORM|Coordinate System `EPSG:3006' parameters: CS_NAME=`SWEREF-99-TM' DESC_NM=`SWEREF 99 TM' DT_NAME=`SWEREF99' EPSG_QD=`-1' GROUP=`EUROPE' MAP_SCL=`1' MAX_LAT=`70.48333333333333' MAX_LNG=`25.883333333333333' MIN_LAT=`53.81666666666667' MIN_LNG=`8.866666666666667' PARM1=`15' PROJ=`TM' QUAD=`1' SCL_RED=`0.9996' SOURCE=`National Land Survey of Sweden' UNIT=`METER' X_OFF=`500000'
2022-11-04 11:20:02|   0.4|  0.0|INFORM|Creating reader for format: Generic (Any Format)
2022-11-04 11:20:02|   0.4|  0.0|INFORM|Trying to find a DYNAMIC plugin for reader named `GENERIC'
2022-11-04 11:20:02|   0.4|  0.0|INFORM|FME Configuration: Source coordinate system for reader R_12[GENERIC] set to `EPSG:3006'
2022-11-04 11:20:02|   0.4|  0.0|INFORM|Coordinate System `EPSG:3006' parameters: CS_NAME=`SWEREF-99-TM' DESC_NM=`SWEREF 99 TM' DT_NAME=`SWEREF99' EPSG_QD=`-1' GROUP=`EUROPE' MAP_SCL=`1' MAX_LAT=`70.48333333333333' MAX_LNG=`25.883333333333333' MIN_LAT=`53.81666666666667' MIN_LNG=`8.866666666666667' PARM1=`15' PROJ=`TM' QUAD=`1' SCL_RED=`0.9996' SOURCE=`National Land Survey of Sweden' UNIT=`METER' X_OFF=`500000'
2022-11-04 11:20:02|   0.4|  0.0|INFORM|Generic Reader: No valid reader name specified, guessing reader name from dataset 'C:\Users\krima354\Work Folders\Documents\kicki_arbetsfiler\dap\indata\Gävleborg 2_bearbetat\Länsmuseet Gävleborg_2015_12 Leharen\Kulle.shp'
2022-11-04 11:20:02|   0.4|  0.0|INFORM|Generic Reader: Reader name 'SHAPEFILE' guessed from dataset 'C:\Users\krima354\Work Folders\Documents\kicki_arbetsfiler\dap\indata\Gävleborg 2_bearbetat\Länsmuseet Gävleborg_2015_12 Leharen\Kulle.shp'
2022-11-04 11:20:02|   0.4|  0.0|INFORM|Generic Reader: No format specific settings have been found for the SHAPEFILE Reader -- default values as documented in the Reader/Writer manual will be used
2022-11-04 11:20:02|   0.4|  0.0|INFORM|Creating reader for format: Esri Shapefile
2022-11-04 11:20:02|   0.4|  0.0|INFORM|Trying to find a DYNAMIC plugin for reader named `SHAPEFILE'
2022-11-04 11:20:02|   0.4|  0.0|INFORM|FME Configuration: Source coordinate system for reader R_13[SHAPEFILE] set to `EPSG:3006'
2022-11-04 11:20:02|   0.4|  0.0|INFORM|Coordinate System `EPSG:3006' parameters: CS_NAME=`SWEREF-99-TM' DESC_NM=`SWEREF 99 TM' DT_NAME=`SWEREF99' EPSG_QD=`-1' GROUP=`EUROPE' MAP_SCL=`1' MAX_LAT=`70.48333333333333' MAX_LNG=`25.883333333333333' MIN_LAT=`53.81666666666667' MIN_LNG=`8.866666666666667' PARM1=`15' PROJ=`TM' QUAD=`1' SCL_RED=`0.9996' SOURCE=`National Land Survey of Sweden' UNIT=`METER' X_OFF=`500000'
2022-11-04 11:20:02|   0.4|  0.0|INFORM|Opening the GENERIC Reader on dataset `C:\Users\krima354\Work Folders\Documents\kicki_arbetsfiler\dap\indata\Gävleborg 2_bearbetat\Länsmuseet Gävleborg_2015_12 Leharen\Kulle.shp'
2022-11-04 11:20:02|   0.4|  0.0|INFORM|Creating reader for format: Esri Shapefile
2022-11-04 11:20:02|   0.4|  0.0|INFORM|Trying to find a DYNAMIC plugin for reader named `SHAPEFILE'
2022-11-04 11:20:02|   0.4|  0.0|INFORM|FME Configuration: Source coordinate system for reader R_13[SHAPEFILE] set to `EPSG:3006'
2022-11-04 11:20:02|   0.4|  0.0|INFORM|Coordinate System `EPSG:3006' parameters: CS_NAME=`SWEREF-99-TM' DESC_NM=`SWEREF 99 TM' DT_NAME=`SWEREF99' EPSG_QD=`-1' GROUP=`EUROPE' MAP_SCL=`1' MAX_LAT=`70.48333333333333' MAX_LNG=`25.883333333333333' MIN_LAT=`53.81666666666667' MIN_LNG=`8.866666666666667' PARM1=`15' PROJ=`TM' QUAD=`1' SCL_RED=`0.9996' SOURCE=`National Land Survey of Sweden' UNIT=`METER' X_OFF=`500000'
2022-11-04 11:20:02|   0.4|  0.0|WARN  |Shapefile Reader: Input dataset 'C:\Users\krima354\Work Folders\Documents\kicki_arbetsfiler\dap\indata\Gävleborg 2_bearbetat\Länsmuseet Gävleborg_2015_12 Leharen\Kulle.shp' contains a Record Index file that is not a sufficient length to be useful and will be ignored. Features can still be read but performance may be impacted
2022-11-04 11:20:02|   0.4|  0.0|INFORM|Shapefile reader: Reading dataset with encoding 'windows-1252' as determined by 'System Encoding as Fallback'
2022-11-04 11:20:02|   0.4|  0.0|INFORM|Closing the GENERIC Reader
2022-11-04 11:20:02|   0.4|  0.0|INFORM|Creating reader for format: Generic (Any Format)
2022-11-04 11:20:02|   0.4|  0.0|INFORM|Trying to find a DYNAMIC plugin for reader named `GENERIC'
2022-11-04 11:20:02|   0.4|  0.0|INFORM|FME Configuration: Source coordinate system for reader R_14[GENERIC] set to `EPSG:3006'
2022-11-04 11:20:02|   0.4|  0.0|INFORM|Coordinate System `EPSG:3006' parameters: CS_NAME=`SWEREF-99-TM' DESC_NM=`SWEREF 99 TM' DT_NAME=`SWEREF99' EPSG_QD=`-1' GROUP=`EUROPE' MAP_SCL=`1' MAX_LAT=`70.48333333333333' MAX_LNG=`25.883333333333333' MIN_LAT=`53.81666666666667' MIN_LNG=`8.866666666666667' PARM1=`15' PROJ=`TM' QUAD=`1' SCL_RED=`0.9996' SOURCE=`National Land Survey of Sweden' UNIT=`METER' X_OFF=`500000'
2022-11-04 11:20:02|   0.4|  0.0|INFORM|Creating reader for format: Generic (Any Format)
2022-11-04 11:20:02|   0.4|  0.0|INFORM|Trying to find a DYNAMIC plugin for reader named `GENERIC'
2022-11-04 11:20:02|   0.4|  0.0|INFORM|FME Configuration: Source coordinate system for reader R_14[GENERIC] set to `EPSG:3006'
2022-11-04 11:20:02|   0.4|  0.0|INFORM|Coordinate System `EPSG:3006' parameters: CS_NAME=`SWEREF-99-TM' DESC_NM=`SWEREF 99 TM' DT_NAME=`SWEREF99' EPSG_QD=`-1' GROUP=`EUROPE' MAP_SCL=`1' MAX_LAT=`70.48333333333333' MAX_LNG=`25.883333333333333' MIN_LAT=`53.81666666666667' MIN_LNG=`8.866666666666667' PARM1=`15' PROJ=`TM' QUAD=`1' SCL_RED=`0.9996' SOURCE=`National Land Survey of Sweden' UNIT=`METER' X_OFF=`500000'
2022-11-04 11:20:02|   0.4|  0.0|INFORM|Generic Reader: No valid reader name specified, guessing reader name from dataset 'C:\Users\krima354\Work Folders\Documents\kicki_arbetsfiler\dap\indata\Gävleborg 2_bearbetat\Länsmuseet Gävleborg_2015_12 Leharen\Kulle_2.shp'
2022-11-04 11:20:02|   0.4|  0.0|INFORM|Generic Reader: Reader name 'SHAPEFILE' guessed from dataset 'C:\Users\krima354\Work Folders\Documents\kicki_arbetsfiler\dap\indata\Gävleborg 2_bearbetat\Länsmuseet Gävleborg_2015_12 Leharen\Kulle_2.shp'
2022-11-04 11:20:02|   0.4|  0.0|INFORM|Generic Reader: No format specific settings have been found for the SHAPEFILE Reader -- default values as documented in the Reader/Writer manual will be used
2022-11-04 11:20:02|   0.4|  0.0|INFORM|Creating reader for format: Esri Shapefile
2022-11-04 11:20:02|   0.4|  0.0|INFORM|Trying to find a DYNAMIC plugin for reader named `SHAPEFILE'
2022-11-04 11:20:02|   0.4|  0.0|INFORM|FME Configuration: Source coordinate system for reader R_15[SHAPEFILE] set to `EPSG:3006'
2022-11-04 11:20:02|   0.4|  0.0|INFORM|Coordinate System `EPSG:3006' parameters: CS_NAME=`SWEREF-99-TM' DESC_NM=`SWEREF 99 TM' DT_NAME=`SWEREF99' EPSG_QD=`-1' GROUP=`EUROPE' MAP_SCL=`1' MAX_LAT=`70.48333333333333' MAX_LNG=`25.883333333333333' MIN_LAT=`53.81666666666667' MIN_LNG=`8.866666666666667' PARM1=`15' PROJ=`TM' QUAD=`1' SCL_RED=`0.9996' SOURCE=`National Land Survey of Sweden' UNIT=`METER' X_OFF=`500000'
2022-11-04 11:20:02|   0.4|  0.0|INFORM|Opening the GENERIC Reader on dataset `C:\Users\krima354\Work Folders\Documents\kicki_arbetsfiler\dap\indata\Gävleborg 2_bearbetat\Länsmuseet Gävleborg_2015_12 Leharen\Kulle_2.shp'
2022-11-04 11:20:02|   0.4|  0.0|INFORM|Creating reader for format: Esri Shapefile
2022-11-04 11:20:02|   0.4|  0.0|INFORM|Trying to find a DYNAMIC plugin for reader named `SHAPEFILE'
2022-11-04 11:20:02|   0.4|  0.0|INFORM|FME Configuration: Source coordinate system for reader R_15[SHAPEFILE] set to `EPSG:3006'
2022-11-04 11:20:02|   0.4|  0.0|INFORM|Coordinate System `EPSG:3006' parameters: CS_NAME=`SWEREF-99-TM' DESC_NM=`SWEREF 99 TM' DT_NAME=`SWEREF99' EPSG_QD=`-1' GROUP=`EUROPE' MAP_SCL=`1' MAX_LAT=`70.48333333333333' MAX_LNG=`25.883333333333333' MIN_LAT=`53.81666666666667' MIN_LNG=`8.866666666666667' PARM1=`15' PROJ=`TM' QUAD=`1' SCL_RED=`0.9996' SOURCE=`National Land Survey of Sweden' UNIT=`METER' X_OFF=`500000'
2022-11-04 11:20:02|   0.4|  0.0|INFORM|Shapefile reader: Reading dataset with encoding 'windows-1252' as determined by 'System Encoding as Fallback'
2022-11-04 11:20:02|   0.4|  0.0|INFORM|Closing the GENERIC Reader
2022-11-04 11:20:02|   0.5|  0.1|INFORM|Creating reader for format: Generic (Any Format)
2022-11-04 11:20:02|   0.5|  0.0|INFORM|Trying to find a DYNAMIC plugin for reader named `GENERIC'
2022-11-04 11:20:02|   0.5|  0.0|INFORM|FME Configuration: Source coordinate system for reader R_16[GENERIC] set to `EPSG:3006'
2022-11-04 11:20:02|   0.5|  0.0|INFORM|Coordinate System `EPSG:3006' parameters: CS_NAME=`SWEREF-99-TM' DESC_NM=`SWEREF 99 TM' DT_NAME=`SWEREF99' EPSG_QD=`-1' GROUP=`EUROPE' MAP_SCL=`1' MAX_LAT=`70.48333333333333' MAX_LNG=`25.883333333333333' MIN_LAT=`53.81666666666667' MIN_LNG=`8.866666666666667' PARM1=`15' PROJ=`TM' QUAD=`1' SCL_RED=`0.9996' SOURCE=`National Land Survey of Sweden' UNIT=`METER' X_OFF=`500000'
2022-11-04 11:20:02|   0.5|  0.0|INFORM|Creating reader for format: Generic (Any Format)
2022-11-04 11:20:02|   0.5|  0.0|INFORM|Trying to find a DYNAMIC plugin for reader named `GENERIC'
2022-11-04 11:20:02|   0.5|  0.0|INFORM|FME Configuration: Source coordinate system for reader R_16[GENERIC] set to `EPSG:3006'
2022-11-04 11:20:02|   0.5|  0.0|INFORM|Coordinate System `EPSG:3006' parameters: CS_NAME=`SWEREF-99-TM' DESC_NM=`SWEREF 99 TM' DT_NAME=`SWEREF99' EPSG_QD=`-1' GROUP=`EUROPE' MAP_SCL=`1' MAX_LAT=`70.48333333333333' MAX_LNG=`25.883333333333333' MIN_LAT=`53.81666666666667' MIN_LNG=`8.866666666666667' PARM1=`15' PROJ=`TM' QUAD=`1' SCL_RED=`0.9996' SOURCE=`National Land Survey of Sweden' UNIT=`METER' X_OFF=`500000'
2022-11-04 11:20:02|   0.5|  0.0|INFORM|Generic Reader: No valid reader name specified, guessing reader name from dataset 'C:\Users\krima354\Work Folders\Documents\kicki_arbetsfiler\dap\indata\Gävleborg 2_bearbetat\Länsmuseet Gävleborg_2015_12 Leharen\övrigt.shp'
2022-11-04 11:20:02|   0.5|  0.0|INFORM|Generic Reader: Reader name 'SHAPEFILE' guessed from dataset 'C:\Users\krima354\Work Folders\Documents\kicki_arbetsfiler\dap\indata\Gävleborg 2_bearbetat\Länsmuseet Gävleborg_2015_12 Leharen\övrigt.shp'
2022-11-04 11:20:02|   0.5|  0.0|INFORM|Generic Reader: No format specific settings have been found for the SHAPEFILE Reader -- default values as documented in the Reader/Writer manual will be used
2022-11-04 11:20:02|   0.5|  0.0|INFORM|Creating reader for format: Esri Shapefile
2022-11-04 11:20:02|   0.5|  0.0|INFORM|Trying to find a DYNAMIC plugin for reader named `SHAPEFILE'
2022-11-04 11:20:02|   0.5|  0.0|INFORM|FME Configuration: Source coordinate system for reader R_17[SHAPEFILE] set to `EPSG:3006'
2022-11-04 11:20:02|   0.5|  0.0|INFORM|Coordinate System `EPSG:3006' parameters: CS_NAME=`SWEREF-99-TM' DESC_NM=`SWEREF 99 TM' DT_NAME=`SWEREF99' EPSG_QD=`-1' GROUP=`EUROPE' MAP_SCL=`1' MAX_LAT=`70.48333333333333' MAX_LNG=`25.883333333333333' MIN_LAT=`53.81666666666667' MIN_LNG=`8.866666666666667' PARM1=`15' PROJ=`TM' QUAD=`1' SCL_RED=`0.9996' SOURCE=`National Land Survey of Sweden' UNIT=`METER' X_OFF=`500000'
2022-11-04 11:20:02|   0.5|  0.0|INFORM|Opening the GENERIC Reader on dataset `C:\Users\krima354\Work Folders\Documents\kicki_arbetsfiler\dap\indata\Gävleborg 2_bearbetat\Länsmuseet Gävleborg_2015_12 Leharen\övrigt.shp'
2022-11-04 11:20:02|   0.5|  0.0|INFORM|Creating reader for format: Esri Shapefile
2022-11-04 11:20:02|   0.5|  0.0|INFORM|Trying to find a DYNAMIC plugin for reader named `SHAPEFILE'
2022-11-04 11:20:02|   0.5|  0.0|INFORM|FME Configuration: Source coordinate system for reader R_17[SHAPEFILE] set to `EPSG:3006'
2022-11-04 11:20:02|   0.5|  0.0|INFORM|Coordinate System `EPSG:3006' parameters: CS_NAME=`SWEREF-99-TM' DESC_NM=`SWEREF 99 TM' DT_NAME=`SWEREF99' EPSG_QD=`-1' GROUP=`EUROPE' MAP_SCL=`1' MAX_LAT=`70.48333333333333' MAX_LNG=`25.883333333333333' MIN_LAT=`53.81666666666667' MIN_LNG=`8.866666666666667' PARM1=`15' PROJ=`TM' QUAD=`1' SCL_RED=`0.9996' SOURCE=`National Land Survey of Sweden' UNIT=`METER' X_OFF=`500000'
2022-11-04 11:20:02|   0.5|  0.0|INFORM|Shapefile reader: Reading dataset with encoding 'windows-1252' as determined by 'System Encoding as Fallback'
2022-11-04 11:20:02|   0.5|  0.0|INFORM|Closing the GENERIC Reader
2022-11-04 11:20:02|   0.5|  0.0|INFORM|Reader `GENERIC_1' of type `GENERIC' provided schema for types: Anläggningar,Anläggningar_2,Eldgivning,Enhet,Krypgångar,Kulle,Kulle_2,övrigt
2022-11-04 11:20:02|   0.5|  0.0|INFORM|Creating writer for format: OGC GeoPackage
2022-11-04 11:20:02|   0.6|  0.1|INFORM|Trying to find a DYNAMIC plugin for writer named `OGCGEOPACKAGE'
2022-11-04 11:20:02|   0.6|  0.0|INFORM|Loaded module 'OGCGEOPACKAGE' from file 'C:\Program Files\FME2022_1_3\plugins/gdal/GDAL.dll'
2022-11-04 11:20:02|   0.6|  0.0|INFORM|FME API version of module 'gdal/GDAL' matches current internal version (4.0 20220615)
2022-11-04 11:20:02|   0.6|  0.0|INFORM|FME Configuration: Destination coordinate system set to `EPSG:3006'
2022-11-04 11:20:02|   0.6|  0.0|INFORM|Coordinate System `EPSG:3006' parameters: CS_NAME=`SWEREF-99-TM' DESC_NM=`SWEREF 99 TM' DT_NAME=`SWEREF99' EPSG_QD=`-1' GROUP=`EUROPE' MAP_SCL=`1' MAX_LAT=`70.48333333333333' MAX_LNG=`25.883333333333333' MIN_LAT=`53.81666666666667' MIN_LNG=`8.866666666666667' PARM1=`15' PROJ=`TM' QUAD=`1' SCL_RED=`0.9996' SOURCE=`National Land Survey of Sweden' UNIT=`METER' X_OFF=`500000'
2022-11-04 11:20:02|   0.6|  0.0|INFORM|Writer `OGCGEOPACKAGE_1' of type `OGCGEOPACKAGE' using group definition keyword `OGCGEOPACKAGE_1_DEF'
2022-11-04 11:20:02|   0.6|  0.0|INFORM|OGCGEOPACKAGE writer: Directive '_EXPOSE_PRIMARY_KEY_ATTRIBUTE' has value 'YES'
2022-11-04 11:20:02|   0.6|  0.0|INFORM|OGCGEOPACKAGE writer: Directive '_OVERWRITE_DATASET' has value 'NO'
2022-11-04 11:20:02|   0.6|  0.0|INFORM|OGCGEOPACKAGE writer: Directive '_TRANSACTION_SIZE' has value '5000'
2022-11-04 11:20:02|   0.6|  0.0|INFORM|OGCGEOPACKAGE writer: Directive '_ENFORCE_GEOMETRY_COLUMN_CONSTRAINTS' has value 'YES'
2022-11-04 11:20:02|   0.6|  0.0|INFORM|OGCGEOPACKAGE writer: Feature Type Parameter 'geopackage_geometry_column' has value 'geom' for feature type 'siteinfo'
2022-11-04 11:20:02|   0.6|  0.0|INFORM|OGCGEOPACKAGE writer: Feature Type Parameter 'geopackage_create_spatial_index' has value 'Yes' for feature type 'siteinfo'
2022-11-04 11:20:02|   0.6|  0.0|INFORM|OGCGEOPACKAGE writer: Feature Type Parameter 'geopackage_z_capability' has value 'NOT_ALLOWED' for feature type 'siteinfo'
2022-11-04 11:20:02|   0.6|  0.0|INFORM|OGCGEOPACKAGE writer: Feature Type Parameter 'geopackage_m_capability' has value 'NOT_ALLOWED' for feature type 'siteinfo'
2022-11-04 11:20:02|   0.6|  0.0|INFORM|OGCGEOPACKAGE Writer: Feature Type Parameter 'fme_table_handling' has value 'CREATE_IF_MISSING' for feature type 'siteinfo'
2022-11-04 11:20:02|   0.6|  0.0|INFORM|OGCGEOPACKAGE Writer: Feature Type Parameter 'fme_feature_operation' has value 'Insert' for feature type 'siteinfo'
2022-11-04 11:20:02|   0.6|  0.0|INFORM|OGCGEOPACKAGE writer: Feature Type Parameter 'geopackage_geometry_column' has value 'geom' for feature type 'd_y_n'
2022-11-04 11:20:02|   0.6|  0.0|INFORM|OGCGEOPACKAGE writer: Feature Type Parameter 'geopackage_create_spatial_index' has value 'Yes' for feature type 'd_y_n'
2022-11-04 11:20:02|   0.6|  0.0|INFORM|OGCGEOPACKAGE writer: Feature Type Parameter 'geopackage_z_capability' has value 'NOT_ALLOWED' for feature type 'd_y_n'
2022-11-04 11:20:02|   0.6|  0.0|INFORM|OGCGEOPACKAGE writer: Feature Type Parameter 'geopackage_m_capability' has value 'NOT_ALLOWED' for feature type 'd_y_n'
2022-11-04 11:20:02|   0.6|  0.0|INFORM|OGCGEOPACKAGE Writer: Feature Type Parameter 'fme_table_handling' has value 'CREATE_IF_MISSING' for feature type 'd_y_n'
2022-11-04 11:20:02|   0.6|  0.0|INFORM|OGCGEOPACKAGE Writer: Feature Type Parameter 'fme_feature_operation' has value 'Insert' for feature type 'd_y_n'
2022-11-04 11:20:02|   0.6|  0.0|INFORM|OGCGEOPACKAGE writer: Feature Type Parameter 'geopackage_geometry_column' has value 'geom' for feature type 'd_y_n00'
2022-11-04 11:20:02|   0.6|  0.0|INFORM|OGCGEOPACKAGE writer: Feature Type Parameter 'geopackage_create_spatial_index' has value 'Yes' for feature type 'd_y_n00'
2022-11-04 11:20:02|   0.6|  0.0|INFORM|OGCGEOPACKAGE writer: Feature Type Parameter 'geopackage_z_capability' has value 'NOT_ALLOWED' for feature type 'd_y_n00'
2022-11-04 11:20:02|   0.6|  0.0|INFORM|OGCGEOPACKAGE writer: Feature Type Parameter 'geopackage_m_capability' has value 'NOT_ALLOWED' for feature type 'd_y_n00'
2022-11-04 11:20:02|   0.6|  0.0|INFORM|OGCGEOPACKAGE Writer: Feature Type Parameter 'fme_table_handling' has value 'CREATE_IF_MISSING' for feature type 'd_y_n00'
2022-11-04 11:20:02|   0.6|  0.0|INFORM|OGCGEOPACKAGE Writer: Feature Type Parameter 'fme_feature_operation' has value 'Insert' for feature type 'd_y_n00'
2022-11-04 11:20:02|   0.6|  0.0|INFORM|OGCGEOPACKAGE writer: Feature Type Parameter 'geopackage_geometry_column' has value 'geom' for feature type 'd_y_n01'
2022-11-04 11:20:02|   0.6|  0.0|INFORM|OGCGEOPACKAGE writer: Feature Type Parameter 'geopackage_create_spatial_index' has value 'Yes' for feature type 'd_y_n01'
2022-11-04 11:20:02|   0.6|  0.0|INFORM|OGCGEOPACKAGE writer: Feature Type Parameter 'geopackage_z_capability' has value 'NOT_ALLOWED' for feature type 'd_y_n01'
2022-11-04 11:20:02|   0.6|  0.0|INFORM|OGCGEOPACKAGE writer: Feature Type Parameter 'geopackage_m_capability' has value 'NOT_ALLOWED' for feature type 'd_y_n01'
2022-11-04 11:20:02|   0.6|  0.0|INFORM|OGCGEOPACKAGE Writer: Feature Type Parameter 'fme_table_handling' has value 'CREATE_IF_MISSING' for feature type 'd_y_n01'
2022-11-04 11:20:02|   0.6|  0.0|INFORM|OGCGEOPACKAGE Writer: Feature Type Parameter 'fme_feature_operation' has value 'Insert' for feature type 'd_y_n01'
2022-11-04 11:20:02|   0.6|  0.0|INFORM|OGCGEOPACKAGE writer: Feature Type Parameter 'geopackage_geometry_column' has value 'geom' for feature type 'd_y_n02'
2022-11-04 11:20:02|   0.6|  0.0|INFORM|OGCGEOPACKAGE writer: Feature Type Parameter 'geopackage_create_spatial_index' has value 'Yes' for feature type 'd_y_n02'
2022-11-04 11:20:02|   0.6|  0.0|INFORM|OGCGEOPACKAGE writer: Feature Type Parameter 'geopackage_z_capability' has value 'NOT_ALLOWED' for feature type 'd_y_n02'
2022-11-04 11:20:02|   0.6|  0.0|INFORM|OGCGEOPACKAGE writer: Feature Type Parameter 'geopackage_m_capability' has value 'NOT_ALLOWED' for feature type 'd_y_n02'
2022-11-04 11:20:02|   0.6|  0.0|INFORM|OGCGEOPACKAGE Writer: Feature Type Parameter 'fme_table_handling' has value 'CREATE_IF_MISSING' for feature type 'd_y_n02'
2022-11-04 11:20:02|   0.6|  0.0|INFORM|OGCGEOPACKAGE Writer: Feature Type Parameter 'fme_feature_operation' has value 'Insert' for feature type 'd_y_n02'
2022-11-04 11:20:02|   0.6|  0.0|INFORM|OGCGEOPACKAGE writer: Feature Type Parameter 'geopackage_geometry_column' has value 'geom' for feature type 'd_y_n03'
2022-11-04 11:20:02|   0.6|  0.0|INFORM|OGCGEOPACKAGE writer: Feature Type Parameter 'geopackage_create_spatial_index' has value 'Yes' for feature type 'd_y_n03'
2022-11-04 11:20:02|   0.6|  0.0|INFORM|OGCGEOPACKAGE writer: Feature Type Parameter 'geopackage_z_capability' has value 'NOT_ALLOWED' for feature type 'd_y_n03'
2022-11-04 11:20:02|   0.6|  0.0|INFORM|OGCGEOPACKAGE writer: Feature Type Parameter 'geopackage_m_capability' has value 'NOT_ALLOWED' for feature type 'd_y_n03'
2022-11-04 11:20:02|   0.6|  0.0|INFORM|OGCGEOPACKAGE Writer: Feature Type Parameter 'fme_table_handling' has value 'CREATE_IF_MISSING' for feature type 'd_y_n03'
2022-11-04 11:20:02|   0.6|  0.0|INFORM|OGCGEOPACKAGE Writer: Feature Type Parameter 'fme_feature_operation' has value 'Insert' for feature type 'd_y_n03'
2022-11-04 11:20:02|   0.6|  0.0|INFORM|OGCGEOPACKAGE writer: Feature Type Parameter 'geopackage_geometry_column' has value 'geom' for feature type 'd_y_n04'
2022-11-04 11:20:02|   0.6|  0.0|INFORM|OGCGEOPACKAGE writer: Feature Type Parameter 'geopackage_create_spatial_index' has value 'Yes' for feature type 'd_y_n04'
2022-11-04 11:20:02|   0.6|  0.0|INFORM|OGCGEOPACKAGE writer: Feature Type Parameter 'geopackage_z_capability' has value 'NOT_ALLOWED' for feature type 'd_y_n04'
2022-11-04 11:20:02|   0.6|  0.0|INFORM|OGCGEOPACKAGE writer: Feature Type Parameter 'geopackage_m_capability' has value 'NOT_ALLOWED' for feature type 'd_y_n04'
2022-11-04 11:20:02|   0.6|  0.0|INFORM|OGCGEOPACKAGE Writer: Feature Type Parameter 'fme_table_handling' has value 'CREATE_IF_MISSING' for feature type 'd_y_n04'
2022-11-04 11:20:02|   0.6|  0.0|INFORM|OGCGEOPACKAGE Writer: Feature Type Parameter 'fme_feature_operation' has value 'Insert' for feature type 'd_y_n04'
2022-11-04 11:20:02|   0.6|  0.0|INFORM|OGCGEOPACKAGE writer: Feature Type Parameter 'geopackage_geometry_column' has value 'geom' for feature type 'd_y_n05'
2022-11-04 11:20:02|   0.6|  0.0|INFORM|OGCGEOPACKAGE writer: Feature Type Parameter 'geopackage_create_spatial_index' has value 'Yes' for feature type 'd_y_n05'
2022-11-04 11:20:02|   0.6|  0.0|INFORM|OGCGEOPACKAGE writer: Feature Type Parameter 'geopackage_z_capability' has value 'NOT_ALLOWED' for feature type 'd_y_n05'
2022-11-04 11:20:02|   0.6|  0.0|INFORM|OGCGEOPACKAGE writer: Feature Type Parameter 'geopackage_m_capability' has value 'NOT_ALLOWED' for feature type 'd_y_n05'
2022-11-04 11:20:02|   0.6|  0.0|INFORM|OGCGEOPACKAGE Writer: Feature Type Parameter 'fme_table_handling' has value 'CREATE_IF_MISSING' for feature type 'd_y_n05'
2022-11-04 11:20:02|   0.6|  0.0|INFORM|OGCGEOPACKAGE Writer: Feature Type Parameter 'fme_feature_operation' has value 'Insert' for feature type 'd_y_n05'
2022-11-04 11:20:02|   0.6|  0.0|INFORM|OGCGEOPACKAGE writer: Feature Type Parameter 'geopackage_geometry_column' has value 'geom' for feature type 'd_y_n06'
2022-11-04 11:20:02|   0.6|  0.0|INFORM|OGCGEOPACKAGE writer: Feature Type Parameter 'geopackage_create_spatial_index' has value 'Yes' for feature type 'd_y_n06'
2022-11-04 11:20:02|   0.6|  0.0|INFORM|OGCGEOPACKAGE writer: Feature Type Parameter 'geopackage_z_capability' has value 'NOT_ALLOWED' for feature type 'd_y_n06'
2022-11-04 11:20:02|   0.6|  0.0|INFORM|OGCGEOPACKAGE writer: Feature Type Parameter 'geopackage_m_capability' has value 'NOT_ALLOWED' for feature type 'd_y_n06'
2022-11-04 11:20:02|   0.6|  0.0|INFORM|OGCGEOPACKAGE Writer: Feature Type Parameter 'fme_table_handling' has value 'CREATE_IF_MISSING' for feature type 'd_y_n06'
2022-11-04 11:20:02|   0.6|  0.0|INFORM|OGCGEOPACKAGE Writer: Feature Type Parameter 'fme_feature_operation' has value 'Insert' for feature type 'd_y_n06'
2022-11-04 11:20:02|   0.6|  0.0|INFORM|OGCGEOPACKAGE writer: Opening file 'C:\Users\krima354\Work Folders\Documents\kicki_arbetsfiler\dap\utdata\lerharen\ohar_generic9\lerharen_oharm_generic.gpkg'
2022-11-04 11:20:02|   0.6|  0.0|INFORM|OGCGEOPACKAGE writer: Creating file 'C:\Users\krima354\Work Folders\Documents\kicki_arbetsfiler\dap\utdata\lerharen\ohar_generic9\lerharen_oharm_generic.gpkg'
2022-11-04 11:20:02|   0.6|  0.0|INFORM|OGCGEOPACKAGE writer: Creating layer 'Anläggningar' with geometry type 'geopackage_multisurface'
2022-11-04 11:20:02|   0.6|  0.0|INFORM|The EPSG number of the FME coordinate system 'SWEREF-99-TM' is '3006'
2022-11-04 11:20:02|   0.6|  0.0|INFORM|Closing the GENERIC Reader
2022-11-04 11:20:02|   0.6|  0.0|INFORM|Creating reader for format: Generic (Any Format)
2022-11-04 11:20:02|   0.6|  0.0|INFORM|Trying to find a DYNAMIC plugin for reader named `GENERIC'
2022-11-04 11:20:02|   0.6|  0.0|INFORM|FME Configuration: Source coordinate system for reader GENERIC_1[GENERIC] set to `EPSG:3006'
2022-11-04 11:20:02|   0.6|  0.0|INFORM|Coordinate System `EPSG:3006' parameters: CS_NAME=`SWEREF-99-TM' DESC_NM=`SWEREF 99 TM' DT_NAME=`SWEREF99' EPSG_QD=`-1' GROUP=`EUROPE' MAP_SCL=`1' MAX_LAT=`70.48333333333333' MAX_LNG=`25.883333333333333' MIN_LAT=`53.81666666666667' MIN_LNG=`8.866666666666667' PARM1=`15' PROJ=`TM' QUAD=`1' SCL_RED=`0.9996' SOURCE=`National Land Survey of Sweden' UNIT=`METER' X_OFF=`500000'
2022-11-04 11:20:02|   0.6|  0.0|INFORM|Generic Reader: No valid reader name specified, guessing reader name from dataset 'C:\Users\krima354\Work Folders\Documents\kicki_arbetsfiler\dap\indata\Gävleborg 2_bearbetat\Länsmuseet Gävleborg_2015_12 Leharen\Anläggningar_2.shp'
2022-11-04 11:20:02|   0.6|  0.0|INFORM|Generic Reader: Reader name 'SHAPEFILE' guessed from dataset 'C:\Users\krima354\Work Folders\Documents\kicki_arbetsfiler\dap\indata\Gävleborg 2_bearbetat\Länsmuseet Gävleborg_2015_12 Leharen\Anläggningar_2.shp'
2022-11-04 11:20:02|   0.6|  0.0|INFORM|Generic Reader: No format specific settings have been found for the SHAPEFILE Reader -- default values as documented in the Reader/Writer manual will be used
2022-11-04 11:20:02|   0.6|  0.0|INFORM|Creating reader for format: Esri Shapefile
2022-11-04 11:20:02|   0.6|  0.0|INFORM|Trying to find a DYNAMIC plugin for reader named `SHAPEFILE'
2022-11-04 11:20:02|   0.6|  0.0|INFORM|FME Configuration: Source coordinate system for reader R_18[SHAPEFILE] set to `EPSG:3006'
2022-11-04 11:20:02|   0.6|  0.0|INFORM|Coordinate System `EPSG:3006' parameters: CS_NAME=`SWEREF-99-TM' DESC_NM=`SWEREF 99 TM' DT_NAME=`SWEREF99' EPSG_QD=`-1' GROUP=`EUROPE' MAP_SCL=`1' MAX_LAT=`70.48333333333333' MAX_LNG=`25.883333333333333' MIN_LAT=`53.81666666666667' MIN_LNG=`8.866666666666667' PARM1=`15' PROJ=`TM' QUAD=`1' SCL_RED=`0.9996' SOURCE=`National Land Survey of Sweden' UNIT=`METER' X_OFF=`500000'
2022-11-04 11:20:02|   0.6|  0.0|INFORM|Opening the GENERIC Reader on dataset `C:\Users\krima354\Work Folders\Documents\kicki_arbetsfiler\dap\indata\Gävleborg 2_bearbetat\Länsmuseet Gävleborg_2015_12 Leharen\Anläggningar_2.shp'
2022-11-04 11:20:02|   0.6|  0.0|INFORM|Shapefile reader: Reading dataset with encoding 'windows-1252' as determined by 'System Encoding as Fallback'
2022-11-04 11:20:02|   0.6|  0.0|WARN  |NOT changing coordinate system of reader identified by keyword `R_18' from `EPSG:3006' to `_SWEREF-99-TM_0' -- mapping file setting of `EPSG:3006' overrides coordinate system `_SWEREF-99-TM_0' read from file
2022-11-04 11:20:02|   0.6|  0.0|INFORM|NewFeatureType Feature Recorder -1 2147549186 (RecorderFactory): Splitting bulk features into individual features
2022-11-04 11:20:02|   0.6|  0.0|INFORM|OGCGEOPACKAGE writer: Creating layer 'Anläggningar_2' with geometry type 'geopackage_multipoint'
2022-11-04 11:20:02|   0.6|  0.0|INFORM|Closing the GENERIC Reader
2022-11-04 11:20:02|   0.6|  0.0|INFORM|Creating reader for format: Generic (Any Format)
2022-11-04 11:20:02|   0.6|  0.0|INFORM|Trying to find a DYNAMIC plugin for reader named `GENERIC'
2022-11-04 11:20:02|   0.6|  0.0|INFORM|FME Configuration: Source coordinate system for reader GENERIC_1[GENERIC] set to `EPSG:3006'
2022-11-04 11:20:02|   0.6|  0.0|INFORM|Coordinate System `EPSG:3006' parameters: CS_NAME=`SWEREF-99-TM' DESC_NM=`SWEREF 99 TM' DT_NAME=`SWEREF99' EPSG_QD=`-1' GROUP=`EUROPE' MAP_SCL=`1' MAX_LAT=`70.48333333333333' MAX_LNG=`25.883333333333333' MIN_LAT=`53.81666666666667' MIN_LNG=`8.866666666666667' PARM1=`15' PROJ=`TM' QUAD=`1' SCL_RED=`0.9996' SOURCE=`National Land Survey of Sweden' UNIT=`METER' X_OFF=`500000'
2022-11-04 11:20:02|   0.6|  0.0|INFORM|Generic Reader: No valid reader name specified, guessing reader name from dataset 'C:\Users\krima354\Work Folders\Documents\kicki_arbetsfiler\dap\indata\Gävleborg 2_bearbetat\Länsmuseet Gävleborg_2015_12 Leharen\Eldgivning.shp'
2022-11-04 11:20:02|   0.6|  0.0|INFORM|Generic Reader: Reader name 'SHAPEFILE' guessed from dataset 'C:\Users\krima354\Work Folders\Documents\kicki_arbetsfiler\dap\indata\Gävleborg 2_bearbetat\Länsmuseet Gävleborg_2015_12 Leharen\Eldgivning.shp'
2022-11-04 11:20:02|   0.6|  0.0|INFORM|Generic Reader: No format specific settings have been found for the SHAPEFILE Reader -- default values as documented in the Reader/Writer manual will be used
2022-11-04 11:20:02|   0.6|  0.0|INFORM|Creating reader for format: Esri Shapefile
2022-11-04 11:20:02|   0.7|  0.1|INFORM|Trying to find a DYNAMIC plugin for reader named `SHAPEFILE'
2022-11-04 11:20:02|   0.7|  0.0|INFORM|FME Configuration: Source coordinate system for reader R_19[SHAPEFILE] set to `EPSG:3006'
2022-11-04 11:20:02|   0.7|  0.0|INFORM|Coordinate System `EPSG:3006' parameters: CS_NAME=`SWEREF-99-TM' DESC_NM=`SWEREF 99 TM' DT_NAME=`SWEREF99' EPSG_QD=`-1' GROUP=`EUROPE' MAP_SCL=`1' MAX_LAT=`70.48333333333333' MAX_LNG=`25.883333333333333' MIN_LAT=`53.81666666666667' MIN_LNG=`8.866666666666667' PARM1=`15' PROJ=`TM' QUAD=`1' SCL_RED=`0.9996' SOURCE=`National Land Survey of Sweden' UNIT=`METER' X_OFF=`500000'
2022-11-04 11:20:02|   0.7|  0.0|INFORM|Opening the GENERIC Reader on dataset `C:\Users\krima354\Work Folders\Documents\kicki_arbetsfiler\dap\indata\Gävleborg 2_bearbetat\Länsmuseet Gävleborg_2015_12 Leharen\Eldgivning.shp'
2022-11-04 11:20:02|   0.7|  0.0|INFORM|Shapefile reader: Reading dataset with encoding 'windows-1252' as determined by 'System Encoding as Fallback'
2022-11-04 11:20:02|   0.7|  0.0|WARN  |NOT changing coordinate system of reader identified by keyword `R_19' from `EPSG:3006' to `_SWEREF-99-TM_0' -- mapping file setting of `EPSG:3006' overrides coordinate system `_SWEREF-99-TM_0' read from file
2022-11-04 11:20:02|   0.7|  0.0|INFORM|NewFeatureType Feature Recorder -1 2147549186 (RecorderFactory): Splitting bulk features into individual features
2022-11-04 11:20:02|   0.7|  0.0|INFORM|OGCGEOPACKAGE writer: Creating layer 'Eldgivning' with geometry type 'geopackage_multicurve'
2022-11-04 11:20:02|   0.7|  0.0|INFORM|Closing the GENERIC Reader
2022-11-04 11:20:02|   0.7|  0.0|INFORM|Creating reader for format: Generic (Any Format)
2022-11-04 11:20:02|   0.7|  0.0|INFORM|Trying to find a DYNAMIC plugin for reader named `GENERIC'
2022-11-04 11:20:02|   0.7|  0.0|INFORM|FME Configuration: Source coordinate system for reader GENERIC_1[GENERIC] set to `EPSG:3006'
2022-11-04 11:20:02|   0.7|  0.0|INFORM|Coordinate System `EPSG:3006' parameters: CS_NAME=`SWEREF-99-TM' DESC_NM=`SWEREF 99 TM' DT_NAME=`SWEREF99' EPSG_QD=`-1' GROUP=`EUROPE' MAP_SCL=`1' MAX_LAT=`70.48333333333333' MAX_LNG=`25.883333333333333' MIN_LAT=`53.81666666666667' MIN_LNG=`8.866666666666667' PARM1=`15' PROJ=`TM' QUAD=`1' SCL_RED=`0.9996' SOURCE=`National Land Survey of Sweden' UNIT=`METER' X_OFF=`500000'
2022-11-04 11:20:02|   0.7|  0.0|INFORM|Generic Reader: No valid reader name specified, guessing reader name from dataset 'C:\Users\krima354\Work Folders\Documents\kicki_arbetsfiler\dap\indata\Gävleborg 2_bearbetat\Länsmuseet Gävleborg_2015_12 Leharen\Enhet.shp'
2022-11-04 11:20:02|   0.7|  0.0|INFORM|Generic Reader: Reader name 'SHAPEFILE' guessed from dataset 'C:\Users\krima354\Work Folders\Documents\kicki_arbetsfiler\dap\indata\Gävleborg 2_bearbetat\Länsmuseet Gävleborg_2015_12 Leharen\Enhet.shp'
2022-11-04 11:20:02|   0.7|  0.0|INFORM|Generic Reader: No format specific settings have been found for the SHAPEFILE Reader -- default values as documented in the Reader/Writer manual will be used
2022-11-04 11:20:02|   0.7|  0.0|INFORM|Creating reader for format: Esri Shapefile
2022-11-04 11:20:02|   0.7|  0.0|INFORM|Trying to find a DYNAMIC plugin for reader named `SHAPEFILE'
2022-11-04 11:20:02|   0.7|  0.0|INFORM|FME Configuration: Source coordinate system for reader R_20[SHAPEFILE] set to `EPSG:3006'
2022-11-04 11:20:02|   0.7|  0.0|INFORM|Coordinate System `EPSG:3006' parameters: CS_NAME=`SWEREF-99-TM' DESC_NM=`SWEREF 99 TM' DT_NAME=`SWEREF99' EPSG_QD=`-1' GROUP=`EUROPE' MAP_SCL=`1' MAX_LAT=`70.48333333333333' MAX_LNG=`25.883333333333333' MIN_LAT=`53.81666666666667' MIN_LNG=`8.866666666666667' PARM1=`15' PROJ=`TM' QUAD=`1' SCL_RED=`0.9996' SOURCE=`National Land Survey of Sweden' UNIT=`METER' X_OFF=`500000'
2022-11-04 11:20:02|   0.7|  0.0|INFORM|Opening the GENERIC Reader on dataset `C:\Users\krima354\Work Folders\Documents\kicki_arbetsfiler\dap\indata\Gävleborg 2_bearbetat\Länsmuseet Gävleborg_2015_12 Leharen\Enhet.shp'
2022-11-04 11:20:02|   0.7|  0.0|INFORM|Shapefile reader: Reading dataset with encoding 'windows-1252' as determined by 'System Encoding as Fallback'
2022-11-04 11:20:02|   0.7|  0.0|WARN  |NOT changing coordinate system of reader identified by keyword `R_20' from `EPSG:3006' to `_SWEREF-99-TM_0' -- mapping file setting of `EPSG:3006' overrides coordinate system `_SWEREF-99-TM_0' read from file
2022-11-04 11:20:02|   0.7|  0.0|INFORM|NewFeatureType Feature Recorder -1 2147549186 (RecorderFactory): Splitting bulk features into individual features
2022-11-04 11:20:02|   0.7|  0.0|INFORM|OGCGEOPACKAGE writer: Creating layer 'Enhet' with geometry type 'geopackage_multisurface'
2022-11-04 11:20:02|   0.7|  0.0|INFORM|Closing the GENERIC Reader
2022-11-04 11:20:02|   0.7|  0.0|INFORM|Creating reader for format: Generic (Any Format)
2022-11-04 11:20:02|   0.7|  0.0|INFORM|Trying to find a DYNAMIC plugin for reader named `GENERIC'
2022-11-04 11:20:02|   0.7|  0.0|INFORM|FME Configuration: Source coordinate system for reader GENERIC_1[GENERIC] set to `EPSG:3006'
2022-11-04 11:20:02|   0.7|  0.0|INFORM|Coordinate System `EPSG:3006' parameters: CS_NAME=`SWEREF-99-TM' DESC_NM=`SWEREF 99 TM' DT_NAME=`SWEREF99' EPSG_QD=`-1' GROUP=`EUROPE' MAP_SCL=`1' MAX_LAT=`70.48333333333333' MAX_LNG=`25.883333333333333' MIN_LAT=`53.81666666666667' MIN_LNG=`8.866666666666667' PARM1=`15' PROJ=`TM' QUAD=`1' SCL_RED=`0.9996' SOURCE=`National Land Survey of Sweden' UNIT=`METER' X_OFF=`500000'
2022-11-04 11:20:02|   0.7|  0.0|INFORM|Generic Reader: No valid reader name specified, guessing reader name from dataset 'C:\Users\krima354\Work Folders\Documents\kicki_arbetsfiler\dap\indata\Gävleborg 2_bearbetat\Länsmuseet Gävleborg_2015_12 Leharen\Krypgångar.shp'
2022-11-04 11:20:02|   0.7|  0.0|INFORM|Generic Reader: Reader name 'SHAPEFILE' guessed from dataset 'C:\Users\krima354\Work Folders\Documents\kicki_arbetsfiler\dap\indata\Gävleborg 2_bearbetat\Länsmuseet Gävleborg_2015_12 Leharen\Krypgångar.shp'
2022-11-04 11:20:02|   0.7|  0.0|INFORM|Generic Reader: No format specific settings have been found for the SHAPEFILE Reader -- default values as documented in the Reader/Writer manual will be used
2022-11-04 11:20:02|   0.7|  0.0|INFORM|Creating reader for format: Esri Shapefile
2022-11-04 11:20:02|   0.7|  0.0|INFORM|Trying to find a DYNAMIC plugin for reader named `SHAPEFILE'
2022-11-04 11:20:02|   0.7|  0.0|INFORM|FME Configuration: Source coordinate system for reader R_21[SHAPEFILE] set to `EPSG:3006'
2022-11-04 11:20:02|   0.7|  0.0|INFORM|Coordinate System `EPSG:3006' parameters: CS_NAME=`SWEREF-99-TM' DESC_NM=`SWEREF 99 TM' DT_NAME=`SWEREF99' EPSG_QD=`-1' GROUP=`EUROPE' MAP_SCL=`1' MAX_LAT=`70.48333333333333' MAX_LNG=`25.883333333333333' MIN_LAT=`53.81666666666667' MIN_LNG=`8.866666666666667' PARM1=`15' PROJ=`TM' QUAD=`1' SCL_RED=`0.9996' SOURCE=`National Land Survey of Sweden' UNIT=`METER' X_OFF=`500000'
2022-11-04 11:20:02|   0.7|  0.0|INFORM|Opening the GENERIC Reader on dataset `C:\Users\krima354\Work Folders\Documents\kicki_arbetsfiler\dap\indata\Gävleborg 2_bearbetat\Länsmuseet Gävleborg_2015_12 Leharen\Krypgångar.shp'
2022-11-04 11:20:02|   0.7|  0.0|INFORM|Shapefile reader: Reading dataset with encoding 'windows-1252' as determined by 'System Encoding as Fallback'
2022-11-04 11:20:02|   0.7|  0.0|WARN  |NOT changing coordinate system of reader identified by keyword `R_21' from `EPSG:3006' to `_SWEREF-99-TM_0' -- mapping file setting of `EPSG:3006' overrides coordinate system `_SWEREF-99-TM_0' read from file
2022-11-04 11:20:02|   0.7|  0.0|INFORM|NewFeatureType Feature Recorder -1 2147549186 (RecorderFactory): Splitting bulk features into individual features
2022-11-04 11:20:02|   0.7|  0.0|INFORM|OGCGEOPACKAGE writer: Creating layer 'Krypgångar' with geometry type 'geopackage_multicurve'
2022-11-04 11:20:02|   0.7|  0.0|INFORM|Closing the GENERIC Reader
2022-11-04 11:20:02|   0.7|  0.0|INFORM|Creating reader for format: Generic (Any Format)
2022-11-04 11:20:02|   0.7|  0.0|INFORM|Trying to find a DYNAMIC plugin for reader named `GENERIC'
2022-11-04 11:20:02|   0.7|  0.0|INFORM|FME Configuration: Source coordinate system for reader GENERIC_1[GENERIC] set to `EPSG:3006'
2022-11-04 11:20:02|   0.7|  0.0|INFORM|Coordinate System `EPSG:3006' parameters: CS_NAME=`SWEREF-99-TM' DESC_NM=`SWEREF 99 TM' DT_NAME=`SWEREF99' EPSG_QD=`-1' GROUP=`EUROPE' MAP_SCL=`1' MAX_LAT=`70.48333333333333' MAX_LNG=`25.883333333333333' MIN_LAT=`53.81666666666667' MIN_LNG=`8.866666666666667' PARM1=`15' PROJ=`TM' QUAD=`1' SCL_RED=`0.9996' SOURCE=`National Land Survey of Sweden' UNIT=`METER' X_OFF=`500000'
2022-11-04 11:20:02|   0.7|  0.0|INFORM|Generic Reader: No valid reader name specified, guessing reader name from dataset 'C:\Users\krima354\Work Folders\Documents\kicki_arbetsfiler\dap\indata\Gävleborg 2_bearbetat\Länsmuseet Gävleborg_2015_12 Leharen\Kulle.shp'
2022-11-04 11:20:02|   0.7|  0.0|INFORM|Generic Reader: Reader name 'SHAPEFILE' guessed from dataset 'C:\Users\krima354\Work Folders\Documents\kicki_arbetsfiler\dap\indata\Gävleborg 2_bearbetat\Länsmuseet Gävleborg_2015_12 Leharen\Kulle.shp'
2022-11-04 11:20:02|   0.7|  0.0|INFORM|Generic Reader: No format specific settings have been found for the SHAPEFILE Reader -- default values as documented in the Reader/Writer manual will be used
2022-11-04 11:20:02|   0.7|  0.0|INFORM|Creating reader for format: Esri Shapefile
2022-11-04 11:20:02|   0.7|  0.0|INFORM|Trying to find a DYNAMIC plugin for reader named `SHAPEFILE'
2022-11-04 11:20:02|   0.7|  0.0|INFORM|FME Configuration: Source coordinate system for reader R_22[SHAPEFILE] set to `EPSG:3006'
2022-11-04 11:20:02|   0.7|  0.0|INFORM|Coordinate System `EPSG:3006' parameters: CS_NAME=`SWEREF-99-TM' DESC_NM=`SWEREF 99 TM' DT_NAME=`SWEREF99' EPSG_QD=`-1' GROUP=`EUROPE' MAP_SCL=`1' MAX_LAT=`70.48333333333333' MAX_LNG=`25.883333333333333' MIN_LAT=`53.81666666666667' MIN_LNG=`8.866666666666667' PARM1=`15' PROJ=`TM' QUAD=`1' SCL_RED=`0.9996' SOURCE=`National Land Survey of Sweden' UNIT=`METER' X_OFF=`500000'
2022-11-04 11:20:02|   0.7|  0.0|INFORM|Opening the GENERIC Reader on dataset `C:\Users\krima354\Work Folders\Documents\kicki_arbetsfiler\dap\indata\Gävleborg 2_bearbetat\Länsmuseet Gävleborg_2015_12 Leharen\Kulle.shp'
2022-11-04 11:20:02|   0.7|  0.0|WARN  |Shapefile Reader: Input dataset 'C:\Users\krima354\Work Folders\Documents\kicki_arbetsfiler\dap\indata\Gävleborg 2_bearbetat\Länsmuseet Gävleborg_2015_12 Leharen\Kulle.shp' contains a Record Index file that is not a sufficient length to be useful and will be ignored. Features can still be read but performance may be impacted
2022-11-04 11:20:02|   0.7|  0.0|INFORM|Shapefile reader: Reading dataset with encoding 'windows-1252' as determined by 'System Encoding as Fallback'
2022-11-04 11:20:02|   0.7|  0.0|WARN  |NOT changing coordinate system of reader identified by keyword `R_22' from `EPSG:3006' to `_SWEREF-99-TM_0' -- mapping file setting of `EPSG:3006' overrides coordinate system `_SWEREF-99-TM_0' read from file
2022-11-04 11:20:02|   0.7|  0.0|INFORM|NewFeatureType Feature Recorder -1 2147549186 (RecorderFactory): Splitting bulk features into individual features
2022-11-04 11:20:02|   0.7|  0.0|INFORM|OGCGEOPACKAGE writer: Creating layer 'Kulle' with geometry type 'geopackage_multipoint'
2022-11-04 11:20:02|   0.7|  0.0|INFORM|Closing the GENERIC Reader
2022-11-04 11:20:02|   0.7|  0.0|INFORM|Creating reader for format: Generic (Any Format)
2022-11-04 11:20:02|   0.7|  0.0|INFORM|Trying to find a DYNAMIC plugin for reader named `GENERIC'
2022-11-04 11:20:02|   0.7|  0.0|INFORM|FME Configuration: Source coordinate system for reader GENERIC_1[GENERIC] set to `EPSG:3006'
2022-11-04 11:20:02|   0.7|  0.0|INFORM|Coordinate System `EPSG:3006' parameters: CS_NAME=`SWEREF-99-TM' DESC_NM=`SWEREF 99 TM' DT_NAME=`SWEREF99' EPSG_QD=`-1' GROUP=`EUROPE' MAP_SCL=`1' MAX_LAT=`70.48333333333333' MAX_LNG=`25.883333333333333' MIN_LAT=`53.81666666666667' MIN_LNG=`8.866666666666667' PARM1=`15' PROJ=`TM' QUAD=`1' SCL_RED=`0.9996' SOURCE=`National Land Survey of Sweden' UNIT=`METER' X_OFF=`500000'
2022-11-04 11:20:02|   0.7|  0.0|INFORM|Generic Reader: No valid reader name specified, guessing reader name from dataset 'C:\Users\krima354\Work Folders\Documents\kicki_arbetsfiler\dap\indata\Gävleborg 2_bearbetat\Länsmuseet Gävleborg_2015_12 Leharen\Kulle_2.shp'
2022-11-04 11:20:02|   0.7|  0.0|INFORM|Generic Reader: Reader name 'SHAPEFILE' guessed from dataset 'C:\Users\krima354\Work Folders\Documents\kicki_arbetsfiler\dap\indata\Gävleborg 2_bearbetat\Länsmuseet Gävleborg_2015_12 Leharen\Kulle_2.shp'
2022-11-04 11:20:02|   0.7|  0.0|INFORM|Generic Reader: No format specific settings have been found for the SHAPEFILE Reader -- default values as documented in the Reader/Writer manual will be used
2022-11-04 11:20:02|   0.7|  0.0|INFORM|Creating reader for format: Esri Shapefile
2022-11-04 11:20:02|   0.7|  0.0|INFORM|Trying to find a DYNAMIC plugin for reader named `SHAPEFILE'
2022-11-04 11:20:02|   0.7|  0.0|INFORM|FME Configuration: Source coordinate system for reader R_23[SHAPEFILE] set to `EPSG:3006'
2022-11-04 11:20:02|   0.7|  0.0|INFORM|Coordinate System `EPSG:3006' parameters: CS_NAME=`SWEREF-99-TM' DESC_NM=`SWEREF 99 TM' DT_NAME=`SWEREF99' EPSG_QD=`-1' GROUP=`EUROPE' MAP_SCL=`1' MAX_LAT=`70.48333333333333' MAX_LNG=`25.883333333333333' MIN_LAT=`53.81666666666667' MIN_LNG=`8.866666666666667' PARM1=`15' PROJ=`TM' QUAD=`1' SCL_RED=`0.9996' SOURCE=`National Land Survey of Sweden' UNIT=`METER' X_OFF=`500000'
2022-11-04 11:20:02|   0.7|  0.0|INFORM|Opening the GENERIC Reader on dataset `C:\Users\krima354\Work Folders\Documents\kicki_arbetsfiler\dap\indata\Gävleborg 2_bearbetat\Länsmuseet Gävleborg_2015_12 Leharen\Kulle_2.shp'
2022-11-04 11:20:02|   0.7|  0.0|INFORM|Shapefile reader: Reading dataset with encoding 'windows-1252' as determined by 'System Encoding as Fallback'
2022-11-04 11:20:02|   0.7|  0.0|WARN  |NOT changing coordinate system of reader identified by keyword `R_23' from `EPSG:3006' to `_SWEREF-99-TM_0' -- mapping file setting of `EPSG:3006' overrides coordinate system `_SWEREF-99-TM_0' read from file
2022-11-04 11:20:02|   0.7|  0.0|INFORM|NewFeatureType Feature Recorder -1 2147549186 (RecorderFactory): Splitting bulk features into individual features
2022-11-04 11:20:02|   0.7|  0.0|INFORM|OGCGEOPACKAGE writer: Creating layer 'Kulle_2' with geometry type 'geopackage_multisurface'
2022-11-04 11:20:02|   0.7|  0.0|INFORM|Closing the GENERIC Reader
2022-11-04 11:20:02|   0.7|  0.0|INFORM|Creating reader for format: Generic (Any Format)
2022-11-04 11:20:02|   0.7|  0.0|INFORM|Trying to find a DYNAMIC plugin for reader named `GENERIC'
2022-11-04 11:20:02|   0.7|  0.0|INFORM|FME Configuration: Source coordinate system for reader GENERIC_1[GENERIC] set to `EPSG:3006'
2022-11-04 11:20:02|   0.7|  0.0|INFORM|Coordinate System `EPSG:3006' parameters: CS_NAME=`SWEREF-99-TM' DESC_NM=`SWEREF 99 TM' DT_NAME=`SWEREF99' EPSG_QD=`-1' GROUP=`EUROPE' MAP_SCL=`1' MAX_LAT=`70.48333333333333' MAX_LNG=`25.883333333333333' MIN_LAT=`53.81666666666667' MIN_LNG=`8.866666666666667' PARM1=`15' PROJ=`TM' QUAD=`1' SCL_RED=`0.9996' SOURCE=`National Land Survey of Sweden' UNIT=`METER' X_OFF=`500000'
2022-11-04 11:20:02|   0.7|  0.0|INFORM|Generic Reader: No valid reader name specified, guessing reader name from dataset 'C:\Users\krima354\Work Folders\Documents\kicki_arbetsfiler\dap\indata\Gävleborg 2_bearbetat\Länsmuseet Gävleborg_2015_12 Leharen\övrigt.shp'
2022-11-04 11:20:02|   0.7|  0.0|INFORM|Generic Reader: Reader name 'SHAPEFILE' guessed from dataset 'C:\Users\krima354\Work Folders\Documents\kicki_arbetsfiler\dap\indata\Gävleborg 2_bearbetat\Länsmuseet Gävleborg_2015_12 Leharen\övrigt.shp'
2022-11-04 11:20:02|   0.7|  0.0|INFORM|Generic Reader: No format specific settings have been found for the SHAPEFILE Reader -- default values as documented in the Reader/Writer manual will be used
2022-11-04 11:20:02|   0.7|  0.0|INFORM|Creating reader for format: Esri Shapefile
2022-11-04 11:20:02|   0.7|  0.0|INFORM|Trying to find a DYNAMIC plugin for reader named `SHAPEFILE'
2022-11-04 11:20:02|   0.7|  0.0|INFORM|FME Configuration: Source coordinate system for reader R_24[SHAPEFILE] set to `EPSG:3006'
2022-11-04 11:20:02|   0.7|  0.0|INFORM|Coordinate System `EPSG:3006' parameters: CS_NAME=`SWEREF-99-TM' DESC_NM=`SWEREF 99 TM' DT_NAME=`SWEREF99' EPSG_QD=`-1' GROUP=`EUROPE' MAP_SCL=`1' MAX_LAT=`70.48333333333333' MAX_LNG=`25.883333333333333' MIN_LAT=`53.81666666666667' MIN_LNG=`8.866666666666667' PARM1=`15' PROJ=`TM' QUAD=`1' SCL_RED=`0.9996' SOURCE=`National Land Survey of Sweden' UNIT=`METER' X_OFF=`500000'
2022-11-04 11:20:02|   0.7|  0.0|INFORM|Opening the GENERIC Reader on dataset `C:\Users\krima354\Work Folders\Documents\kicki_arbetsfiler\dap\indata\Gävleborg 2_bearbetat\Länsmuseet Gävleborg_2015_12 Leharen\övrigt.shp'
2022-11-04 11:20:02|   0.7|  0.0|INFORM|Shapefile reader: Reading dataset with encoding 'windows-1252' as determined by 'System Encoding as Fallback'
2022-11-04 11:20:02|   0.7|  0.0|WARN  |NOT changing coordinate system of reader identified by keyword `R_24' from `EPSG:3006' to `_SWEREF-99-TM_0' -- mapping file setting of `EPSG:3006' overrides coordinate system `_SWEREF-99-TM_0' read from file
2022-11-04 11:20:02|   0.7|  0.0|INFORM|NewFeatureType Feature Recorder -1 2147549186 (RecorderFactory): Splitting bulk features into individual features
2022-11-04 11:20:02|   0.7|  0.0|INFORM|OGCGEOPACKAGE writer: Creating layer 'övrigt' with geometry type 'geopackage_multipoint'
2022-11-04 11:20:02|   0.7|  0.0|INFORM|Closing the GENERIC Reader
2022-11-04 11:20:02|   0.7|  0.0|INFORM|MULTI_READER(GENERIC_1): Done reading 82 features from 8 readers
2022-11-04 11:20:02|   0.7|  0.0|INFORM|MULTI_READER(MULTI_READER): Done reading 82 features from 1 readers
2022-11-04 11:20:02|   0.7|  0.0|INFORM|Emptying factory pipeline
2022-11-04 11:20:02|   0.7|  0.0|STATS |Router and Unexpected Input Remover (RoutingFactory): Tested 82 input feature(s), wrote 82 output feature(s): 82 matched merge filters, 82 were routed to output, 0 could not be routed.
2022-11-04 11:20:02|   0.7|  0.0|STATS |Unwanted Router Input Nuker (TeeFactory): Cloned 0 input feature(s) into 0 output feature(s)
2022-11-04 11:20:02|   0.7|  0.0|STATS |NewFeatureType_GENERIC_1 Splitter (TeeFactory): Cloned 82 input feature(s) into 246 output feature(s)
2022-11-04 11:20:02|   0.7|  0.0|STATS |GeometryExtractor (GeometryExtractorFactory): Executed FME Functions on 82 input feature(s) -- 82 feature(s) completed and 0 feature(s) rejected
2022-11-04 11:20:02|   0.7|  0.0|STATS |GeometryExtractor OUTPUT Splitter (TeeFactory): Cloned 82 input feature(s) into 164 output feature(s)
2022-11-04 11:20:02|   0.7|  0.0|WARN  |Cannot find a matching schema named 'siteinfo' in the known set of schemas: ''. Known schema sources are: 'GENERIC_1'. Please verify writer feature type configuration
2022-11-04 11:20:02|   0.8|  0.1|INFORM|OGCGEOPACKAGE writer: Creating layer 'siteinfo' with geometry type 'geopackage_point'
2022-11-04 11:20:02|   0.8|  0.0|STATS |CenterPointReplacer (TeeFactory): Cloned 1 input feature(s) into 1 output feature(s)
2022-11-04 11:20:02|   0.8|  0.0|STATS |CenterPointReplacer_router (TestFactory): Tested 0 input feature(s) -- 0 feature(s) passed and 0 feature(s) failed
2022-11-04 11:20:02|   0.8|  0.0|STATS |CenterPointReplacer_outputter (TestFactory): Tested 1 input feature(s) -- 0 feature(s) passed and 1 feature(s) failed
2022-11-04 11:20:02|   0.8|  0.0|STATS |Destination Feature Type Routing Correlator (RoutingFactory): Tested 247 input feature(s), wrote 247 output feature(s): 0 matched merge filters, 247 were routed to output, 0 could not be routed.
2022-11-04 11:20:02|   0.8|  0.0|STATS |Final Output Nuker (TeeFactory): Cloned 82 input feature(s) into 0 output feature(s)
2022-11-04 11:20:02|   0.8|  0.0|INFORM|OGCGEOPACKAGE writer: Committing transaction of 83 features to feature types 'Enhet', 'Eldgivning', 'Anläggningar', 'Krypgångar', 'övrigt', 'Kulle', 'Anläggningar_2', 'Kulle_2', 'siteinfo'...
2022-11-04 11:20:02|   0.9|  0.1|INFORM|=-=-=-=-=-=-=-=-=-=-=-=-=-=-=-=-=-=-=-=-=-=-=-=-=-=-=-=-=-=-=-=-=-=-=-=-=-=-=-
2022-11-04 11:20:02|   0.9|  0.0|INFORM|Feature output statistics for `OGCGEOPACKAGE' writer using keyword `OGCGEOPACKAGE_1':
2022-11-04 11:20:02|   0.9|  0.0|STATS |=-=-=-=-=-=-=-=-=-=-=-=-=-=-=-=-=-=-=-=-=-=-=-=-=-=-=-=-=-=-=-=-=-=-=-=-=-=-=-
2022-11-04 11:20:02|   0.9|  0.0|STATS |                               Features Written
2022-11-04 11:20:02|   0.9|  0.0|STATS |=-=-=-=-=-=-=-=-=-=-=-=-=-=-=-=-=-=-=-=-=-=-=-=-=-=-=-=-=-=-=-=-=-=-=-=-=-=-=-
2022-11-04 11:20:02|   0.9|  0.0|STATS |Anläggningar                                                               22
2022-11-04 11:20:02|   0.9|  0.0|STATS |Anläggningar_2                                                              2
2022-11-04 11:20:02|   0.9|  0.0|STATS |Eldgivning                                                                  27
2022-11-04 11:20:02|   0.9|  0.0|STATS |Enhet                                                                        5
2022-11-04 11:20:02|   0.9|  0.0|STATS |Krypgångar                                                                 18
2022-11-04 11:20:02|   0.9|  0.0|STATS |Kulle                                                                        1
2022-11-04 11:20:02|   0.9|  0.0|STATS |Kulle_2                                                                      4
2022-11-04 11:20:02|   0.9|  0.0|STATS |siteinfo                                                                     1
2022-11-04 11:20:02|   0.9|  0.0|STATS |övrigt                                                                      3
2022-11-04 11:20:02|   0.9|  0.0|STATS |==============================================================================
2022-11-04 11:20:02|   0.9|  0.0|STATS |Total Features Written                                                      83
2022-11-04 11:20:02|   0.9|  0.0|STATS |=-=-=-=-=-=-=-=-=-=-=-=-=-=-=-=-=-=-=-=-=-=-=-=-=-=-=-=-=-=-=-=-=-=-=-=-=-=-=-
2022-11-04 11:20:02|   0.9|  0.0|INFORM|MULTI_WRITER: multi_writer_id `2': Started outputting features
2022-11-04 11:20:02|   0.9|  0.0|INFORM|Creating writer for format: CSV (Comma Separated Value)
2022-11-04 11:20:02|   0.9|  0.0|INFORM|Trying to find a DYNAMIC plugin for writer named `CSV2'
2022-11-04 11:20:02|   0.9|  0.0|INFORM|Loaded module 'CSV2' from file 'C:\Program Files\FME2022_1_3\plugins/CSV2.dll'
2022-11-04 11:20:02|   0.9|  0.0|INFORM|FME API version of module 'CSV2' matches current internal version (4.0 20220615)
2022-11-04 11:20:02|   0.9|  0.0|INFORM|FME Configuration: No destination coordinate system set
2022-11-04 11:20:02|   0.9|  0.0|WARN  |Cannot find a matching schema named 'lerharen_oharm_generic' in the known set of schemas: ''. Known schema sources are: 'Schema from Schema Feature, GENERIC_1'. Please verify writer feature type configuration
2022-11-04 11:20:02|   0.9|  0.0|INFORM|Writer `CSV2_1' of type `CSV2' using group definition keyword `CSV2_DEF'
2022-11-04 11:20:02|   0.9|  0.0|INFORM|CSV writer: Directive '_EXTENSION' has the value 'csv'
2022-11-04 11:20:02|   0.9|  0.0|INFORM|CSV writer: Directive '_DELIMITER' has the value ','
2022-11-04 11:20:02|   0.9|  0.0|INFORM|CSV writer: Directive '_ENCODING' has the value 'UTF-8'
2022-11-04 11:20:02|   0.9|  0.0|INFORM|CSV writer: Directive '_WRITE_BOM_FOR_UNICODE' has the value 'Yes'
2022-11-04 11:20:02|   0.9|  0.0|INFORM|CSV writer: Directive '_QUALIFY_FIELD_NAMES' has the value 'if_needed'
2022-11-04 11:20:02|   0.9|  0.0|INFORM|CSV writer: Directive '_QUALIFY_FIELD_VALUES' has the value 'if_needed'
2022-11-04 11:20:02|   0.9|  0.0|INFORM|CSV writer: Directive '_TREAT_EMBEDDED_FIELD_QUALIFIERS_AS_UNSAFE' has the value 'Yes'
2022-11-04 11:20:02|   0.9|  0.0|INFORM|CSV writer: Directive '_FIELD_QUALIFIER_CHARACTER' has the value '"'
2022-11-04 11:20:02|   0.9|  0.0|INFORM|CSV writer: Directive '_FIELD_QUALIFIER_ESCAPE_CHARACTER' has the value '"'
2022-11-04 11:20:02|   0.9|  0.0|INFORM|CSV writer: Directive '_ROW_TERMINATION' has the value 'System'
2022-11-04 11:20:02|   0.9|  0.0|INFORM|CSV writer: Directive '_WRITE_SCHEMA_FILE' has the value 'NO'
2022-11-04 11:20:02|   0.9|  0.0|WARN  |CSV2 writer: Ignoring feature with unexpected feature type 'lerharen_oharm_generic'
2022-11-04 11:20:03|   0.9|  0.0|WARN  |... Last line repeated 81 times ...
2022-11-04 11:20:03|   0.9|  0.0|INFORM|=-=-=-=-=-=-=-=-=-=-=-=-=-=-=-=-=-=-=-=-=-=-=-=-=-=-=-=-=-=-=-=-=-=-=-=-=-=-=-
2022-11-04 11:20:03|   0.9|  0.0|INFORM|Feature output statistics for `CSV2' writer using keyword `CSV2_1':
2022-11-04 11:20:03|   0.9|  0.0|STATS |=-=-=-=-=-=-=-=-=-=-=-=-=-=-=-=-=-=-=-=-=-=-=-=-=-=-=-=-=-=-=-=-=-=-=-=-=-=-=-
2022-11-04 11:20:03|   0.9|  0.0|STATS |                               Features Written
2022-11-04 11:20:03|   0.9|  0.0|STATS |=-=-=-=-=-=-=-=-=-=-=-=-=-=-=-=-=-=-=-=-=-=-=-=-=-=-=-=-=-=-=-=-=-=-=-=-=-=-=-
2022-11-04 11:20:03|   0.9|  0.0|STATS |lerharen_oharm_generic                                                      82
2022-11-04 11:20:03|   0.9|  0.0|STATS |==============================================================================
2022-11-04 11:20:03|   0.9|  0.0|STATS |Total Features Written                                                      82
2022-11-04 11:20:03|   0.9|  0.0|STATS |=-=-=-=-=-=-=-=-=-=-=-=-=-=-=-=-=-=-=-=-=-=-=-=-=-=-=-=-=-=-=-=-=-=-=-=-=-=-=-
2022-11-04 11:20:03|   0.9|  0.0|INFORM|MULTI_WRITER: multi_writer_id `2': done writing 82 feature(s) 
2022-11-04 11:20:03|   0.9|  0.0|INFORM|^^^^^^^^^^^^^^^^^^^^^^^^^^^^^^^^^^^^^^^^^^^^^^^^^^^^^^^^^^^^^^^^^^^^^^^^^^^^^^
2022-11-04 11:20:03|   0.9|  0.0|STATS |=-=-=-=-=-=-=-=-=-=-=-=-=-=-=-=-=-=-=-=-=-=-=-=-=-=-=-=-=-=-=-=-=-=-=-=-=-=-=-
2022-11-04 11:20:03|   0.9|  0.0|STATS |                            Features Read Summary
2022-11-04 11:20:03|   0.9|  0.0|STATS |=-=-=-=-=-=-=-=-=-=-=-=-=-=-=-=-=-=-=-=-=-=-=-=-=-=-=-=-=-=-=-=-=-=-=-=-=-=-=-
2022-11-04 11:20:03|   0.9|  0.0|STATS |Anläggningar                                                               22
2022-11-04 11:20:03|   0.9|  0.0|STATS |Anläggningar_2                                                              2
2022-11-04 11:20:03|   0.9|  0.0|STATS |Eldgivning                                                                  27
2022-11-04 11:20:03|   0.9|  0.0|STATS |Enhet                                                                        5
2022-11-04 11:20:03|   0.9|  0.0|STATS |Krypgångar                                                                 18
2022-11-04 11:20:03|   0.9|  0.0|STATS |Kulle                                                                        1
2022-11-04 11:20:03|   0.9|  0.0|STATS |Kulle_2                                                                      4
2022-11-04 11:20:03|   0.9|  0.0|STATS |övrigt                                                                      3
2022-11-04 11:20:03|   0.9|  0.0|STATS |==============================================================================
2022-11-04 11:20:03|   0.9|  0.0|STATS |Total Features Read                                                         82
2022-11-04 11:20:03|   0.9|  0.0|STATS |=-=-=-=-=-=-=-=-=-=-=-=-=-=-=-=-=-=-=-=-=-=-=-=-=-=-=-=-=-=-=-=-=-=-=-=-=-=-=-
2022-11-04 11:20:03|   0.9|  0.0|STATS |=-=-=-=-=-=-=-=-=-=-=-=-=-=-=-=-=-=-=-=-=-=-=-=-=-=-=-=-=-=-=-=-=-=-=-=-=-=-=-
2022-11-04 11:20:03|   0.9|  0.0|STATS |                           Features Written Summary
2022-11-04 11:20:03|   0.9|  0.0|STATS |=-=-=-=-=-=-=-=-=-=-=-=-=-=-=-=-=-=-=-=-=-=-=-=-=-=-=-=-=-=-=-=-=-=-=-=-=-=-=-
2022-11-04 11:20:03|   0.9|  0.0|STATS |Anläggningar                                                               22
2022-11-04 11:20:03|   0.9|  0.0|STATS |Anläggningar_2                                                              2
2022-11-04 11:20:03|   0.9|  0.0|STATS |Eldgivning                                                                  27
2022-11-04 11:20:03|   0.9|  0.0|STATS |Enhet                                                                        5
2022-11-04 11:20:03|   0.9|  0.0|STATS |Krypgångar                                                                 18
2022-11-04 11:20:03|   0.9|  0.0|STATS |Kulle                                                                        1
2022-11-04 11:20:03|   0.9|  0.0|STATS |Kulle_2                                                                      4
2022-11-04 11:20:03|   0.9|  0.0|STATS |lerharen_oharm_generic                                                      82
2022-11-04 11:20:03|   0.9|  0.0|STATS |siteinfo                                                                     1
2022-11-04 11:20:03|   0.9|  0.0|STATS |övrigt                                                                      3
2022-11-04 11:20:03|   0.9|  0.0|STATS |==============================================================================
2022-11-04 11:20:03|   0.9|  0.0|STATS |Total Features Written                                                     165
2022-11-04 11:20:03|   0.9|  0.0|STATS |=-=-=-=-=-=-=-=-=-=-=-=-=-=-=-=-=-=-=-=-=-=-=-=-=-=-=-=-=-=-=-=-=-=-=-=-=-=-=-
2022-11-04 11:20:03|   0.9|  0.0|WARN  |-~-~-~-~-~-~-~-~-~-~-~-~-~-~-~-~-~-~-~-~-~-~-~-~-~-~-~-~-~-~-~-~-~-~-~-~-~-~-~-~-
2022-11-04 11:20:03|   0.9|  0.0|WARN  |-~                                                                             ~-
2022-11-04 11:20:03|   0.9|  0.0|WARN  |-~    Feature caches have been recorded at every stage of the translation.     ~-
2022-11-04 11:20:03|   0.9|  0.0|WARN  |-~                      To inspect the recorded features,                      ~-
2022-11-04 11:20:03|   0.9|  0.0|WARN  |-~              click the feature cache icons next to the ports.               ~-
2022-11-04 11:20:03|   0.9|  0.0|WARN  |-~                                                                             ~-
2022-11-04 11:20:03|   0.9|  0.0|WARN  |-~-~-~-~-~-~-~-~-~-~-~-~-~-~-~-~-~-~-~-~-~-~-~-~-~-~-~-~-~-~-~-~-~-~-~-~-~-~-~-~-
2022-11-04 11:20:03|   0.9|  0.0|INFORM|Translation was SUCCESSFUL with 101 warning(s) (165 feature(s) output)
2022-11-04 11:20:03|   0.9|  0.0|INFORM|FME Session Duration: 1 second. (CPU: 0.6s user, 0.3s system)
2022-11-04 11:20:03|   0.9|  0.0|INFORM|END - ProcessID: 21444, peak process memory usage: 125280 kB, current process memory usage: 123140 kB
